     1111	INFO      	Log	XnLog.cpp	323	OpenNI version is 1.3.4 (Build 3)-Win32 (Oct 10 2011 20:01:54)
     1200	INFO      	Log	XnLog.cpp	301	--- Filter Info --- Minimum Severity: VERBOSE
     1338	VERBOSE   	ModuleLoader	XnModuleLoader.cpp	453	Found exported production node. Script: OpenNI/OpenNI/1.3.4.3
     1919	VERBOSE   	ModuleLoader	XnModuleLoader.cpp	282	Checking C:\Archivos de programa\OpenNI\Bin\nimRecorder.dll...
     8609	VERBOSE   	ModuleLoader	XnModuleLoader.cpp	453	Found exported production node. Recorder: OpenNI/Recorder/1.3.4.3
     8663	VERBOSE   	ModuleLoader	XnModuleLoader.cpp	453	Found exported production node. Player: OpenNI/Player/1.3.4.3
     8757	VERBOSE   	ModuleLoader	XnModuleLoader.cpp	282	Checking C:\Archivos de programa\OpenNI\Bin\nimMockNodes.dll...
    15021	VERBOSE   	ModuleLoader	XnModuleLoader.cpp	453	Found exported production node. ProductionNode: OpenNI/Mock/1.3.4.3
    15062	VERBOSE   	ModuleLoader	XnModuleLoader.cpp	453	Found exported production node. Generator: OpenNI/Mock/1.3.4.3
    15107	VERBOSE   	ModuleLoader	XnModuleLoader.cpp	453	Found exported production node. MapGenerator: OpenNI/Mock/1.3.4.3
    15147	VERBOSE   	ModuleLoader	XnModuleLoader.cpp	453	Found exported production node. Device: OpenNI/Mock/1.3.4.3
    15182	VERBOSE   	ModuleLoader	XnModuleLoader.cpp	453	Found exported production node. Depth: OpenNI/Mock/1.3.4.3
    15228	VERBOSE   	ModuleLoader	XnModuleLoader.cpp	453	Found exported production node. IR: OpenNI/Mock/1.3.4.3
    15255	VERBOSE   	ModuleLoader	XnModuleLoader.cpp	453	Found exported production node. Image: OpenNI/Mock/1.3.4.3
    15284	VERBOSE   	ModuleLoader	XnModuleLoader.cpp	453	Found exported production node. Audio: OpenNI/Mock/1.3.4.3
    15311	VERBOSE   	ModuleLoader	XnModuleLoader.cpp	282	Checking C:\Archivos de programa\OpenNI\Bin\nimCodecs.dll...
    22249	VERBOSE   	ModuleLoader	XnModuleLoader.cpp	453	Found exported production node. Codec: OpenNI/16zP/1.3.4.3
    22301	VERBOSE   	ModuleLoader	XnModuleLoader.cpp	453	Found exported production node. Codec: OpenNI/16zT/1.3.4.3
    22335	VERBOSE   	ModuleLoader	XnModuleLoader.cpp	453	Found exported production node. Codec: OpenNI/Im8z/1.3.4.3
    22367	VERBOSE   	ModuleLoader	XnModuleLoader.cpp	453	Found exported production node. Codec: OpenNI/JPEG/1.3.4.3
    22397	VERBOSE   	ModuleLoader	XnModuleLoader.cpp	453	Found exported production node. Codec: OpenNI/NONE/1.3.4.3
    22424	VERBOSE   	ModuleLoader	XnModuleLoader.cpp	282	Checking C:\Archivos de programa\PrimeSense\SensorKinect\Bin\XnDeviceFile.dll...
    47753	VERBOSE   	ModuleLoader	XnModuleLoader.cpp	453	Found exported production node. Player: PrimeSense/File/5.0.3.4
    47804	VERBOSE   	ModuleLoader	XnModuleLoader.cpp	282	Checking C:\Archivos de programa\PrimeSense\SensorKinect\Bin\XnDeviceSensorV2KM.dll...
    54378	VERBOSE   	ModuleLoader	XnModuleLoader.cpp	453	Found exported production node. Device: PrimeSense/SensorKinect/5.0.3.4
    54417	VERBOSE   	ModuleLoader	XnModuleLoader.cpp	453	Found exported production node. Depth: PrimeSense/SensorKinect/5.0.3.4
    54463	VERBOSE   	ModuleLoader	XnModuleLoader.cpp	453	Found exported production node. Image: PrimeSense/SensorKinect/5.0.3.4
    54499	VERBOSE   	ModuleLoader	XnModuleLoader.cpp	453	Found exported production node. IR: PrimeSense/SensorKinect/5.0.3.4
    54530	VERBOSE   	ModuleLoader	XnModuleLoader.cpp	453	Found exported production node. Audio: PrimeSense/SensorKinect/5.0.3.4
    54557	VERBOSE   	ModuleLoader	XnModuleLoader.cpp	282	Checking C:\Archivos de programa\PrimeSense\NITE\Features_1_3_0\Bin\XnVFeatures_1_3_0.dll...
    68450	VERBOSE   	ModuleLoader	XnModuleLoader.cpp	453	Found exported production node. Scene: PrimeSense/XnVSceneAnalyzer/1.3.0.17
    68507	VERBOSE   	ModuleLoader	XnModuleLoader.cpp	453	Found exported production node. User: PrimeSense/XnVSkeletonGenerator/1.3.0.17
    68543	VERBOSE   	ModuleLoader	XnModuleLoader.cpp	282	Checking C:\Archivos de programa\PrimeSense\NITE\Features_1_3_1\Bin\XnVFeatures_1_3_1.dll...
    79031	VERBOSE   	ModuleLoader	XnModuleLoader.cpp	453	Found exported production node. Scene: PrimeSense/XnVSceneAnalyzer/1.3.1.6
    79143	VERBOSE   	ModuleLoader	XnModuleLoader.cpp	453	Found exported production node. User: PrimeSense/XnVSkeletonGenerator/1.3.1.6
    79218	VERBOSE   	ModuleLoader	XnModuleLoader.cpp	282	Checking C:\Archivos de programa\PrimeSense\NITE\Features_1_4_1\Bin\XnVFeatures_1_4_1.dll...
    92317	VERBOSE   	ModuleLoader	XnModuleLoader.cpp	453	Found exported production node. Scene: PrimeSense/XnVSceneAnalyzer/1.4.1.2
    92380	VERBOSE   	ModuleLoader	XnModuleLoader.cpp	453	Found exported production node. User: PrimeSense/XnVSkeletonGenerator/1.4.1.2
    92418	VERBOSE   	ModuleLoader	XnModuleLoader.cpp	282	Checking C:\Archivos de programa\PrimeSense\NITE\Hands_1_3_0\Bin\XnVHandGenerator_1_3_0.dll...
   102690	VERBOSE   	ModuleLoader	XnModuleLoader.cpp	453	Found exported production node. Gesture: PrimeSense/XnVGestureGenrator/1.3.0.17
   102748	VERBOSE   	ModuleLoader	XnModuleLoader.cpp	453	Found exported production node. Hands: PrimeSense/XnVHandTracker/1.3.0.17
   102786	VERBOSE   	ModuleLoader	XnModuleLoader.cpp	282	Checking C:\Archivos de programa\PrimeSense\NITE\Hands_1_3_1\Bin\XnVHandGenerator_1_3_1.dll...
   110914	VERBOSE   	ModuleLoader	XnModuleLoader.cpp	453	Found exported production node. Gesture: PrimeSense/XnVGestureGenrator/1.3.1.6
   110970	VERBOSE   	ModuleLoader	XnModuleLoader.cpp	453	Found exported production node. Hands: PrimeSense/XnVHandTracker/1.3.1.6
   111005	VERBOSE   	ModuleLoader	XnModuleLoader.cpp	282	Checking C:\Archivos de programa\PrimeSense\NITE\Hands_1_4_1\Bin\XnVHandGenerator_1_4_1.dll...
   121831	VERBOSE   	ModuleLoader	XnModuleLoader.cpp	453	Found exported production node. Gesture: PrimeSense/XnVGestureGenrator/1.4.1.2
   121875	VERBOSE   	ModuleLoader	XnModuleLoader.cpp	453	Found exported production node. Hands: PrimeSense/XnVHandTracker/1.4.1.2
   122261	INFO      	OpenNI	XnOpenNI.cpp	1547	Creating node 'Script1' of type Script: OpenNI/OpenNI/1.3.4.3...
   122704	VERBOSE   	OpenNI	XnXmlScriptNode.cpp	780	Requested to create a node of type Depth...
   143314	INFO      	OpenNI	XnOpenNI.cpp	1547	Creating node 'Device1' of type Device: PrimeSense/SensorKinect/5.0.3.4...
  1647538	INFO      	DDK	XnProperty.cpp	151	Property Device.ShareMode was changed to 1.
  1647588	INFO      	DDK	XnProperty.cpp	151	Property Device.InstancePointer was changed.
  1647860	INFO      	DDK	XnProperty.cpp	151	Property Device.ShareMode was changed to 0.
  1648796	INFO      	OpenNI	XnOpenNI.cpp	1547	Creating node 'MyDepth' of type Depth: PrimeSense/SensorKinect/5.0.3.4...
  1648865	VERBOSE   	SensorClient	XnSensorClient.cpp	268	Creating stream MyDepth (of type Depth)
  1661652	INFO      	DDK	XnProperty.cpp	151	Property Device.ReadData was changed to 1.
  1688981	INFO      	DDK	XnDeviceBase.cpp	1383	Creating stream 'MyDepth' of type 'Depth'...
  1689114	VERBOSE   	DDK	XnDeviceBase.cpp	1419	Initializing stream 'MyDepth'...
  1689605	INFO      	DDK	XnProperty.cpp	151	Property MyDepth.RequiredDataSize was changed to 614400.
  1690181	INFO      	DDK	XnProperty.cpp	151	Property MyDepth.OutputFormat was changed to 1.
  1690274	INFO      	DDK	XnDeviceBase.cpp	1458	Stream 'MyDepth' was initialized.
  1690293	INFO      	DDK	XnDeviceBase.cpp	1463	'MyDepth' stream was created.
  1691393	VERBOSE   	SensorClient	XnSensorClient.cpp	391	Getting property MyDepth.SupportedModes from server...
  1691779	VERBOSE   	SensorServer	XnSensorClient.cpp	433	Setting MyDepth.Mirror to 1...
  1691948	INFO      	DDK	XnProperty.cpp	151	Property MyDepth.Mirror was changed to 1.
  1692119	VERBOSE   	OpenNI	XnXmlScriptNode.cpp	780	Requested to create a node of type Image (StopOnError=FALSE)...
  1699211	VERBOSE   	SensorClient	XnSensorClient.cpp	391	Getting property Device.CmosBlankingUnits from server...
  1712533	INFO      	OpenNI	XnOpenNI.cpp	1547	Creating node 'Image1' of type Image: PrimeSense/SensorKinect/5.0.3.4...
  1712625	VERBOSE   	SensorClient	XnSensorClient.cpp	268	Creating stream Image1 (of type Image)
  1724103	INFO      	DDK	XnDeviceBase.cpp	1383	Creating stream 'Image1' of type 'Image'...
  1724488	VERBOSE   	DDK	XnDeviceBase.cpp	1419	Initializing stream 'Image1'...
  1725041	INFO      	DDK	XnProperty.cpp	151	Property Image1.RequiredDataSize was changed to 921600.
  1725852	INFO      	DDK	XnProperty.cpp	151	Property Image1.OutputFormat was changed to 5.
  1725944	INFO      	DDK	XnDeviceBase.cpp	1458	Stream 'Image1' was initialized.
  1725962	INFO      	DDK	XnDeviceBase.cpp	1463	'Image1' stream was created.
  1726543	VERBOSE   	SensorClient	XnSensorClient.cpp	391	Getting property Image1.SupportedModes from server...
  1726876	VERBOSE   	SensorServer	XnSensorClient.cpp	433	Setting Image1.Mirror to 1...
  1727039	INFO      	DDK	XnProperty.cpp	151	Property Image1.Mirror was changed to 1.
  1727424	VERBOSE   	DDK	XnDeviceBase.cpp	359	Opening stream MyDepth...
  1728588	INFO      	DDK	XnProperty.cpp	151	Property MyDepth.ActualReadData was changed to 1.
  1984004	VERBOSE   	FPS	XnOpenNI.cpp	883	[FPS] MyDepth (I:  0.00, O:  0.00) Image1 (I:  0.00, O:  0.00) ReadCalls:  0.00
  2014215	VERBOSE   	FPS	XnOpenNI.cpp	883	[FPS] MyDepth (I:  0.00, O:  0.00) Image1 (I:  0.00, O:  0.00) ReadCalls:  0.00
  2220324	INFO      	DDK	XnProperty.cpp	151	Property MyDepth.State was changed to 1.
  2220366	INFO      	DDK	XnDeviceBase.cpp	370	Stream MyDepth is open.
  2220399	VERBOSE   	DDK	XnDeviceBase.cpp	359	Opening stream Image1...
  2221307	INFO      	DDK	XnProperty.cpp	151	Property Image1.ActualReadData was changed to 1.
  3023837	VERBOSE   	FPS	XnOpenNI.cpp	883	[FPS] MyDepth (I: 28.85, O:  0.00) Image1 (I:  0.00, O:  0.00) ReadCalls:  0.00
  4023837	VERBOSE   	FPS	XnOpenNI.cpp	883	[FPS] MyDepth (I: 29.41, O:  0.00) Image1 (I:  0.00, O:  0.00) ReadCalls:  0.00
  5023824	VERBOSE   	FPS	XnOpenNI.cpp	883	[FPS] MyDepth (I: 29.63, O:  0.00) Image1 (I:  0.00, O:  0.00) ReadCalls:  0.00
  5426242	INFO      	DDK	XnProperty.cpp	151	Property Image1.State was changed to 1.
  5426285	INFO      	DDK	XnDeviceBase.cpp	370	Stream Image1 is open.
  5426566	VERBOSE   	SensorServer	XnSensorClient.cpp	433	Setting MyDepth.Registration to 1...
  5579566	INFO      	DDK	XnProperty.cpp	151	Property MyDepth.Registration was changed to 1.
  6013604	VERBOSE   	FPS	XnOpenNI.cpp	883	[FPS] MyDepth (I: 30.10, O: 21.57) Image1 (I: 30.49, O: 21.58) ReadCalls: 23.95
  7017663	VERBOSE   	FPS	XnOpenNI.cpp	883	[FPS] MyDepth (I: 30.06, O: 21.81) Image1 (I: 30.72, O: 21.81) ReadCalls: 21.81
  8017353	VERBOSE   	FPS	XnOpenNI.cpp	883	[FPS] MyDepth (I: 30.06, O: 21.48) Image1 (I: 30.46, O: 21.48) ReadCalls: 21.48
  9017323	VERBOSE   	FPS	XnOpenNI.cpp	883	[FPS] MyDepth (I: 30.10, O: 20.98) Image1 (I: 30.40, O: 20.98) ReadCalls: 20.97
 10014468	VERBOSE   	FPS	XnOpenNI.cpp	883	[FPS] MyDepth (I: 30.12, O: 20.89) Image1 (I: 30.03, O: 20.89) ReadCalls: 21.22
 11017333	VERBOSE   	FPS	XnOpenNI.cpp	883	[FPS] MyDepth (I: 30.10, O: 21.08) Image1 (I: 30.40, O: 21.09) ReadCalls: 21.08
 12017303	VERBOSE   	FPS	XnOpenNI.cpp	883	[FPS] MyDepth (I: 30.10, O: 21.42) Image1 (I: 30.41, O: 21.42) ReadCalls: 21.42
 13014409	VERBOSE   	FPS	XnOpenNI.cpp	883	[FPS] MyDepth (I: 30.13, O: 21.34) Image1 (I: 30.03, O: 21.34) ReadCalls: 21.67
 14017482	VERBOSE   	FPS	XnOpenNI.cpp	883	[FPS] MyDepth (I: 30.10, O: 21.53) Image1 (I: 30.40, O: 21.53) ReadCalls: 21.53
 15017265	VERBOSE   	FPS	XnOpenNI.cpp	883	[FPS] MyDepth (I: 30.20, O: 21.42) Image1 (I: 30.41, O: 21.42) ReadCalls: 21.42
 16006711	VERBOSE   	FPS	XnOpenNI.cpp	883	[FPS] MyDepth (I: 30.31, O: 21.39) Image1 (I: 30.11, O: 21.39) ReadCalls: 21.39
 17007220	VERBOSE   	FPS	XnOpenNI.cpp	883	[FPS] MyDepth (I: 30.30, O: 21.60) Image1 (I: 30.10, O: 21.61) ReadCalls: 21.60
 18007233	VERBOSE   	FPS	XnOpenNI.cpp	883	[FPS] MyDepth (I: 30.30, O: 21.50) Image1 (I: 30.10, O: 21.50) ReadCalls: 21.50
 19007147	VERBOSE   	FPS	XnOpenNI.cpp	883	[FPS] MyDepth (I: 30.30, O: 21.39) Image1 (I: 30.10, O: 21.39) ReadCalls: 21.38
 20007471	VERBOSE   	FPS	XnOpenNI.cpp	883	[FPS] MyDepth (I: 30.30, O: 21.61) Image1 (I: 30.10, O: 21.61) ReadCalls: 21.61
 21007669	VERBOSE   	FPS	XnOpenNI.cpp	883	[FPS] MyDepth (I: 30.30, O: 21.49) Image1 (I: 30.10, O: 21.49) ReadCalls: 21.49
 22006473	VERBOSE   	FPS	XnOpenNI.cpp	883	[FPS] MyDepth (I: 30.32, O: 21.39) Image1 (I: 30.11, O: 21.39) ReadCalls: 21.39
 23006945	VERBOSE   	FPS	XnOpenNI.cpp	883	[FPS] MyDepth (I: 30.30, O: 21.61) Image1 (I: 30.10, O: 21.61) ReadCalls: 21.61
 24006536	VERBOSE   	FPS	XnOpenNI.cpp	883	[FPS] MyDepth (I: 30.30, O: 21.49) Image1 (I: 30.11, O: 21.49) ReadCalls: 21.49
 25013937	VERBOSE   	FPS	XnOpenNI.cpp	883	[FPS] MyDepth (I: 30.00, O: 21.34) Image1 (I: 30.03, O: 21.34) ReadCalls: 21.67
 26016415	VERBOSE   	FPS	XnOpenNI.cpp	883	[FPS] MyDepth (I: 30.31, O: 21.55) Image1 (I: 30.01, O: 21.55) ReadCalls: 21.53
 27016584	VERBOSE   	FPS	XnOpenNI.cpp	883	[FPS] MyDepth (I: 30.31, O: 21.42) Image1 (I: 30.00, O: 21.42) ReadCalls: 21.42
 28013852	VERBOSE   	FPS	XnOpenNI.cpp	883	[FPS] MyDepth (I: 30.03, O: 21.35) Image1 (I: 30.03, O: 21.35) ReadCalls: 21.67
 29017038	VERBOSE   	FPS	XnOpenNI.cpp	883	[FPS] MyDepth (I: 30.30, O: 21.55) Image1 (I: 30.10, O: 21.55) ReadCalls: 21.53
 30016792	VERBOSE   	FPS	XnOpenNI.cpp	883	[FPS] MyDepth (I: 30.31, O: 21.43) Image1 (I: 30.10, O: 21.43) ReadCalls: 21.42
 31012781	VERBOSE   	FPS	XnOpenNI.cpp	883	[FPS] MyDepth (I: 30.04, O: 21.36) Image1 (I: 30.15, O: 21.36) ReadCalls: 21.67
 32016482	VERBOSE   	FPS	XnOpenNI.cpp	883	[FPS] MyDepth (I: 30.31, O: 21.55) Image1 (I: 30.10, O: 21.55) ReadCalls: 21.53
 33016770	VERBOSE   	FPS	XnOpenNI.cpp	883	[FPS] MyDepth (I: 30.30, O: 21.43) Image1 (I: 30.10, O: 21.43) ReadCalls: 21.42
 34013655	VERBOSE   	FPS	XnOpenNI.cpp	883	[FPS] MyDepth (I: 30.04, O: 21.34) Image1 (I: 30.13, O: 21.34) ReadCalls: 21.67
 35028229	VERBOSE   	FPS	XnOpenNI.cpp	883	[FPS] MyDepth (I: 30.29, O: 21.45) Image1 (I: 29.96, O: 21.45) ReadCalls: 21.45
 36026551	VERBOSE   	FPS	XnOpenNI.cpp	883	[FPS] MyDepth (I: 30.30, O: 21.35) Image1 (I: 30.00, O: 21.35) ReadCalls: 21.35
 37013556	VERBOSE   	FPS	XnOpenNI.cpp	883	[FPS] MyDepth (I: 30.14, O: 21.34) Image1 (I: 30.14, O: 21.34) ReadCalls: 21.67
 38026955	VERBOSE   	FPS	XnOpenNI.cpp	883	[FPS] MyDepth (I: 30.32, O: 21.46) Image1 (I: 30.01, O: 21.47) ReadCalls: 21.46
 39026282	VERBOSE   	FPS	XnOpenNI.cpp	883	[FPS] MyDepth (I: 30.31, O: 21.35) Image1 (I: 30.00, O: 21.35) ReadCalls: 21.35
 40012481	VERBOSE   	FPS	XnOpenNI.cpp	883	[FPS] MyDepth (I: 30.14, O: 21.34) Image1 (I: 30.14, O: 21.34) ReadCalls: 21.67
 41027789	VERBOSE   	FPS	XnOpenNI.cpp	883	[FPS] MyDepth (I: 30.29, O: 19.77) Image1 (I: 29.96, O: 19.77) ReadCalls: 19.77
 42026351	VERBOSE   	FPS	XnOpenNI.cpp	883	[FPS] MyDepth (I: 30.31, O: 18.68) Image1 (I: 30.00, O: 18.68) ReadCalls: 18.68
 43026761	VERBOSE   	FPS	XnOpenNI.cpp	883	[FPS] MyDepth (I: 30.30, O: 17.53) Image1 (I: 30.00, O: 17.53) ReadCalls: 17.53
 44026740	VERBOSE   	FPS	XnOpenNI.cpp	883	[FPS] MyDepth (I: 30.01, O: 19.11) Image1 (I: 30.30, O: 19.11) ReadCalls: 19.11
 45012323	VERBOSE   	FPS	XnOpenNI.cpp	883	[FPS] MyDepth (I: 30.14, O: 21.32) Image1 (I: 30.14, O: 21.32) ReadCalls: 21.67
 46026663	VERBOSE   	FPS	XnOpenNI.cpp	883	[FPS] MyDepth (I: 30.00, O: 21.46) Image1 (I: 30.30, O: 21.46) ReadCalls: 21.45
 47007619	VERBOSE   	FPS	XnOpenNI.cpp	883	[FPS] MyDepth (I: 30.29, O: 21.49) Image1 (I: 30.19, O: 21.49) ReadCalls: 21.49
 48006043	VERBOSE   	FPS	XnOpenNI.cpp	883	[FPS] MyDepth (I: 30.30, O: 21.38) Image1 (I: 30.21, O: 21.38) ReadCalls: 21.38
 49006708	VERBOSE   	FPS	XnOpenNI.cpp	883	[FPS] MyDepth (I: 30.30, O: 21.60) Image1 (I: 30.20, O: 21.60) ReadCalls: 21.60
 50007595	VERBOSE   	FPS	XnOpenNI.cpp	883	[FPS] MyDepth (I: 30.29, O: 21.49) Image1 (I: 30.19, O: 21.49) ReadCalls: 21.49
 51006208	VERBOSE   	FPS	XnOpenNI.cpp	883	[FPS] MyDepth (I: 30.31, O: 21.38) Image1 (I: 30.20, O: 21.38) ReadCalls: 21.38
 52006698	VERBOSE   	FPS	XnOpenNI.cpp	883	[FPS] MyDepth (I: 30.30, O: 21.60) Image1 (I: 30.20, O: 21.60) ReadCalls: 21.60
 53006582	VERBOSE   	FPS	XnOpenNI.cpp	883	[FPS] MyDepth (I: 30.30, O: 21.49) Image1 (I: 30.20, O: 21.49) ReadCalls: 21.49
 54006589	VERBOSE   	FPS	XnOpenNI.cpp	883	[FPS] MyDepth (I: 30.30, O: 21.38) Image1 (I: 30.20, O: 21.38) ReadCalls: 21.38
 55006072	VERBOSE   	FPS	XnOpenNI.cpp	883	[FPS] MyDepth (I: 30.30, O: 21.27) Image1 (I: 30.20, O: 21.27) ReadCalls: 21.26
 56016348	VERBOSE   	FPS	XnOpenNI.cpp	883	[FPS] MyDepth (I: 30.30, O: 21.42) Image1 (I: 30.10, O: 21.42) ReadCalls: 21.42
 57016068	VERBOSE   	FPS	XnOpenNI.cpp	883	[FPS] MyDepth (I: 30.31, O: 21.42) Image1 (I: 30.10, O: 21.42) ReadCalls: 21.42
 58012886	VERBOSE   	FPS	XnOpenNI.cpp	883	[FPS] MyDepth (I: 30.00, O: 21.33) Image1 (I: 30.14, O: 21.33) ReadCalls: 21.67
 59016679	VERBOSE   	FPS	XnOpenNI.cpp	883	[FPS] MyDepth (I: 30.29, O: 21.54) Image1 (I: 30.10, O: 21.54) ReadCalls: 21.53
 60016078	VERBOSE   	FPS	XnOpenNI.cpp	883	[FPS] MyDepth (I: 30.31, O: 21.42) Image1 (I: 30.10, O: 21.42) ReadCalls: 21.42
 61011802	VERBOSE   	FPS	XnOpenNI.cpp	883	[FPS] MyDepth (I: 30.04, O: 21.36) Image1 (I: 30.15, O: 21.37) ReadCalls: 21.67
 62015849	VERBOSE   	FPS	XnOpenNI.cpp	883	[FPS] MyDepth (I: 30.31, O: 21.55) Image1 (I: 30.10, O: 21.55) ReadCalls: 21.53
 63015815	VERBOSE   	FPS	XnOpenNI.cpp	883	[FPS] MyDepth (I: 30.31, O: 21.42) Image1 (I: 30.10, O: 21.43) ReadCalls: 21.42
 64011707	VERBOSE   	FPS	XnOpenNI.cpp	883	[FPS] MyDepth (I: 30.04, O: 21.34) Image1 (I: 30.15, O: 21.34) ReadCalls: 21.67
 65017040	VERBOSE   	FPS	XnOpenNI.cpp	883	[FPS] MyDepth (I: 30.40, O: 21.53) Image1 (I: 30.09, O: 21.53) ReadCalls: 21.53
 66025581	VERBOSE   	FPS	XnOpenNI.cpp	883	[FPS] MyDepth (I: 30.31, O: 21.35) Image1 (I: 30.01, O: 21.36) ReadCalls: 21.35
 67012594	VERBOSE   	FPS	XnOpenNI.cpp	883	[FPS] MyDepth (I: 30.03, O: 21.33) Image1 (I: 30.14, O: 21.33) ReadCalls: 21.67
 68026628	VERBOSE   	FPS	XnOpenNI.cpp	883	[FPS] MyDepth (I: 30.30, O: 21.45) Image1 (I: 29.96, O: 21.45) ReadCalls: 21.45
 69025581	VERBOSE   	FPS	XnOpenNI.cpp	883	[FPS] MyDepth (I: 30.32, O: 21.35) Image1 (I: 30.01, O: 21.35) ReadCalls: 21.35
 70012514	VERBOSE   	FPS	XnOpenNI.cpp	883	[FPS] MyDepth (I: 30.14, O: 21.34) Image1 (I: 30.14, O: 21.34) ReadCalls: 21.67
 71026055	VERBOSE   	FPS	XnOpenNI.cpp	883	[FPS] MyDepth (I: 30.31, O: 21.46) Image1 (I: 30.01, O: 21.46) ReadCalls: 21.45
 72025517	VERBOSE   	FPS	XnOpenNI.cpp	883	[FPS] MyDepth (I: 30.31, O: 21.35) Image1 (I: 30.01, O: 21.35) ReadCalls: 21.34
 73011418	VERBOSE   	FPS	XnOpenNI.cpp	883	[FPS] MyDepth (I: 30.15, O: 21.34) Image1 (I: 30.15, O: 21.34) ReadCalls: 21.67
 74027370	VERBOSE   	FPS	XnOpenNI.cpp	883	[FPS] MyDepth (I: 30.30, O: 21.45) Image1 (I: 29.96, O: 21.45) ReadCalls: 21.44
 75026003	VERBOSE   	FPS	XnOpenNI.cpp	883	[FPS] MyDepth (I: 30.06, O: 21.35) Image1 (I: 30.31, O: 21.35) ReadCalls: 21.35
 76012301	VERBOSE   	FPS	XnOpenNI.cpp	883	[FPS] MyDepth (I: 30.14, O: 21.34) Image1 (I: 30.14, O: 21.34) ReadCalls: 21.67
 77025885	VERBOSE   	FPS	XnOpenNI.cpp	883	[FPS] MyDepth (I: 30.01, O: 21.46) Image1 (I: 30.31, O: 21.46) ReadCalls: 21.46
 78005850	VERBOSE   	FPS	XnOpenNI.cpp	883	[FPS] MyDepth (I: 30.31, O: 21.49) Image1 (I: 30.20, O: 21.49) ReadCalls: 21.48
 79005347	VERBOSE   	FPS	XnOpenNI.cpp	883	[FPS] MyDepth (I: 30.31, O: 21.38) Image1 (I: 30.21, O: 21.39) ReadCalls: 21.38
 80005770	VERBOSE   	FPS	XnOpenNI.cpp	883	[FPS] MyDepth (I: 30.30, O: 21.61) Image1 (I: 30.20, O: 21.61) ReadCalls: 21.60
 81005805	VERBOSE   	FPS	XnOpenNI.cpp	883	[FPS] MyDepth (I: 30.30, O: 21.49) Image1 (I: 30.20, O: 21.49) ReadCalls: 21.48
 82006086	VERBOSE   	FPS	XnOpenNI.cpp	883	[FPS] MyDepth (I: 30.30, O: 21.38) Image1 (I: 30.20, O: 21.38) ReadCalls: 21.38
 83006138	VERBOSE   	FPS	XnOpenNI.cpp	883	[FPS] MyDepth (I: 30.29, O: 21.60) Image1 (I: 30.20, O: 21.60) ReadCalls: 21.59
 84005965	VERBOSE   	FPS	XnOpenNI.cpp	883	[FPS] MyDepth (I: 30.29, O: 21.48) Image1 (I: 30.20, O: 21.49) ReadCalls: 21.48
 85005833	VERBOSE   	FPS	XnOpenNI.cpp	883	[FPS] MyDepth (I: 30.30, O: 21.38) Image1 (I: 30.20, O: 21.38) ReadCalls: 21.38
 86006533	VERBOSE   	FPS	XnOpenNI.cpp	883	[FPS] MyDepth (I: 30.29, O: 21.60) Image1 (I: 30.20, O: 21.60) ReadCalls: 21.60
 87015144	VERBOSE   	FPS	XnOpenNI.cpp	883	[FPS] MyDepth (I: 30.31, O: 21.42) Image1 (I: 30.11, O: 21.43) ReadCalls: 21.42
 88010931	VERBOSE   	FPS	XnOpenNI.cpp	883	[FPS] MyDepth (I: 30.01, O: 21.34) Image1 (I: 30.15, O: 21.34) ReadCalls: 21.67
 89015853	VERBOSE   	FPS	XnOpenNI.cpp	883	[FPS] MyDepth (I: 30.30, O: 21.55) Image1 (I: 30.10, O: 21.55) ReadCalls: 21.53
 90015345	VERBOSE   	FPS	XnOpenNI.cpp	883	[FPS] MyDepth (I: 30.30, O: 21.42) Image1 (I: 30.10, O: 21.42) ReadCalls: 21.41
 91010832	VERBOSE   	FPS	XnOpenNI.cpp	883	[FPS] MyDepth (I: 30.05, O: 21.34) Image1 (I: 30.15, O: 21.34) ReadCalls: 21.67
 92015537	VERBOSE   	FPS	XnOpenNI.cpp	883	[FPS] MyDepth (I: 30.30, O: 21.55) Image1 (I: 30.10, O: 21.55) ReadCalls: 21.52
 93015277	VERBOSE   	FPS	XnOpenNI.cpp	883	[FPS] MyDepth (I: 30.30, O: 21.42) Image1 (I: 30.10, O: 21.42) ReadCalls: 21.42
 94011709	VERBOSE   	FPS	XnOpenNI.cpp	883	[FPS] MyDepth (I: 30.04, O: 21.33) Image1 (I: 30.14, O: 21.33) ReadCalls: 21.67
 95015532	VERBOSE   	FPS	XnOpenNI.cpp	883	[FPS] MyDepth (I: 30.31, O: 21.53) Image1 (I: 30.10, O: 21.56) ReadCalls: 21.52
 96015206	VERBOSE   	FPS	XnOpenNI.cpp	883	[FPS] MyDepth (I: 30.30, O: 21.42) Image1 (I: 30.10, O: 21.42) ReadCalls: 21.42
 97011615	VERBOSE   	FPS	XnOpenNI.cpp	883	[FPS] MyDepth (I: 30.04, O: 21.34) Image1 (I: 30.15, O: 21.36) ReadCalls: 21.67
 98026439	VERBOSE   	FPS	XnOpenNI.cpp	883	[FPS] MyDepth (I: 30.30, O: 21.45) Image1 (I: 30.06, O: 21.45) ReadCalls: 21.45
 99024836	VERBOSE   	FPS	XnOpenNI.cpp	883	[FPS] MyDepth (I: 30.31, O: 21.35) Image1 (I: 30.01, O: 21.35) ReadCalls: 21.34
100011518	VERBOSE   	FPS	XnOpenNI.cpp	883	[FPS] MyDepth (I: 30.15, O: 21.34) Image1 (I: 30.15, O: 21.34) ReadCalls: 21.67
101025831	VERBOSE   	FPS	XnOpenNI.cpp	883	[FPS] MyDepth (I: 30.30, O: 21.46) Image1 (I: 30.01, O: 21.46) ReadCalls: 21.45
102025295	VERBOSE   	FPS	XnOpenNI.cpp	883	[FPS] MyDepth (I: 30.31, O: 21.35) Image1 (I: 30.00, O: 21.35) ReadCalls: 21.35
103010454	VERBOSE   	FPS	XnOpenNI.cpp	883	[FPS] MyDepth (I: 30.15, O: 21.34) Image1 (I: 30.15, O: 21.34) ReadCalls: 21.67
104025245	VERBOSE   	FPS	XnOpenNI.cpp	883	[FPS] MyDepth (I: 30.31, O: 21.45) Image1 (I: 30.10, O: 21.45) ReadCalls: 21.45
105025151	VERBOSE   	FPS	XnOpenNI.cpp	883	[FPS] MyDepth (I: 30.31, O: 21.35) Image1 (I: 30.10, O: 21.35) ReadCalls: 21.35
106010348	VERBOSE   	FPS	XnOpenNI.cpp	883	[FPS] MyDepth (I: 30.15, O: 21.34) Image1 (I: 30.25, O: 21.34) ReadCalls: 21.67
107034942	VERBOSE   	FPS	XnOpenNI.cpp	883	[FPS] MyDepth (I: 30.30, O: 21.38) Image1 (I: 30.00, O: 21.38) ReadCalls: 21.38
108025921	VERBOSE   	FPS	XnOpenNI.cpp	883	[FPS] MyDepth (I: 30.05, O: 21.34) Image1 (I: 30.09, O: 21.34) ReadCalls: 21.67
109005077	VERBOSE   	FPS	XnOpenNI.cpp	883	[FPS] MyDepth (I: 30.31, O: 21.37) Image1 (I: 30.31, O: 21.37) ReadCalls: 21.37
110005909	VERBOSE   	FPS	XnOpenNI.cpp	883	[FPS] MyDepth (I: 30.29, O: 21.60) Image1 (I: 30.30, O: 21.60) ReadCalls: 21.60
111005665	VERBOSE   	FPS	XnOpenNI.cpp	883	[FPS] MyDepth (I: 30.30, O: 21.48) Image1 (I: 30.30, O: 21.48) ReadCalls: 21.48
112004672	VERBOSE   	FPS	XnOpenNI.cpp	883	[FPS] MyDepth (I: 30.31, O: 21.37) Image1 (I: 30.31, O: 21.38) ReadCalls: 21.37
113005184	VERBOSE   	FPS	XnOpenNI.cpp	883	[FPS] MyDepth (I: 30.30, O: 21.60) Image1 (I: 30.30, O: 21.60) ReadCalls: 21.59
114006042	VERBOSE   	FPS	XnOpenNI.cpp	883	[FPS] MyDepth (I: 30.30, O: 21.48) Image1 (I: 30.30, O: 21.48) ReadCalls: 21.47
115004569	VERBOSE   	FPS	XnOpenNI.cpp	883	[FPS] MyDepth (I: 30.31, O: 21.37) Image1 (I: 30.32, O: 21.38) ReadCalls: 21.37
116005029	VERBOSE   	FPS	XnOpenNI.cpp	883	[FPS] MyDepth (I: 30.30, O: 19.24) Image1 (I: 30.30, O: 19.24) ReadCalls: 19.24
117004768	VERBOSE   	FPS	XnOpenNI.cpp	883	[FPS] MyDepth (I: 30.31, O: 18.13) Image1 (I: 30.31, O: 18.13) ReadCalls: 18.13
118005214	VERBOSE   	FPS	XnOpenNI.cpp	883	[FPS] MyDepth (I: 30.30, O: 18.37) Image1 (I: 30.30, O: 18.37) ReadCalls: 18.37
119014738	VERBOSE   	FPS	XnOpenNI.cpp	883	[FPS] MyDepth (I: 30.31, O: 21.48) Image1 (I: 30.20, O: 21.48) ReadCalls: 21.45
120010878	VERBOSE   	FPS	XnOpenNI.cpp	883	[FPS] MyDepth (I: 30.01, O: 21.34) Image1 (I: 30.25, O: 21.34) ReadCalls: 21.67
121014810	VERBOSE   	FPS	XnOpenNI.cpp	883	[FPS] MyDepth (I: 30.30, O: 15.82) Image1 (I: 30.20, O: 15.82) ReadCalls: 15.81
122014932	VERBOSE   	FPS	XnOpenNI.cpp	883	[FPS] MyDepth (I: 30.30, O: 14.72) Image1 (I: 30.20, O: 14.73) ReadCalls: 14.72
123009804	VERBOSE   	FPS	XnOpenNI.cpp	883	[FPS] MyDepth (I: 30.05, O: 14.67) Image1 (I: 30.25, O: 14.69) ReadCalls: 15.01
124015385	VERBOSE   	FPS	XnOpenNI.cpp	883	[FPS] MyDepth (I: 30.30, O: 21.56) Image1 (I: 30.20, O: 21.56) ReadCalls: 21.55
125014628	VERBOSE   	FPS	XnOpenNI.cpp	883	[FPS] MyDepth (I: 30.31, O: 21.41) Image1 (I: 30.21, O: 21.41) ReadCalls: 21.41
126004847	VERBOSE   	FPS	XnOpenNI.cpp	883	[FPS] MyDepth (I: 30.11, O: 21.37) Image1 (I: 30.31, O: 21.37) ReadCalls: 21.37
127004918	VERBOSE   	FPS	XnOpenNI.cpp	883	[FPS] MyDepth (I: 30.10, O: 21.60) Image1 (I: 30.30, O: 21.62) ReadCalls: 21.59
128005131	VERBOSE   	FPS	XnOpenNI.cpp	883	[FPS] MyDepth (I: 30.10, O: 21.49) Image1 (I: 30.30, O: 21.49) ReadCalls: 21.49
129004828	VERBOSE   	FPS	XnOpenNI.cpp	883	[FPS] MyDepth (I: 30.10, O: 21.38) Image1 (I: 30.31, O: 21.38) ReadCalls: 21.37
130004944	VERBOSE   	FPS	XnOpenNI.cpp	883	[FPS] MyDepth (I: 30.10, O: 21.60) Image1 (I: 30.30, O: 21.60) ReadCalls: 21.59
131004995	VERBOSE   	FPS	XnOpenNI.cpp	883	[FPS] MyDepth (I: 30.19, O: 21.49) Image1 (I: 30.30, O: 21.49) ReadCalls: 21.49
132004721	VERBOSE   	FPS	XnOpenNI.cpp	883	[FPS] MyDepth (I: 30.21, O: 21.38) Image1 (I: 30.31, O: 21.38) ReadCalls: 21.37
133005000	VERBOSE   	FPS	XnOpenNI.cpp	883	[FPS] MyDepth (I: 30.20, O: 21.59) Image1 (I: 30.30, O: 21.60) ReadCalls: 21.59
134004861	VERBOSE   	FPS	XnOpenNI.cpp	883	[FPS] MyDepth (I: 30.20, O: 21.48) Image1 (I: 30.30, O: 21.48) ReadCalls: 21.48
135004628	VERBOSE   	FPS	XnOpenNI.cpp	883	[FPS] MyDepth (I: 30.21, O: 21.37) Image1 (I: 30.31, O: 21.37) ReadCalls: 21.37
136004887	VERBOSE   	FPS	XnOpenNI.cpp	883	[FPS] MyDepth (I: 30.20, O: 21.60) Image1 (I: 30.30, O: 21.60) ReadCalls: 21.60
137004905	VERBOSE   	FPS	XnOpenNI.cpp	883	[FPS] MyDepth (I: 30.20, O: 21.48) Image1 (I: 30.31, O: 21.48) ReadCalls: 21.48
138004484	VERBOSE   	FPS	XnOpenNI.cpp	883	[FPS] MyDepth (I: 30.21, O: 21.38) Image1 (I: 30.31, O: 21.38) ReadCalls: 21.38
139005083	VERBOSE   	FPS	XnOpenNI.cpp	883	[FPS] MyDepth (I: 30.20, O: 21.60) Image1 (I: 30.30, O: 21.60) ReadCalls: 21.60
140004867	VERBOSE   	FPS	XnOpenNI.cpp	883	[FPS] MyDepth (I: 30.29, O: 21.49) Image1 (I: 30.30, O: 21.49) ReadCalls: 21.48
141004739	VERBOSE   	FPS	XnOpenNI.cpp	883	[FPS] MyDepth (I: 30.31, O: 21.37) Image1 (I: 29.97, O: 21.37) ReadCalls: 21.37
142004394	VERBOSE   	FPS	XnOpenNI.cpp	883	[FPS] MyDepth (I: 30.30, O: 21.60) Image1 (I: 30.01, O: 21.60) ReadCalls: 21.60
143005269	VERBOSE   	FPS	XnOpenNI.cpp	883	[FPS] MyDepth (I: 30.30, O: 21.48) Image1 (I: 29.96, O: 21.48) ReadCalls: 21.47
144004185	VERBOSE   	FPS	XnOpenNI.cpp	883	[FPS] MyDepth (I: 30.32, O: 21.38) Image1 (I: 30.01, O: 21.38) ReadCalls: 21.38
