     1054	INFO      	Log	XnLog.cpp	323	OpenNI version is 1.3.4 (Build 3)-Win32 (Oct 10 2011 20:01:54)
     1123	INFO      	Log	XnLog.cpp	301	--- Filter Info --- Minimum Severity: VERBOSE
     1285	VERBOSE   	ModuleLoader	XnModuleLoader.cpp	453	Found exported production node. Script: OpenNI/OpenNI/1.3.4.3
     1856	VERBOSE   	ModuleLoader	XnModuleLoader.cpp	282	Checking C:\Archivos de programa\OpenNI\Bin\nimRecorder.dll...
     9140	VERBOSE   	ModuleLoader	XnModuleLoader.cpp	453	Found exported production node. Recorder: OpenNI/Recorder/1.3.4.3
     9207	VERBOSE   	ModuleLoader	XnModuleLoader.cpp	453	Found exported production node. Player: OpenNI/Player/1.3.4.3
     9314	VERBOSE   	ModuleLoader	XnModuleLoader.cpp	282	Checking C:\Archivos de programa\OpenNI\Bin\nimMockNodes.dll...
    16273	VERBOSE   	ModuleLoader	XnModuleLoader.cpp	453	Found exported production node. ProductionNode: OpenNI/Mock/1.3.4.3
    16323	VERBOSE   	ModuleLoader	XnModuleLoader.cpp	453	Found exported production node. Generator: OpenNI/Mock/1.3.4.3
    16359	VERBOSE   	ModuleLoader	XnModuleLoader.cpp	453	Found exported production node. MapGenerator: OpenNI/Mock/1.3.4.3
    16390	VERBOSE   	ModuleLoader	XnModuleLoader.cpp	453	Found exported production node. Device: OpenNI/Mock/1.3.4.3
    16417	VERBOSE   	ModuleLoader	XnModuleLoader.cpp	453	Found exported production node. Depth: OpenNI/Mock/1.3.4.3
    16464	VERBOSE   	ModuleLoader	XnModuleLoader.cpp	453	Found exported production node. IR: OpenNI/Mock/1.3.4.3
    16501	VERBOSE   	ModuleLoader	XnModuleLoader.cpp	453	Found exported production node. Image: OpenNI/Mock/1.3.4.3
    16539	VERBOSE   	ModuleLoader	XnModuleLoader.cpp	453	Found exported production node. Audio: OpenNI/Mock/1.3.4.3
    16572	VERBOSE   	ModuleLoader	XnModuleLoader.cpp	282	Checking C:\Archivos de programa\OpenNI\Bin\nimCodecs.dll...
    23646	VERBOSE   	ModuleLoader	XnModuleLoader.cpp	453	Found exported production node. Codec: OpenNI/16zP/1.3.4.3
    23696	VERBOSE   	ModuleLoader	XnModuleLoader.cpp	453	Found exported production node. Codec: OpenNI/16zT/1.3.4.3
    23725	VERBOSE   	ModuleLoader	XnModuleLoader.cpp	453	Found exported production node. Codec: OpenNI/Im8z/1.3.4.3
    23779	VERBOSE   	ModuleLoader	XnModuleLoader.cpp	453	Found exported production node. Codec: OpenNI/JPEG/1.3.4.3
    23816	VERBOSE   	ModuleLoader	XnModuleLoader.cpp	453	Found exported production node. Codec: OpenNI/NONE/1.3.4.3
    23848	VERBOSE   	ModuleLoader	XnModuleLoader.cpp	282	Checking C:\Archivos de programa\PrimeSense\SensorKinect\Bin\XnDeviceFile.dll...
    51611	VERBOSE   	ModuleLoader	XnModuleLoader.cpp	453	Found exported production node. Player: PrimeSense/File/5.0.3.4
    51664	VERBOSE   	ModuleLoader	XnModuleLoader.cpp	282	Checking C:\Archivos de programa\PrimeSense\SensorKinect\Bin\XnDeviceSensorV2KM.dll...
    58779	VERBOSE   	ModuleLoader	XnModuleLoader.cpp	453	Found exported production node. Device: PrimeSense/SensorKinect/5.0.3.4
    58844	VERBOSE   	ModuleLoader	XnModuleLoader.cpp	453	Found exported production node. Depth: PrimeSense/SensorKinect/5.0.3.4
    58876	VERBOSE   	ModuleLoader	XnModuleLoader.cpp	453	Found exported production node. Image: PrimeSense/SensorKinect/5.0.3.4
    58913	VERBOSE   	ModuleLoader	XnModuleLoader.cpp	453	Found exported production node. IR: PrimeSense/SensorKinect/5.0.3.4
    58952	VERBOSE   	ModuleLoader	XnModuleLoader.cpp	453	Found exported production node. Audio: PrimeSense/SensorKinect/5.0.3.4
    58986	VERBOSE   	ModuleLoader	XnModuleLoader.cpp	282	Checking C:\Archivos de programa\PrimeSense\NITE\Features_1_3_0\Bin\XnVFeatures_1_3_0.dll...
    73010	VERBOSE   	ModuleLoader	XnModuleLoader.cpp	453	Found exported production node. Scene: PrimeSense/XnVSceneAnalyzer/1.3.0.17
    73083	VERBOSE   	ModuleLoader	XnModuleLoader.cpp	453	Found exported production node. User: PrimeSense/XnVSkeletonGenerator/1.3.0.17
    73118	VERBOSE   	ModuleLoader	XnModuleLoader.cpp	282	Checking C:\Archivos de programa\PrimeSense\NITE\Features_1_3_1\Bin\XnVFeatures_1_3_1.dll...
    84934	VERBOSE   	ModuleLoader	XnModuleLoader.cpp	453	Found exported production node. Scene: PrimeSense/XnVSceneAnalyzer/1.3.1.6
    85023	VERBOSE   	ModuleLoader	XnModuleLoader.cpp	453	Found exported production node. User: PrimeSense/XnVSkeletonGenerator/1.3.1.6
    85062	VERBOSE   	ModuleLoader	XnModuleLoader.cpp	282	Checking C:\Archivos de programa\PrimeSense\NITE\Features_1_4_1\Bin\XnVFeatures_1_4_1.dll...
    98655	VERBOSE   	ModuleLoader	XnModuleLoader.cpp	453	Found exported production node. Scene: PrimeSense/XnVSceneAnalyzer/1.4.1.2
    98706	VERBOSE   	ModuleLoader	XnModuleLoader.cpp	453	Found exported production node. User: PrimeSense/XnVSkeletonGenerator/1.4.1.2
    98742	VERBOSE   	ModuleLoader	XnModuleLoader.cpp	282	Checking C:\Archivos de programa\PrimeSense\NITE\Hands_1_3_0\Bin\XnVHandGenerator_1_3_0.dll...
   109578	VERBOSE   	ModuleLoader	XnModuleLoader.cpp	453	Found exported production node. Gesture: PrimeSense/XnVGestureGenrator/1.3.0.17
   109635	VERBOSE   	ModuleLoader	XnModuleLoader.cpp	453	Found exported production node. Hands: PrimeSense/XnVHandTracker/1.3.0.17
   109669	VERBOSE   	ModuleLoader	XnModuleLoader.cpp	282	Checking C:\Archivos de programa\PrimeSense\NITE\Hands_1_3_1\Bin\XnVHandGenerator_1_3_1.dll...
   118163	VERBOSE   	ModuleLoader	XnModuleLoader.cpp	453	Found exported production node. Gesture: PrimeSense/XnVGestureGenrator/1.3.1.6
   118210	VERBOSE   	ModuleLoader	XnModuleLoader.cpp	453	Found exported production node. Hands: PrimeSense/XnVHandTracker/1.3.1.6
   118256	VERBOSE   	ModuleLoader	XnModuleLoader.cpp	282	Checking C:\Archivos de programa\PrimeSense\NITE\Hands_1_4_1\Bin\XnVHandGenerator_1_4_1.dll...
   128869	VERBOSE   	ModuleLoader	XnModuleLoader.cpp	453	Found exported production node. Gesture: PrimeSense/XnVGestureGenrator/1.4.1.2
   128919	VERBOSE   	ModuleLoader	XnModuleLoader.cpp	453	Found exported production node. Hands: PrimeSense/XnVHandTracker/1.4.1.2
   129330	INFO      	OpenNI	XnOpenNI.cpp	1547	Creating node 'Script1' of type Script: OpenNI/OpenNI/1.3.4.3...
   129793	VERBOSE   	OpenNI	XnXmlScriptNode.cpp	780	Requested to create a node of type Depth...
   151577	INFO      	OpenNI	XnOpenNI.cpp	1547	Creating node 'Device1' of type Device: PrimeSense/SensorKinect/5.0.3.4...
  1679759	INFO      	DDK	XnProperty.cpp	151	Property Device.ShareMode was changed to 1.
  1679793	INFO      	DDK	XnProperty.cpp	151	Property Device.InstancePointer was changed.
  1680023	INFO      	DDK	XnProperty.cpp	151	Property Device.ShareMode was changed to 0.
  1680876	INFO      	OpenNI	XnOpenNI.cpp	1547	Creating node 'MyDepth' of type Depth: PrimeSense/SensorKinect/5.0.3.4...
  1680942	VERBOSE   	SensorClient	XnSensorClient.cpp	268	Creating stream MyDepth (of type Depth)
  1693870	INFO      	DDK	XnProperty.cpp	151	Property Device.ReadData was changed to 1.
  1720111	INFO      	DDK	XnDeviceBase.cpp	1383	Creating stream 'MyDepth' of type 'Depth'...
  1720247	VERBOSE   	DDK	XnDeviceBase.cpp	1419	Initializing stream 'MyDepth'...
  1720726	INFO      	DDK	XnProperty.cpp	151	Property MyDepth.RequiredDataSize was changed to 614400.
  1721241	INFO      	DDK	XnProperty.cpp	151	Property MyDepth.OutputFormat was changed to 1.
  1721318	INFO      	DDK	XnDeviceBase.cpp	1458	Stream 'MyDepth' was initialized.
  1721335	INFO      	DDK	XnDeviceBase.cpp	1463	'MyDepth' stream was created.
  1722267	VERBOSE   	SensorClient	XnSensorClient.cpp	391	Getting property MyDepth.SupportedModes from server...
  1722582	VERBOSE   	SensorServer	XnSensorClient.cpp	433	Setting MyDepth.Mirror to 1...
  1722710	INFO      	DDK	XnProperty.cpp	151	Property MyDepth.Mirror was changed to 1.
  1722951	VERBOSE   	OpenNI	XnXmlScriptNode.cpp	780	Requested to create a node of type Image (StopOnError=FALSE)...
  1725850	VERBOSE   	SensorClient	XnSensorClient.cpp	391	Getting property Device.CmosBlankingUnits from server...
  1738906	INFO      	OpenNI	XnOpenNI.cpp	1547	Creating node 'Image1' of type Image: PrimeSense/SensorKinect/5.0.3.4...
  1738956	VERBOSE   	SensorClient	XnSensorClient.cpp	268	Creating stream Image1 (of type Image)
  1748548	INFO      	DDK	XnDeviceBase.cpp	1383	Creating stream 'Image1' of type 'Image'...
  1748845	VERBOSE   	DDK	XnDeviceBase.cpp	1419	Initializing stream 'Image1'...
  1749250	INFO      	DDK	XnProperty.cpp	151	Property Image1.RequiredDataSize was changed to 921600.
  1749857	INFO      	DDK	XnProperty.cpp	151	Property Image1.OutputFormat was changed to 5.
  1749900	INFO      	DDK	XnDeviceBase.cpp	1458	Stream 'Image1' was initialized.
  1749917	INFO      	DDK	XnDeviceBase.cpp	1463	'Image1' stream was created.
  1750416	VERBOSE   	SensorClient	XnSensorClient.cpp	391	Getting property Image1.SupportedModes from server...
  1750774	VERBOSE   	SensorServer	XnSensorClient.cpp	433	Setting Image1.Mirror to 1...
  1750924	INFO      	DDK	XnProperty.cpp	151	Property Image1.Mirror was changed to 1.
  1751245	VERBOSE   	DDK	XnDeviceBase.cpp	359	Opening stream MyDepth...
  1752185	INFO      	DDK	XnProperty.cpp	151	Property MyDepth.ActualReadData was changed to 1.
  2007269	VERBOSE   	FPS	XnOpenNI.cpp	883	[FPS] MyDepth (I:  0.00, O:  0.00) Image1 (I:  0.00, O:  0.00) ReadCalls:  0.00
  2243859	INFO      	DDK	XnProperty.cpp	151	Property MyDepth.State was changed to 1.
  2243914	INFO      	DDK	XnDeviceBase.cpp	370	Stream MyDepth is open.
  2243946	VERBOSE   	DDK	XnDeviceBase.cpp	359	Opening stream Image1...
  2245137	INFO      	DDK	XnProperty.cpp	151	Property Image1.ActualReadData was changed to 1.
  3007079	VERBOSE   	FPS	XnOpenNI.cpp	883	[FPS] MyDepth (I: 30.00, O:  0.00) Image1 (I:  0.00, O:  0.00) ReadCalls:  0.00
  4007083	VERBOSE   	FPS	XnOpenNI.cpp	883	[FPS] MyDepth (I: 30.00, O:  0.00) Image1 (I:  0.00, O:  0.00) ReadCalls:  0.00
  5007024	VERBOSE   	FPS	XnOpenNI.cpp	883	[FPS] MyDepth (I: 30.00, O:  0.00) Image1 (I:  0.00, O:  0.00) ReadCalls:  0.00
  5449875	INFO      	DDK	XnProperty.cpp	151	Property Image1.State was changed to 1.
  5449937	INFO      	DDK	XnDeviceBase.cpp	370	Stream Image1 is open.
  5450104	VERBOSE   	SensorServer	XnSensorClient.cpp	433	Setting MyDepth.Registration to 1...
  5601249	INFO      	DDK	XnProperty.cpp	151	Property MyDepth.Registration was changed to 1.
  6011594	VERBOSE   	FPS	XnOpenNI.cpp	883	[FPS] MyDepth (I: 29.35, O: 16.22) Image1 (I: 31.26, O: 16.22) ReadCalls: 16.20
  7002018	VERBOSE   	FPS	XnOpenNI.cpp	883	[FPS] MyDepth (I: 29.38, O: 13.23) Image1 (I: 30.06, O: 13.23) ReadCalls: 13.96
  8011604	VERBOSE   	FPS	XnOpenNI.cpp	883	[FPS] MyDepth (I: 29.34, O: 16.88) Image1 (I: 30.31, O: 16.88) ReadCalls: 16.88
  9011428	VERBOSE   	FPS	XnOpenNI.cpp	883	[FPS] MyDepth (I: 30.09, O: 21.40) Image1 (I: 30.31, O: 21.40) ReadCalls: 21.39
 10002800	VERBOSE   	FPS	XnOpenNI.cpp	883	[FPS] MyDepth (I: 30.18, O: 21.34) Image1 (I: 30.09, O: 21.34) ReadCalls: 21.67
 11011475	VERBOSE   	FPS	XnOpenNI.cpp	883	[FPS] MyDepth (I: 30.08, O: 21.49) Image1 (I: 30.30, O: 21.49) ReadCalls: 21.49
 12011397	VERBOSE   	FPS	XnOpenNI.cpp	883	[FPS] MyDepth (I: 30.09, O: 21.39) Image1 (I: 30.31, O: 21.40) ReadCalls: 21.38
 13002689	VERBOSE   	FPS	XnOpenNI.cpp	883	[FPS] MyDepth (I: 30.18, O: 21.34) Image1 (I: 30.09, O: 21.34) ReadCalls: 21.67
 14011272	VERBOSE   	FPS	XnOpenNI.cpp	883	[FPS] MyDepth (I: 30.09, O: 21.50) Image1 (I: 30.30, O: 21.50) ReadCalls: 21.50
 15011159	VERBOSE   	FPS	XnOpenNI.cpp	883	[FPS] MyDepth (I: 30.09, O: 21.40) Image1 (I: 30.31, O: 21.40) ReadCalls: 21.38
 16001606	VERBOSE   	FPS	XnOpenNI.cpp	883	[FPS] MyDepth (I: 30.19, O: 21.34) Image1 (I: 30.10, O: 21.34) ReadCalls: 21.67
 17011262	VERBOSE   	FPS	XnOpenNI.cpp	883	[FPS] MyDepth (I: 30.09, O: 21.50) Image1 (I: 30.30, O: 21.50) ReadCalls: 21.50
 18011181	VERBOSE   	FPS	XnOpenNI.cpp	883	[FPS] MyDepth (I: 30.19, O: 21.38) Image1 (I: 30.30, O: 21.39) ReadCalls: 21.38
 19002470	VERBOSE   	FPS	XnOpenNI.cpp	883	[FPS] MyDepth (I: 30.27, O: 21.33) Image1 (I: 30.09, O: 21.33) ReadCalls: 21.67
 20011216	VERBOSE   	FPS	XnOpenNI.cpp	883	[FPS] MyDepth (I: 30.18, O: 21.50) Image1 (I: 30.30, O: 21.50) ReadCalls: 21.49
 21011096	VERBOSE   	FPS	XnOpenNI.cpp	883	[FPS] MyDepth (I: 30.19, O: 21.39) Image1 (I: 30.30, O: 21.39) ReadCalls: 21.38
 22000289	VERBOSE   	FPS	XnOpenNI.cpp	883	[FPS] MyDepth (I: 30.29, O: 21.35) Image1 (I: 30.11, O: 21.35) ReadCalls: 21.35
 23011046	VERBOSE   	FPS	XnOpenNI.cpp	883	[FPS] MyDepth (I: 30.19, O: 21.49) Image1 (I: 30.31, O: 21.49) ReadCalls: 21.49
 24010917	VERBOSE   	FPS	XnOpenNI.cpp	883	[FPS] MyDepth (I: 30.20, O: 21.38) Image1 (I: 30.30, O: 21.38) ReadCalls: 21.38
 25000189	VERBOSE   	FPS	XnOpenNI.cpp	883	[FPS] MyDepth (I: 30.30, O: 21.35) Image1 (I: 30.11, O: 21.35) ReadCalls: 21.35
 26000345	VERBOSE   	FPS	XnOpenNI.cpp	883	[FPS] MyDepth (I: 30.30, O: 21.57) Image1 (I: 30.11, O: 21.57) ReadCalls: 21.57
 27010940	VERBOSE   	FPS	XnOpenNI.cpp	883	[FPS] MyDepth (I: 30.29, O: 21.39) Image1 (I: 30.30, O: 21.39) ReadCalls: 21.38
 28002147	VERBOSE   	FPS	XnOpenNI.cpp	883	[FPS] MyDepth (I: 30.04, O: 21.34) Image1 (I: 30.09, O: 21.34) ReadCalls: 21.67
 29002115	VERBOSE   	FPS	XnOpenNI.cpp	883	[FPS] MyDepth (I: 30.04, O: 21.22) Image1 (I: 30.09, O: 21.22) ReadCalls: 21.55
 30009633	VERBOSE   	FPS	XnOpenNI.cpp	883	[FPS] MyDepth (I: 30.30, O: 21.39) Image1 (I: 30.01, O: 21.39) ReadCalls: 21.38
 31009417	VERBOSE   	FPS	XnOpenNI.cpp	883	[FPS] MyDepth (I: 30.31, O: 21.28) Image1 (I: 30.02, O: 21.28) ReadCalls: 21.27
 32001043	VERBOSE   	FPS	XnOpenNI.cpp	883	[FPS] MyDepth (I: 30.09, O: 21.34) Image1 (I: 30.10, O: 21.34) ReadCalls: 21.67
 33009674	VERBOSE   	FPS	XnOpenNI.cpp	883	[FPS] MyDepth (I: 30.30, O: 21.50) Image1 (I: 30.01, O: 21.50) ReadCalls: 21.50
 34009481	VERBOSE   	FPS	XnOpenNI.cpp	883	[FPS] MyDepth (I: 30.30, O: 21.39) Image1 (I: 30.01, O: 21.39) ReadCalls: 21.38
 35001896	VERBOSE   	FPS	XnOpenNI.cpp	883	[FPS] MyDepth (I: 30.07, O: 21.34) Image1 (I: 30.09, O: 21.34) ReadCalls: 21.67
 36010194	VERBOSE   	FPS	XnOpenNI.cpp	883	[FPS] MyDepth (I: 30.30, O: 21.49) Image1 (I: 30.01, O: 21.49) ReadCalls: 21.49
 37010736	VERBOSE   	FPS	XnOpenNI.cpp	883	[FPS] MyDepth (I: 30.05, O: 21.38) Image1 (I: 30.41, O: 21.38) ReadCalls: 21.37
 38001782	VERBOSE   	FPS	XnOpenNI.cpp	883	[FPS] MyDepth (I: 30.08, O: 21.34) Image1 (I: 30.09, O: 21.34) ReadCalls: 21.67
 39010877	VERBOSE   	FPS	XnOpenNI.cpp	883	[FPS] MyDepth (I: 30.05, O: 21.49) Image1 (I: 30.40, O: 21.50) ReadCalls: 21.49
 40010592	VERBOSE   	FPS	XnOpenNI.cpp	883	[FPS] MyDepth (I: 30.09, O: 21.40) Image1 (I: 30.41, O: 21.40) ReadCalls: 21.38
 41000719	VERBOSE   	FPS	XnOpenNI.cpp	883	[FPS] MyDepth (I: 30.19, O: 21.34) Image1 (I: 30.10, O: 21.34) ReadCalls: 21.67
 42010789	VERBOSE   	FPS	XnOpenNI.cpp	883	[FPS] MyDepth (I: 30.09, O: 21.49) Image1 (I: 30.40, O: 21.50) ReadCalls: 21.49
 43010630	VERBOSE   	FPS	XnOpenNI.cpp	883	[FPS] MyDepth (I: 30.09, O: 21.40) Image1 (I: 30.40, O: 21.40) ReadCalls: 21.37
 44001574	VERBOSE   	FPS	XnOpenNI.cpp	883	[FPS] MyDepth (I: 30.18, O: 21.35) Image1 (I: 30.09, O: 21.35) ReadCalls: 21.67
 45010641	VERBOSE   	FPS	XnOpenNI.cpp	883	[FPS] MyDepth (I: 30.09, O: 21.49) Image1 (I: 30.40, O: 21.49) ReadCalls: 21.49
 46010550	VERBOSE   	FPS	XnOpenNI.cpp	883	[FPS] MyDepth (I: 30.09, O: 21.39) Image1 (I: 30.41, O: 21.40) ReadCalls: 21.38
 47000494	VERBOSE   	FPS	XnOpenNI.cpp	883	[FPS] MyDepth (I: 30.19, O: 21.34) Image1 (I: 30.10, O: 21.34) ReadCalls: 21.67
 48010533	VERBOSE   	FPS	XnOpenNI.cpp	883	[FPS] MyDepth (I: 30.08, O: 21.49) Image1 (I: 30.40, O: 21.50) ReadCalls: 21.49
 49010614	VERBOSE   	FPS	XnOpenNI.cpp	883	[FPS] MyDepth (I: 30.19, O: 21.38) Image1 (I: 30.40, O: 21.38) ReadCalls: 21.38
 50000385	VERBOSE   	FPS	XnOpenNI.cpp	883	[FPS] MyDepth (I: 30.30, O: 21.34) Image1 (I: 30.10, O: 21.34) ReadCalls: 21.67
 51010643	VERBOSE   	FPS	XnOpenNI.cpp	883	[FPS] MyDepth (I: 30.18, O: 21.49) Image1 (I: 30.40, O: 21.49) ReadCalls: 21.49
 52010251	VERBOSE   	FPS	XnOpenNI.cpp	883	[FPS] MyDepth (I: 30.19, O: 21.38) Image1 (I: 30.41, O: 21.38) ReadCalls: 21.37
 53001245	VERBOSE   	FPS	XnOpenNI.cpp	883	[FPS] MyDepth (I: 30.28, O: 21.33) Image1 (I: 30.10, O: 21.33) ReadCalls: 21.67
 54010540	VERBOSE   	FPS	XnOpenNI.cpp	883	[FPS] MyDepth (I: 30.19, O: 21.49) Image1 (I: 30.40, O: 21.49) ReadCalls: 21.49
 55010301	VERBOSE   	FPS	XnOpenNI.cpp	883	[FPS] MyDepth (I: 30.20, O: 21.37) Image1 (I: 30.40, O: 21.38) ReadCalls: 21.37
 56000222	VERBOSE   	FPS	XnOpenNI.cpp	883	[FPS] MyDepth (I: 30.29, O: 21.34) Image1 (I: 30.10, O: 21.34) ReadCalls: 21.67
 57020123	VERBOSE   	FPS	XnOpenNI.cpp	883	[FPS] MyDepth (I: 30.09, O: 21.42) Image1 (I: 30.31, O: 21.42) ReadCalls: 21.42
 58000587	VERBOSE   	FPS	XnOpenNI.cpp	883	[FPS] MyDepth (I: 30.29, O: 21.45) Image1 (I: 30.10, O: 21.45) ReadCalls: 21.45
 59001029	VERBOSE   	FPS	XnOpenNI.cpp	883	[FPS] MyDepth (I: 30.04, O: 21.33) Image1 (I: 30.10, O: 21.33) ReadCalls: 21.67
 60008937	VERBOSE   	FPS	XnOpenNI.cpp	883	[FPS] MyDepth (I: 30.30, O: 21.50) Image1 (I: 30.11, O: 21.50) ReadCalls: 21.50
 61008651	VERBOSE   	FPS	XnOpenNI.cpp	883	[FPS] MyDepth (I: 30.31, O: 21.39) Image1 (I: 30.11, O: 21.39) ReadCalls: 21.39
 62000923	VERBOSE   	FPS	XnOpenNI.cpp	883	[FPS] MyDepth (I: 30.08, O: 21.34) Image1 (I: 30.19, O: 21.34) ReadCalls: 21.67
 63009064	VERBOSE   	FPS	XnOpenNI.cpp	883	[FPS] MyDepth (I: 30.30, O: 21.50) Image1 (I: 30.11, O: 21.50) ReadCalls: 21.50
 64008675	VERBOSE   	FPS	XnOpenNI.cpp	883	[FPS] MyDepth (I: 30.30, O: 21.39) Image1 (I: 30.11, O: 21.39) ReadCalls: 21.39
 65000811	VERBOSE   	FPS	XnOpenNI.cpp	883	[FPS] MyDepth (I: 30.08, O: 21.34) Image1 (I: 30.19, O: 21.34) ReadCalls: 21.67
 66009317	VERBOSE   	FPS	XnOpenNI.cpp	883	[FPS] MyDepth (I: 30.30, O: 21.50) Image1 (I: 30.11, O: 21.50) ReadCalls: 21.50
 67008802	VERBOSE   	FPS	XnOpenNI.cpp	883	[FPS] MyDepth (I: 30.31, O: 21.39) Image1 (I: 30.11, O: 21.39) ReadCalls: 21.39
 68000699	VERBOSE   	FPS	XnOpenNI.cpp	883	[FPS] MyDepth (I: 30.08, O: 21.34) Image1 (I: 30.19, O: 21.34) ReadCalls: 21.67
 69018588	VERBOSE   	FPS	XnOpenNI.cpp	883	[FPS] MyDepth (I: 30.31, O: 21.42) Image1 (I: 30.02, O: 21.42) ReadCalls: 21.42
 70015296	VERBOSE   	FPS	XnOpenNI.cpp	883	[FPS] MyDepth (I: 30.00, O: 21.34) Image1 (I: 30.05, O: 21.34) ReadCalls: 21.67
 71000147	VERBOSE   	FPS	XnOpenNI.cpp	883	[FPS] MyDepth (I: 30.19, O: 21.67) Image1 (I: 30.20, O: 21.67) ReadCalls: 21.67
 72018953	VERBOSE   	FPS	XnOpenNI.cpp	883	[FPS] MyDepth (I: 30.30, O: 21.42) Image1 (I: 30.01, O: 21.42) ReadCalls: 21.42
 73015182	VERBOSE   	FPS	XnOpenNI.cpp	883	[FPS] MyDepth (I: 30.04, O: 21.36) Image1 (I: 30.05, O: 21.36) ReadCalls: 21.67
 74000486	VERBOSE   	FPS	XnOpenNI.cpp	883	[FPS] MyDepth (I: 30.18, O: 21.34) Image1 (I: 30.20, O: 21.34) ReadCalls: 21.67
 75019279	VERBOSE   	FPS	XnOpenNI.cpp	883	[FPS] MyDepth (I: 30.30, O: 21.42) Image1 (I: 30.00, O: 21.42) ReadCalls: 21.42
 76016109	VERBOSE   	FPS	XnOpenNI.cpp	883	[FPS] MyDepth (I: 30.03, O: 21.35) Image1 (I: 30.04, O: 21.35) ReadCalls: 21.67
 77018704	VERBOSE   	FPS	XnOpenNI.cpp	883	[FPS] MyDepth (I: 30.41, O: 21.54) Image1 (I: 30.01, O: 21.54) ReadCalls: 21.54
 78019677	VERBOSE   	FPS	XnOpenNI.cpp	883	[FPS] MyDepth (I: 30.06, O: 21.41) Image1 (I: 30.31, O: 21.41) ReadCalls: 21.41
 79016049	VERBOSE   	FPS	XnOpenNI.cpp	883	[FPS] MyDepth (I: 30.03, O: 21.35) Image1 (I: 30.04, O: 21.35) ReadCalls: 21.67
 80000260	VERBOSE   	FPS	XnOpenNI.cpp	883	[FPS] MyDepth (I: 30.19, O: 21.34) Image1 (I: 30.20, O: 21.34) ReadCalls: 21.67
 81019567	VERBOSE   	FPS	XnOpenNI.cpp	883	[FPS] MyDepth (I: 30.09, O: 21.42) Image1 (I: 30.30, O: 21.42) ReadCalls: 21.42
 82014854	VERBOSE   	FPS	XnOpenNI.cpp	883	[FPS] MyDepth (I: 30.14, O: 21.35) Image1 (I: 30.05, O: 21.35) ReadCalls: 21.67
 83019534	VERBOSE   	FPS	XnOpenNI.cpp	883	[FPS] MyDepth (I: 30.09, O: 21.53) Image1 (I: 30.30, O: 21.53) ReadCalls: 21.52
 84019453	VERBOSE   	FPS	XnOpenNI.cpp	883	[FPS] MyDepth (I: 30.09, O: 21.42) Image1 (I: 30.30, O: 21.42) ReadCalls: 21.42
 85015722	VERBOSE   	FPS	XnOpenNI.cpp	883	[FPS] MyDepth (I: 30.13, O: 21.33) Image1 (I: 30.04, O: 21.33) ReadCalls: 21.67
 86000058	VERBOSE   	FPS	XnOpenNI.cpp	883	[FPS] MyDepth (I: 30.29, O: 21.33) Image1 (I: 30.20, O: 21.33) ReadCalls: 21.67
 87019448	VERBOSE   	FPS	XnOpenNI.cpp	883	[FPS] MyDepth (I: 30.09, O: 21.42) Image1 (I: 30.30, O: 21.42) ReadCalls: 21.42
 88015618	VERBOSE   	FPS	XnOpenNI.cpp	883	[FPS] MyDepth (I: 30.13, O: 21.34) Image1 (I: 30.04, O: 21.34) ReadCalls: 21.67
 89019507	VERBOSE   	FPS	XnOpenNI.cpp	883	[FPS] MyDepth (I: 30.10, O: 21.52) Image1 (I: 30.30, O: 21.53) ReadCalls: 21.52
 90008811	VERBOSE   	FPS	XnOpenNI.cpp	883	[FPS] MyDepth (I: 30.30, O: 21.50) Image1 (I: 30.11, O: 21.50) ReadCalls: 21.49
 91008046	VERBOSE   	FPS	XnOpenNI.cpp	883	[FPS] MyDepth (I: 30.30, O: 21.39) Image1 (I: 30.11, O: 21.39) ReadCalls: 21.39
 92008314	VERBOSE   	FPS	XnOpenNI.cpp	883	[FPS] MyDepth (I: 30.30, O: 21.28) Image1 (I: 30.11, O: 21.28) ReadCalls: 21.27
 93000117	VERBOSE   	FPS	XnOpenNI.cpp	883	[FPS] MyDepth (I: 30.09, O: 21.55) Image1 (I: 30.19, O: 21.55) ReadCalls: 21.55
 94008101	VERBOSE   	FPS	XnOpenNI.cpp	883	[FPS] MyDepth (I: 30.31, O: 21.39) Image1 (I: 30.11, O: 21.39) ReadCalls: 21.39
 95008631	VERBOSE   	FPS	XnOpenNI.cpp	883	[FPS] MyDepth (I: 30.30, O: 21.38) Image1 (I: 30.11, O: 21.38) ReadCalls: 21.38
 96008362	VERBOSE   	FPS	XnOpenNI.cpp	883	[FPS] MyDepth (I: 30.30, O: 21.61) Image1 (I: 30.11, O: 21.61) ReadCalls: 21.61
 97008304	VERBOSE   	FPS	XnOpenNI.cpp	883	[FPS] MyDepth (I: 30.30, O: 21.49) Image1 (I: 30.11, O: 21.49) ReadCalls: 21.49
 98008351	VERBOSE   	FPS	XnOpenNI.cpp	883	[FPS] MyDepth (I: 30.31, O: 21.38) Image1 (I: 30.11, O: 21.38) ReadCalls: 21.38
 99008073	VERBOSE   	FPS	XnOpenNI.cpp	883	[FPS] MyDepth (I: 30.41, O: 21.63) Image1 (I: 30.11, O: 21.63) ReadCalls: 21.61
100018212	VERBOSE   	FPS	XnOpenNI.cpp	883	[FPS] MyDepth (I: 30.30, O: 21.43) Image1 (I: 30.01, O: 21.43) ReadCalls: 21.42
101015341	VERBOSE   	FPS	XnOpenNI.cpp	883	[FPS] MyDepth (I: 30.01, O: 21.33) Image1 (I: 30.04, O: 21.34) ReadCalls: 21.66
102017910	VERBOSE   	FPS	XnOpenNI.cpp	883	[FPS] MyDepth (I: 30.30, O: 21.55) Image1 (I: 30.01, O: 21.55) ReadCalls: 21.54
103018165	VERBOSE   	FPS	XnOpenNI.cpp	883	[FPS] MyDepth (I: 30.30, O: 21.42) Image1 (I: 30.01, O: 21.42) ReadCalls: 21.42
104014054	VERBOSE   	FPS	XnOpenNI.cpp	883	[FPS] MyDepth (I: 30.04, O: 21.36) Image1 (I: 30.05, O: 21.36) ReadCalls: 21.68
105017615	VERBOSE   	FPS	XnOpenNI.cpp	883	[FPS] MyDepth (I: 30.30, O: 21.55) Image1 (I: 30.01, O: 21.55) ReadCalls: 21.53
106017754	VERBOSE   	FPS	XnOpenNI.cpp	883	[FPS] MyDepth (I: 30.31, O: 21.42) Image1 (I: 30.01, O: 21.42) ReadCalls: 21.42
107014955	VERBOSE   	FPS	XnOpenNI.cpp	883	[FPS] MyDepth (I: 30.03, O: 21.33) Image1 (I: 30.04, O: 21.36) ReadCalls: 21.67
