     1195	INFO      	Log	XnLog.cpp	323	OpenNI version is 1.3.4 (Build 3)-Win32 (Oct 10 2011 20:01:54)
     1251	INFO      	Log	XnLog.cpp	301	--- Filter Info --- Minimum Severity: VERBOSE
     1404	VERBOSE   	ModuleLoader	XnModuleLoader.cpp	453	Found exported production node. Script: OpenNI/OpenNI/1.3.4.3
     1962	VERBOSE   	ModuleLoader	XnModuleLoader.cpp	282	Checking C:\Archivos de programa\OpenNI\Bin\nimRecorder.dll...
     9813	VERBOSE   	ModuleLoader	XnModuleLoader.cpp	453	Found exported production node. Recorder: OpenNI/Recorder/1.3.4.3
     9875	VERBOSE   	ModuleLoader	XnModuleLoader.cpp	453	Found exported production node. Player: OpenNI/Player/1.3.4.3
     9982	VERBOSE   	ModuleLoader	XnModuleLoader.cpp	282	Checking C:\Archivos de programa\OpenNI\Bin\nimMockNodes.dll...
    17394	VERBOSE   	ModuleLoader	XnModuleLoader.cpp	453	Found exported production node. ProductionNode: OpenNI/Mock/1.3.4.3
    17442	VERBOSE   	ModuleLoader	XnModuleLoader.cpp	453	Found exported production node. Generator: OpenNI/Mock/1.3.4.3
    17477	VERBOSE   	ModuleLoader	XnModuleLoader.cpp	453	Found exported production node. MapGenerator: OpenNI/Mock/1.3.4.3
    17512	VERBOSE   	ModuleLoader	XnModuleLoader.cpp	453	Found exported production node. Device: OpenNI/Mock/1.3.4.3
    17540	VERBOSE   	ModuleLoader	XnModuleLoader.cpp	453	Found exported production node. Depth: OpenNI/Mock/1.3.4.3
    17591	VERBOSE   	ModuleLoader	XnModuleLoader.cpp	453	Found exported production node. IR: OpenNI/Mock/1.3.4.3
    17629	VERBOSE   	ModuleLoader	XnModuleLoader.cpp	453	Found exported production node. Image: OpenNI/Mock/1.3.4.3
    17666	VERBOSE   	ModuleLoader	XnModuleLoader.cpp	453	Found exported production node. Audio: OpenNI/Mock/1.3.4.3
    17700	VERBOSE   	ModuleLoader	XnModuleLoader.cpp	282	Checking C:\Archivos de programa\OpenNI\Bin\nimCodecs.dll...
    25252	VERBOSE   	ModuleLoader	XnModuleLoader.cpp	453	Found exported production node. Codec: OpenNI/16zP/1.3.4.3
    25291	VERBOSE   	ModuleLoader	XnModuleLoader.cpp	453	Found exported production node. Codec: OpenNI/16zT/1.3.4.3
    25324	VERBOSE   	ModuleLoader	XnModuleLoader.cpp	453	Found exported production node. Codec: OpenNI/Im8z/1.3.4.3
    25357	VERBOSE   	ModuleLoader	XnModuleLoader.cpp	453	Found exported production node. Codec: OpenNI/JPEG/1.3.4.3
    25397	VERBOSE   	ModuleLoader	XnModuleLoader.cpp	453	Found exported production node. Codec: OpenNI/NONE/1.3.4.3
    25429	VERBOSE   	ModuleLoader	XnModuleLoader.cpp	282	Checking C:\Archivos de programa\PrimeSense\SensorKinect\Bin\XnDeviceFile.dll...
    78775	VERBOSE   	ModuleLoader	XnModuleLoader.cpp	453	Found exported production node. Player: PrimeSense/File/5.0.3.4
    78825	VERBOSE   	ModuleLoader	XnModuleLoader.cpp	282	Checking C:\Archivos de programa\PrimeSense\SensorKinect\Bin\XnDeviceSensorV2KM.dll...
    86416	VERBOSE   	ModuleLoader	XnModuleLoader.cpp	453	Found exported production node. Device: PrimeSense/SensorKinect/5.0.3.4
    86462	VERBOSE   	ModuleLoader	XnModuleLoader.cpp	453	Found exported production node. Depth: PrimeSense/SensorKinect/5.0.3.4
    86494	VERBOSE   	ModuleLoader	XnModuleLoader.cpp	453	Found exported production node. Image: PrimeSense/SensorKinect/5.0.3.4
    86532	VERBOSE   	ModuleLoader	XnModuleLoader.cpp	453	Found exported production node. IR: PrimeSense/SensorKinect/5.0.3.4
    86571	VERBOSE   	ModuleLoader	XnModuleLoader.cpp	453	Found exported production node. Audio: PrimeSense/SensorKinect/5.0.3.4
    86605	VERBOSE   	ModuleLoader	XnModuleLoader.cpp	282	Checking C:\Archivos de programa\PrimeSense\NITE\Features_1_3_0\Bin\XnVFeatures_1_3_0.dll...
   101052	VERBOSE   	ModuleLoader	XnModuleLoader.cpp	453	Found exported production node. Scene: PrimeSense/XnVSceneAnalyzer/1.3.0.17
   101094	VERBOSE   	ModuleLoader	XnModuleLoader.cpp	453	Found exported production node. User: PrimeSense/XnVSkeletonGenerator/1.3.0.17
   101125	VERBOSE   	ModuleLoader	XnModuleLoader.cpp	282	Checking C:\Archivos de programa\PrimeSense\NITE\Features_1_3_1\Bin\XnVFeatures_1_3_1.dll...
   112883	VERBOSE   	ModuleLoader	XnModuleLoader.cpp	453	Found exported production node. Scene: PrimeSense/XnVSceneAnalyzer/1.3.1.6
   112972	VERBOSE   	ModuleLoader	XnModuleLoader.cpp	453	Found exported production node. User: PrimeSense/XnVSkeletonGenerator/1.3.1.6
   113011	VERBOSE   	ModuleLoader	XnModuleLoader.cpp	282	Checking C:\Archivos de programa\PrimeSense\NITE\Features_1_4_1\Bin\XnVFeatures_1_4_1.dll...
   127152	VERBOSE   	ModuleLoader	XnModuleLoader.cpp	453	Found exported production node. Scene: PrimeSense/XnVSceneAnalyzer/1.4.1.2
   127203	VERBOSE   	ModuleLoader	XnModuleLoader.cpp	453	Found exported production node. User: PrimeSense/XnVSkeletonGenerator/1.4.1.2
   127239	VERBOSE   	ModuleLoader	XnModuleLoader.cpp	282	Checking C:\Archivos de programa\PrimeSense\NITE\Hands_1_3_0\Bin\XnVHandGenerator_1_3_0.dll...
   138342	VERBOSE   	ModuleLoader	XnModuleLoader.cpp	453	Found exported production node. Gesture: PrimeSense/XnVGestureGenrator/1.3.0.17
   138396	VERBOSE   	ModuleLoader	XnModuleLoader.cpp	453	Found exported production node. Hands: PrimeSense/XnVHandTracker/1.3.0.17
   138430	VERBOSE   	ModuleLoader	XnModuleLoader.cpp	282	Checking C:\Archivos de programa\PrimeSense\NITE\Hands_1_3_1\Bin\XnVHandGenerator_1_3_1.dll...
   147184	VERBOSE   	ModuleLoader	XnModuleLoader.cpp	453	Found exported production node. Gesture: PrimeSense/XnVGestureGenrator/1.3.1.6
   147225	VERBOSE   	ModuleLoader	XnModuleLoader.cpp	453	Found exported production node. Hands: PrimeSense/XnVHandTracker/1.3.1.6
   147271	VERBOSE   	ModuleLoader	XnModuleLoader.cpp	282	Checking C:\Archivos de programa\PrimeSense\NITE\Hands_1_4_1\Bin\XnVHandGenerator_1_4_1.dll...
   158660	VERBOSE   	ModuleLoader	XnModuleLoader.cpp	453	Found exported production node. Gesture: PrimeSense/XnVGestureGenrator/1.4.1.2
   158706	VERBOSE   	ModuleLoader	XnModuleLoader.cpp	453	Found exported production node. Hands: PrimeSense/XnVHandTracker/1.4.1.2
   159139	INFO      	OpenNI	XnOpenNI.cpp	1547	Creating node 'Script1' of type Script: OpenNI/OpenNI/1.3.4.3...
   159606	VERBOSE   	OpenNI	XnXmlScriptNode.cpp	780	Requested to create a node of type Depth...
   182929	INFO      	OpenNI	XnOpenNI.cpp	1547	Creating node 'Device1' of type Device: PrimeSense/SensorKinect/5.0.3.4...
  1824877	INFO      	DDK	XnProperty.cpp	151	Property Device.ShareMode was changed to 1.
  1824911	INFO      	DDK	XnProperty.cpp	151	Property Device.InstancePointer was changed.
  1825143	INFO      	DDK	XnProperty.cpp	151	Property Device.ShareMode was changed to 0.
  1826154	INFO      	OpenNI	XnOpenNI.cpp	1547	Creating node 'MyDepth' of type Depth: PrimeSense/SensorKinect/5.0.3.4...
  1826228	VERBOSE   	SensorClient	XnSensorClient.cpp	268	Creating stream MyDepth (of type Depth)
  1839143	INFO      	DDK	XnProperty.cpp	151	Property Device.ReadData was changed to 1.
  1865798	INFO      	DDK	XnDeviceBase.cpp	1383	Creating stream 'MyDepth' of type 'Depth'...
  1865943	VERBOSE   	DDK	XnDeviceBase.cpp	1419	Initializing stream 'MyDepth'...
  1866432	INFO      	DDK	XnProperty.cpp	151	Property MyDepth.RequiredDataSize was changed to 614400.
  1867121	INFO      	DDK	XnProperty.cpp	151	Property MyDepth.OutputFormat was changed to 1.
  1867203	INFO      	DDK	XnDeviceBase.cpp	1458	Stream 'MyDepth' was initialized.
  1867219	INFO      	DDK	XnDeviceBase.cpp	1463	'MyDepth' stream was created.
  1868119	VERBOSE   	SensorClient	XnSensorClient.cpp	391	Getting property MyDepth.SupportedModes from server...
  1868417	VERBOSE   	SensorServer	XnSensorClient.cpp	433	Setting MyDepth.Mirror to 1...
  1868542	INFO      	DDK	XnProperty.cpp	151	Property MyDepth.Mirror was changed to 1.
  1868730	VERBOSE   	OpenNI	XnXmlScriptNode.cpp	780	Requested to create a node of type Image (StopOnError=FALSE)...
  1871014	VERBOSE   	SensorClient	XnSensorClient.cpp	391	Getting property Device.CmosBlankingUnits from server...
  1884163	INFO      	OpenNI	XnOpenNI.cpp	1547	Creating node 'Image1' of type Image: PrimeSense/SensorKinect/5.0.3.4...
  1884221	VERBOSE   	SensorClient	XnSensorClient.cpp	268	Creating stream Image1 (of type Image)
  1893851	INFO      	DDK	XnDeviceBase.cpp	1383	Creating stream 'Image1' of type 'Image'...
  1894143	VERBOSE   	DDK	XnDeviceBase.cpp	1419	Initializing stream 'Image1'...
  1894581	INFO      	DDK	XnProperty.cpp	151	Property Image1.RequiredDataSize was changed to 921600.
  1895446	INFO      	DDK	XnProperty.cpp	151	Property Image1.OutputFormat was changed to 5.
  1895496	INFO      	DDK	XnDeviceBase.cpp	1458	Stream 'Image1' was initialized.
  1895513	INFO      	DDK	XnDeviceBase.cpp	1463	'Image1' stream was created.
  1896027	VERBOSE   	SensorClient	XnSensorClient.cpp	391	Getting property Image1.SupportedModes from server...
  1896250	VERBOSE   	SensorServer	XnSensorClient.cpp	433	Setting Image1.Mirror to 1...
  1896392	INFO      	DDK	XnProperty.cpp	151	Property Image1.Mirror was changed to 1.
  1896515	VERBOSE   	DDK	XnDeviceBase.cpp	359	Opening stream MyDepth...
  1898137	INFO      	DDK	XnProperty.cpp	151	Property MyDepth.ActualReadData was changed to 1.
  2153186	VERBOSE   	FPS	XnOpenNI.cpp	883	[FPS] MyDepth (I:  0.00, O:  0.00) Image1 (I:  0.00, O:  0.00) ReadCalls:  0.00
  2389139	INFO      	DDK	XnProperty.cpp	151	Property MyDepth.State was changed to 1.
  2389184	INFO      	DDK	XnDeviceBase.cpp	370	Stream MyDepth is open.
  2389212	VERBOSE   	DDK	XnDeviceBase.cpp	359	Opening stream Image1...
  2390457	INFO      	DDK	XnProperty.cpp	151	Property Image1.ActualReadData was changed to 1.
  3023084	VERBOSE   	FPS	XnOpenNI.cpp	883	[FPS] MyDepth (I: 28.74, O:  0.00) Image1 (I:  0.00, O:  0.00) ReadCalls:  0.00
  4023004	VERBOSE   	FPS	XnOpenNI.cpp	883	[FPS] MyDepth (I: 29.41, O:  0.00) Image1 (I:  0.00, O:  0.00) ReadCalls:  0.00
  5022967	VERBOSE   	FPS	XnOpenNI.cpp	883	[FPS] MyDepth (I: 29.62, O:  0.00) Image1 (I:  0.00, O:  0.00) ReadCalls:  0.00
  5596215	INFO      	DDK	XnProperty.cpp	151	Property Image1.State was changed to 1.
  5596267	INFO      	DDK	XnDeviceBase.cpp	370	Stream Image1 is open.
  5596452	VERBOSE   	SensorServer	XnSensorClient.cpp	433	Setting MyDepth.Registration to 1...
  5750418	INFO      	DDK	XnProperty.cpp	151	Property MyDepth.Registration was changed to 1.
  6025227	VERBOSE   	FPS	XnOpenNI.cpp	883	[FPS] MyDepth (I: 29.61, O: 18.69) Image1 (I: 30.11, O: 18.70) ReadCalls: 23.33
  7009575	VERBOSE   	FPS	XnOpenNI.cpp	883	[FPS] MyDepth (I: 29.80, O: 20.86) Image1 (I: 30.35, O: 20.86) ReadCalls: 21.69
  8026379	VERBOSE   	FPS	XnOpenNI.cpp	883	[FPS] MyDepth (I: 29.93, O: 21.22) Image1 (I: 30.01, O: 21.22) ReadCalls: 21.21
  9025171	VERBOSE   	FPS	XnOpenNI.cpp	883	[FPS] MyDepth (I: 30.01, O: 21.34) Image1 (I: 30.01, O: 21.34) ReadCalls: 21.67
 10009500	VERBOSE   	FPS	XnOpenNI.cpp	883	[FPS] MyDepth (I: 30.18, O: 21.34) Image1 (I: 30.18, O: 21.34) ReadCalls: 21.67
 11026519	VERBOSE   	FPS	XnOpenNI.cpp	883	[FPS] MyDepth (I: 30.06, O: 21.44) Image1 (I: 30.31, O: 21.44) ReadCalls: 21.44
 12025081	VERBOSE   	FPS	XnOpenNI.cpp	883	[FPS] MyDepth (I: 30.01, O: 21.34) Image1 (I: 30.01, O: 21.34) ReadCalls: 21.67
 13006345	VERBOSE   	FPS	XnOpenNI.cpp	883	[FPS] MyDepth (I: 30.30, O: 21.36) Image1 (I: 30.20, O: 21.36) ReadCalls: 21.36
 14006005	VERBOSE   	FPS	XnOpenNI.cpp	883	[FPS] MyDepth (I: 30.31, O: 21.25) Image1 (I: 30.21, O: 21.25) ReadCalls: 21.25
 15006725	VERBOSE   	FPS	XnOpenNI.cpp	883	[FPS] MyDepth (I: 30.31, O: 21.47) Image1 (I: 30.20, O: 21.47) ReadCalls: 21.46
 16006888	VERBOSE   	FPS	XnOpenNI.cpp	883	[FPS] MyDepth (I: 30.30, O: 21.46) Image1 (I: 30.20, O: 21.47) ReadCalls: 21.46
 17006347	VERBOSE   	FPS	XnOpenNI.cpp	883	[FPS] MyDepth (I: 30.31, O: 21.36) Image1 (I: 30.21, O: 21.36) ReadCalls: 21.36
 18006223	VERBOSE   	FPS	XnOpenNI.cpp	883	[FPS] MyDepth (I: 30.30, O: 21.25) Image1 (I: 30.20, O: 21.25) ReadCalls: 21.25
 19007117	VERBOSE   	FPS	XnOpenNI.cpp	883	[FPS] MyDepth (I: 30.30, O: 21.46) Image1 (I: 30.19, O: 21.46) ReadCalls: 21.46
 20007273	VERBOSE   	FPS	XnOpenNI.cpp	883	[FPS] MyDepth (I: 30.30, O: 21.47) Image1 (I: 30.19, O: 21.47) ReadCalls: 21.47
 21007299	VERBOSE   	FPS	XnOpenNI.cpp	883	[FPS] MyDepth (I: 30.30, O: 21.35) Image1 (I: 30.19, O: 21.35) ReadCalls: 21.35
 22016097	VERBOSE   	FPS	XnOpenNI.cpp	883	[FPS] MyDepth (I: 30.30, O: 21.18) Image1 (I: 30.11, O: 21.18) ReadCalls: 21.18
 23010180	VERBOSE   	FPS	XnOpenNI.cpp	883	[FPS] MyDepth (I: 30.02, O: 20.88) Image1 (I: 30.16, O: 20.88) ReadCalls: 21.21
 24009180	VERBOSE   	FPS	XnOpenNI.cpp	883	[FPS] MyDepth (I: 30.04, O: 20.56) Image1 (I: 30.17, O: 20.56) ReadCalls: 20.89
 25016773	VERBOSE   	FPS	XnOpenNI.cpp	883	[FPS] MyDepth (I: 30.30, O: 20.72) Image1 (I: 30.10, O: 20.72) ReadCalls: 20.72
 26016205	VERBOSE   	FPS	XnOpenNI.cpp	883	[FPS] MyDepth (I: 30.31, O: 20.95) Image1 (I: 30.10, O: 20.95) ReadCalls: 20.94
 27010088	VERBOSE   	FPS	XnOpenNI.cpp	883	[FPS] MyDepth (I: 30.06, O: 21.34) Image1 (I: 30.16, O: 21.34) ReadCalls: 21.67
 28009087	VERBOSE   	FPS	XnOpenNI.cpp	883	[FPS] MyDepth (I: 30.08, O: 21.22) Image1 (I: 30.18, O: 21.22) ReadCalls: 21.56
 29009060	VERBOSE   	FPS	XnOpenNI.cpp	883	[FPS] MyDepth (I: 30.07, O: 21.12) Image1 (I: 30.17, O: 21.12) ReadCalls: 21.45
 30016267	VERBOSE   	FPS	XnOpenNI.cpp	883	[FPS] MyDepth (I: 30.31, O: 21.28) Image1 (I: 30.10, O: 21.29) ReadCalls: 21.28
 31016744	VERBOSE   	FPS	XnOpenNI.cpp	883	[FPS] MyDepth (I: 30.40, O: 20.94) Image1 (I: 30.10, O: 20.94) ReadCalls: 20.94
 32026464	VERBOSE   	FPS	XnOpenNI.cpp	883	[FPS] MyDepth (I: 30.30, O: 20.54) Image1 (I: 29.96, O: 20.54) ReadCalls: 20.53
 33024609	VERBOSE   	FPS	XnOpenNI.cpp	883	[FPS] MyDepth (I: 30.00, O: 20.11) Image1 (I: 30.02, O: 20.11) ReadCalls: 20.44
 34024579	VERBOSE   	FPS	XnOpenNI.cpp	883	[FPS] MyDepth (I: 29.99, O: 20.45) Image1 (I: 30.02, O: 20.45) ReadCalls: 20.78
 35025542	VERBOSE   	FPS	XnOpenNI.cpp	883	[FPS] MyDepth (I: 30.01, O: 20.77) Image1 (I: 30.01, O: 20.77) ReadCalls: 21.10
 36026028	VERBOSE   	FPS	XnOpenNI.cpp	883	[FPS] MyDepth (I: 30.32, O: 20.99) Image1 (I: 30.00, O: 20.99) ReadCalls: 20.98
 37025930	VERBOSE   	FPS	XnOpenNI.cpp	883	[FPS] MyDepth (I: 30.32, O: 21.00) Image1 (I: 30.00, O: 21.00) ReadCalls: 20.98
 38026189	VERBOSE   	FPS	XnOpenNI.cpp	883	[FPS] MyDepth (I: 30.31, O: 20.65) Image1 (I: 29.98, O: 20.66) ReadCalls: 20.65
 39025433	VERBOSE   	FPS	XnOpenNI.cpp	883	[FPS] MyDepth (I: 30.01, O: 20.55) Image1 (I: 30.01, O: 20.55) ReadCalls: 20.88
 40024454	VERBOSE   	FPS	XnOpenNI.cpp	883	[FPS] MyDepth (I: 30.01, O: 20.56) Image1 (I: 30.02, O: 20.56) ReadCalls: 20.88
 41008793	VERBOSE   	FPS	XnOpenNI.cpp	883	[FPS] MyDepth (I: 30.17, O: 20.89) Image1 (I: 30.18, O: 20.89) ReadCalls: 21.22
 42026221	VERBOSE   	FPS	XnOpenNI.cpp	883	[FPS] MyDepth (I: 30.06, O: 21.33) Image1 (I: 30.30, O: 21.33) ReadCalls: 21.33
 43026257	VERBOSE   	FPS	XnOpenNI.cpp	883	[FPS] MyDepth (I: 30.07, O: 21.32) Image1 (I: 30.31, O: 21.33) ReadCalls: 21.32
 44006026	VERBOSE   	FPS	XnOpenNI.cpp	883	[FPS] MyDepth (I: 30.30, O: 21.36) Image1 (I: 30.20, O: 21.36) ReadCalls: 21.35
 45006089	VERBOSE   	FPS	XnOpenNI.cpp	883	[FPS] MyDepth (I: 30.30, O: 21.02) Image1 (I: 30.20, O: 21.02) ReadCalls: 21.02
 46006388	VERBOSE   	FPS	XnOpenNI.cpp	883	[FPS] MyDepth (I: 30.30, O: 21.02) Image1 (I: 30.20, O: 21.02) ReadCalls: 21.02
 47006428	VERBOSE   	FPS	XnOpenNI.cpp	883	[FPS] MyDepth (I: 30.31, O: 20.68) Image1 (I: 30.20, O: 20.68) ReadCalls: 20.67
 48006803	VERBOSE   	FPS	XnOpenNI.cpp	883	[FPS] MyDepth (I: 30.30, O: 21.13) Image1 (I: 30.19, O: 21.13) ReadCalls: 21.12
 49008404	VERBOSE   	FPS	XnOpenNI.cpp	883	[FPS] MyDepth (I: 30.28, O: 21.11) Image1 (I: 30.18, O: 21.11) ReadCalls: 21.11
 50007758	VERBOSE   	FPS	XnOpenNI.cpp	883	[FPS] MyDepth (I: 30.29, O: 21.01) Image1 (I: 30.18, O: 21.01) ReadCalls: 21.01
 51007007	VERBOSE   	FPS	XnOpenNI.cpp	883	[FPS] MyDepth (I: 30.30, O: 21.23) Image1 (I: 30.19, O: 21.23) ReadCalls: 21.23
 52007639	VERBOSE   	FPS	XnOpenNI.cpp	883	[FPS] MyDepth (I: 30.28, O: 21.23) Image1 (I: 30.19, O: 21.23) ReadCalls: 21.23
 53007027	VERBOSE   	FPS	XnOpenNI.cpp	883	[FPS] MyDepth (I: 30.39, O: 21.01) Image1 (I: 30.19, O: 21.01) ReadCalls: 21.01
 54016184	VERBOSE   	FPS	XnOpenNI.cpp	883	[FPS] MyDepth (I: 30.30, O: 20.50) Image1 (I: 30.10, O: 20.50) ReadCalls: 20.50
 55016818	VERBOSE   	FPS	XnOpenNI.cpp	883	[FPS] MyDepth (I: 30.29, O: 20.50) Image1 (I: 30.09, O: 20.50) ReadCalls: 20.50
 56015848	VERBOSE   	FPS	XnOpenNI.cpp	883	[FPS] MyDepth (I: 30.30, O: 20.06) Image1 (I: 30.10, O: 20.06) ReadCalls: 20.06
 57016681	VERBOSE   	FPS	XnOpenNI.cpp	883	[FPS] MyDepth (I: 30.30, O: 20.39) Image1 (I: 30.10, O: 20.39) ReadCalls: 20.39
 58016271	VERBOSE   	FPS	XnOpenNI.cpp	883	[FPS] MyDepth (I: 30.29, O: 20.27) Image1 (I: 30.10, O: 20.27) ReadCalls: 20.26
 59009357	VERBOSE   	FPS	XnOpenNI.cpp	883	[FPS] MyDepth (I: 30.06, O: 20.44) Image1 (I: 30.17, O: 20.44) ReadCalls: 20.78
 60016826	VERBOSE   	FPS	XnOpenNI.cpp	883	[FPS] MyDepth (I: 30.29, O: 20.50) Image1 (I: 30.10, O: 20.50) ReadCalls: 20.50
 61016600	VERBOSE   	FPS	XnOpenNI.cpp	883	[FPS] MyDepth (I: 30.29, O: 20.50) Image1 (I: 30.09, O: 20.50) ReadCalls: 20.50
 62015898	VERBOSE   	FPS	XnOpenNI.cpp	883	[FPS] MyDepth (I: 30.31, O: 20.61) Image1 (I: 30.10, O: 20.61) ReadCalls: 20.60
 63024884	VERBOSE   	FPS	XnOpenNI.cpp	883	[FPS] MyDepth (I: 29.99, O: 20.77) Image1 (I: 30.01, O: 20.77) ReadCalls: 21.10
 64024898	VERBOSE   	FPS	XnOpenNI.cpp	883	[FPS] MyDepth (I: 29.99, O: 21.00) Image1 (I: 30.01, O: 21.00) ReadCalls: 21.33
 65008241	VERBOSE   	FPS	XnOpenNI.cpp	883	[FPS] MyDepth (I: 30.08, O: 20.78) Image1 (I: 30.18, O: 20.78) ReadCalls: 21.12
 66025887	VERBOSE   	FPS	XnOpenNI.cpp	883	[FPS] MyDepth (I: 30.32, O: 20.65) Image1 (I: 30.00, O: 20.65) ReadCalls: 20.65
 67025770	VERBOSE   	FPS	XnOpenNI.cpp	883	[FPS] MyDepth (I: 30.31, O: 20.64) Image1 (I: 30.00, O: 20.67) ReadCalls: 20.64
 68008171	VERBOSE   	FPS	XnOpenNI.cpp	883	[FPS] MyDepth (I: 30.18, O: 20.67) Image1 (I: 30.18, O: 20.67) ReadCalls: 21.00
 69025809	VERBOSE   	FPS	XnOpenNI.cpp	883	[FPS] MyDepth (I: 30.32, O: 21.22) Image1 (I: 30.00, O: 21.23) ReadCalls: 21.21
 70025930	VERBOSE   	FPS	XnOpenNI.cpp	883	[FPS] MyDepth (I: 30.30, O: 21.21) Image1 (I: 30.07, O: 21.22) ReadCalls: 21.21
 71025679	VERBOSE   	FPS	XnOpenNI.cpp	883	[FPS] MyDepth (I: 30.31, O: 21.21) Image1 (I: 30.00, O: 21.22) ReadCalls: 21.21
 72024684	VERBOSE   	FPS	XnOpenNI.cpp	883	[FPS] MyDepth (I: 30.01, O: 20.89) Image1 (I: 30.01, O: 20.89) ReadCalls: 21.22
 73024660	VERBOSE   	FPS	XnOpenNI.cpp	883	[FPS] MyDepth (I: 30.01, O: 20.89) Image1 (I: 30.01, O: 20.89) ReadCalls: 21.22
 74024634	VERBOSE   	FPS	XnOpenNI.cpp	883	[FPS] MyDepth (I: 30.01, O: 20.89) Image1 (I: 30.01, O: 20.89) ReadCalls: 21.22
 75006312	VERBOSE   	FPS	XnOpenNI.cpp	883	[FPS] MyDepth (I: 30.30, O: 21.13) Image1 (I: 30.19, O: 21.13) ReadCalls: 21.13
 76006274	VERBOSE   	FPS	XnOpenNI.cpp	883	[FPS] MyDepth (I: 30.30, O: 21.13) Image1 (I: 30.20, O: 21.13) ReadCalls: 21.13
 77006373	VERBOSE   	FPS	XnOpenNI.cpp	883	[FPS] MyDepth (I: 30.31, O: 21.13) Image1 (I: 30.19, O: 21.13) ReadCalls: 21.13
 78007333	VERBOSE   	FPS	XnOpenNI.cpp	883	[FPS] MyDepth (I: 30.29, O: 21.12) Image1 (I: 30.19, O: 21.12) ReadCalls: 21.11
 79007034	VERBOSE   	FPS	XnOpenNI.cpp	883	[FPS] MyDepth (I: 30.29, O: 21.12) Image1 (I: 30.19, O: 21.13) ReadCalls: 21.12
 80006592	VERBOSE   	FPS	XnOpenNI.cpp	883	[FPS] MyDepth (I: 30.30, O: 21.13) Image1 (I: 30.19, O: 21.13) ReadCalls: 21.13
 81008111	VERBOSE   	FPS	XnOpenNI.cpp	883	[FPS] MyDepth (I: 30.28, O: 21.33) Image1 (I: 30.18, O: 21.34) ReadCalls: 21.33
 82012456	VERBOSE   	FPS	XnOpenNI.cpp	883	[FPS] MyDepth (I: 30.23, O: 21.19) Image1 (I: 30.23, O: 21.19) ReadCalls: 21.19
 83006815	VERBOSE   	FPS	XnOpenNI.cpp	883	[FPS] MyDepth (I: 30.29, O: 20.89) Image1 (I: 30.29, O: 20.89) ReadCalls: 20.89
 84008098	VERBOSE   	FPS	XnOpenNI.cpp	883	[FPS] MyDepth (I: 30.28, O: 20.89) Image1 (I: 30.28, O: 20.89) ReadCalls: 20.89
 85016471	VERBOSE   	FPS	XnOpenNI.cpp	883	[FPS] MyDepth (I: 30.30, O: 20.83) Image1 (I: 30.19, O: 20.83) ReadCalls: 20.83
 86008740	VERBOSE   	FPS	XnOpenNI.cpp	883	[FPS] MyDepth (I: 30.03, O: 21.22) Image1 (I: 30.27, O: 21.22) ReadCalls: 21.55
 87016031	VERBOSE   	FPS	XnOpenNI.cpp	883	[FPS] MyDepth (I: 30.30, O: 21.51) Image1 (I: 30.20, O: 21.51) ReadCalls: 21.51
 88015929	VERBOSE   	FPS	XnOpenNI.cpp	883	[FPS] MyDepth (I: 30.30, O: 21.40) Image1 (I: 30.20, O: 21.40) ReadCalls: 21.39
 89016203	VERBOSE   	FPS	XnOpenNI.cpp	883	[FPS] MyDepth (I: 30.30, O: 21.28) Image1 (I: 30.20, O: 21.28) ReadCalls: 21.28
 90007672	VERBOSE   	FPS	XnOpenNI.cpp	883	[FPS] MyDepth (I: 30.08, O: 21.23) Image1 (I: 30.28, O: 21.23) ReadCalls: 21.57
 91015807	VERBOSE   	FPS	XnOpenNI.cpp	883	[FPS] MyDepth (I: 30.30, O: 21.17) Image1 (I: 30.20, O: 21.17) ReadCalls: 21.17
 92015468	VERBOSE   	FPS	XnOpenNI.cpp	883	[FPS] MyDepth (I: 30.30, O: 21.06) Image1 (I: 30.20, O: 21.06) ReadCalls: 21.06
 93015910	VERBOSE   	FPS	XnOpenNI.cpp	883	[FPS] MyDepth (I: 30.30, O: 20.95) Image1 (I: 30.20, O: 20.95) ReadCalls: 20.94
 94025856	VERBOSE   	FPS	XnOpenNI.cpp	883	[FPS] MyDepth (I: 30.32, O: 20.98) Image1 (I: 30.10, O: 20.99) ReadCalls: 20.98
 95007571	VERBOSE   	FPS	XnOpenNI.cpp	883	[FPS] MyDepth (I: 30.08, O: 20.89) Image1 (I: 30.28, O: 20.89) ReadCalls: 21.22
 96007547	VERBOSE   	FPS	XnOpenNI.cpp	883	[FPS] MyDepth (I: 30.08, O: 20.89) Image1 (I: 30.28, O: 20.89) ReadCalls: 21.23
 97008487	VERBOSE   	FPS	XnOpenNI.cpp	883	[FPS] MyDepth (I: 30.17, O: 20.89) Image1 (I: 30.27, O: 20.89) ReadCalls: 21.22
 98008497	VERBOSE   	FPS	XnOpenNI.cpp	883	[FPS] MyDepth (I: 30.17, O: 21.00) Image1 (I: 30.27, O: 21.00) ReadCalls: 21.33
 99024060	VERBOSE   	FPS	XnOpenNI.cpp	883	[FPS] MyDepth (I: 30.01, O: 20.89) Image1 (I: 30.12, O: 20.89) ReadCalls: 21.22
100023076	VERBOSE   	FPS	XnOpenNI.cpp	883	[FPS] MyDepth (I: 30.03, O: 20.89) Image1 (I: 30.12, O: 20.90) ReadCalls: 21.23
101023041	VERBOSE   	FPS	XnOpenNI.cpp	883	[FPS] MyDepth (I: 30.03, O: 20.89) Image1 (I: 30.12, O: 20.89) ReadCalls: 21.22
102025508	VERBOSE   	FPS	XnOpenNI.cpp	883	[FPS] MyDepth (I: 30.31, O: 20.98) Image1 (I: 30.10, O: 20.98) ReadCalls: 20.98
103023975	VERBOSE   	FPS	XnOpenNI.cpp	883	[FPS] MyDepth (I: 30.01, O: 20.67) Image1 (I: 30.12, O: 20.68) ReadCalls: 20.99
104005690	VERBOSE   	FPS	XnOpenNI.cpp	883	[FPS] MyDepth (I: 30.19, O: 20.46) Image1 (I: 30.30, O: 20.47) ReadCalls: 20.45
105005652	VERBOSE   	FPS	XnOpenNI.cpp	883	[FPS] MyDepth (I: 30.20, O: 20.33) Image1 (I: 30.30, O: 20.33) ReadCalls: 20.33
106006666	VERBOSE   	FPS	XnOpenNI.cpp	883	[FPS] MyDepth (I: 30.18, O: 20.46) Image1 (I: 30.29, O: 20.46) ReadCalls: 20.45
107006206	VERBOSE   	FPS	XnOpenNI.cpp	883	[FPS] MyDepth (I: 30.30, O: 21.01) Image1 (I: 29.96, O: 21.01) ReadCalls: 21.01
108006373	VERBOSE   	FPS	XnOpenNI.cpp	883	[FPS] MyDepth (I: 30.30, O: 20.78) Image1 (I: 29.97, O: 20.79) ReadCalls: 20.78
109006462	VERBOSE   	FPS	XnOpenNI.cpp	883	[FPS] MyDepth (I: 30.29, O: 21.00) Image1 (I: 30.00, O: 21.01) ReadCalls: 21.00
110005591	VERBOSE   	FPS	XnOpenNI.cpp	883	[FPS] MyDepth (I: 30.30, O: 20.90) Image1 (I: 30.01, O: 20.91) ReadCalls: 20.90
111006677	VERBOSE   	FPS	XnOpenNI.cpp	883	[FPS] MyDepth (I: 30.29, O: 21.23) Image1 (I: 29.95, O: 21.23) ReadCalls: 21.23
112005294	VERBOSE   	FPS	XnOpenNI.cpp	883	[FPS] MyDepth (I: 30.30, O: 20.91) Image1 (I: 30.01, O: 20.91) ReadCalls: 20.90
