     1768	INFO      	Log	XnLog.cpp	323	OpenNI version is 1.3.4 (Build 3)-Win32 (Oct 10 2011 20:01:54)
     1850	INFO      	Log	XnLog.cpp	301	--- Filter Info --- Minimum Severity: VERBOSE
     1991	VERBOSE   	ModuleLoader	XnModuleLoader.cpp	453	Found exported production node. Script: OpenNI/OpenNI/1.3.4.3
     2652	VERBOSE   	ModuleLoader	XnModuleLoader.cpp	282	Checking C:\Archivos de programa\OpenNI\Bin\nimRecorder.dll...
     9752	VERBOSE   	ModuleLoader	XnModuleLoader.cpp	453	Found exported production node. Recorder: OpenNI/Recorder/1.3.4.3
     9823	VERBOSE   	ModuleLoader	XnModuleLoader.cpp	453	Found exported production node. Player: OpenNI/Player/1.3.4.3
     9931	VERBOSE   	ModuleLoader	XnModuleLoader.cpp	282	Checking C:\Archivos de programa\OpenNI\Bin\nimMockNodes.dll...
    16737	VERBOSE   	ModuleLoader	XnModuleLoader.cpp	453	Found exported production node. ProductionNode: OpenNI/Mock/1.3.4.3
    16788	VERBOSE   	ModuleLoader	XnModuleLoader.cpp	453	Found exported production node. Generator: OpenNI/Mock/1.3.4.3
    16830	VERBOSE   	ModuleLoader	XnModuleLoader.cpp	453	Found exported production node. MapGenerator: OpenNI/Mock/1.3.4.3
    16871	VERBOSE   	ModuleLoader	XnModuleLoader.cpp	453	Found exported production node. Device: OpenNI/Mock/1.3.4.3
    16912	VERBOSE   	ModuleLoader	XnModuleLoader.cpp	453	Found exported production node. Depth: OpenNI/Mock/1.3.4.3
    16962	VERBOSE   	ModuleLoader	XnModuleLoader.cpp	453	Found exported production node. IR: OpenNI/Mock/1.3.4.3
    16991	VERBOSE   	ModuleLoader	XnModuleLoader.cpp	453	Found exported production node. Image: OpenNI/Mock/1.3.4.3
    17026	VERBOSE   	ModuleLoader	XnModuleLoader.cpp	453	Found exported production node. Audio: OpenNI/Mock/1.3.4.3
    17060	VERBOSE   	ModuleLoader	XnModuleLoader.cpp	282	Checking C:\Archivos de programa\OpenNI\Bin\nimCodecs.dll...
    24043	VERBOSE   	ModuleLoader	XnModuleLoader.cpp	453	Found exported production node. Codec: OpenNI/16zP/1.3.4.3
    24097	VERBOSE   	ModuleLoader	XnModuleLoader.cpp	453	Found exported production node. Codec: OpenNI/16zT/1.3.4.3
    24134	VERBOSE   	ModuleLoader	XnModuleLoader.cpp	453	Found exported production node. Codec: OpenNI/Im8z/1.3.4.3
    24171	VERBOSE   	ModuleLoader	XnModuleLoader.cpp	453	Found exported production node. Codec: OpenNI/JPEG/1.3.4.3
    24201	VERBOSE   	ModuleLoader	XnModuleLoader.cpp	453	Found exported production node. Codec: OpenNI/NONE/1.3.4.3
    24229	VERBOSE   	ModuleLoader	XnModuleLoader.cpp	282	Checking C:\Archivos de programa\PrimeSense\SensorKinect\Bin\XnDeviceFile.dll...
    51674	VERBOSE   	ModuleLoader	XnModuleLoader.cpp	453	Found exported production node. Player: PrimeSense/File/5.0.3.4
    51733	VERBOSE   	ModuleLoader	XnModuleLoader.cpp	282	Checking C:\Archivos de programa\PrimeSense\SensorKinect\Bin\XnDeviceSensorV2KM.dll...
    58651	VERBOSE   	ModuleLoader	XnModuleLoader.cpp	453	Found exported production node. Device: PrimeSense/SensorKinect/5.0.3.4
    58701	VERBOSE   	ModuleLoader	XnModuleLoader.cpp	453	Found exported production node. Depth: PrimeSense/SensorKinect/5.0.3.4
    58749	VERBOSE   	ModuleLoader	XnModuleLoader.cpp	453	Found exported production node. Image: PrimeSense/SensorKinect/5.0.3.4
    58791	VERBOSE   	ModuleLoader	XnModuleLoader.cpp	453	Found exported production node. IR: PrimeSense/SensorKinect/5.0.3.4
    58825	VERBOSE   	ModuleLoader	XnModuleLoader.cpp	453	Found exported production node. Audio: PrimeSense/SensorKinect/5.0.3.4
    58853	VERBOSE   	ModuleLoader	XnModuleLoader.cpp	282	Checking C:\Archivos de programa\PrimeSense\NITE\Features_1_3_0\Bin\XnVFeatures_1_3_0.dll...
    74904	VERBOSE   	ModuleLoader	XnModuleLoader.cpp	453	Found exported production node. Scene: PrimeSense/XnVSceneAnalyzer/1.3.0.17
    74960	VERBOSE   	ModuleLoader	XnModuleLoader.cpp	453	Found exported production node. User: PrimeSense/XnVSkeletonGenerator/1.3.0.17
    74996	VERBOSE   	ModuleLoader	XnModuleLoader.cpp	282	Checking C:\Archivos de programa\PrimeSense\NITE\Features_1_3_1\Bin\XnVFeatures_1_3_1.dll...
    87580	VERBOSE   	ModuleLoader	XnModuleLoader.cpp	453	Found exported production node. Scene: PrimeSense/XnVSceneAnalyzer/1.3.1.6
    87731	VERBOSE   	ModuleLoader	XnModuleLoader.cpp	453	Found exported production node. User: PrimeSense/XnVSkeletonGenerator/1.3.1.6
    87780	VERBOSE   	ModuleLoader	XnModuleLoader.cpp	282	Checking C:\Archivos de programa\PrimeSense\NITE\Features_1_4_1\Bin\XnVFeatures_1_4_1.dll...
   102821	VERBOSE   	ModuleLoader	XnModuleLoader.cpp	453	Found exported production node. Scene: PrimeSense/XnVSceneAnalyzer/1.4.1.2
   102903	VERBOSE   	ModuleLoader	XnModuleLoader.cpp	453	Found exported production node. User: PrimeSense/XnVSkeletonGenerator/1.4.1.2
   102948	VERBOSE   	ModuleLoader	XnModuleLoader.cpp	282	Checking C:\Archivos de programa\PrimeSense\NITE\Hands_1_3_0\Bin\XnVHandGenerator_1_3_0.dll...
   113662	VERBOSE   	ModuleLoader	XnModuleLoader.cpp	453	Found exported production node. Gesture: PrimeSense/XnVGestureGenrator/1.3.0.17
   113779	VERBOSE   	ModuleLoader	XnModuleLoader.cpp	453	Found exported production node. Hands: PrimeSense/XnVHandTracker/1.3.0.17
   113827	VERBOSE   	ModuleLoader	XnModuleLoader.cpp	282	Checking C:\Archivos de programa\PrimeSense\NITE\Hands_1_3_1\Bin\XnVHandGenerator_1_3_1.dll...
   122271	VERBOSE   	ModuleLoader	XnModuleLoader.cpp	453	Found exported production node. Gesture: PrimeSense/XnVGestureGenrator/1.3.1.6
   122337	VERBOSE   	ModuleLoader	XnModuleLoader.cpp	453	Found exported production node. Hands: PrimeSense/XnVHandTracker/1.3.1.6
   122376	VERBOSE   	ModuleLoader	XnModuleLoader.cpp	282	Checking C:\Archivos de programa\PrimeSense\NITE\Hands_1_4_1\Bin\XnVHandGenerator_1_4_1.dll...
   133273	VERBOSE   	ModuleLoader	XnModuleLoader.cpp	453	Found exported production node. Gesture: PrimeSense/XnVGestureGenrator/1.4.1.2
   133327	VERBOSE   	ModuleLoader	XnModuleLoader.cpp	453	Found exported production node. Hands: PrimeSense/XnVHandTracker/1.4.1.2
   133835	INFO      	OpenNI	XnOpenNI.cpp	1547	Creating node 'Script1' of type Script: OpenNI/OpenNI/1.3.4.3...
   134328	VERBOSE   	OpenNI	XnXmlScriptNode.cpp	780	Requested to create a node of type Depth...
   153007	INFO      	OpenNI	XnOpenNI.cpp	1547	Creating node 'Device1' of type Device: PrimeSense/SensorKinect/5.0.3.4...
  1649848	INFO      	DDK	XnProperty.cpp	151	Property Device.ShareMode was changed to 1.
  1649884	INFO      	DDK	XnProperty.cpp	151	Property Device.InstancePointer was changed.
  1650148	INFO      	DDK	XnProperty.cpp	151	Property Device.ShareMode was changed to 0.
  1651128	INFO      	OpenNI	XnOpenNI.cpp	1547	Creating node 'MyDepth' of type Depth: PrimeSense/SensorKinect/5.0.3.4...
  1651193	VERBOSE   	SensorClient	XnSensorClient.cpp	268	Creating stream MyDepth (of type Depth)
  1664876	INFO      	DDK	XnProperty.cpp	151	Property Device.ReadData was changed to 1.
  1692087	INFO      	DDK	XnDeviceBase.cpp	1383	Creating stream 'MyDepth' of type 'Depth'...
  1692217	VERBOSE   	DDK	XnDeviceBase.cpp	1419	Initializing stream 'MyDepth'...
  1692713	INFO      	DDK	XnProperty.cpp	151	Property MyDepth.RequiredDataSize was changed to 614400.
  1693256	INFO      	DDK	XnProperty.cpp	151	Property MyDepth.OutputFormat was changed to 1.
  1693345	INFO      	DDK	XnDeviceBase.cpp	1458	Stream 'MyDepth' was initialized.
  1693363	INFO      	DDK	XnDeviceBase.cpp	1463	'MyDepth' stream was created.
  1694349	VERBOSE   	SensorClient	XnSensorClient.cpp	391	Getting property MyDepth.SupportedModes from server...
  1694628	VERBOSE   	SensorServer	XnSensorClient.cpp	433	Setting MyDepth.Mirror to 1...
  1694755	INFO      	DDK	XnProperty.cpp	151	Property MyDepth.Mirror was changed to 1.
  1694945	VERBOSE   	OpenNI	XnXmlScriptNode.cpp	780	Requested to create a node of type Image (StopOnError=FALSE)...
  1698539	VERBOSE   	SensorClient	XnSensorClient.cpp	391	Getting property Device.CmosBlankingUnits from server...
  1711803	INFO      	OpenNI	XnOpenNI.cpp	1547	Creating node 'Image1' of type Image: PrimeSense/SensorKinect/5.0.3.4...
  1711856	VERBOSE   	SensorClient	XnSensorClient.cpp	268	Creating stream Image1 (of type Image)
  1722293	INFO      	DDK	XnDeviceBase.cpp	1383	Creating stream 'Image1' of type 'Image'...
  1722636	VERBOSE   	DDK	XnDeviceBase.cpp	1419	Initializing stream 'Image1'...
  1723160	INFO      	DDK	XnProperty.cpp	151	Property Image1.RequiredDataSize was changed to 921600.
  1723866	INFO      	DDK	XnProperty.cpp	151	Property Image1.OutputFormat was changed to 5.
  1723908	INFO      	DDK	XnDeviceBase.cpp	1458	Stream 'Image1' was initialized.
  1723927	INFO      	DDK	XnDeviceBase.cpp	1463	'Image1' stream was created.
  1724487	VERBOSE   	SensorClient	XnSensorClient.cpp	391	Getting property Image1.SupportedModes from server...
  1724751	VERBOSE   	SensorServer	XnSensorClient.cpp	433	Setting Image1.Mirror to 1...
  1724860	INFO      	DDK	XnProperty.cpp	151	Property Image1.Mirror was changed to 1.
  1725075	VERBOSE   	DDK	XnDeviceBase.cpp	359	Opening stream MyDepth...
  1726138	INFO      	DDK	XnProperty.cpp	151	Property MyDepth.ActualReadData was changed to 1.
  1980907	VERBOSE   	FPS	XnOpenNI.cpp	883	[FPS] MyDepth (I:  0.00, O:  0.00) Image1 (I:  0.00, O:  0.00) ReadCalls:  0.00
  2010912	VERBOSE   	FPS	XnOpenNI.cpp	883	[FPS] MyDepth (I:  0.00, O:  0.00) Image1 (I:  0.00, O:  0.00) ReadCalls:  0.00
  2217627	INFO      	DDK	XnProperty.cpp	151	Property MyDepth.State was changed to 1.
  2217697	INFO      	DDK	XnDeviceBase.cpp	370	Stream MyDepth is open.
  2217747	VERBOSE   	DDK	XnDeviceBase.cpp	359	Opening stream Image1...
  2218933	INFO      	DDK	XnProperty.cpp	151	Property Image1.ActualReadData was changed to 1.
  3020689	VERBOSE   	FPS	XnOpenNI.cpp	883	[FPS] MyDepth (I: 28.85, O:  0.00) Image1 (I:  0.00, O:  0.00) ReadCalls:  0.00
  4020686	VERBOSE   	FPS	XnOpenNI.cpp	883	[FPS] MyDepth (I: 29.41, O:  0.00) Image1 (I:  0.00, O:  0.00) ReadCalls:  0.00
  5020701	VERBOSE   	FPS	XnOpenNI.cpp	883	[FPS] MyDepth (I: 29.63, O:  0.00) Image1 (I:  0.00, O:  0.00) ReadCalls:  0.00
  5422667	INFO      	DDK	XnProperty.cpp	151	Property Image1.State was changed to 1.
  5422720	INFO      	DDK	XnDeviceBase.cpp	370	Stream Image1 is open.
  5422899	VERBOSE   	SensorServer	XnSensorClient.cpp	433	Setting MyDepth.Registration to 1...
  5575066	INFO      	DDK	XnProperty.cpp	151	Property MyDepth.Registration was changed to 1.
  6015459	VERBOSE   	FPS	XnOpenNI.cpp	883	[FPS] MyDepth (I: 29.38, O: 22.01) Image1 (I: 31.35, O: 22.02) ReadCalls: 22.00
  7015367	VERBOSE   	FPS	XnOpenNI.cpp	883	[FPS] MyDepth (I: 29.39, O: 21.29) Image1 (I: 30.54, O: 21.30) ReadCalls: 21.29
  8008935	VERBOSE   	FPS	XnOpenNI.cpp	883	[FPS] MyDepth (I: 29.45, O: 21.23) Image1 (I: 30.04, O: 21.23) ReadCalls: 21.64
  9015316	VERBOSE   	FPS	XnOpenNI.cpp	883	[FPS] MyDepth (I: 30.10, O: 21.52) Image1 (I: 30.30, O: 21.52) ReadCalls: 21.52
 10015360	VERBOSE   	FPS	XnOpenNI.cpp	883	[FPS] MyDepth (I: 30.09, O: 21.40) Image1 (I: 30.41, O: 21.40) ReadCalls: 21.40
 11009826	VERBOSE   	FPS	XnOpenNI.cpp	883	[FPS] MyDepth (I: 30.14, O: 21.33) Image1 (I: 30.06, O: 21.33) ReadCalls: 21.67
 12015210	VERBOSE   	FPS	XnOpenNI.cpp	883	[FPS] MyDepth (I: 30.09, O: 21.51) Image1 (I: 30.41, O: 21.52) ReadCalls: 21.51
 13015282	VERBOSE   	FPS	XnOpenNI.cpp	883	[FPS] MyDepth (I: 30.09, O: 21.40) Image1 (I: 30.41, O: 21.40) ReadCalls: 21.40
 14008767	VERBOSE   	FPS	XnOpenNI.cpp	883	[FPS] MyDepth (I: 30.16, O: 21.34) Image1 (I: 30.06, O: 21.34) ReadCalls: 21.67
 15004132	VERBOSE   	FPS	XnOpenNI.cpp	883	[FPS] MyDepth (I: 30.30, O: 21.59) Image1 (I: 30.11, O: 21.59) ReadCalls: 21.59
 16004702	VERBOSE   	FPS	XnOpenNI.cpp	883	[FPS] MyDepth (I: 30.30, O: 21.48) Image1 (I: 30.11, O: 21.48) ReadCalls: 21.48
 17003590	VERBOSE   	FPS	XnOpenNI.cpp	883	[FPS] MyDepth (I: 30.30, O: 21.37) Image1 (I: 30.12, O: 21.37) ReadCalls: 21.37
 18004299	VERBOSE   	FPS	XnOpenNI.cpp	883	[FPS] MyDepth (I: 30.30, O: 21.60) Image1 (I: 30.11, O: 21.60) ReadCalls: 21.60
 19004340	VERBOSE   	FPS	XnOpenNI.cpp	883	[FPS] MyDepth (I: 30.30, O: 21.48) Image1 (I: 30.11, O: 21.48) ReadCalls: 21.48
 20003870	VERBOSE   	FPS	XnOpenNI.cpp	883	[FPS] MyDepth (I: 30.31, O: 21.38) Image1 (I: 30.11, O: 21.38) ReadCalls: 21.37
 21004385	VERBOSE   	FPS	XnOpenNI.cpp	883	[FPS] MyDepth (I: 30.30, O: 21.59) Image1 (I: 30.11, O: 21.59) ReadCalls: 21.59
 22002547	VERBOSE   	FPS	XnOpenNI.cpp	883	[FPS] MyDepth (I: 30.31, O: 21.50) Image1 (I: 30.13, O: 21.50) ReadCalls: 21.50
 23001957	VERBOSE   	FPS	XnOpenNI.cpp	883	[FPS] MyDepth (I: 30.32, O: 21.39) Image1 (I: 30.13, O: 21.39) ReadCalls: 21.39
 24011599	VERBOSE   	FPS	XnOpenNI.cpp	883	[FPS] MyDepth (I: 30.33, O: 21.20) Image1 (I: 30.03, O: 21.20) ReadCalls: 21.20
 25009442	VERBOSE   	FPS	XnOpenNI.cpp	883	[FPS] MyDepth (I: 29.99, O: 21.11) Image1 (I: 30.06, O: 21.11) ReadCalls: 21.45
 26014194	VERBOSE   	FPS	XnOpenNI.cpp	883	[FPS] MyDepth (I: 30.28, O: 21.29) Image1 (I: 30.01, O: 21.29) ReadCalls: 21.29
 27013833	VERBOSE   	FPS	XnOpenNI.cpp	883	[FPS] MyDepth (I: 30.28, O: 21.41) Image1 (I: 30.01, O: 21.41) ReadCalls: 21.41
 28009355	VERBOSE   	FPS	XnOpenNI.cpp	883	[FPS] MyDepth (I: 30.03, O: 21.34) Image1 (I: 30.06, O: 21.34) ReadCalls: 21.67
 29014023	VERBOSE   	FPS	XnOpenNI.cpp	883	[FPS] MyDepth (I: 30.30, O: 21.52) Image1 (I: 30.01, O: 21.52) ReadCalls: 21.52
 30013508	VERBOSE   	FPS	XnOpenNI.cpp	883	[FPS] MyDepth (I: 30.31, O: 21.42) Image1 (I: 30.02, O: 21.42) ReadCalls: 21.42
 31009269	VERBOSE   	FPS	XnOpenNI.cpp	883	[FPS] MyDepth (I: 30.05, O: 21.34) Image1 (I: 30.06, O: 21.34) ReadCalls: 21.67
 32013997	VERBOSE   	FPS	XnOpenNI.cpp	883	[FPS] MyDepth (I: 30.30, O: 21.52) Image1 (I: 30.01, O: 21.52) ReadCalls: 21.52
 33014012	VERBOSE   	FPS	XnOpenNI.cpp	883	[FPS] MyDepth (I: 30.30, O: 21.41) Image1 (I: 30.01, O: 21.41) ReadCalls: 21.40
 34008212	VERBOSE   	FPS	XnOpenNI.cpp	883	[FPS] MyDepth (I: 30.06, O: 21.34) Image1 (I: 30.07, O: 21.34) ReadCalls: 21.67
 35023716	VERBOSE   	FPS	XnOpenNI.cpp	883	[FPS] MyDepth (I: 30.31, O: 21.45) Image1 (I: 30.01, O: 21.45) ReadCalls: 21.45
 36023560	VERBOSE   	FPS	XnOpenNI.cpp	883	[FPS] MyDepth (I: 30.31, O: 21.34) Image1 (I: 30.01, O: 21.34) ReadCalls: 21.34
 37008126	VERBOSE   	FPS	XnOpenNI.cpp	883	[FPS] MyDepth (I: 30.16, O: 21.34) Image1 (I: 30.17, O: 21.34) ReadCalls: 21.67
 38023730	VERBOSE   	FPS	XnOpenNI.cpp	883	[FPS] MyDepth (I: 30.31, O: 21.45) Image1 (I: 30.01, O: 21.45) ReadCalls: 21.45
 39023415	VERBOSE   	FPS	XnOpenNI.cpp	883	[FPS] MyDepth (I: 30.31, O: 21.34) Image1 (I: 30.01, O: 21.34) ReadCalls: 21.34
 40009020	VERBOSE   	FPS	XnOpenNI.cpp	883	[FPS] MyDepth (I: 30.15, O: 21.33) Image1 (I: 30.16, O: 21.33) ReadCalls: 21.67
 41023975	VERBOSE   	FPS	XnOpenNI.cpp	883	[FPS] MyDepth (I: 30.31, O: 21.44) Image1 (I: 30.01, O: 21.45) ReadCalls: 21.44
 42023663	VERBOSE   	FPS	XnOpenNI.cpp	883	[FPS] MyDepth (I: 29.98, O: 21.34) Image1 (I: 30.01, O: 21.34) ReadCalls: 21.67
 43007962	VERBOSE   	FPS	XnOpenNI.cpp	883	[FPS] MyDepth (I: 30.17, O: 21.34) Image1 (I: 30.17, O: 21.34) ReadCalls: 21.67
 44024821	VERBOSE   	FPS	XnOpenNI.cpp	883	[FPS] MyDepth (I: 30.06, O: 21.45) Image1 (I: 30.30, O: 21.45) ReadCalls: 21.44
 45024657	VERBOSE   	FPS	XnOpenNI.cpp	883	[FPS] MyDepth (I: 30.05, O: 21.33) Image1 (I: 30.31, O: 21.33) ReadCalls: 21.33
 46003268	VERBOSE   	FPS	XnOpenNI.cpp	883	[FPS] MyDepth (I: 30.31, O: 21.37) Image1 (I: 30.22, O: 21.37) ReadCalls: 21.37
 47004138	VERBOSE   	FPS	XnOpenNI.cpp	883	[FPS] MyDepth (I: 30.30, O: 21.59) Image1 (I: 30.21, O: 21.60) ReadCalls: 21.59
 48003521	VERBOSE   	FPS	XnOpenNI.cpp	883	[FPS] MyDepth (I: 30.31, O: 21.49) Image1 (I: 30.21, O: 21.49) ReadCalls: 21.49
 49003509	VERBOSE   	FPS	XnOpenNI.cpp	883	[FPS] MyDepth (I: 30.31, O: 21.37) Image1 (I: 30.22, O: 21.37) ReadCalls: 21.37
 50003560	VERBOSE   	FPS	XnOpenNI.cpp	883	[FPS] MyDepth (I: 30.30, O: 21.59) Image1 (I: 30.21, O: 21.59) ReadCalls: 21.59
 51003950	VERBOSE   	FPS	XnOpenNI.cpp	883	[FPS] MyDepth (I: 30.30, O: 21.48) Image1 (I: 30.21, O: 21.48) ReadCalls: 21.48
 52003086	VERBOSE   	FPS	XnOpenNI.cpp	883	[FPS] MyDepth (I: 30.32, O: 21.37) Image1 (I: 30.22, O: 21.37) ReadCalls: 21.37
 53003134	VERBOSE   	FPS	XnOpenNI.cpp	883	[FPS] MyDepth (I: 30.31, O: 21.59) Image1 (I: 30.22, O: 21.59) ReadCalls: 21.59
 54003861	VERBOSE   	FPS	XnOpenNI.cpp	883	[FPS] MyDepth (I: 30.30, O: 21.47) Image1 (I: 30.21, O: 21.48) ReadCalls: 21.47
 55003593	VERBOSE   	FPS	XnOpenNI.cpp	883	[FPS] MyDepth (I: 30.30, O: 21.36) Image1 (I: 30.21, O: 21.36) ReadCalls: 21.36
 56013464	VERBOSE   	FPS	XnOpenNI.cpp	883	[FPS] MyDepth (I: 30.30, O: 21.52) Image1 (I: 30.11, O: 21.52) ReadCalls: 21.52
 57013981	VERBOSE   	FPS	XnOpenNI.cpp	883	[FPS] MyDepth (I: 30.30, O: 21.40) Image1 (I: 30.10, O: 21.40) ReadCalls: 21.40
 58008522	VERBOSE   	FPS	XnOpenNI.cpp	883	[FPS] MyDepth (I: 30.01, O: 21.34) Image1 (I: 30.16, O: 21.34) ReadCalls: 21.67
 59013316	VERBOSE   	FPS	XnOpenNI.cpp	883	[FPS] MyDepth (I: 30.31, O: 21.52) Image1 (I: 30.11, O: 21.52) ReadCalls: 21.52
 60013147	VERBOSE   	FPS	XnOpenNI.cpp	883	[FPS] MyDepth (I: 30.31, O: 21.41) Image1 (I: 30.11, O: 21.41) ReadCalls: 21.41
 61008435	VERBOSE   	FPS	XnOpenNI.cpp	883	[FPS] MyDepth (I: 30.05, O: 21.34) Image1 (I: 30.16, O: 21.34) ReadCalls: 21.67
 62013803	VERBOSE   	FPS	XnOpenNI.cpp	883	[FPS] MyDepth (I: 30.30, O: 21.51) Image1 (I: 30.11, O: 21.51) ReadCalls: 21.51
 63013168	VERBOSE   	FPS	XnOpenNI.cpp	883	[FPS] MyDepth (I: 30.31, O: 21.41) Image1 (I: 30.12, O: 21.41) ReadCalls: 21.41
 64008351	VERBOSE   	FPS	XnOpenNI.cpp	883	[FPS] MyDepth (I: 30.06, O: 21.34) Image1 (I: 30.16, O: 21.34) ReadCalls: 21.67
 65023665	VERBOSE   	FPS	XnOpenNI.cpp	883	[FPS] MyDepth (I: 30.31, O: 21.44) Image1 (I: 30.01, O: 21.44) ReadCalls: 21.44
 66022863	VERBOSE   	FPS	XnOpenNI.cpp	883	[FPS] MyDepth (I: 30.31, O: 21.34) Image1 (I: 30.01, O: 21.34) ReadCalls: 21.33
 67007294	VERBOSE   	FPS	XnOpenNI.cpp	883	[FPS] MyDepth (I: 30.06, O: 21.34) Image1 (I: 30.17, O: 21.34) ReadCalls: 21.67
 68023539	VERBOSE   	FPS	XnOpenNI.cpp	883	[FPS] MyDepth (I: 30.30, O: 21.44) Image1 (I: 30.01, O: 21.44) ReadCalls: 21.44
 69022868	VERBOSE   	FPS	XnOpenNI.cpp	883	[FPS] MyDepth (I: 29.98, O: 21.34) Image1 (I: 30.01, O: 21.34) ReadCalls: 21.67
 70008191	VERBOSE   	FPS	XnOpenNI.cpp	883	[FPS] MyDepth (I: 30.15, O: 21.33) Image1 (I: 30.16, O: 21.33) ReadCalls: 21.67
 71023456	VERBOSE   	FPS	XnOpenNI.cpp	883	[FPS] MyDepth (I: 30.31, O: 21.45) Image1 (I: 30.01, O: 21.45) ReadCalls: 21.45
 72022826	VERBOSE   	FPS	XnOpenNI.cpp	883	[FPS] MyDepth (I: 30.00, O: 21.34) Image1 (I: 30.01, O: 21.34) ReadCalls: 21.67
 73008108	VERBOSE   	FPS	XnOpenNI.cpp	883	[FPS] MyDepth (I: 30.15, O: 21.34) Image1 (I: 30.16, O: 21.34) ReadCalls: 21.67
 74024311	VERBOSE   	FPS	XnOpenNI.cpp	883	[FPS] MyDepth (I: 30.06, O: 21.44) Image1 (I: 30.30, O: 21.44) ReadCalls: 21.43
 75023678	VERBOSE   	FPS	XnOpenNI.cpp	883	[FPS] MyDepth (I: 30.06, O: 21.34) Image1 (I: 30.01, O: 21.34) ReadCalls: 21.67
 76008023	VERBOSE   	FPS	XnOpenNI.cpp	883	[FPS] MyDepth (I: 30.16, O: 21.34) Image1 (I: 30.16, O: 21.34) ReadCalls: 21.67
 77024330	VERBOSE   	FPS	XnOpenNI.cpp	883	[FPS] MyDepth (I: 30.09, O: 21.44) Image1 (I: 30.31, O: 21.44) ReadCalls: 21.44
 78003574	VERBOSE   	FPS	XnOpenNI.cpp	883	[FPS] MyDepth (I: 30.30, O: 21.48) Image1 (I: 30.21, O: 21.48) ReadCalls: 21.48
 79003152	VERBOSE   	FPS	XnOpenNI.cpp	883	[FPS] MyDepth (I: 30.30, O: 21.37) Image1 (I: 30.21, O: 21.37) ReadCalls: 21.37
 80003306	VERBOSE   	FPS	XnOpenNI.cpp	883	[FPS] MyDepth (I: 30.30, O: 21.59) Image1 (I: 30.21, O: 21.59) ReadCalls: 21.58
 81003230	VERBOSE   	FPS	XnOpenNI.cpp	883	[FPS] MyDepth (I: 30.31, O: 21.47) Image1 (I: 30.21, O: 21.47) ReadCalls: 21.47
 82002619	VERBOSE   	FPS	XnOpenNI.cpp	883	[FPS] MyDepth (I: 30.32, O: 21.37) Image1 (I: 30.22, O: 21.37) ReadCalls: 21.36
 83003063	VERBOSE   	FPS	XnOpenNI.cpp	883	[FPS] MyDepth (I: 30.31, O: 21.59) Image1 (I: 30.21, O: 21.60) ReadCalls: 21.59
 84003387	VERBOSE   	FPS	XnOpenNI.cpp	883	[FPS] MyDepth (I: 30.30, O: 21.47) Image1 (I: 30.21, O: 21.47) ReadCalls: 21.47
 85003255	VERBOSE   	FPS	XnOpenNI.cpp	883	[FPS] MyDepth (I: 30.31, O: 21.37) Image1 (I: 30.21, O: 21.37) ReadCalls: 21.37
 86003578	VERBOSE   	FPS	XnOpenNI.cpp	883	[FPS] MyDepth (I: 30.29, O: 21.59) Image1 (I: 30.21, O: 21.59) ReadCalls: 21.59
 87013286	VERBOSE   	FPS	XnOpenNI.cpp	883	[FPS] MyDepth (I: 30.31, O: 21.40) Image1 (I: 30.11, O: 21.40) ReadCalls: 21.40
 88007692	VERBOSE   	FPS	XnOpenNI.cpp	883	[FPS] MyDepth (I: 30.02, O: 21.34) Image1 (I: 30.16, O: 21.34) ReadCalls: 21.67
 89013174	VERBOSE   	FPS	XnOpenNI.cpp	883	[FPS] MyDepth (I: 30.30, O: 21.51) Image1 (I: 30.11, O: 21.51) ReadCalls: 21.51
 90013398	VERBOSE   	FPS	XnOpenNI.cpp	883	[FPS] MyDepth (I: 30.30, O: 21.41) Image1 (I: 30.11, O: 21.41) ReadCalls: 21.40
 91007610	VERBOSE   	FPS	XnOpenNI.cpp	883	[FPS] MyDepth (I: 30.05, O: 21.34) Image1 (I: 30.16, O: 21.34) ReadCalls: 21.67
 92012890	VERBOSE   	FPS	XnOpenNI.cpp	883	[FPS] MyDepth (I: 30.30, O: 21.52) Image1 (I: 30.11, O: 21.52) ReadCalls: 21.52
 93012608	VERBOSE   	FPS	XnOpenNI.cpp	883	[FPS] MyDepth (I: 30.31, O: 21.40) Image1 (I: 30.11, O: 21.41) ReadCalls: 21.40
 94006549	VERBOSE   	FPS	XnOpenNI.cpp	883	[FPS] MyDepth (I: 30.06, O: 21.34) Image1 (I: 30.17, O: 21.34) ReadCalls: 21.67
 95013276	VERBOSE   	FPS	XnOpenNI.cpp	883	[FPS] MyDepth (I: 30.30, O: 21.51) Image1 (I: 30.11, O: 21.51) ReadCalls: 21.51
 96022357	VERBOSE   	FPS	XnOpenNI.cpp	883	[FPS] MyDepth (I: 30.31, O: 21.33) Image1 (I: 30.01, O: 21.33) ReadCalls: 21.34
 97007448	VERBOSE   	FPS	XnOpenNI.cpp	883	[FPS] MyDepth (I: 30.05, O: 21.34) Image1 (I: 30.17, O: 21.34) ReadCalls: 21.67
 98023129	VERBOSE   	FPS	XnOpenNI.cpp	883	[FPS] MyDepth (I: 30.30, O: 21.45) Image1 (I: 30.01, O: 21.45) ReadCalls: 21.44
 99022261	VERBOSE   	FPS	XnOpenNI.cpp	883	[FPS] MyDepth (I: 30.00, O: 21.34) Image1 (I: 30.01, O: 21.34) ReadCalls: 21.67
100006390	VERBOSE   	FPS	XnOpenNI.cpp	883	[FPS] MyDepth (I: 30.16, O: 21.34) Image1 (I: 30.18, O: 21.34) ReadCalls: 21.67
101023724	VERBOSE   	FPS	XnOpenNI.cpp	883	[FPS] MyDepth (I: 30.30, O: 21.43) Image1 (I: 30.00, O: 21.44) ReadCalls: 21.43
102022445	VERBOSE   	FPS	XnOpenNI.cpp	883	[FPS] MyDepth (I: 30.36, O: 21.33) Image1 (I: 30.01, O: 21.34) ReadCalls: 21.33
103006306	VERBOSE   	FPS	XnOpenNI.cpp	883	[FPS] MyDepth (I: 30.17, O: 21.34) Image1 (I: 30.18, O: 21.34) ReadCalls: 21.67
104023374	VERBOSE   	FPS	XnOpenNI.cpp	883	[FPS] MyDepth (I: 30.30, O: 21.44) Image1 (I: 30.01, O: 21.45) ReadCalls: 21.44
105022671	VERBOSE   	FPS	XnOpenNI.cpp	883	[FPS] MyDepth (I: 30.31, O: 21.34) Image1 (I: 30.01, O: 21.34) ReadCalls: 21.34
106006231	VERBOSE   	FPS	XnOpenNI.cpp	883	[FPS] MyDepth (I: 30.17, O: 21.34) Image1 (I: 30.18, O: 21.34) ReadCalls: 21.67
107032560	VERBOSE   	FPS	XnOpenNI.cpp	883	[FPS] MyDepth (I: 30.31, O: 21.37) Image1 (I: 29.98, O: 21.37) ReadCalls: 21.37
108022781	VERBOSE   	FPS	XnOpenNI.cpp	883	[FPS] MyDepth (I: 30.07, O: 21.34) Image1 (I: 30.01, O: 21.34) ReadCalls: 21.67
109002263	VERBOSE   	FPS	XnOpenNI.cpp	883	[FPS] MyDepth (I: 30.31, O: 21.36) Image1 (I: 30.22, O: 21.36) ReadCalls: 21.36
110003522	VERBOSE   	FPS	XnOpenNI.cpp	883	[FPS] MyDepth (I: 30.29, O: 21.58) Image1 (I: 30.30, O: 21.58) ReadCalls: 21.58
111002806	VERBOSE   	FPS	XnOpenNI.cpp	883	[FPS] MyDepth (I: 30.30, O: 21.48) Image1 (I: 30.31, O: 21.48) ReadCalls: 21.48
112002351	VERBOSE   	FPS	XnOpenNI.cpp	883	[FPS] MyDepth (I: 30.32, O: 21.36) Image1 (I: 30.32, O: 21.36) ReadCalls: 21.36
113003000	VERBOSE   	FPS	XnOpenNI.cpp	883	[FPS] MyDepth (I: 30.30, O: 21.59) Image1 (I: 30.31, O: 21.59) ReadCalls: 21.59
114002770	VERBOSE   	FPS	XnOpenNI.cpp	883	[FPS] MyDepth (I: 30.30, O: 21.47) Image1 (I: 30.31, O: 21.47) ReadCalls: 21.47
115002196	VERBOSE   	FPS	XnOpenNI.cpp	883	[FPS] MyDepth (I: 30.31, O: 21.37) Image1 (I: 30.32, O: 21.37) ReadCalls: 21.37
116003137	VERBOSE   	FPS	XnOpenNI.cpp	883	[FPS] MyDepth (I: 30.29, O: 21.59) Image1 (I: 30.31, O: 21.59) ReadCalls: 21.59
117002873	VERBOSE   	FPS	XnOpenNI.cpp	883	[FPS] MyDepth (I: 30.31, O: 21.47) Image1 (I: 30.31, O: 21.47) ReadCalls: 21.47
118006868	VERBOSE   	FPS	XnOpenNI.cpp	883	[FPS] MyDepth (I: 30.02, O: 21.34) Image1 (I: 30.27, O: 21.34) ReadCalls: 21.67
119012362	VERBOSE   	FPS	XnOpenNI.cpp	883	[FPS] MyDepth (I: 30.30, O: 21.52) Image1 (I: 30.21, O: 21.52) ReadCalls: 21.52
120012179	VERBOSE   	FPS	XnOpenNI.cpp	883	[FPS] MyDepth (I: 30.30, O: 21.40) Image1 (I: 30.21, O: 21.40) ReadCalls: 21.40
121006789	VERBOSE   	FPS	XnOpenNI.cpp	883	[FPS] MyDepth (I: 30.05, O: 21.34) Image1 (I: 30.27, O: 21.34) ReadCalls: 21.67
