     1694	INFO      	Log	XnLog.cpp	329	OpenNI version is 1.4.0 (Build 2)-Win32 (Nov 17 2011 18:51:00)
     1756	INFO      	Log	XnLog.cpp	307	--- Filter Info --- Minimum Severity: VERBOSE
     2002	VERBOSE   	ModuleLoader	XnModuleLoader.cpp	452	Found exported production node. Script: OpenNI/OpenNI/1.4.0.2
     3287	VERBOSE   	ModuleLoader	XnModuleLoader.cpp	281	Checking C:\Program Files\OpenNI\Bin\nimRecorder.dll...
     8622	VERBOSE   	ModuleLoader	XnModuleLoader.cpp	452	Found exported production node. Recorder: OpenNI/Recorder/1.4.0.2
     8698	VERBOSE   	ModuleLoader	XnModuleLoader.cpp	452	Found exported production node. Player: OpenNI/Player/1.4.0.2
     8790	VERBOSE   	ModuleLoader	XnModuleLoader.cpp	281	Checking C:\Program Files\OpenNI\Bin\nimMockNodes.dll...
    13472	VERBOSE   	ModuleLoader	XnModuleLoader.cpp	452	Found exported production node. ProductionNode: OpenNI/Mock/1.4.0.2
    13503	VERBOSE   	ModuleLoader	XnModuleLoader.cpp	452	Found exported production node. Generator: OpenNI/Mock/1.4.0.2
    13530	VERBOSE   	ModuleLoader	XnModuleLoader.cpp	452	Found exported production node. MapGenerator: OpenNI/Mock/1.4.0.2
    13560	VERBOSE   	ModuleLoader	XnModuleLoader.cpp	452	Found exported production node. Device: OpenNI/Mock/1.4.0.2
    13587	VERBOSE   	ModuleLoader	XnModuleLoader.cpp	452	Found exported production node. Depth: OpenNI/Mock/1.4.0.2
    13624	VERBOSE   	ModuleLoader	XnModuleLoader.cpp	452	Found exported production node. IR: OpenNI/Mock/1.4.0.2
    13647	VERBOSE   	ModuleLoader	XnModuleLoader.cpp	452	Found exported production node. Image: OpenNI/Mock/1.4.0.2
    13669	VERBOSE   	ModuleLoader	XnModuleLoader.cpp	452	Found exported production node. Audio: OpenNI/Mock/1.4.0.2
    13696	VERBOSE   	ModuleLoader	XnModuleLoader.cpp	281	Checking C:\Program Files\OpenNI\Bin\nimCodecs.dll...
    18554	VERBOSE   	ModuleLoader	XnModuleLoader.cpp	452	Found exported production node. Codec: OpenNI/16zP/1.4.0.2
    18593	VERBOSE   	ModuleLoader	XnModuleLoader.cpp	452	Found exported production node. Codec: OpenNI/16zT/1.4.0.2
    18621	VERBOSE   	ModuleLoader	XnModuleLoader.cpp	452	Found exported production node. Codec: OpenNI/Im8z/1.4.0.2
    18646	VERBOSE   	ModuleLoader	XnModuleLoader.cpp	452	Found exported production node. Codec: OpenNI/JPEG/1.4.0.2
    18675	VERBOSE   	ModuleLoader	XnModuleLoader.cpp	452	Found exported production node. Codec: OpenNI/NONE/1.4.0.2
    18704	VERBOSE   	ModuleLoader	XnModuleLoader.cpp	281	Checking C:\Program Files\PrimeSense\NITE\Features_1_3_0\Bin\XnVFeatures_1_3_0.dll...
    31482	VERBOSE   	ModuleLoader	XnModuleLoader.cpp	452	Found exported production node. Scene: PrimeSense/XnVSceneAnalyzer/1.3.0.17
    31525	VERBOSE   	ModuleLoader	XnModuleLoader.cpp	452	Found exported production node. User: PrimeSense/XnVSkeletonGenerator/1.3.0.17
    31554	VERBOSE   	ModuleLoader	XnModuleLoader.cpp	281	Checking C:\Program Files\PrimeSense\NITE\Features_1_3_1\Bin\XnVFeatures_1_3_1.dll...
    38328	VERBOSE   	ModuleLoader	XnModuleLoader.cpp	452	Found exported production node. Scene: PrimeSense/XnVSceneAnalyzer/1.3.1.6
    38365	VERBOSE   	ModuleLoader	XnModuleLoader.cpp	452	Found exported production node. User: PrimeSense/XnVSkeletonGenerator/1.3.1.6
    38397	VERBOSE   	ModuleLoader	XnModuleLoader.cpp	281	Checking C:\Program Files\PrimeSense\NITE\Features_1_4_1\Bin\XnVFeatures_1_4_1.dll...
    50895	VERBOSE   	ModuleLoader	XnModuleLoader.cpp	452	Found exported production node. Scene: PrimeSense/XnVSceneAnalyzer/1.4.1.2
    50944	VERBOSE   	ModuleLoader	XnModuleLoader.cpp	452	Found exported production node. User: PrimeSense/XnVSkeletonGenerator/1.4.1.2
    50976	VERBOSE   	ModuleLoader	XnModuleLoader.cpp	281	Checking C:\Program Files\PrimeSense\NITE\Hands_1_3_0\Bin\XnVHandGenerator_1_3_0.dll...
    64353	VERBOSE   	ModuleLoader	XnModuleLoader.cpp	452	Found exported production node. Gesture: PrimeSense/XnVGestureGenrator/1.3.0.17
    64395	VERBOSE   	ModuleLoader	XnModuleLoader.cpp	452	Found exported production node. Hands: PrimeSense/XnVHandTracker/1.3.0.17
    64429	VERBOSE   	ModuleLoader	XnModuleLoader.cpp	281	Checking C:\Program Files\PrimeSense\NITE\Hands_1_3_1\Bin\XnVHandGenerator_1_3_1.dll...
    71748	VERBOSE   	ModuleLoader	XnModuleLoader.cpp	452	Found exported production node. Gesture: PrimeSense/XnVGestureGenrator/1.3.1.6
    71806	VERBOSE   	ModuleLoader	XnModuleLoader.cpp	452	Found exported production node. Hands: PrimeSense/XnVHandTracker/1.3.1.6
    71836	VERBOSE   	ModuleLoader	XnModuleLoader.cpp	281	Checking C:\Program Files\PrimeSense\NITE\Hands_1_4_1\Bin\XnVHandGenerator_1_4_1.dll...
    84164	VERBOSE   	ModuleLoader	XnModuleLoader.cpp	452	Found exported production node. Gesture: PrimeSense/XnVGestureGenrator/1.4.1.2
    84202	VERBOSE   	ModuleLoader	XnModuleLoader.cpp	452	Found exported production node. Hands: PrimeSense/XnVHandTracker/1.4.1.2
    84243	VERBOSE   	ModuleLoader	XnModuleLoader.cpp	281	Checking C:\Program Files\PrimeSense\SensorKinect\Bin\XnDeviceFile.dll...
   106381	VERBOSE   	ModuleLoader	XnModuleLoader.cpp	452	Found exported production node. Player: PrimeSense/File/5.0.3.4
   106420	VERBOSE   	ModuleLoader	XnModuleLoader.cpp	281	Checking C:\Program Files\PrimeSense\SensorKinect\Bin\XnDeviceSensorV2KM.dll...
   111155	VERBOSE   	ModuleLoader	XnModuleLoader.cpp	452	Found exported production node. Device: PrimeSense/SensorKinect/5.0.3.4
   111194	VERBOSE   	ModuleLoader	XnModuleLoader.cpp	452	Found exported production node. Depth: PrimeSense/SensorKinect/5.0.3.4
   111223	VERBOSE   	ModuleLoader	XnModuleLoader.cpp	452	Found exported production node. Image: PrimeSense/SensorKinect/5.0.3.4
   111248	VERBOSE   	ModuleLoader	XnModuleLoader.cpp	452	Found exported production node. IR: PrimeSense/SensorKinect/5.0.3.4
   111283	VERBOSE   	ModuleLoader	XnModuleLoader.cpp	452	Found exported production node. Audio: PrimeSense/SensorKinect/5.0.3.4
   111940	INFO      	OpenNI	XnOpenNI.cpp	1568	Creating node 'Script1' of type Script: OpenNI/OpenNI/1.4.0.2...
   112730	VERBOSE   	OpenNI	XnXmlScriptNode.cpp	763	Requested to create a node of type Depth...
   127745	INFO      	OpenNI	XnOpenNI.cpp	1568	Creating node 'Device1' of type Device: PrimeSense/SensorKinect/5.0.3.4...
  1577050	INFO      	DDK	XnProperty.cpp	151	Property Device.ShareMode was changed to 1.
  1577081	INFO      	DDK	XnProperty.cpp	151	Property Device.InstancePointer was changed.
  1577343	INFO      	DDK	XnProperty.cpp	151	Property Device.ShareMode was changed to 0.
  1578188	INFO      	OpenNI	XnOpenNI.cpp	1568	Creating node 'MyDepth' of type Depth: PrimeSense/SensorKinect/5.0.3.4...
  1578246	VERBOSE   	SensorClient	XnSensorClient.cpp	268	Creating stream MyDepth (of type Depth)
  1589223	INFO      	DDK	XnProperty.cpp	151	Property Device.ReadData was changed to 1.
  1630872	INFO      	DDK	XnDeviceBase.cpp	1383	Creating stream 'MyDepth' of type 'Depth'...
  1630991	VERBOSE   	DDK	XnDeviceBase.cpp	1419	Initializing stream 'MyDepth'...
  1631466	INFO      	DDK	XnProperty.cpp	151	Property MyDepth.RequiredDataSize was changed to 614400.
  1631947	INFO      	DDK	XnProperty.cpp	151	Property MyDepth.OutputFormat was changed to 1.
  1632051	INFO      	DDK	XnDeviceBase.cpp	1458	Stream 'MyDepth' was initialized.
  1632069	INFO      	DDK	XnDeviceBase.cpp	1463	'MyDepth' stream was created.
  1633219	VERBOSE   	SensorClient	XnSensorClient.cpp	391	Getting property MyDepth.SupportedModes from server...
  1633499	VERBOSE   	SensorServer	XnSensorClient.cpp	433	Setting MyDepth.Mirror to 1...
  1633599	INFO      	DDK	XnProperty.cpp	151	Property MyDepth.Mirror was changed to 1.
  1633755	VERBOSE   	OpenNI	XnXmlScriptNode.cpp	763	Requested to create a node of type Image (StopOnError=FALSE)...
  1636304	VERBOSE   	SensorClient	XnSensorClient.cpp	391	Getting property Device.CmosBlankingUnits from server...
  1647232	INFO      	OpenNI	XnOpenNI.cpp	1568	Creating node 'Image1' of type Image: PrimeSense/SensorKinect/5.0.3.4...
  1647264	VERBOSE   	SensorClient	XnSensorClient.cpp	268	Creating stream Image1 (of type Image)
  1663445	INFO      	DDK	XnDeviceBase.cpp	1383	Creating stream 'Image1' of type 'Image'...
  1663681	VERBOSE   	DDK	XnDeviceBase.cpp	1419	Initializing stream 'Image1'...
  1664181	INFO      	DDK	XnProperty.cpp	151	Property Image1.RequiredDataSize was changed to 921600.
  1664712	INFO      	DDK	XnProperty.cpp	151	Property Image1.OutputFormat was changed to 5.
  1664786	INFO      	DDK	XnDeviceBase.cpp	1458	Stream 'Image1' was initialized.
  1664799	INFO      	DDK	XnDeviceBase.cpp	1463	'Image1' stream was created.
  1665262	VERBOSE   	SensorClient	XnSensorClient.cpp	391	Getting property Image1.SupportedModes from server...
  1665380	VERBOSE   	SensorServer	XnSensorClient.cpp	433	Setting Image1.Mirror to 1...
  1665456	INFO      	DDK	XnProperty.cpp	151	Property Image1.Mirror was changed to 1.
  1665657	VERBOSE   	DDK	XnDeviceBase.cpp	359	Opening stream MyDepth...
  1666430	INFO      	DDK	XnProperty.cpp	151	Property MyDepth.ActualReadData was changed to 1.
  1901458	VERBOSE   	FPS	XnOpenNI.cpp	890	[FPS] MyDepth (I:  0.00, O:  0.00) Image1 (I:  0.00, O:  0.00) ReadCalls:  0.00
  2001396	VERBOSE   	FPS	XnOpenNI.cpp	890	[FPS] MyDepth (I:  0.00, O:  0.00) Image1 (I:  0.00, O:  0.00) ReadCalls:  0.00
  2131301	INFO      	DDK	XnProperty.cpp	151	Property MyDepth.State was changed to 1.
  2131337	INFO      	DDK	XnDeviceBase.cpp	370	Stream MyDepth is open.
  2131364	VERBOSE   	DDK	XnDeviceBase.cpp	359	Opening stream Image1...
  2132543	INFO      	DDK	XnProperty.cpp	151	Property Image1.ActualReadData was changed to 1.
  3001467	VERBOSE   	FPS	XnOpenNI.cpp	890	[FPS] MyDepth (I: 28.18, O:  0.00) Image1 (I:  0.00, O:  0.00) ReadCalls:  0.00
  4001479	VERBOSE   	FPS	XnOpenNI.cpp	890	[FPS] MyDepth (I: 29.05, O:  0.00) Image1 (I:  0.00, O:  0.00) ReadCalls:  0.00
  5001494	VERBOSE   	FPS	XnOpenNI.cpp	890	[FPS] MyDepth (I: 29.29, O:  0.00) Image1 (I:  0.00, O:  0.00) ReadCalls:  0.00
  5323561	INFO      	DDK	XnProperty.cpp	151	Property Image1.State was changed to 1.
  5323601	INFO      	DDK	XnDeviceBase.cpp	370	Stream Image1 is open.
  5323847	VERBOSE   	SensorServer	XnSensorClient.cpp	433	Setting MyDepth.Registration to 1...
  5474639	INFO      	DDK	XnProperty.cpp	151	Property MyDepth.Registration was changed to 1.
  6004611	VERBOSE   	FPS	XnOpenNI.cpp	890	[FPS] MyDepth (I: 29.26, O: 22.96) Image1 (I: 30.96, O: 22.96) ReadCalls: 22.95
  7015233	VERBOSE   	FPS	XnOpenNI.cpp	890	[FPS] MyDepth (I: 29.25, O: 23.49) Image1 (I: 30.24, O: 24.17) ReadCalls: 25.50
  8010006	VERBOSE   	FPS	XnOpenNI.cpp	890	[FPS] MyDepth (I: 28.97, O: 24.15) Image1 (I: 30.21, O: 23.75) ReadCalls: 26.16
  9014693	VERBOSE   	FPS	XnOpenNI.cpp	890	[FPS] MyDepth (I: 30.33, O: 24.79) Image1 (I: 30.14, O: 24.79) ReadCalls: 26.79
 10014246	VERBOSE   	FPS	XnOpenNI.cpp	890	[FPS] MyDepth (I: 30.32, O: 25.46) Image1 (I: 30.15, O: 25.17) ReadCalls: 26.79
 11014246	VERBOSE   	FPS	XnOpenNI.cpp	890	[FPS] MyDepth (I: 30.30, O: 25.25) Image1 (I: 30.15, O: 24.58) ReadCalls: 26.24
 12014683	VERBOSE   	FPS	XnOpenNI.cpp	890	[FPS] MyDepth (I: 30.30, O: 25.08) Image1 (I: 30.14, O: 24.67) ReadCalls: 26.08
 13002202	VERBOSE   	FPS	XnOpenNI.cpp	890	[FPS] MyDepth (I: 30.12, O: 25.18) Image1 (I: 30.27, O: 25.23) ReadCalls: 26.18
 14000241	VERBOSE   	FPS	XnOpenNI.cpp	890	[FPS] MyDepth (I: 30.14, O: 25.18) Image1 (I: 30.30, O: 25.44) ReadCalls: 26.52
 15014648	VERBOSE   	FPS	XnOpenNI.cpp	890	[FPS] MyDepth (I: 30.30, O: 24.37) Image1 (I: 30.15, O: 24.04) ReadCalls: 24.70
 16013317	VERBOSE   	FPS	XnOpenNI.cpp	890	[FPS] MyDepth (I: 30.02, O: 22.48) Image1 (I: 30.16, O: 22.15) ReadCalls: 23.15
 17024262	VERBOSE   	FPS	XnOpenNI.cpp	890	[FPS] MyDepth (I: 30.31, O: 21.39) Image1 (I: 30.04, O: 21.39) ReadCalls: 21.39
 18024107	VERBOSE   	FPS	XnOpenNI.cpp	890	[FPS] MyDepth (I: 30.31, O: 21.38) Image1 (I: 30.04, O: 21.38) ReadCalls: 21.38
 19008442	VERBOSE   	FPS	XnOpenNI.cpp	890	[FPS] MyDepth (I: 30.06, O: 21.37) Image1 (I: 30.21, O: 21.38) ReadCalls: 21.70
 20024397	VERBOSE   	FPS	XnOpenNI.cpp	890	[FPS] MyDepth (I: 30.31, O: 21.46) Image1 (I: 30.04, O: 21.46) ReadCalls: 21.46
 21020519	VERBOSE   	FPS	XnOpenNI.cpp	890	[FPS] MyDepth (I: 30.04, O: 21.37) Image1 (I: 30.10, O: 21.37) ReadCalls: 21.70
 22003553	VERBOSE   	FPS	XnOpenNI.cpp	890	[FPS] MyDepth (I: 30.21, O: 21.37) Image1 (I: 30.25, O: 21.37) ReadCalls: 21.70
 23024146	VERBOSE   	FPS	XnOpenNI.cpp	890	[FPS] MyDepth (I: 30.30, O: 21.43) Image1 (I: 30.04, O: 21.43) ReadCalls: 21.43
 24015635	VERBOSE   	FPS	XnOpenNI.cpp	890	[FPS] MyDepth (I: 30.08, O: 21.37) Image1 (I: 30.13, O: 21.39) ReadCalls: 21.70
 25024614	VERBOSE   	FPS	XnOpenNI.cpp	890	[FPS] MyDepth (I: 30.30, O: 21.52) Image1 (I: 30.04, O: 21.52) ReadCalls: 21.52
 26027900	VERBOSE   	FPS	XnOpenNI.cpp	890	[FPS] MyDepth (I: 30.03, O: 21.37) Image1 (I: 30.01, O: 21.37) ReadCalls: 21.70
 27010835	VERBOSE   	FPS	XnOpenNI.cpp	890	[FPS] MyDepth (I: 30.14, O: 21.37) Image1 (I: 30.18, O: 21.37) ReadCalls: 21.70
 28028392	VERBOSE   	FPS	XnOpenNI.cpp	890	[FPS] MyDepth (I: 30.03, O: 21.46) Image1 (I: 30.31, O: 21.46) ReadCalls: 21.46
 29005020	VERBOSE   	FPS	XnOpenNI.cpp	890	[FPS] MyDepth (I: 30.29, O: 21.50) Image1 (I: 30.24, O: 21.50) ReadCalls: 21.50
 30004252	VERBOSE   	FPS	XnOpenNI.cpp	890	[FPS] MyDepth (I: 30.31, O: 21.38) Image1 (I: 30.25, O: 21.38) ReadCalls: 21.38
 31003840	VERBOSE   	FPS	XnOpenNI.cpp	890	[FPS] MyDepth (I: 30.30, O: 21.27) Image1 (I: 30.25, O: 21.27) ReadCalls: 21.26
 32000123	VERBOSE   	FPS	XnOpenNI.cpp	890	[FPS] MyDepth (I: 30.05, O: 21.61) Image1 (I: 30.29, O: 21.61) ReadCalls: 21.61
 33004458	VERBOSE   	FPS	XnOpenNI.cpp	890	[FPS] MyDepth (I: 30.31, O: 21.46) Image1 (I: 30.24, O: 21.46) ReadCalls: 21.46
 34000032	VERBOSE   	FPS	XnOpenNI.cpp	890	[FPS] MyDepth (I: 30.04, O: 21.37) Image1 (I: 30.29, O: 21.37) ReadCalls: 21.70
 35005737	VERBOSE   	FPS	XnOpenNI.cpp	890	[FPS] MyDepth (I: 30.29, O: 21.54) Image1 (I: 30.23, O: 21.54) ReadCalls: 21.54
 36004179	VERBOSE   	FPS	XnOpenNI.cpp	890	[FPS] MyDepth (I: 30.32, O: 21.43) Image1 (I: 30.25, O: 21.43) ReadCalls: 21.42
 37004372	VERBOSE   	FPS	XnOpenNI.cpp	890	[FPS] MyDepth (I: 30.31, O: 21.30) Image1 (I: 30.24, O: 21.30) ReadCalls: 21.30
 38009186	VERBOSE   	FPS	XnOpenNI.cpp	890	[FPS] MyDepth (I: 30.02, O: 21.14) Image1 (I: 30.19, O: 21.14) ReadCalls: 21.48
 39013796	VERBOSE   	FPS	XnOpenNI.cpp	890	[FPS] MyDepth (I: 30.31, O: 21.32) Image1 (I: 30.15, O: 21.32) ReadCalls: 21.32
 40013703	VERBOSE   	FPS	XnOpenNI.cpp	890	[FPS] MyDepth (I: 30.31, O: 21.42) Image1 (I: 30.16, O: 21.43) ReadCalls: 21.42
 41004310	VERBOSE   	FPS	XnOpenNI.cpp	890	[FPS] MyDepth (I: 30.10, O: 21.37) Image1 (I: 30.24, O: 21.37) ReadCalls: 21.70
 42014097	VERBOSE   	FPS	XnOpenNI.cpp	890	[FPS] MyDepth (I: 30.30, O: 21.51) Image1 (I: 30.14, O: 21.51) ReadCalls: 21.51
 43013819	VERBOSE   	FPS	XnOpenNI.cpp	890	[FPS] MyDepth (I: 30.32, O: 21.39) Image1 (I: 30.15, O: 21.39) ReadCalls: 21.39
 44016161	VERBOSE   	FPS	XnOpenNI.cpp	890	[FPS] MyDepth (I: 30.28, O: 21.58) Image1 (I: 30.13, O: 21.58) ReadCalls: 21.58
 45000105	VERBOSE   	FPS	XnOpenNI.cpp	890	[FPS] MyDepth (I: 30.14, O: 21.57) Image1 (I: 30.29, O: 21.57) ReadCalls: 21.57
 46011502	VERBOSE   	FPS	XnOpenNI.cpp	890	[FPS] MyDepth (I: 30.02, O: 21.37) Image1 (I: 30.19, O: 21.37) ReadCalls: 21.70
 47023561	VERBOSE   	FPS	XnOpenNI.cpp	890	[FPS] MyDepth (I: 30.31, O: 21.49) Image1 (I: 30.05, O: 21.49) ReadCalls: 21.49
 48023854	VERBOSE   	FPS	XnOpenNI.cpp	890	[FPS] MyDepth (I: 30.30, O: 21.37) Image1 (I: 30.04, O: 21.37) ReadCalls: 21.37
 49006623	VERBOSE   	FPS	XnOpenNI.cpp	890	[FPS] MyDepth (I: 30.07, O: 21.38) Image1 (I: 30.22, O: 21.38) ReadCalls: 21.70
 50025052	VERBOSE   	FPS	XnOpenNI.cpp	890	[FPS] MyDepth (I: 30.31, O: 21.45) Image1 (I: 30.03, O: 21.45) ReadCalls: 21.45
 51018697	VERBOSE   	FPS	XnOpenNI.cpp	890	[FPS] MyDepth (I: 30.05, O: 21.37) Image1 (I: 30.10, O: 21.37) ReadCalls: 21.70
 52001746	VERBOSE   	FPS	XnOpenNI.cpp	890	[FPS] MyDepth (I: 30.24, O: 21.37) Image1 (I: 30.27, O: 21.37) ReadCalls: 21.70
 53023687	VERBOSE   	FPS	XnOpenNI.cpp	890	[FPS] MyDepth (I: 30.30, O: 21.43) Image1 (I: 30.04, O: 21.43) ReadCalls: 21.43
 54013827	VERBOSE   	FPS	XnOpenNI.cpp	890	[FPS] MyDepth (I: 30.11, O: 21.37) Image1 (I: 30.15, O: 21.37) ReadCalls: 21.70
 55023755	VERBOSE   	FPS	XnOpenNI.cpp	890	[FPS] MyDepth (I: 30.30, O: 21.51) Image1 (I: 30.04, O: 21.51) ReadCalls: 21.51
 56026893	VERBOSE   	FPS	XnOpenNI.cpp	890	[FPS] MyDepth (I: 30.04, O: 21.37) Image1 (I: 30.01, O: 21.37) ReadCalls: 21.70
 57008936	VERBOSE   	FPS	XnOpenNI.cpp	890	[FPS] MyDepth (I: 30.16, O: 21.37) Image1 (I: 30.21, O: 21.37) ReadCalls: 21.70
 58028369	VERBOSE   	FPS	XnOpenNI.cpp	890	[FPS] MyDepth (I: 30.02, O: 21.45) Image1 (I: 30.41, O: 21.45) ReadCalls: 21.44
 59003555	VERBOSE   	FPS	XnOpenNI.cpp	890	[FPS] MyDepth (I: 30.31, O: 21.50) Image1 (I: 30.25, O: 21.50) ReadCalls: 21.50
 60003120	VERBOSE   	FPS	XnOpenNI.cpp	890	[FPS] MyDepth (I: 30.31, O: 20.04) Image1 (I: 30.25, O: 20.04) ReadCalls: 20.04
 61004328	VERBOSE   	FPS	XnOpenNI.cpp	890	[FPS] MyDepth (I: 30.31, O: 12.82) Image1 (I: 30.24, O: 12.82) ReadCalls: 12.81
 62003445	VERBOSE   	FPS	XnOpenNI.cpp	890	[FPS] MyDepth (I: 30.00, O: 10.06) Image1 (I: 26.89, O:  9.73) ReadCalls: 10.06
 63003909	VERBOSE   	FPS	XnOpenNI.cpp	890	[FPS] MyDepth (I: 29.96, O: 13.94) Image1 (I: 23.52, O: 13.94) ReadCalls: 13.91
 64003842	VERBOSE   	FPS	XnOpenNI.cpp	890	[FPS] MyDepth (I: 30.00, O: 13.96) Image1 (I: 20.57, O: 13.96) ReadCalls: 13.94
 65004471	VERBOSE   	FPS	XnOpenNI.cpp	890	[FPS] MyDepth (I: 30.29, O: 11.94) Image1 (I: 22.88, O: 11.94) ReadCalls: 11.84
 66003893	VERBOSE   	FPS	XnOpenNI.cpp	890	[FPS] MyDepth (I: 30.30, O: 11.11) Image1 (I: 26.00, O: 11.11) ReadCalls: 11.04
 67004080	VERBOSE   	FPS	XnOpenNI.cpp	890	[FPS] MyDepth (I: 30.30, O:  7.41) Image1 (I: 29.38, O:  7.51) ReadCalls:  7.69
 68017712	VERBOSE   	FPS	XnOpenNI.cpp	890	[FPS] MyDepth (I: 30.26, O:  9.08) Image1 (I: 29.93, O:  9.17) ReadCalls:  9.03
 69013203	VERBOSE   	FPS	XnOpenNI.cpp	890	[FPS] MyDepth (I: 30.30, O:  9.43) Image1 (I: 29.97, O:  9.52) ReadCalls:  9.33
 70013376	VERBOSE   	FPS	XnOpenNI.cpp	890	[FPS] MyDepth (I: 30.31, O: 12.89) Image1 (I: 29.98, O: 12.80) ReadCalls: 13.05
 71013835	VERBOSE   	FPS	XnOpenNI.cpp	890	[FPS] MyDepth (I: 30.30, O: 13.47) Image1 (I: 30.04, O: 13.60) ReadCalls: 13.37
 72014841	VERBOSE   	FPS	XnOpenNI.cpp	890	[FPS] MyDepth (I: 30.29, O: 13.12) Image1 (I: 29.95, O: 13.12) ReadCalls: 13.03
 73013089	VERBOSE   	FPS	XnOpenNI.cpp	890	[FPS] MyDepth (I: 30.31, O: 12.67) Image1 (I: 30.01, O: 12.67) ReadCalls: 12.90
 74014008	VERBOSE   	FPS	XnOpenNI.cpp	890	[FPS] MyDepth (I: 30.29, O: 12.45) Image1 (I: 29.96, O: 12.62) ReadCalls: 12.41
 75014785	VERBOSE   	FPS	XnOpenNI.cpp	890	[FPS] MyDepth (I: 30.29, O: 12.79) Image1 (I: 30.00, O: 12.97) ReadCalls: 12.74
 76013060	VERBOSE   	FPS	XnOpenNI.cpp	890	[FPS] MyDepth (I: 30.31, O: 13.00) Image1 (I: 30.00, O: 13.00) ReadCalls: 13.21
 77008719	VERBOSE   	FPS	XnOpenNI.cpp	890	[FPS] MyDepth (I: 30.05, O: 13.87) Image1 (I: 30.05, O: 13.87) ReadCalls: 14.09
 78023439	VERBOSE   	FPS	XnOpenNI.cpp	890	[FPS] MyDepth (I: 30.30, O: 16.83) Image1 (I: 29.96, O: 17.01) ReadCalls: 16.77
 79020873	VERBOSE   	FPS	XnOpenNI.cpp	890	[FPS] MyDepth (I: 30.00, O: 19.60) Image1 (I: 30.00, O: 19.55) ReadCalls: 19.88
 80003839	VERBOSE   	FPS	XnOpenNI.cpp	890	[FPS] MyDepth (I: 30.20, O: 21.37) Image1 (I: 30.34, O: 21.37) ReadCalls: 21.70
 81007636	VERBOSE   	FPS	XnOpenNI.cpp	890	[FPS] MyDepth (I: 30.16, O: 21.55) Image1 (I: 30.30, O: 21.55) ReadCalls: 21.55
 82007502	VERBOSE   	FPS	XnOpenNI.cpp	890	[FPS] MyDepth (I: 30.16, O: 21.44) Image1 (I: 30.30, O: 21.44) ReadCalls: 21.43
 83007610	VERBOSE   	FPS	XnOpenNI.cpp	890	[FPS] MyDepth (I: 30.16, O: 21.30) Image1 (I: 30.30, O: 21.30) ReadCalls: 21.30
 84008236	VERBOSE   	FPS	XnOpenNI.cpp	890	[FPS] MyDepth (I: 30.15, O: 21.51) Image1 (I: 30.30, O: 21.51) ReadCalls: 21.51
 85007721	VERBOSE   	FPS	XnOpenNI.cpp	890	[FPS] MyDepth (I: 30.16, O: 21.39) Image1 (I: 30.30, O: 21.39) ReadCalls: 21.39
 86007420	VERBOSE   	FPS	XnOpenNI.cpp	890	[FPS] MyDepth (I: 30.16, O: 21.38) Image1 (I: 30.31, O: 21.38) ReadCalls: 21.38
 87008368	VERBOSE   	FPS	XnOpenNI.cpp	890	[FPS] MyDepth (I: 30.16, O: 21.59) Image1 (I: 30.29, O: 21.59) ReadCalls: 21.59
