     4756	INFO      	Log	XnLog.cpp	329	OpenNI version is 1.4.0 (Build 2)-Win32 (Nov 17 2011 18:51:00)
     4817	INFO      	Log	XnLog.cpp	307	--- Filter Info --- Minimum Severity: VERBOSE
    12973	VERBOSE   	ModuleLoader	XnModuleLoader.cpp	452	Found exported production node. Script: OpenNI/OpenNI/1.4.0.2
    27346	VERBOSE   	ModuleLoader	XnModuleLoader.cpp	281	Checking C:\Program Files\OpenNI\Bin\nimRecorder.dll...
    54154	VERBOSE   	ModuleLoader	XnModuleLoader.cpp	452	Found exported production node. Recorder: OpenNI/Recorder/1.4.0.2
    54248	VERBOSE   	ModuleLoader	XnModuleLoader.cpp	452	Found exported production node. Player: OpenNI/Player/1.4.0.2
    54344	VERBOSE   	ModuleLoader	XnModuleLoader.cpp	281	Checking C:\Program Files\OpenNI\Bin\nimMockNodes.dll...
   196700	VERBOSE   	ModuleLoader	XnModuleLoader.cpp	452	Found exported production node. ProductionNode: OpenNI/Mock/1.4.0.2
   196746	VERBOSE   	ModuleLoader	XnModuleLoader.cpp	452	Found exported production node. Generator: OpenNI/Mock/1.4.0.2
   196774	VERBOSE   	ModuleLoader	XnModuleLoader.cpp	452	Found exported production node. MapGenerator: OpenNI/Mock/1.4.0.2
   196804	VERBOSE   	ModuleLoader	XnModuleLoader.cpp	452	Found exported production node. Device: OpenNI/Mock/1.4.0.2
   196831	VERBOSE   	ModuleLoader	XnModuleLoader.cpp	452	Found exported production node. Depth: OpenNI/Mock/1.4.0.2
   196871	VERBOSE   	ModuleLoader	XnModuleLoader.cpp	452	Found exported production node. IR: OpenNI/Mock/1.4.0.2
   196894	VERBOSE   	ModuleLoader	XnModuleLoader.cpp	452	Found exported production node. Image: OpenNI/Mock/1.4.0.2
   196915	VERBOSE   	ModuleLoader	XnModuleLoader.cpp	452	Found exported production node. Audio: OpenNI/Mock/1.4.0.2
   196966	VERBOSE   	ModuleLoader	XnModuleLoader.cpp	281	Checking C:\Program Files\OpenNI\Bin\nimCodecs.dll...
   526683	VERBOSE   	ModuleLoader	XnModuleLoader.cpp	452	Found exported production node. Codec: OpenNI/16zP/1.4.0.2
   526737	VERBOSE   	ModuleLoader	XnModuleLoader.cpp	452	Found exported production node. Codec: OpenNI/16zT/1.4.0.2
   526774	VERBOSE   	ModuleLoader	XnModuleLoader.cpp	452	Found exported production node. Codec: OpenNI/Im8z/1.4.0.2
   526808	VERBOSE   	ModuleLoader	XnModuleLoader.cpp	452	Found exported production node. Codec: OpenNI/JPEG/1.4.0.2
   526837	VERBOSE   	ModuleLoader	XnModuleLoader.cpp	452	Found exported production node. Codec: OpenNI/NONE/1.4.0.2
   526879	VERBOSE   	ModuleLoader	XnModuleLoader.cpp	281	Checking C:\Program Files\PrimeSense\NITE\Features_1_3_0\Bin\XnVFeatures_1_3_0.dll...
  1185952	VERBOSE   	ModuleLoader	XnModuleLoader.cpp	452	Found exported production node. Scene: PrimeSense/XnVSceneAnalyzer/1.3.0.17
  1186021	VERBOSE   	ModuleLoader	XnModuleLoader.cpp	452	Found exported production node. User: PrimeSense/XnVSkeletonGenerator/1.3.0.17
  1186061	VERBOSE   	ModuleLoader	XnModuleLoader.cpp	281	Checking C:\Program Files\PrimeSense\NITE\Features_1_3_1\Bin\XnVFeatures_1_3_1.dll...
  1574734	VERBOSE   	ModuleLoader	XnModuleLoader.cpp	452	Found exported production node. Scene: PrimeSense/XnVSceneAnalyzer/1.3.1.6
  1574783	VERBOSE   	ModuleLoader	XnModuleLoader.cpp	452	Found exported production node. User: PrimeSense/XnVSkeletonGenerator/1.3.1.6
  1574815	VERBOSE   	ModuleLoader	XnModuleLoader.cpp	281	Checking C:\Program Files\PrimeSense\NITE\Features_1_4_1\Bin\XnVFeatures_1_4_1.dll...
  1637443	VERBOSE   	ModuleLoader	XnModuleLoader.cpp	452	Found exported production node. Scene: PrimeSense/XnVSceneAnalyzer/1.4.1.2
  1637521	VERBOSE   	ModuleLoader	XnModuleLoader.cpp	452	Found exported production node. User: PrimeSense/XnVSkeletonGenerator/1.4.1.2
  1637554	VERBOSE   	ModuleLoader	XnModuleLoader.cpp	281	Checking C:\Program Files\PrimeSense\NITE\Hands_1_3_0\Bin\XnVHandGenerator_1_3_0.dll...
  1682340	VERBOSE   	ModuleLoader	XnModuleLoader.cpp	452	Found exported production node. Gesture: PrimeSense/XnVGestureGenrator/1.3.0.17
  1682391	VERBOSE   	ModuleLoader	XnModuleLoader.cpp	452	Found exported production node. Hands: PrimeSense/XnVHandTracker/1.3.0.17
  1682426	VERBOSE   	ModuleLoader	XnModuleLoader.cpp	281	Checking C:\Program Files\PrimeSense\NITE\Hands_1_3_1\Bin\XnVHandGenerator_1_3_1.dll...
  1719990	VERBOSE   	ModuleLoader	XnModuleLoader.cpp	452	Found exported production node. Gesture: PrimeSense/XnVGestureGenrator/1.3.1.6
  1720062	VERBOSE   	ModuleLoader	XnModuleLoader.cpp	452	Found exported production node. Hands: PrimeSense/XnVHandTracker/1.3.1.6
  1720093	VERBOSE   	ModuleLoader	XnModuleLoader.cpp	281	Checking C:\Program Files\PrimeSense\NITE\Hands_1_4_1\Bin\XnVHandGenerator_1_4_1.dll...
  1796345	VERBOSE   	ModuleLoader	XnModuleLoader.cpp	452	Found exported production node. Gesture: PrimeSense/XnVGestureGenrator/1.4.1.2
  1796408	VERBOSE   	ModuleLoader	XnModuleLoader.cpp	452	Found exported production node. Hands: PrimeSense/XnVHandTracker/1.4.1.2
  1796463	VERBOSE   	ModuleLoader	XnModuleLoader.cpp	281	Checking C:\Program Files\PrimeSense\SensorKinect\Bin\XnDeviceFile.dll...
  1886919	VERBOSE   	ModuleLoader	XnModuleLoader.cpp	452	Found exported production node. Player: PrimeSense/File/5.0.3.4
  1886968	VERBOSE   	ModuleLoader	XnModuleLoader.cpp	281	Checking C:\Program Files\PrimeSense\SensorKinect\Bin\XnDeviceSensorV2KM.dll...
  2067098	VERBOSE   	ModuleLoader	XnModuleLoader.cpp	452	Found exported production node. Device: PrimeSense/SensorKinect/5.0.3.4
  2067161	VERBOSE   	ModuleLoader	XnModuleLoader.cpp	452	Found exported production node. Depth: PrimeSense/SensorKinect/5.0.3.4
  2067202	VERBOSE   	ModuleLoader	XnModuleLoader.cpp	452	Found exported production node. Image: PrimeSense/SensorKinect/5.0.3.4
  2067235	VERBOSE   	ModuleLoader	XnModuleLoader.cpp	452	Found exported production node. IR: PrimeSense/SensorKinect/5.0.3.4
  2067283	VERBOSE   	ModuleLoader	XnModuleLoader.cpp	452	Found exported production node. Audio: PrimeSense/SensorKinect/5.0.3.4
  2072099	INFO      	OpenNI	XnOpenNI.cpp	1568	Creating node 'Script1' of type Script: OpenNI/OpenNI/1.4.0.2...
  2072849	VERBOSE   	OpenNI	XnXmlScriptNode.cpp	763	Requested to create a node of type Depth...
  2150908	INFO      	OpenNI	XnOpenNI.cpp	1568	Creating node 'Device1' of type Device: PrimeSense/SensorKinect/5.0.3.4...
  3884033	INFO      	DDK	XnProperty.cpp	151	Property Device.ShareMode was changed to 1.
  3884063	INFO      	DDK	XnProperty.cpp	151	Property Device.InstancePointer was changed.
  3884342	INFO      	DDK	XnProperty.cpp	151	Property Device.ShareMode was changed to 0.
  3884867	INFO      	OpenNI	XnOpenNI.cpp	1568	Creating node 'MyDepth' of type Depth: PrimeSense/SensorKinect/5.0.3.4...
  3884922	VERBOSE   	SensorClient	XnSensorClient.cpp	268	Creating stream MyDepth (of type Depth)
  3896512	INFO      	DDK	XnProperty.cpp	151	Property Device.ReadData was changed to 1.
  3951822	INFO      	DDK	XnDeviceBase.cpp	1383	Creating stream 'MyDepth' of type 'Depth'...
  3951923	VERBOSE   	DDK	XnDeviceBase.cpp	1419	Initializing stream 'MyDepth'...
  3952298	INFO      	DDK	XnProperty.cpp	151	Property MyDepth.RequiredDataSize was changed to 614400.
  3952848	INFO      	DDK	XnProperty.cpp	151	Property MyDepth.OutputFormat was changed to 1.
  3952930	INFO      	DDK	XnDeviceBase.cpp	1458	Stream 'MyDepth' was initialized.
  3952944	INFO      	DDK	XnDeviceBase.cpp	1463	'MyDepth' stream was created.
  3953830	VERBOSE   	SensorClient	XnSensorClient.cpp	391	Getting property MyDepth.SupportedModes from server...
  4040879	VERBOSE   	SensorServer	XnSensorClient.cpp	433	Setting MyDepth.Mirror to 1...
  4041006	INFO      	DDK	XnProperty.cpp	151	Property MyDepth.Mirror was changed to 1.
  4041149	VERBOSE   	OpenNI	XnXmlScriptNode.cpp	763	Requested to create a node of type Image (StopOnError=FALSE)...
  4044307	VERBOSE   	SensorClient	XnSensorClient.cpp	391	Getting property Device.CmosBlankingUnits from server...
  4055591	INFO      	OpenNI	XnOpenNI.cpp	1568	Creating node 'Image1' of type Image: PrimeSense/SensorKinect/5.0.3.4...
  4055627	VERBOSE   	SensorClient	XnSensorClient.cpp	268	Creating stream Image1 (of type Image)
  4077302	INFO      	DDK	XnDeviceBase.cpp	1383	Creating stream 'Image1' of type 'Image'...
  4077613	VERBOSE   	DDK	XnDeviceBase.cpp	1419	Initializing stream 'Image1'...
  4078268	INFO      	DDK	XnProperty.cpp	151	Property Image1.RequiredDataSize was changed to 921600.
  4079282	INFO      	DDK	XnProperty.cpp	151	Property Image1.OutputFormat was changed to 5.
  4079338	INFO      	DDK	XnDeviceBase.cpp	1458	Stream 'Image1' was initialized.
  4079351	INFO      	DDK	XnDeviceBase.cpp	1463	'Image1' stream was created.
  4079819	VERBOSE   	SensorClient	XnSensorClient.cpp	391	Getting property Image1.SupportedModes from server...
  4079945	VERBOSE   	SensorServer	XnSensorClient.cpp	433	Setting Image1.Mirror to 1...
  4080023	INFO      	DDK	XnProperty.cpp	151	Property Image1.Mirror was changed to 1.
  4080274	VERBOSE   	DDK	XnDeviceBase.cpp	359	Opening stream MyDepth...
  4081494	INFO      	DDK	XnProperty.cpp	151	Property MyDepth.ActualReadData was changed to 1.
  4333285	VERBOSE   	FPS	XnOpenNI.cpp	890	[FPS] MyDepth (I:  0.00, O:  0.00) Image1 (I:  0.00, O:  0.00) ReadCalls:  0.00
  4546719	INFO      	DDK	XnProperty.cpp	151	Property MyDepth.State was changed to 1.
  4546750	INFO      	DDK	XnDeviceBase.cpp	370	Stream MyDepth is open.
  4546775	VERBOSE   	DDK	XnDeviceBase.cpp	359	Opening stream Image1...
  4548419	INFO      	DDK	XnProperty.cpp	151	Property Image1.ActualReadData was changed to 1.
  5016210	VERBOSE   	FPS	XnOpenNI.cpp	890	[FPS] MyDepth (I: 29.29, O:  0.00) Image1 (I:  0.00, O:  0.00) ReadCalls:  0.00
  6016184	VERBOSE   	FPS	XnOpenNI.cpp	890	[FPS] MyDepth (I: 29.71, O:  0.00) Image1 (I:  0.00, O:  0.00) ReadCalls:  0.00
  7016416	VERBOSE   	FPS	XnOpenNI.cpp	890	[FPS] MyDepth (I: 29.82, O:  0.00) Image1 (I:  0.00, O:  0.00) ReadCalls:  0.00
  7742289	INFO      	DDK	XnProperty.cpp	151	Property Image1.State was changed to 1.
  7742324	INFO      	DDK	XnDeviceBase.cpp	370	Stream Image1 is open.
  7742470	VERBOSE   	SensorServer	XnSensorClient.cpp	433	Setting MyDepth.Registration to 1...
  7925630	INFO      	DDK	XnProperty.cpp	151	Property MyDepth.Registration was changed to 1.
  8006940	VERBOSE   	FPS	XnOpenNI.cpp	890	[FPS] MyDepth (I: 29.42, O:  0.00) Image1 (I: 33.18, O:  0.00) ReadCalls:  0.00
  9029698	VERBOSE   	FPS	XnOpenNI.cpp	890	[FPS] MyDepth (I: 29.26, O:  0.00) Image1 (I: 29.62, O:  0.00) ReadCalls:  0.00
 10029744	VERBOSE   	FPS	XnOpenNI.cpp	890	[FPS] MyDepth (I: 29.26, O:  0.00) Image1 (I: 29.78, O:  0.00) ReadCalls:  0.00
 11030509	VERBOSE   	FPS	XnOpenNI.cpp	890	[FPS] MyDepth (I: 29.99, O:  0.00) Image1 (I: 29.87, O:  0.00) ReadCalls:  0.00
 12029943	VERBOSE   	FPS	XnOpenNI.cpp	890	[FPS] MyDepth (I: 30.30, O:  0.00) Image1 (I: 29.96, O:  0.00) ReadCalls:  0.00
 13000754	VERBOSE   	FPS	XnOpenNI.cpp	890	[FPS] MyDepth (I: 30.29, O:  0.00) Image1 (I: 29.96, O:  0.00) ReadCalls:  0.00
 14029329	VERBOSE   	FPS	XnOpenNI.cpp	890	[FPS] MyDepth (I: 30.31, O:  0.00) Image1 (I: 30.01, O:  0.00) ReadCalls:  0.00
 15029088	VERBOSE   	FPS	XnOpenNI.cpp	890	[FPS] MyDepth (I: 30.31, O:  0.00) Image1 (I: 30.01, O:  0.00) ReadCalls:  0.00
 16029492	VERBOSE   	FPS	XnOpenNI.cpp	890	[FPS] MyDepth (I: 30.31, O:  0.00) Image1 (I: 30.01, O:  0.00) ReadCalls:  0.00
 17029071	VERBOSE   	FPS	XnOpenNI.cpp	890	[FPS] MyDepth (I: 30.31, O:  0.00) Image1 (I: 30.01, O:  0.00) ReadCalls:  0.00
 18038867	VERBOSE   	FPS	XnOpenNI.cpp	890	[FPS] MyDepth (I: 30.30, O:  0.00) Image1 (I: 29.97, O:  0.00) ReadCalls:  0.00
 19038949	VERBOSE   	FPS	XnOpenNI.cpp	890	[FPS] MyDepth (I: 30.30, O:  0.00) Image1 (I: 29.64, O:  0.00) ReadCalls:  0.00
 20000753	VERBOSE   	FPS	XnOpenNI.cpp	890	[FPS] MyDepth (I: 30.29, O:  0.00) Image1 (I: 29.61, O:  0.00) ReadCalls:  0.00
 21009223	VERBOSE   	FPS	XnOpenNI.cpp	890	[FPS] MyDepth (I: 30.30, O:  0.00) Image1 (I: 29.63, O:  0.00) ReadCalls:  0.00
 22009828	VERBOSE   	FPS	XnOpenNI.cpp	890	[FPS] MyDepth (I: 30.29, O:  0.00) Image1 (I: 29.96, O:  0.00) ReadCalls:  0.00
 23009080	VERBOSE   	FPS	XnOpenNI.cpp	890	[FPS] MyDepth (I: 30.33, O:  2.37) Image1 (I: 30.00, O:  2.37) ReadCalls:  2.35
 24008843	VERBOSE   	FPS	XnOpenNI.cpp	890	[FPS] MyDepth (I: 30.30, O:  5.68) Image1 (I: 30.00, O:  7.90) ReadCalls:  8.15
 25009616	VERBOSE   	FPS	XnOpenNI.cpp	890	[FPS] MyDepth (I: 30.31, O:  4.42) Image1 (I: 29.00, O:  6.55) ReadCalls:  6.41
 26009766	VERBOSE   	FPS	XnOpenNI.cpp	890	[FPS] MyDepth (I: 30.30, O:  3.06) Image1 (I: 28.96, O:  5.10) ReadCalls:  5.10
 27009121	VERBOSE   	FPS	XnOpenNI.cpp	890	[FPS] MyDepth (I: 30.30, O:  0.00) Image1 (I: 29.05, O:  1.01) ReadCalls:  1.01
 28008699	VERBOSE   	FPS	XnOpenNI.cpp	890	[FPS] MyDepth (I: 30.32, O:  0.00) Image1 (I: 29.34, O:  0.00) ReadCalls:  0.00
 29009253	VERBOSE   	FPS	XnOpenNI.cpp	890	[FPS] MyDepth (I: 30.31, O:  0.00) Image1 (I: 29.01, O:  0.00) ReadCalls:  0.00
 30009603	VERBOSE   	FPS	XnOpenNI.cpp	890	[FPS] MyDepth (I: 30.40, O:  0.00) Image1 (I: 28.71, O:  0.00) ReadCalls:  0.00
 31019144	VERBOSE   	FPS	XnOpenNI.cpp	890	[FPS] MyDepth (I: 30.30, O:  0.00) Image1 (I: 29.29, O:  0.00) ReadCalls:  0.00
 32019573	VERBOSE   	FPS	XnOpenNI.cpp	890	[FPS] MyDepth (I: 30.30, O:  0.00) Image1 (I: 29.29, O:  0.00) ReadCalls:  0.00
 33019671	VERBOSE   	FPS	XnOpenNI.cpp	890	[FPS] MyDepth (I: 30.30, O:  0.00) Image1 (I: 28.96, O:  0.00) ReadCalls:  0.00
 34018738	VERBOSE   	FPS	XnOpenNI.cpp	890	[FPS] MyDepth (I: 30.31, O:  0.00) Image1 (I: 29.00, O:  0.00) ReadCalls:  0.00
 35018579	VERBOSE   	FPS	XnOpenNI.cpp	890	[FPS] MyDepth (I: 30.33, O:  0.00) Image1 (I: 29.34, O:  0.00) ReadCalls:  0.00
 36018578	VERBOSE   	FPS	XnOpenNI.cpp	890	[FPS] MyDepth (I: 30.32, O:  0.00) Image1 (I: 30.01, O:  0.00) ReadCalls:  0.00
 37018690	VERBOSE   	FPS	XnOpenNI.cpp	890	[FPS] MyDepth (I: 30.30, O:  0.00) Image1 (I: 30.00, O:  0.00) ReadCalls:  0.00
 38020138	VERBOSE   	FPS	XnOpenNI.cpp	890	[FPS] MyDepth (I: 30.29, O:  0.00) Image1 (I: 29.95, O:  0.00) ReadCalls:  0.00
 39019000	VERBOSE   	FPS	XnOpenNI.cpp	890	[FPS] MyDepth (I: 30.30, O:  0.00) Image1 (I: 29.96, O:  0.00) ReadCalls:  0.00
 40028766	VERBOSE   	FPS	XnOpenNI.cpp	890	[FPS] MyDepth (I: 30.30, O:  0.00) Image1 (I: 29.97, O:  0.00) ReadCalls:  0.00
 41029069	VERBOSE   	FPS	XnOpenNI.cpp	890	[FPS] MyDepth (I: 30.30, O:  0.00) Image1 (I: 29.96, O:  0.00) ReadCalls:  0.00
 42028627	VERBOSE   	FPS	XnOpenNI.cpp	890	[FPS] MyDepth (I: 30.31, O:  0.00) Image1 (I: 29.97, O:  0.00) ReadCalls:  0.00
 43028340	VERBOSE   	FPS	XnOpenNI.cpp	890	[FPS] MyDepth (I: 30.31, O:  0.00) Image1 (I: 30.01, O:  0.00) ReadCalls:  0.00
 44028966	VERBOSE   	FPS	XnOpenNI.cpp	890	[FPS] MyDepth (I: 30.30, O:  0.00) Image1 (I: 30.00, O:  0.00) ReadCalls:  0.00
 45029177	VERBOSE   	FPS	XnOpenNI.cpp	890	[FPS] MyDepth (I: 30.30, O:  0.00) Image1 (I: 29.96, O:  0.00) ReadCalls:  0.00
 46028721	VERBOSE   	FPS	XnOpenNI.cpp	890	[FPS] MyDepth (I: 30.30, O:  0.00) Image1 (I: 29.96, O:  0.00) ReadCalls:  0.00
 47028657	VERBOSE   	FPS	XnOpenNI.cpp	890	[FPS] MyDepth (I: 30.31, O:  0.00) Image1 (I: 30.00, O:  0.00) ReadCalls:  0.00
 48028371	VERBOSE   	FPS	XnOpenNI.cpp	890	[FPS] MyDepth (I: 30.30, O:  0.00) Image1 (I: 30.01, O:  0.00) ReadCalls:  0.00
 49041221	VERBOSE   	FPS	XnOpenNI.cpp	890	[FPS] MyDepth (I: 30.27, O:  0.00) Image1 (I: 29.94, O:  0.00) ReadCalls:  0.00
 50000282	VERBOSE   	FPS	XnOpenNI.cpp	890	[FPS] MyDepth (I: 30.29, O:  0.00) Image1 (I: 30.29, O:  0.00) ReadCalls:  0.00
 51038873	VERBOSE   	FPS	XnOpenNI.cpp	890	[FPS] MyDepth (I: 30.30, O:  0.00) Image1 (I: 29.96, O:  0.00) ReadCalls:  0.00
 52008422	VERBOSE   	FPS	XnOpenNI.cpp	890	[FPS] MyDepth (I: 30.33, O:  0.00) Image1 (I: 30.00, O:  0.00) ReadCalls:  0.00
 53008635	VERBOSE   	FPS	XnOpenNI.cpp	890	[FPS] MyDepth (I: 30.30, O:  0.00) Image1 (I: 29.97, O:  0.00) ReadCalls:  0.00
 54008971	VERBOSE   	FPS	XnOpenNI.cpp	890	[FPS] MyDepth (I: 30.30, O:  0.00) Image1 (I: 29.97, O:  0.00) ReadCalls:  0.00
 55008856	VERBOSE   	FPS	XnOpenNI.cpp	890	[FPS] MyDepth (I: 30.30, O:  0.00) Image1 (I: 29.97, O:  0.00) ReadCalls:  0.00
 56008536	VERBOSE   	FPS	XnOpenNI.cpp	890	[FPS] MyDepth (I: 30.32, O:  0.00) Image1 (I: 30.00, O:  0.00) ReadCalls:  0.00
 57008530	VERBOSE   	FPS	XnOpenNI.cpp	890	[FPS] MyDepth (I: 30.31, O:  0.00) Image1 (I: 30.01, O:  0.00) ReadCalls:  0.00
 58008982	VERBOSE   	FPS	XnOpenNI.cpp	890	[FPS] MyDepth (I: 30.30, O:  0.00) Image1 (I: 29.97, O:  0.00) ReadCalls:  0.00
 59008260	VERBOSE   	FPS	XnOpenNI.cpp	890	[FPS] MyDepth (I: 30.31, O:  0.00) Image1 (I: 30.00, O:  0.00) ReadCalls:  0.00
 60008634	VERBOSE   	FPS	XnOpenNI.cpp	890	[FPS] MyDepth (I: 30.31, O:  0.00) Image1 (I: 29.98, O:  0.00) ReadCalls:  0.00
 61018139	VERBOSE   	FPS	XnOpenNI.cpp	890	[FPS] MyDepth (I: 30.31, O:  0.00) Image1 (I: 29.98, O:  0.00) ReadCalls:  0.00
 62018098	VERBOSE   	FPS	XnOpenNI.cpp	890	[FPS] MyDepth (I: 30.31, O:  0.00) Image1 (I: 28.97, O:  0.00) ReadCalls:  0.00
 63018319	VERBOSE   	FPS	XnOpenNI.cpp	890	[FPS] MyDepth (I: 30.30, O:  0.00) Image1 (I: 28.96, O:  0.00) ReadCalls:  0.00
 64018422	VERBOSE   	FPS	XnOpenNI.cpp	890	[FPS] MyDepth (I: 30.31, O:  0.00) Image1 (I: 28.62, O:  0.00) ReadCalls:  0.00
 65017897	VERBOSE   	FPS	XnOpenNI.cpp	890	[FPS] MyDepth (I: 30.31, O:  0.00) Image1 (I: 28.67, O:  0.00) ReadCalls:  0.00
 66018089	VERBOSE   	FPS	XnOpenNI.cpp	890	[FPS] MyDepth (I: 30.30, O:  0.00) Image1 (I: 28.34, O:  0.00) ReadCalls:  0.00
 67017957	VERBOSE   	FPS	XnOpenNI.cpp	890	[FPS] MyDepth (I: 30.31, O:  0.00) Image1 (I: 28.67, O:  0.00) ReadCalls:  0.00
 68018325	VERBOSE   	FPS	XnOpenNI.cpp	890	[FPS] MyDepth (I: 30.30, O:  0.00) Image1 (I: 29.63, O:  0.00) ReadCalls:  0.00
 69018446	VERBOSE   	FPS	XnOpenNI.cpp	890	[FPS] MyDepth (I: 30.30, O:  0.00) Image1 (I: 29.96, O:  0.00) ReadCalls:  0.00
 70027936	VERBOSE   	FPS	XnOpenNI.cpp	890	[FPS] MyDepth (I: 30.31, O:  0.00) Image1 (I: 29.98, O:  0.00) ReadCalls:  0.00
 71028011	VERBOSE   	FPS	XnOpenNI.cpp	890	[FPS] MyDepth (I: 30.30, O:  0.00) Image1 (I: 29.97, O:  0.00) ReadCalls:  0.00
 72027999	VERBOSE   	FPS	XnOpenNI.cpp	890	[FPS] MyDepth (I: 30.31, O:  0.00) Image1 (I: 29.97, O:  0.00) ReadCalls:  0.00
 73027847	VERBOSE   	FPS	XnOpenNI.cpp	890	[FPS] MyDepth (I: 30.31, O:  0.00) Image1 (I: 30.00, O:  0.00) ReadCalls:  0.00
 74027959	VERBOSE   	FPS	XnOpenNI.cpp	890	[FPS] MyDepth (I: 30.30, O:  0.00) Image1 (I: 30.00, O:  0.00) ReadCalls:  0.00
 75028034	VERBOSE   	FPS	XnOpenNI.cpp	890	[FPS] MyDepth (I: 30.30, O:  0.00) Image1 (I: 30.00, O:  0.00) ReadCalls:  0.00
 76028043	VERBOSE   	FPS	XnOpenNI.cpp	890	[FPS] MyDepth (I: 30.30, O:  0.00) Image1 (I: 29.97, O:  0.00) ReadCalls:  0.00
 77027699	VERBOSE   	FPS	XnOpenNI.cpp	890	[FPS] MyDepth (I: 30.31, O:  0.00) Image1 (I: 30.00, O:  0.00) ReadCalls:  0.00
 78028425	VERBOSE   	FPS	XnOpenNI.cpp	890	[FPS] MyDepth (I: 30.30, O:  0.00) Image1 (I: 29.96, O:  0.00) ReadCalls:  0.00
 79038713	VERBOSE   	FPS	XnOpenNI.cpp	890	[FPS] MyDepth (I: 30.30, O:  0.00) Image1 (I: 29.96, O:  0.00) ReadCalls:  0.00
 80038090	VERBOSE   	FPS	XnOpenNI.cpp	890	[FPS] MyDepth (I: 30.30, O:  0.00) Image1 (I: 29.97, O:  0.00) ReadCalls:  0.00
 81038680	VERBOSE   	FPS	XnOpenNI.cpp	890	[FPS] MyDepth (I: 30.31, O:  0.00) Image1 (I: 29.97, O:  0.00) ReadCalls:  0.00
 82008263	VERBOSE   	FPS	XnOpenNI.cpp	890	[FPS] MyDepth (I: 30.31, O:  0.00) Image1 (I: 29.97, O:  0.00) ReadCalls:  0.00
 83008227	VERBOSE   	FPS	XnOpenNI.cpp	890	[FPS] MyDepth (I: 30.30, O:  0.00) Image1 (I: 29.97, O:  0.00) ReadCalls:  0.00
 84007782	VERBOSE   	FPS	XnOpenNI.cpp	890	[FPS] MyDepth (I: 30.31, O:  0.00) Image1 (I: 29.64, O:  0.00) ReadCalls:  0.00
 85007706	VERBOSE   	FPS	XnOpenNI.cpp	890	[FPS] MyDepth (I: 29.67, O:  0.00) Image1 (I: 28.34, O:  0.00) ReadCalls:  0.00
 86007648	VERBOSE   	FPS	XnOpenNI.cpp	890	[FPS] MyDepth (I: 28.67, O:  0.00) Image1 (I: 27.34, O:  0.00) ReadCalls:  0.00
 87007680	VERBOSE   	FPS	XnOpenNI.cpp	890	[FPS] MyDepth (I: 28.67, O:  0.00) Image1 (I: 27.67, O:  0.00) ReadCalls:  0.00
 88023376	VERBOSE   	FPS	XnOpenNI.cpp	890	[FPS] MyDepth (I: 29.31, O:  0.00) Image1 (I: 29.02, O:  0.00) ReadCalls:  0.00
 89009758	VERBOSE   	FPS	XnOpenNI.cpp	890	[FPS] MyDepth (I: 30.28, O:  0.00) Image1 (I: 30.14, O:  0.00) ReadCalls:  0.00
 90007450	VERBOSE   	FPS	XnOpenNI.cpp	890	[FPS] MyDepth (I: 30.31, O:  0.00) Image1 (I: 30.17, O:  0.00) ReadCalls:  0.00
 91018440	VERBOSE   	FPS	XnOpenNI.cpp	890	[FPS] MyDepth (I: 30.55, O:  0.00) Image1 (I: 30.06, O:  0.00) ReadCalls:  0.00
 92017684	VERBOSE   	FPS	XnOpenNI.cpp	890	[FPS] MyDepth (I: 30.31, O:  0.00) Image1 (I: 30.06, O:  0.00) ReadCalls:  0.00
 93017343	VERBOSE   	FPS	XnOpenNI.cpp	890	[FPS] MyDepth (I: 30.44, O:  0.00) Image1 (I: 30.07, O:  0.00) ReadCalls:  0.00
 94017415	VERBOSE   	FPS	XnOpenNI.cpp	890	[FPS] MyDepth (I: 30.31, O:  0.00) Image1 (I: 30.06, O:  0.00) ReadCalls:  0.00
 95017438	VERBOSE   	FPS	XnOpenNI.cpp	890	[FPS] MyDepth (I: 30.30, O:  0.00) Image1 (I: 30.06, O:  0.00) ReadCalls:  0.00
 96017895	VERBOSE   	FPS	XnOpenNI.cpp	890	[FPS] MyDepth (I: 29.62, O:  0.00) Image1 (I: 28.05, O:  0.00) ReadCalls:  0.00
 97040433	VERBOSE   	FPS	XnOpenNI.cpp	890	[FPS] MyDepth (I: 28.73, O:  0.00) Image1 (I: 26.11, O:  0.00) ReadCalls:  0.00
 98017535	VERBOSE   	FPS	XnOpenNI.cpp	890	[FPS] MyDepth (I: 28.62, O:  0.00) Image1 (I: 25.72, O:  0.00) ReadCalls:  0.00
 99017582	VERBOSE   	FPS	XnOpenNI.cpp	890	[FPS] MyDepth (I: 29.34, O:  0.00) Image1 (I: 27.67, O:  0.00) ReadCalls:  0.00
100023067	VERBOSE   	FPS	XnOpenNI.cpp	890	[FPS] MyDepth (I: 29.84, O:  0.00) Image1 (I: 29.84, O:  0.00) ReadCalls:  0.00
101022916	VERBOSE   	FPS	XnOpenNI.cpp	890	[FPS] MyDepth (I: 30.01, O:  0.00) Image1 (I: 30.30, O:  0.00) ReadCalls:  0.00
102022886	VERBOSE   	FPS	XnOpenNI.cpp	890	[FPS] MyDepth (I: 30.02, O:  0.00) Image1 (I: 30.30, O:  0.00) ReadCalls:  0.00
103023358	VERBOSE   	FPS	XnOpenNI.cpp	890	[FPS] MyDepth (I: 30.04, O:  0.00) Image1 (I: 30.30, O:  0.00) ReadCalls:  0.00
104022871	VERBOSE   	FPS	XnOpenNI.cpp	890	[FPS] MyDepth (I: 30.05, O:  0.00) Image1 (I: 30.30, O:  0.00) ReadCalls:  0.00
105023050	VERBOSE   	FPS	XnOpenNI.cpp	890	[FPS] MyDepth (I: 30.04, O:  0.00) Image1 (I: 30.30, O:  0.00) ReadCalls:  0.00
106022676	VERBOSE   	FPS	XnOpenNI.cpp	890	[FPS] MyDepth (I: 30.05, O:  0.00) Image1 (I: 30.31, O:  0.00) ReadCalls:  0.00
107022820	VERBOSE   	FPS	XnOpenNI.cpp	890	[FPS] MyDepth (I: 30.04, O:  0.00) Image1 (I: 30.30, O:  0.00) ReadCalls:  0.00
108022661	VERBOSE   	FPS	XnOpenNI.cpp	890	[FPS] MyDepth (I: 30.04, O:  0.00) Image1 (I: 30.31, O:  0.00) ReadCalls:  0.00
109022785	VERBOSE   	FPS	XnOpenNI.cpp	890	[FPS] MyDepth (I: 30.04, O:  0.00) Image1 (I: 30.30, O:  0.00) ReadCalls:  0.00
110022985	VERBOSE   	FPS	XnOpenNI.cpp	890	[FPS] MyDepth (I: 30.04, O:  0.00) Image1 (I: 30.30, O:  0.00) ReadCalls:  0.00
111022797	VERBOSE   	FPS	XnOpenNI.cpp	890	[FPS] MyDepth (I: 30.04, O:  0.00) Image1 (I: 30.30, O:  0.00) ReadCalls:  0.00
112007386	VERBOSE   	FPS	XnOpenNI.cpp	890	[FPS] MyDepth (I: 30.30, O:  0.00) Image1 (I: 30.15, O:  0.00) ReadCalls:  0.00
113007344	VERBOSE   	FPS	XnOpenNI.cpp	890	[FPS] MyDepth (I: 30.30, O:  0.00) Image1 (I: 30.16, O:  0.00) ReadCalls:  0.00
114008191	VERBOSE   	FPS	XnOpenNI.cpp	890	[FPS] MyDepth (I: 30.29, O:  0.00) Image1 (I: 30.15, O:  0.00) ReadCalls:  0.00
115007341	VERBOSE   	FPS	XnOpenNI.cpp	890	[FPS] MyDepth (I: 30.31, O:  0.00) Image1 (I: 30.16, O:  0.00) ReadCalls:  0.00
116007150	VERBOSE   	FPS	XnOpenNI.cpp	890	[FPS] MyDepth (I: 30.31, O:  0.00) Image1 (I: 30.16, O:  0.00) ReadCalls:  0.00
117006938	VERBOSE   	FPS	XnOpenNI.cpp	890	[FPS] MyDepth (I: 30.31, O:  0.00) Image1 (I: 30.18, O:  0.00) ReadCalls:  0.00
118007056	VERBOSE   	FPS	XnOpenNI.cpp	890	[FPS] MyDepth (I: 30.30, O:  0.00) Image1 (I: 30.16, O:  0.00) ReadCalls:  0.00
119006961	VERBOSE   	FPS	XnOpenNI.cpp	890	[FPS] MyDepth (I: 30.30, O:  0.00) Image1 (I: 30.16, O:  0.00) ReadCalls:  0.00
120007795	VERBOSE   	FPS	XnOpenNI.cpp	890	[FPS] MyDepth (I: 30.31, O:  0.00) Image1 (I: 30.15, O:  0.00) ReadCalls:  0.00
121017745	VERBOSE   	FPS	XnOpenNI.cpp	890	[FPS] MyDepth (I: 30.30, O:  0.00) Image1 (I: 30.05, O:  0.00) ReadCalls:  0.00
122017665	VERBOSE   	FPS	XnOpenNI.cpp	890	[FPS] MyDepth (I: 30.29, O:  0.00) Image1 (I: 30.05, O:  0.00) ReadCalls:  0.00
123016925	VERBOSE   	FPS	XnOpenNI.cpp	890	[FPS] MyDepth (I: 30.31, O:  0.00) Image1 (I: 30.06, O:  0.00) ReadCalls:  0.00
124018068	VERBOSE   	FPS	XnOpenNI.cpp	890	[FPS] MyDepth (I: 30.30, O:  0.00) Image1 (I: 30.05, O:  0.00) ReadCalls:  0.00
125016956	VERBOSE   	FPS	XnOpenNI.cpp	890	[FPS] MyDepth (I: 30.31, O:  0.00) Image1 (I: 30.06, O:  0.00) ReadCalls:  0.00
126017721	VERBOSE   	FPS	XnOpenNI.cpp	890	[FPS] MyDepth (I: 30.30, O:  0.00) Image1 (I: 30.05, O:  0.00) ReadCalls:  0.00
127017011	VERBOSE   	FPS	XnOpenNI.cpp	890	[FPS] MyDepth (I: 30.31, O:  0.00) Image1 (I: 30.06, O:  0.00) ReadCalls:  0.00
128017106	VERBOSE   	FPS	XnOpenNI.cpp	890	[FPS] MyDepth (I: 30.30, O:  0.00) Image1 (I: 30.05, O:  0.00) ReadCalls:  0.00
129023843	VERBOSE   	FPS	XnOpenNI.cpp	890	[FPS] MyDepth (I: 30.24, O:  0.00) Image1 (I: 30.06, O:  0.00) ReadCalls:  0.00
130035783	VERBOSE   	FPS	XnOpenNI.cpp	890	[FPS] MyDepth (I: 29.55, O:  0.00) Image1 (I: 28.59, O:  0.00) ReadCalls:  0.00
131028382	VERBOSE   	FPS	XnOpenNI.cpp	890	[FPS] MyDepth (I: 28.61, O:  0.00) Image1 (I: 26.97, O:  0.00) ReadCalls:  0.00
132026966	VERBOSE   	FPS	XnOpenNI.cpp	890	[FPS] MyDepth (I: 28.62, O:  0.00) Image1 (I: 27.01, O:  0.00) ReadCalls:  0.00
133028079	VERBOSE   	FPS	XnOpenNI.cpp	890	[FPS] MyDepth (I: 29.41, O:  0.00) Image1 (I: 28.41, O:  0.00) ReadCalls:  0.00
134026861	VERBOSE   	FPS	XnOpenNI.cpp	890	[FPS] MyDepth (I: 30.30, O:  0.00) Image1 (I: 30.06, O:  0.00) ReadCalls:  0.00
135027110	VERBOSE   	FPS	XnOpenNI.cpp	890	[FPS] MyDepth (I: 30.30, O:  0.00) Image1 (I: 30.06, O:  0.00) ReadCalls:  0.00
136027754	VERBOSE   	FPS	XnOpenNI.cpp	890	[FPS] MyDepth (I: 30.30, O:  0.00) Image1 (I: 30.04, O:  0.00) ReadCalls:  0.00
137027127	VERBOSE   	FPS	XnOpenNI.cpp	890	[FPS] MyDepth (I: 30.30, O:  0.00) Image1 (I: 30.05, O:  0.00) ReadCalls:  0.00
138026634	VERBOSE   	FPS	XnOpenNI.cpp	890	[FPS] MyDepth (I: 30.30, O:  0.00) Image1 (I: 30.06, O:  0.00) ReadCalls:  0.00
139032760	VERBOSE   	FPS	XnOpenNI.cpp	890	[FPS] MyDepth (I: 30.01, O:  0.00) Image1 (I: 30.30, O:  0.00) ReadCalls:  0.00
140032125	VERBOSE   	FPS	XnOpenNI.cpp	890	[FPS] MyDepth (I: 30.01, O:  0.00) Image1 (I: 30.31, O:  0.00) ReadCalls:  0.00
141032356	VERBOSE   	FPS	XnOpenNI.cpp	890	[FPS] MyDepth (I: 30.01, O:  0.00) Image1 (I: 30.31, O:  0.00) ReadCalls:  0.00
142006749	VERBOSE   	FPS	XnOpenNI.cpp	890	[FPS] MyDepth (I: 30.31, O:  0.00) Image1 (I: 30.26, O:  0.00) ReadCalls:  0.00
143007077	VERBOSE   	FPS	XnOpenNI.cpp	890	[FPS] MyDepth (I: 30.30, O:  0.00) Image1 (I: 30.25, O:  0.00) ReadCalls:  0.00
144006685	VERBOSE   	FPS	XnOpenNI.cpp	890	[FPS] MyDepth (I: 30.30, O:  0.00) Image1 (I: 30.26, O:  0.00) ReadCalls:  0.00
145006634	VERBOSE   	FPS	XnOpenNI.cpp	890	[FPS] MyDepth (I: 30.30, O:  0.00) Image1 (I: 30.26, O:  0.00) ReadCalls:  0.00
146007529	VERBOSE   	FPS	XnOpenNI.cpp	890	[FPS] MyDepth (I: 30.30, O:  0.00) Image1 (I: 30.25, O:  0.00) ReadCalls:  0.00
147007489	VERBOSE   	FPS	XnOpenNI.cpp	890	[FPS] MyDepth (I: 30.30, O:  0.00) Image1 (I: 30.25, O:  0.00) ReadCalls:  0.00
148008621	VERBOSE   	FPS	XnOpenNI.cpp	890	[FPS] MyDepth (I: 30.29, O:  0.00) Image1 (I: 30.24, O:  0.00) ReadCalls:  0.00
149006296	VERBOSE   	FPS	XnOpenNI.cpp	890	[FPS] MyDepth (I: 30.32, O:  0.00) Image1 (I: 30.26, O:  0.00) ReadCalls:  0.00
150006498	VERBOSE   	FPS	XnOpenNI.cpp	890	[FPS] MyDepth (I: 30.31, O:  0.00) Image1 (I: 30.26, O:  0.00) ReadCalls:  0.00
151002001	VERBOSE   	FPS	XnOpenNI.cpp	890	[FPS] MyDepth (I: 30.07, O:  0.00) Image1 (I: 30.30, O:  0.00) ReadCalls:  0.00
152002087	VERBOSE   	FPS	XnOpenNI.cpp	890	[FPS] MyDepth (I: 30.04, O:  0.00) Image1 (I: 30.30, O:  0.00) ReadCalls:  0.00
153001934	VERBOSE   	FPS	XnOpenNI.cpp	890	[FPS] MyDepth (I: 30.05, O:  0.00) Image1 (I: 30.31, O:  0.00) ReadCalls:  0.00
154001917	VERBOSE   	FPS	XnOpenNI.cpp	890	[FPS] MyDepth (I: 30.05, O:  0.00) Image1 (I: 30.30, O:  0.00) ReadCalls:  0.00
155002446	VERBOSE   	FPS	XnOpenNI.cpp	890	[FPS] MyDepth (I: 30.14, O:  0.00) Image1 (I: 30.30, O:  0.00) ReadCalls:  0.00
156001904	VERBOSE   	FPS	XnOpenNI.cpp	890	[FPS] MyDepth (I: 30.15, O:  0.00) Image1 (I: 30.30, O:  0.00) ReadCalls:  0.00
157002361	VERBOSE   	FPS	XnOpenNI.cpp	890	[FPS] MyDepth (I: 30.15, O:  0.00) Image1 (I: 30.31, O:  0.00) ReadCalls:  0.00
158001878	VERBOSE   	FPS	XnOpenNI.cpp	890	[FPS] MyDepth (I: 30.15, O:  0.00) Image1 (I: 30.31, O:  0.00) ReadCalls:  0.00
159002714	VERBOSE   	FPS	XnOpenNI.cpp	890	[FPS] MyDepth (I: 30.14, O:  0.00) Image1 (I: 30.29, O:  0.00) ReadCalls:  0.00
160001661	VERBOSE   	FPS	XnOpenNI.cpp	890	[FPS] MyDepth (I: 30.15, O:  0.00) Image1 (I: 30.31, O:  0.00) ReadCalls:  0.00
161001709	VERBOSE   	FPS	XnOpenNI.cpp	890	[FPS] MyDepth (I: 30.15, O:  0.00) Image1 (I: 30.30, O:  0.00) ReadCalls:  0.00
162001767	VERBOSE   	FPS	XnOpenNI.cpp	890	[FPS] MyDepth (I: 30.16, O:  0.00) Image1 (I: 30.31, O:  0.00) ReadCalls:  0.00
163001642	VERBOSE   	FPS	XnOpenNI.cpp	890	[FPS] MyDepth (I: 30.15, O:  0.00) Image1 (I: 30.31, O:  0.00) ReadCalls:  0.00
164001610	VERBOSE   	FPS	XnOpenNI.cpp	890	[FPS] MyDepth (I: 30.25, O:  0.00) Image1 (I: 30.30, O:  0.00) ReadCalls:  0.00
165001847	VERBOSE   	FPS	XnOpenNI.cpp	890	[FPS] MyDepth (I: 30.25, O:  0.00) Image1 (I: 30.31, O:  0.00) ReadCalls:  0.00
166001807	VERBOSE   	FPS	XnOpenNI.cpp	890	[FPS] MyDepth (I: 30.25, O:  0.00) Image1 (I: 30.30, O:  0.00) ReadCalls:  0.00
167001891	VERBOSE   	FPS	XnOpenNI.cpp	890	[FPS] MyDepth (I: 30.24, O:  0.00) Image1 (I: 30.30, O:  0.00) ReadCalls:  0.00
168001944	VERBOSE   	FPS	XnOpenNI.cpp	890	[FPS] MyDepth (I: 30.24, O:  0.00) Image1 (I: 30.30, O:  0.00) ReadCalls:  0.00
169001954	VERBOSE   	FPS	XnOpenNI.cpp	890	[FPS] MyDepth (I: 30.25, O:  0.00) Image1 (I: 30.30, O:  0.00) ReadCalls:  0.00
170002173	VERBOSE   	FPS	XnOpenNI.cpp	890	[FPS] MyDepth (I: 30.24, O:  0.00) Image1 (I: 30.30, O:  0.00) ReadCalls:  0.00
171002174	VERBOSE   	FPS	XnOpenNI.cpp	890	[FPS] MyDepth (I: 30.24, O:  0.00) Image1 (I: 30.30, O:  0.00) ReadCalls:  0.00
172002187	VERBOSE   	FPS	XnOpenNI.cpp	890	[FPS] MyDepth (I: 30.24, O:  0.00) Image1 (I: 30.30, O:  0.00) ReadCalls:  0.00
173002354	VERBOSE   	FPS	XnOpenNI.cpp	890	[FPS] MyDepth (I: 30.01, O:  0.00) Image1 (I: 30.30, O:  0.00) ReadCalls:  0.00
174001845	VERBOSE   	FPS	XnOpenNI.cpp	890	[FPS] MyDepth (I: 30.02, O:  0.00) Image1 (I: 30.31, O:  0.00) ReadCalls:  0.00
175001467	VERBOSE   	FPS	XnOpenNI.cpp	890	[FPS] MyDepth (I: 30.02, O:  0.00) Image1 (I: 30.31, O:  0.00) ReadCalls:  0.00
176001456	VERBOSE   	FPS	XnOpenNI.cpp	890	[FPS] MyDepth (I: 30.05, O:  0.00) Image1 (I: 30.31, O:  0.00) ReadCalls:  0.00
177001589	VERBOSE   	FPS	XnOpenNI.cpp	890	[FPS] MyDepth (I: 30.04, O:  0.00) Image1 (I: 30.30, O:  0.00) ReadCalls:  0.00
178001546	VERBOSE   	FPS	XnOpenNI.cpp	890	[FPS] MyDepth (I: 30.04, O:  0.00) Image1 (I: 30.30, O:  0.00) ReadCalls:  0.00
179001840	VERBOSE   	FPS	XnOpenNI.cpp	890	[FPS] MyDepth (I: 30.04, O:  0.00) Image1 (I: 30.30, O:  0.00) ReadCalls:  0.00
180001870	VERBOSE   	FPS	XnOpenNI.cpp	890	[FPS] MyDepth (I: 30.04, O:  0.00) Image1 (I: 30.30, O:  0.00) ReadCalls:  0.00
181001750	VERBOSE   	FPS	XnOpenNI.cpp	890	[FPS] MyDepth (I: 30.04, O:  0.00) Image1 (I: 30.30, O:  0.00) ReadCalls:  0.00
182001812	VERBOSE   	FPS	XnOpenNI.cpp	890	[FPS] MyDepth (I: 30.04, O:  0.00) Image1 (I: 30.30, O:  0.00) ReadCalls:  0.00
183001557	VERBOSE   	FPS	XnOpenNI.cpp	890	[FPS] MyDepth (I: 30.05, O:  0.00) Image1 (I: 30.31, O:  0.00) ReadCalls:  0.00
184001718	VERBOSE   	FPS	XnOpenNI.cpp	890	[FPS] MyDepth (I: 30.04, O:  0.00) Image1 (I: 30.30, O:  0.00) ReadCalls:  0.00
185001359	VERBOSE   	FPS	XnOpenNI.cpp	890	[FPS] MyDepth (I: 30.15, O:  0.00) Image1 (I: 30.30, O:  0.00) ReadCalls:  0.00
186001741	VERBOSE   	FPS	XnOpenNI.cpp	890	[FPS] MyDepth (I: 30.14, O:  0.00) Image1 (I: 30.30, O:  0.00) ReadCalls:  0.00
187001306	VERBOSE   	FPS	XnOpenNI.cpp	890	[FPS] MyDepth (I: 30.17, O:  0.00) Image1 (I: 30.30, O:  0.00) ReadCalls:  0.00
188002055	VERBOSE   	FPS	XnOpenNI.cpp	890	[FPS] MyDepth (I: 30.14, O:  0.00) Image1 (I: 30.30, O:  0.00) ReadCalls:  0.00
189001330	VERBOSE   	FPS	XnOpenNI.cpp	890	[FPS] MyDepth (I: 30.15, O:  0.00) Image1 (I: 30.30, O:  0.00) ReadCalls:  0.00
190001701	VERBOSE   	FPS	XnOpenNI.cpp	890	[FPS] MyDepth (I: 30.15, O:  0.00) Image1 (I: 30.30, O:  0.00) ReadCalls:  0.00
191001229	VERBOSE   	FPS	XnOpenNI.cpp	890	[FPS] MyDepth (I: 30.16, O:  0.00) Image1 (I: 30.31, O:  0.00) ReadCalls:  0.00
192001550	VERBOSE   	FPS	XnOpenNI.cpp	890	[FPS] MyDepth (I: 30.15, O:  0.00) Image1 (I: 30.30, O:  0.00) ReadCalls:  0.00
193001923	VERBOSE   	FPS	XnOpenNI.cpp	890	[FPS] MyDepth (I: 30.14, O:  0.00) Image1 (I: 30.40, O:  0.00) ReadCalls:  0.00
194001646	VERBOSE   	FPS	XnOpenNI.cpp	890	[FPS] MyDepth (I: 30.24, O:  0.00) Image1 (I: 30.41, O:  0.00) ReadCalls:  0.00
195001116	VERBOSE   	FPS	XnOpenNI.cpp	890	[FPS] MyDepth (I: 30.25, O:  0.00) Image1 (I: 30.41, O:  0.00) ReadCalls:  0.00
196001436	VERBOSE   	FPS	XnOpenNI.cpp	890	[FPS] MyDepth (I: 30.25, O:  0.00) Image1 (I: 30.40, O:  0.00) ReadCalls:  0.00
197001747	VERBOSE   	FPS	XnOpenNI.cpp	890	[FPS] MyDepth (I: 30.24, O:  0.00) Image1 (I: 30.40, O:  0.00) ReadCalls:  0.00
198001094	VERBOSE   	FPS	XnOpenNI.cpp	890	[FPS] MyDepth (I: 30.25, O:  0.00) Image1 (I: 30.41, O:  0.00) ReadCalls:  0.00
199001046	VERBOSE   	FPS	XnOpenNI.cpp	890	[FPS] MyDepth (I: 30.25, O:  0.00) Image1 (I: 30.41, O:  0.00) ReadCalls:  0.00
200001023	VERBOSE   	FPS	XnOpenNI.cpp	890	[FPS] MyDepth (I: 30.26, O:  0.71) Image1 (I: 30.41, O:  0.71) ReadCalls:  0.71
201001171	VERBOSE   	FPS	XnOpenNI.cpp	890	[FPS] MyDepth (I: 30.24, O:  0.00) Image1 (I: 30.40, O:  0.00) ReadCalls:  0.00
202000989	VERBOSE   	FPS	XnOpenNI.cpp	890	[FPS] MyDepth (I: 30.25, O:  0.00) Image1 (I: 30.41, O:  0.00) ReadCalls:  0.00
203001123	VERBOSE   	FPS	XnOpenNI.cpp	890	[FPS] MyDepth (I: 30.02, O:  0.00) Image1 (I: 30.41, O:  0.00) ReadCalls:  0.00
204001148	VERBOSE   	FPS	XnOpenNI.cpp	890	[FPS] MyDepth (I: 30.01, O:  0.00) Image1 (I: 30.41, O:  0.00) ReadCalls:  0.00
205001004	VERBOSE   	FPS	XnOpenNI.cpp	890	[FPS] MyDepth (I: 30.01, O:  0.00) Image1 (I: 30.41, O:  0.00) ReadCalls:  0.00
206001162	VERBOSE   	FPS	XnOpenNI.cpp	890	[FPS] MyDepth (I: 30.04, O:  0.00) Image1 (I: 30.40, O:  0.00) ReadCalls:  0.00
207001588	VERBOSE   	FPS	XnOpenNI.cpp	890	[FPS] MyDepth (I: 30.04, O:  0.00) Image1 (I: 30.40, O:  0.00) ReadCalls:  0.00
208001092	VERBOSE   	FPS	XnOpenNI.cpp	890	[FPS] MyDepth (I: 30.05, O:  0.00) Image1 (I: 30.41, O:  0.00) ReadCalls:  0.00
209001122	VERBOSE   	FPS	XnOpenNI.cpp	890	[FPS] MyDepth (I: 30.05, O:  0.00) Image1 (I: 30.40, O:  0.00) ReadCalls:  0.00
210005455	VERBOSE   	FPS	XnOpenNI.cpp	890	[FPS] MyDepth (I: 30.32, O:  0.00) Image1 (I: 30.03, O:  0.00) ReadCalls:  0.00
211005635	VERBOSE   	FPS	XnOpenNI.cpp	890	[FPS] MyDepth (I: 30.31, O:  0.00) Image1 (I: 30.02, O:  0.00) ReadCalls:  0.00
212011054	VERBOSE   	FPS	XnOpenNI.cpp	890	[FPS] MyDepth (I: 30.01, O:  0.00) Image1 (I: 30.30, O:  0.00) ReadCalls:  0.00
213011016	VERBOSE   	FPS	XnOpenNI.cpp	890	[FPS] MyDepth (I: 30.01, O:  0.00) Image1 (I: 30.30, O:  0.00) ReadCalls:  0.00
214010824	VERBOSE   	FPS	XnOpenNI.cpp	890	[FPS] MyDepth (I: 30.01, O:  0.00) Image1 (I: 30.30, O:  0.00) ReadCalls:  0.00
215010786	VERBOSE   	FPS	XnOpenNI.cpp	890	[FPS] MyDepth (I: 30.05, O:  0.00) Image1 (I: 30.30, O:  0.00) ReadCalls:  0.00
216010801	VERBOSE   	FPS	XnOpenNI.cpp	890	[FPS] MyDepth (I: 30.04, O:  0.00) Image1 (I: 30.31, O:  0.00) ReadCalls:  0.00
217010704	VERBOSE   	FPS	XnOpenNI.cpp	890	[FPS] MyDepth (I: 30.05, O:  0.00) Image1 (I: 30.31, O:  0.00) ReadCalls:  0.00
218010738	VERBOSE   	FPS	XnOpenNI.cpp	890	[FPS] MyDepth (I: 30.05, O:  0.00) Image1 (I: 30.30, O:  0.00) ReadCalls:  0.00
219010758	VERBOSE   	FPS	XnOpenNI.cpp	890	[FPS] MyDepth (I: 30.05, O:  0.00) Image1 (I: 30.30, O:  0.00) ReadCalls:  0.00
220011048	VERBOSE   	FPS	XnOpenNI.cpp	890	[FPS] MyDepth (I: 30.05, O:  0.00) Image1 (I: 30.30, O:  0.00) ReadCalls:  0.00
221010701	VERBOSE   	FPS	XnOpenNI.cpp	890	[FPS] MyDepth (I: 30.05, O:  0.00) Image1 (I: 30.31, O:  0.00) ReadCalls:  0.00
222010808	VERBOSE   	FPS	XnOpenNI.cpp	890	[FPS] MyDepth (I: 30.04, O:  0.00) Image1 (I: 30.30, O:  0.00) ReadCalls:  0.00
223010863	VERBOSE   	FPS	XnOpenNI.cpp	890	[FPS] MyDepth (I: 30.05, O:  0.00) Image1 (I: 30.31, O:  0.00) ReadCalls:  0.00
224010588	VERBOSE   	FPS	XnOpenNI.cpp	890	[FPS] MyDepth (I: 30.15, O:  0.00) Image1 (I: 30.31, O:  0.00) ReadCalls:  0.00
225010677	VERBOSE   	FPS	XnOpenNI.cpp	890	[FPS] MyDepth (I: 30.15, O:  0.00) Image1 (I: 30.30, O:  0.00) ReadCalls:  0.00
226010580	VERBOSE   	FPS	XnOpenNI.cpp	890	[FPS] MyDepth (I: 30.15, O:  0.00) Image1 (I: 30.30, O:  0.00) ReadCalls:  0.00
227010709	VERBOSE   	FPS	XnOpenNI.cpp	890	[FPS] MyDepth (I: 30.15, O:  0.00) Image1 (I: 30.30, O:  0.00) ReadCalls:  0.00
228010669	VERBOSE   	FPS	XnOpenNI.cpp	890	[FPS] MyDepth (I: 30.14, O:  0.00) Image1 (I: 30.30, O:  0.00) ReadCalls:  0.00
229011281	VERBOSE   	FPS	XnOpenNI.cpp	890	[FPS] MyDepth (I: 30.14, O:  0.00) Image1 (I: 30.30, O:  0.00) ReadCalls:  0.00
230010734	VERBOSE   	FPS	XnOpenNI.cpp	890	[FPS] MyDepth (I: 30.14, O:  0.00) Image1 (I: 30.30, O:  0.00) ReadCalls:  0.00
231010579	VERBOSE   	FPS	XnOpenNI.cpp	890	[FPS] MyDepth (I: 30.14, O:  0.00) Image1 (I: 30.30, O:  0.00) ReadCalls:  0.00
232010578	VERBOSE   	FPS	XnOpenNI.cpp	890	[FPS] MyDepth (I: 30.15, O:  0.00) Image1 (I: 30.31, O:  0.00) ReadCalls:  0.00
233004988	VERBOSE   	FPS	XnOpenNI.cpp	890	[FPS] MyDepth (I: 30.30, O:  0.00) Image1 (I: 30.06, O:  0.00) ReadCalls:  0.00
234004930	VERBOSE   	FPS	XnOpenNI.cpp	890	[FPS] MyDepth (I: 30.31, O:  0.00) Image1 (I: 30.06, O:  0.00) ReadCalls:  0.00
235005167	VERBOSE   	FPS	XnOpenNI.cpp	890	[FPS] MyDepth (I: 30.30, O:  0.00) Image1 (I: 30.05, O:  0.00) ReadCalls:  0.00
236004984	VERBOSE   	FPS	XnOpenNI.cpp	890	[FPS] MyDepth (I: 30.30, O:  0.00) Image1 (I: 30.06, O:  0.00) ReadCalls:  0.00
237005010	VERBOSE   	FPS	XnOpenNI.cpp	890	[FPS] MyDepth (I: 30.31, O:  0.00) Image1 (I: 30.06, O:  0.00) ReadCalls:  0.00
238004877	VERBOSE   	FPS	XnOpenNI.cpp	890	[FPS] MyDepth (I: 30.30, O:  0.00) Image1 (I: 30.06, O:  0.00) ReadCalls:  0.00
239004821	VERBOSE   	FPS	XnOpenNI.cpp	890	[FPS] MyDepth (I: 30.30, O:  0.00) Image1 (I: 30.06, O:  0.00) ReadCalls:  0.00
240005578	VERBOSE   	FPS	XnOpenNI.cpp	890	[FPS] MyDepth (I: 30.29, O:  0.00) Image1 (I: 30.05, O:  0.00) ReadCalls:  0.00
241004755	VERBOSE   	FPS	XnOpenNI.cpp	890	[FPS] MyDepth (I: 30.31, O:  0.00) Image1 (I: 30.06, O:  0.00) ReadCalls:  0.00
242010247	VERBOSE   	FPS	XnOpenNI.cpp	890	[FPS] MyDepth (I: 30.01, O:  0.00) Image1 (I: 30.30, O:  0.00) ReadCalls:  0.00
243010492	VERBOSE   	FPS	XnOpenNI.cpp	890	[FPS] MyDepth (I: 30.02, O:  0.00) Image1 (I: 30.31, O:  0.00) ReadCalls:  0.00
244011227	VERBOSE   	FPS	XnOpenNI.cpp	890	[FPS] MyDepth (I: 30.00, O:  0.00) Image1 (I: 30.29, O:  0.00) ReadCalls:  0.00
245011032	VERBOSE   	FPS	XnOpenNI.cpp	890	[FPS] MyDepth (I: 30.04, O:  0.00) Image1 (I: 30.30, O:  0.00) ReadCalls:  0.00
246010255	VERBOSE   	FPS	XnOpenNI.cpp	890	[FPS] MyDepth (I: 30.05, O:  0.00) Image1 (I: 30.30, O:  0.00) ReadCalls:  0.00
247010265	VERBOSE   	FPS	XnOpenNI.cpp	890	[FPS] MyDepth (I: 30.05, O:  0.00) Image1 (I: 30.31, O:  0.00) ReadCalls:  0.00
248010664	VERBOSE   	FPS	XnOpenNI.cpp	890	[FPS] MyDepth (I: 30.05, O:  0.00) Image1 (I: 30.30, O:  0.00) ReadCalls:  0.00
249010205	VERBOSE   	FPS	XnOpenNI.cpp	890	[FPS] MyDepth (I: 30.04, O:  0.00) Image1 (I: 30.31, O:  0.00) ReadCalls:  0.00
250010311	VERBOSE   	FPS	XnOpenNI.cpp	890	[FPS] MyDepth (I: 30.05, O:  0.00) Image1 (I: 30.31, O:  0.00) ReadCalls:  0.00
251010283	VERBOSE   	FPS	XnOpenNI.cpp	890	[FPS] MyDepth (I: 30.05, O:  0.00) Image1 (I: 30.32, O:  0.00) ReadCalls:  0.00
252010285	VERBOSE   	FPS	XnOpenNI.cpp	890	[FPS] MyDepth (I: 30.04, O:  0.00) Image1 (I: 30.41, O:  0.00) ReadCalls:  0.00
253010367	VERBOSE   	FPS	XnOpenNI.cpp	890	[FPS] MyDepth (I: 30.04, O:  0.00) Image1 (I: 30.41, O:  0.00) ReadCalls:  0.00
254010277	VERBOSE   	FPS	XnOpenNI.cpp	890	[FPS] MyDepth (I: 30.14, O:  0.00) Image1 (I: 30.41, O:  0.00) ReadCalls:  0.00
255010240	VERBOSE   	FPS	XnOpenNI.cpp	890	[FPS] MyDepth (I: 30.15, O:  0.00) Image1 (I: 30.41, O:  0.00) ReadCalls:  0.00
256010939	VERBOSE   	FPS	XnOpenNI.cpp	890	[FPS] MyDepth (I: 30.14, O:  0.00) Image1 (I: 30.40, O:  0.00) ReadCalls:  0.00
257010366	VERBOSE   	FPS	XnOpenNI.cpp	890	[FPS] MyDepth (I: 30.14, O:  0.00) Image1 (I: 30.40, O:  0.00) ReadCalls:  0.00
258010167	VERBOSE   	FPS	XnOpenNI.cpp	890	[FPS] MyDepth (I: 30.15, O:  0.00) Image1 (I: 30.40, O:  0.00) ReadCalls:  0.00
259010106	VERBOSE   	FPS	XnOpenNI.cpp	890	[FPS] MyDepth (I: 30.16, O:  0.00) Image1 (I: 30.41, O:  0.00) ReadCalls:  0.00
260010707	VERBOSE   	FPS	XnOpenNI.cpp	890	[FPS] MyDepth (I: 30.14, O:  0.00) Image1 (I: 30.40, O:  0.00) ReadCalls:  0.00
261010158	VERBOSE   	FPS	XnOpenNI.cpp	890	[FPS] MyDepth (I: 30.15, O:  0.00) Image1 (I: 30.40, O:  0.00) ReadCalls:  0.00
262009927	VERBOSE   	FPS	XnOpenNI.cpp	890	[FPS] MyDepth (I: 30.15, O:  0.00) Image1 (I: 30.41, O:  0.00) ReadCalls:  0.00
263010601	VERBOSE   	FPS	XnOpenNI.cpp	890	[FPS] MyDepth (I: 30.25, O:  0.00) Image1 (I: 30.41, O:  0.00) ReadCalls:  0.00
264005160	VERBOSE   	FPS	XnOpenNI.cpp	890	[FPS] MyDepth (I: 30.30, O:  0.00) Image1 (I: 30.05, O:  0.00) ReadCalls:  0.00
265004325	VERBOSE   	FPS	XnOpenNI.cpp	890	[FPS] MyDepth (I: 30.30, O:  0.00) Image1 (I: 30.06, O:  0.00) ReadCalls:  0.00
266004527	VERBOSE   	FPS	XnOpenNI.cpp	890	[FPS] MyDepth (I: 30.31, O:  0.00) Image1 (I: 30.06, O:  0.00) ReadCalls:  0.00
267004785	VERBOSE   	FPS	XnOpenNI.cpp	890	[FPS] MyDepth (I: 30.31, O:  0.00) Image1 (I: 30.06, O:  0.00) ReadCalls:  0.00
268004538	VERBOSE   	FPS	XnOpenNI.cpp	890	[FPS] MyDepth (I: 30.30, O:  0.00) Image1 (I: 30.05, O:  0.00) ReadCalls:  0.00
269004387	VERBOSE   	FPS	XnOpenNI.cpp	890	[FPS] MyDepth (I: 30.30, O:  0.00) Image1 (I: 30.06, O:  0.00) ReadCalls:  0.00
270004631	VERBOSE   	FPS	XnOpenNI.cpp	890	[FPS] MyDepth (I: 30.30, O:  0.00) Image1 (I: 30.05, O:  0.00) ReadCalls:  0.00
271004347	VERBOSE   	FPS	XnOpenNI.cpp	890	[FPS] MyDepth (I: 30.31, O:  0.00) Image1 (I: 30.05, O:  0.00) ReadCalls:  0.00
272004814	VERBOSE   	FPS	XnOpenNI.cpp	890	[FPS] MyDepth (I: 30.30, O:  0.00) Image1 (I: 30.15, O:  0.00) ReadCalls:  0.00
273014536	VERBOSE   	FPS	XnOpenNI.cpp	890	[FPS] MyDepth (I: 30.30, O:  0.00) Image1 (I: 30.05, O:  0.00) ReadCalls:  0.00
274014443	VERBOSE   	FPS	XnOpenNI.cpp	890	[FPS] MyDepth (I: 30.31, O:  0.00) Image1 (I: 30.06, O:  0.00) ReadCalls:  0.00
275014550	VERBOSE   	FPS	XnOpenNI.cpp	890	[FPS] MyDepth (I: 30.31, O:  0.00) Image1 (I: 30.05, O:  0.00) ReadCalls:  0.00
276014119	VERBOSE   	FPS	XnOpenNI.cpp	890	[FPS] MyDepth (I: 30.30, O:  0.00) Image1 (I: 30.06, O:  0.00) ReadCalls:  0.00
277014478	VERBOSE   	FPS	XnOpenNI.cpp	890	[FPS] MyDepth (I: 30.30, O:  0.00) Image1 (I: 30.05, O:  0.00) ReadCalls:  0.00
278014115	VERBOSE   	FPS	XnOpenNI.cpp	890	[FPS] MyDepth (I: 30.31, O:  0.00) Image1 (I: 30.06, O:  0.00) ReadCalls:  0.00
279014015	VERBOSE   	FPS	XnOpenNI.cpp	890	[FPS] MyDepth (I: 30.31, O:  0.00) Image1 (I: 30.06, O:  0.00) ReadCalls:  0.00
280014237	VERBOSE   	FPS	XnOpenNI.cpp	890	[FPS] MyDepth (I: 30.31, O:  0.00) Image1 (I: 30.06, O:  0.00) ReadCalls:  0.00
281014586	VERBOSE   	FPS	XnOpenNI.cpp	890	[FPS] MyDepth (I: 30.30, O:  0.00) Image1 (I: 30.05, O:  0.00) ReadCalls:  0.00
282019822	VERBOSE   	FPS	XnOpenNI.cpp	890	[FPS] MyDepth (I: 30.01, O:  0.00) Image1 (I: 30.30, O:  0.00) ReadCalls:  0.00
283019791	VERBOSE   	FPS	XnOpenNI.cpp	890	[FPS] MyDepth (I: 30.02, O:  0.00) Image1 (I: 30.31, O:  0.00) ReadCalls:  0.00
284020170	VERBOSE   	FPS	XnOpenNI.cpp	890	[FPS] MyDepth (I: 30.01, O:  0.00) Image1 (I: 30.30, O:  0.00) ReadCalls:  0.00
285019503	VERBOSE   	FPS	XnOpenNI.cpp	890	[FPS] MyDepth (I: 30.05, O:  0.00) Image1 (I: 30.31, O:  0.00) ReadCalls:  0.00
286019966	VERBOSE   	FPS	XnOpenNI.cpp	890	[FPS] MyDepth (I: 30.04, O:  0.00) Image1 (I: 30.30, O:  0.00) ReadCalls:  0.00
287019620	VERBOSE   	FPS	XnOpenNI.cpp	890	[FPS] MyDepth (I: 30.06, O:  0.00) Image1 (I: 30.31, O:  0.00) ReadCalls:  0.00
288019599	VERBOSE   	FPS	XnOpenNI.cpp	890	[FPS] MyDepth (I: 30.04, O:  0.00) Image1 (I: 30.30, O:  0.00) ReadCalls:  0.00
289019633	VERBOSE   	FPS	XnOpenNI.cpp	890	[FPS] MyDepth (I: 30.05, O:  0.00) Image1 (I: 30.31, O:  0.00) ReadCalls:  0.00
290019821	VERBOSE   	FPS	XnOpenNI.cpp	890	[FPS] MyDepth (I: 30.04, O:  0.00) Image1 (I: 30.30, O:  0.00) ReadCalls:  0.00
291019501	VERBOSE   	FPS	XnOpenNI.cpp	890	[FPS] MyDepth (I: 30.05, O:  0.00) Image1 (I: 30.30, O:  0.00) ReadCalls:  0.00
292019640	VERBOSE   	FPS	XnOpenNI.cpp	890	[FPS] MyDepth (I: 30.04, O:  0.00) Image1 (I: 30.31, O:  0.00) ReadCalls:  0.00
293019513	VERBOSE   	FPS	XnOpenNI.cpp	890	[FPS] MyDepth (I: 30.05, O:  0.00) Image1 (I: 30.31, O:  0.00) ReadCalls:  0.00
294004186	VERBOSE   	FPS	XnOpenNI.cpp	890	[FPS] MyDepth (I: 30.31, O:  0.00) Image1 (I: 30.15, O:  0.00) ReadCalls:  0.00
295003932	VERBOSE   	FPS	XnOpenNI.cpp	890	[FPS] MyDepth (I: 30.30, O:  0.00) Image1 (I: 30.16, O:  0.00) ReadCalls:  0.00
296004323	VERBOSE   	FPS	XnOpenNI.cpp	890	[FPS] MyDepth (I: 30.30, O:  0.00) Image1 (I: 30.15, O:  0.00) ReadCalls:  0.00
297004056	VERBOSE   	FPS	XnOpenNI.cpp	890	[FPS] MyDepth (I: 30.31, O:  0.00) Image1 (I: 30.16, O:  0.00) ReadCalls:  0.00
298003702	VERBOSE   	FPS	XnOpenNI.cpp	890	[FPS] MyDepth (I: 30.31, O:  0.00) Image1 (I: 30.16, O:  0.00) ReadCalls:  0.00
299004070	VERBOSE   	FPS	XnOpenNI.cpp	890	[FPS] MyDepth (I: 30.31, O:  0.00) Image1 (I: 30.15, O:  0.00) ReadCalls:  0.00
300003754	VERBOSE   	FPS	XnOpenNI.cpp	890	[FPS] MyDepth (I: 30.31, O:  0.00) Image1 (I: 30.16, O:  0.00) ReadCalls:  0.00
301003922	VERBOSE   	FPS	XnOpenNI.cpp	890	[FPS] MyDepth (I: 30.30, O:  0.00) Image1 (I: 30.16, O:  0.00) ReadCalls:  0.00
302003864	VERBOSE   	FPS	XnOpenNI.cpp	890	[FPS] MyDepth (I: 30.31, O:  0.00) Image1 (I: 30.16, O:  0.00) ReadCalls:  0.00
303014667	VERBOSE   	FPS	XnOpenNI.cpp	890	[FPS] MyDepth (I: 30.30, O:  0.00) Image1 (I: 30.05, O:  0.00) ReadCalls:  0.00
304013711	VERBOSE   	FPS	XnOpenNI.cpp	890	[FPS] MyDepth (I: 30.31, O:  0.00) Image1 (I: 30.06, O:  0.00) ReadCalls:  0.00
305013871	VERBOSE   	FPS	XnOpenNI.cpp	890	[FPS] MyDepth (I: 30.30, O:  0.00) Image1 (I: 30.06, O:  0.00) ReadCalls:  0.00
306015178	VERBOSE   	FPS	XnOpenNI.cpp	890	[FPS] MyDepth (I: 30.29, O:  0.00) Image1 (I: 30.04, O:  0.00) ReadCalls:  0.00
307014786	VERBOSE   	FPS	XnOpenNI.cpp	890	[FPS] MyDepth (I: 30.30, O:  0.00) Image1 (I: 30.04, O:  0.00) ReadCalls:  0.00
308013618	VERBOSE   	FPS	XnOpenNI.cpp	890	[FPS] MyDepth (I: 30.31, O:  0.00) Image1 (I: 30.06, O:  0.00) ReadCalls:  0.00
309013803	VERBOSE   	FPS	XnOpenNI.cpp	890	[FPS] MyDepth (I: 30.31, O:  0.00) Image1 (I: 30.06, O:  0.00) ReadCalls:  0.00
310013982	VERBOSE   	FPS	XnOpenNI.cpp	890	[FPS] MyDepth (I: 30.31, O:  0.00) Image1 (I: 30.05, O:  0.00) ReadCalls:  0.00
311014221	VERBOSE   	FPS	XnOpenNI.cpp	890	[FPS] MyDepth (I: 30.30, O:  0.00) Image1 (I: 30.05, O:  0.00) ReadCalls:  0.00
