    15645	INFO      	Log	XnLog.cpp	329	OpenNI version is 1.4.0 (Build 2)-Win32 (Nov 17 2011 18:51:00)
    15709	INFO      	Log	XnLog.cpp	307	--- Filter Info --- Minimum Severity: VERBOSE
    15946	VERBOSE   	ModuleLoader	XnModuleLoader.cpp	452	Found exported production node. Script: OpenNI/OpenNI/1.4.0.2
    16772	VERBOSE   	ModuleLoader	XnModuleLoader.cpp	281	Checking C:\Program Files\OpenNI\Bin\nimRecorder.dll...
    48822	VERBOSE   	ModuleLoader	XnModuleLoader.cpp	452	Found exported production node. Recorder: OpenNI/Recorder/1.4.0.2
    48898	VERBOSE   	ModuleLoader	XnModuleLoader.cpp	452	Found exported production node. Player: OpenNI/Player/1.4.0.2
    48992	VERBOSE   	ModuleLoader	XnModuleLoader.cpp	281	Checking C:\Program Files\OpenNI\Bin\nimMockNodes.dll...
    55462	VERBOSE   	ModuleLoader	XnModuleLoader.cpp	452	Found exported production node. ProductionNode: OpenNI/Mock/1.4.0.2
    55507	VERBOSE   	ModuleLoader	XnModuleLoader.cpp	452	Found exported production node. Generator: OpenNI/Mock/1.4.0.2
    55541	VERBOSE   	ModuleLoader	XnModuleLoader.cpp	452	Found exported production node. MapGenerator: OpenNI/Mock/1.4.0.2
    55568	VERBOSE   	ModuleLoader	XnModuleLoader.cpp	452	Found exported production node. Device: OpenNI/Mock/1.4.0.2
    55591	VERBOSE   	ModuleLoader	XnModuleLoader.cpp	452	Found exported production node. Depth: OpenNI/Mock/1.4.0.2
    55635	VERBOSE   	ModuleLoader	XnModuleLoader.cpp	452	Found exported production node. IR: OpenNI/Mock/1.4.0.2
    55669	VERBOSE   	ModuleLoader	XnModuleLoader.cpp	452	Found exported production node. Image: OpenNI/Mock/1.4.0.2
    55702	VERBOSE   	ModuleLoader	XnModuleLoader.cpp	452	Found exported production node. Audio: OpenNI/Mock/1.4.0.2
    55732	VERBOSE   	ModuleLoader	XnModuleLoader.cpp	281	Checking C:\Program Files\OpenNI\Bin\nimCodecs.dll...
    61897	VERBOSE   	ModuleLoader	XnModuleLoader.cpp	452	Found exported production node. Codec: OpenNI/16zP/1.4.0.2
    61941	VERBOSE   	ModuleLoader	XnModuleLoader.cpp	452	Found exported production node. Codec: OpenNI/16zT/1.4.0.2
    61965	VERBOSE   	ModuleLoader	XnModuleLoader.cpp	452	Found exported production node. Codec: OpenNI/Im8z/1.4.0.2
    61995	VERBOSE   	ModuleLoader	XnModuleLoader.cpp	452	Found exported production node. Codec: OpenNI/JPEG/1.4.0.2
    62028	VERBOSE   	ModuleLoader	XnModuleLoader.cpp	452	Found exported production node. Codec: OpenNI/NONE/1.4.0.2
    62058	VERBOSE   	ModuleLoader	XnModuleLoader.cpp	281	Checking C:\Program Files\PrimeSense\NITE\Features_1_3_0\Bin\XnVFeatures_1_3_0.dll...
    94250	VERBOSE   	ModuleLoader	XnModuleLoader.cpp	452	Found exported production node. Scene: PrimeSense/XnVSceneAnalyzer/1.3.0.17
    94294	VERBOSE   	ModuleLoader	XnModuleLoader.cpp	452	Found exported production node. User: PrimeSense/XnVSkeletonGenerator/1.3.0.17
    94331	VERBOSE   	ModuleLoader	XnModuleLoader.cpp	281	Checking C:\Program Files\PrimeSense\NITE\Features_1_3_1\Bin\XnVFeatures_1_3_1.dll...
   102513	VERBOSE   	ModuleLoader	XnModuleLoader.cpp	452	Found exported production node. Scene: PrimeSense/XnVSceneAnalyzer/1.3.1.6
   102552	VERBOSE   	ModuleLoader	XnModuleLoader.cpp	452	Found exported production node. User: PrimeSense/XnVSkeletonGenerator/1.3.1.6
   102578	VERBOSE   	ModuleLoader	XnModuleLoader.cpp	281	Checking C:\Program Files\PrimeSense\NITE\Features_1_4_1\Bin\XnVFeatures_1_4_1.dll...
   118654	VERBOSE   	ModuleLoader	XnModuleLoader.cpp	452	Found exported production node. Scene: PrimeSense/XnVSceneAnalyzer/1.4.1.2
   118702	VERBOSE   	ModuleLoader	XnModuleLoader.cpp	452	Found exported production node. User: PrimeSense/XnVSkeletonGenerator/1.4.1.2
   118730	VERBOSE   	ModuleLoader	XnModuleLoader.cpp	281	Checking C:\Program Files\PrimeSense\NITE\Hands_1_3_0\Bin\XnVHandGenerator_1_3_0.dll...
   131995	VERBOSE   	ModuleLoader	XnModuleLoader.cpp	452	Found exported production node. Gesture: PrimeSense/XnVGestureGenrator/1.3.0.17
   132048	VERBOSE   	ModuleLoader	XnModuleLoader.cpp	452	Found exported production node. Hands: PrimeSense/XnVHandTracker/1.3.0.17
   132081	VERBOSE   	ModuleLoader	XnModuleLoader.cpp	281	Checking C:\Program Files\PrimeSense\NITE\Hands_1_3_1\Bin\XnVHandGenerator_1_3_1.dll...
   140616	VERBOSE   	ModuleLoader	XnModuleLoader.cpp	452	Found exported production node. Gesture: PrimeSense/XnVGestureGenrator/1.3.1.6
   140663	VERBOSE   	ModuleLoader	XnModuleLoader.cpp	452	Found exported production node. Hands: PrimeSense/XnVHandTracker/1.3.1.6
   140689	VERBOSE   	ModuleLoader	XnModuleLoader.cpp	281	Checking C:\Program Files\PrimeSense\NITE\Hands_1_4_1\Bin\XnVHandGenerator_1_4_1.dll...
   156398	VERBOSE   	ModuleLoader	XnModuleLoader.cpp	452	Found exported production node. Gesture: PrimeSense/XnVGestureGenrator/1.4.1.2
   156444	VERBOSE   	ModuleLoader	XnModuleLoader.cpp	452	Found exported production node. Hands: PrimeSense/XnVHandTracker/1.4.1.2
   156476	VERBOSE   	ModuleLoader	XnModuleLoader.cpp	281	Checking C:\Program Files\PrimeSense\SensorKinect\Bin\XnDeviceFile.dll...
   183873	VERBOSE   	ModuleLoader	XnModuleLoader.cpp	452	Found exported production node. Player: PrimeSense/File/5.0.3.4
   183923	VERBOSE   	ModuleLoader	XnModuleLoader.cpp	281	Checking C:\Program Files\PrimeSense\SensorKinect\Bin\XnDeviceSensorV2KM.dll...
   189951	VERBOSE   	ModuleLoader	XnModuleLoader.cpp	452	Found exported production node. Device: PrimeSense/SensorKinect/5.0.3.4
   189996	VERBOSE   	ModuleLoader	XnModuleLoader.cpp	452	Found exported production node. Depth: PrimeSense/SensorKinect/5.0.3.4
   190026	VERBOSE   	ModuleLoader	XnModuleLoader.cpp	452	Found exported production node. Image: PrimeSense/SensorKinect/5.0.3.4
   190065	VERBOSE   	ModuleLoader	XnModuleLoader.cpp	452	Found exported production node. IR: PrimeSense/SensorKinect/5.0.3.4
   190096	VERBOSE   	ModuleLoader	XnModuleLoader.cpp	452	Found exported production node. Audio: PrimeSense/SensorKinect/5.0.3.4
   190729	INFO      	OpenNI	XnOpenNI.cpp	1568	Creating node 'Script1' of type Script: OpenNI/OpenNI/1.4.0.2...
   191372	VERBOSE   	OpenNI	XnXmlScriptNode.cpp	763	Requested to create a node of type Depth...
   216389	INFO      	OpenNI	XnOpenNI.cpp	1568	Creating node 'Device1' of type Device: PrimeSense/SensorKinect/5.0.3.4...
  1680645	INFO      	DDK	XnProperty.cpp	151	Property Device.ShareMode was changed to 1.
  1680675	INFO      	DDK	XnProperty.cpp	151	Property Device.InstancePointer was changed.
  1680928	INFO      	DDK	XnProperty.cpp	151	Property Device.ShareMode was changed to 0.
  1681763	INFO      	OpenNI	XnOpenNI.cpp	1568	Creating node 'MyDepth' of type Depth: PrimeSense/SensorKinect/5.0.3.4...
  1681827	VERBOSE   	SensorClient	XnSensorClient.cpp	268	Creating stream MyDepth (of type Depth)
  1692765	INFO      	DDK	XnProperty.cpp	151	Property Device.ReadData was changed to 1.
  1727586	INFO      	DDK	XnDeviceBase.cpp	1383	Creating stream 'MyDepth' of type 'Depth'...
  1727698	VERBOSE   	DDK	XnDeviceBase.cpp	1419	Initializing stream 'MyDepth'...
  1728089	INFO      	DDK	XnProperty.cpp	151	Property MyDepth.RequiredDataSize was changed to 614400.
  1728503	INFO      	DDK	XnProperty.cpp	151	Property MyDepth.OutputFormat was changed to 1.
  1728580	INFO      	DDK	XnDeviceBase.cpp	1458	Stream 'MyDepth' was initialized.
  1728593	INFO      	DDK	XnDeviceBase.cpp	1463	'MyDepth' stream was created.
  1729450	VERBOSE   	SensorClient	XnSensorClient.cpp	391	Getting property MyDepth.SupportedModes from server...
  1729685	VERBOSE   	SensorServer	XnSensorClient.cpp	433	Setting MyDepth.Mirror to 1...
  1729762	INFO      	DDK	XnProperty.cpp	151	Property MyDepth.Mirror was changed to 1.
  1729899	VERBOSE   	OpenNI	XnXmlScriptNode.cpp	763	Requested to create a node of type Image (StopOnError=FALSE)...
  1732377	VERBOSE   	SensorClient	XnSensorClient.cpp	391	Getting property Device.CmosBlankingUnits from server...
  1743784	INFO      	OpenNI	XnOpenNI.cpp	1568	Creating node 'Image1' of type Image: PrimeSense/SensorKinect/5.0.3.4...
  1743830	VERBOSE   	SensorClient	XnSensorClient.cpp	268	Creating stream Image1 (of type Image)
  1760371	INFO      	DDK	XnDeviceBase.cpp	1383	Creating stream 'Image1' of type 'Image'...
  1760588	VERBOSE   	DDK	XnDeviceBase.cpp	1419	Initializing stream 'Image1'...
  1761037	INFO      	DDK	XnProperty.cpp	151	Property Image1.RequiredDataSize was changed to 921600.
  1761558	INFO      	DDK	XnProperty.cpp	151	Property Image1.OutputFormat was changed to 5.
  1761602	INFO      	DDK	XnDeviceBase.cpp	1458	Stream 'Image1' was initialized.
  1761614	INFO      	DDK	XnDeviceBase.cpp	1463	'Image1' stream was created.
  1762124	VERBOSE   	SensorClient	XnSensorClient.cpp	391	Getting property Image1.SupportedModes from server...
  1762291	VERBOSE   	SensorServer	XnSensorClient.cpp	433	Setting Image1.Mirror to 1...
  1762376	INFO      	DDK	XnProperty.cpp	151	Property Image1.Mirror was changed to 1.
  1762532	VERBOSE   	DDK	XnDeviceBase.cpp	359	Opening stream MyDepth...
  1763237	INFO      	DDK	XnProperty.cpp	151	Property MyDepth.ActualReadData was changed to 1.
  1998561	VERBOSE   	FPS	XnOpenNI.cpp	890	[FPS] MyDepth (I:  0.00, O:  0.00) Image1 (I:  0.00, O:  0.00) ReadCalls:  0.00
  2028628	VERBOSE   	FPS	XnOpenNI.cpp	890	[FPS] MyDepth (I:  0.00, O:  0.00) Image1 (I:  0.00, O:  0.00) ReadCalls:  0.00
  2228124	INFO      	DDK	XnProperty.cpp	151	Property MyDepth.State was changed to 1.
  2228159	INFO      	DDK	XnDeviceBase.cpp	370	Stream MyDepth is open.
  2228187	VERBOSE   	DDK	XnDeviceBase.cpp	359	Opening stream Image1...
  2230671	INFO      	DDK	XnProperty.cpp	151	Property Image1.ActualReadData was changed to 1.
  3028673	VERBOSE   	FPS	XnOpenNI.cpp	890	[FPS] MyDepth (I: 29.12, O:  0.00) Image1 (I:  0.00, O:  0.00) ReadCalls:  0.00
  4028601	VERBOSE   	FPS	XnOpenNI.cpp	890	[FPS] MyDepth (I: 29.56, O:  0.00) Image1 (I:  0.00, O:  0.00) ReadCalls:  0.00
  5038641	VERBOSE   	FPS	XnOpenNI.cpp	890	[FPS] MyDepth (I: 29.63, O:  0.00) Image1 (I:  0.00, O:  0.00) ReadCalls:  0.00
  5343179	INFO      	DDK	XnProperty.cpp	151	Property Image1.State was changed to 1.
  5343221	INFO      	DDK	XnDeviceBase.cpp	370	Stream Image1 is open.
  5343271	VERBOSE   	SensorServer	XnSensorClient.cpp	433	Setting MyDepth.Mirror to 0...
  5457499	INFO      	DDK	XnProperty.cpp	151	Property MyDepth.Mirror was changed to 0.
  5457773	VERBOSE   	SensorServer	XnSensorClient.cpp	433	Setting Image1.Mirror to 0...
  5469412	INFO      	DDK	XnProperty.cpp	151	Property Image1.Mirror was changed to 0.
  5469653	VERBOSE   	SensorServer	XnSensorClient.cpp	433	Setting MyDepth.Registration to 1...
  5632264	INFO      	DDK	XnProperty.cpp	151	Property MyDepth.Registration was changed to 1.
  6036498	VERBOSE   	FPS	XnOpenNI.cpp	890	[FPS] MyDepth (I: 27.29, O: 15.14) Image1 (I: 29.45, O: 15.15) ReadCalls: 14.96
  7001908	VERBOSE   	FPS	XnOpenNI.cpp	890	[FPS] MyDepth (I: 27.58, O: 10.81) Image1 (I: 28.58, O: 10.81) ReadCalls: 10.77
  8014465	VERBOSE   	FPS	XnOpenNI.cpp	890	[FPS] MyDepth (I: 27.56, O: 10.40) Image1 (I: 28.60, O:  9.97) ReadCalls: 10.38
  9011833	VERBOSE   	FPS	XnOpenNI.cpp	890	[FPS] MyDepth (I: 30.28, O: 10.02) Image1 (I: 28.90, O: 10.10) ReadCalls: 10.18
 10012018	VERBOSE   	FPS	XnOpenNI.cpp	890	[FPS] MyDepth (I: 30.30, O: 10.10) Image1 (I: 28.96, O: 10.21) ReadCalls: 10.35
 11043162	VERBOSE   	FPS	XnOpenNI.cpp	890	[FPS] MyDepth (I: 30.03, O: 10.43) Image1 (I: 29.03, O: 10.24) ReadCalls: 10.39
 12011318	VERBOSE   	FPS	XnOpenNI.cpp	890	[FPS] MyDepth (I: 30.30, O: 13.67) Image1 (I: 29.34, O: 13.81) ReadCalls: 13.70
 13011042	VERBOSE   	FPS	XnOpenNI.cpp	890	[FPS] MyDepth (I: 30.31, O: 17.34) Image1 (I: 29.68, O: 17.51) ReadCalls: 17.45
 14003940	VERBOSE   	FPS	XnOpenNI.cpp	890	[FPS] MyDepth (I: 30.40, O: 21.41) Image1 (I: 30.44, O: 21.33) ReadCalls: 21.72
 15009738	VERBOSE   	FPS	XnOpenNI.cpp	890	[FPS] MyDepth (I: 30.02, O: 21.56) Image1 (I: 30.17, O: 21.56) ReadCalls: 21.54
 16011083	VERBOSE   	FPS	XnOpenNI.cpp	890	[FPS] MyDepth (I: 30.31, O: 21.41) Image1 (I: 30.16, O: 21.41) ReadCalls: 21.41
 17000087	VERBOSE   	FPS	XnOpenNI.cpp	890	[FPS] MyDepth (I: 30.11, O: 21.36) Image1 (I: 30.27, O: 21.36) ReadCalls: 21.69
 18013812	VERBOSE   	FPS	XnOpenNI.cpp	890	[FPS] MyDepth (I: 30.05, O: 21.14) Image1 (I: 30.13, O: 21.14) ReadCalls: 21.48
 19022803	VERBOSE   	FPS	XnOpenNI.cpp	890	[FPS] MyDepth (I: 29.95, O: 17.58) Image1 (I: 28.42, O: 17.58) ReadCalls: 17.57
 20000615	VERBOSE   	FPS	XnOpenNI.cpp	890	[FPS] MyDepth (I: 29.88, O: 16.25) Image1 (I: 28.25, O: 16.25) ReadCalls: 16.58
 21009464	VERBOSE   	FPS	XnOpenNI.cpp	890	[FPS] MyDepth (I: 29.74, O: 14.69) Image1 (I: 28.31, O: 14.70) ReadCalls: 15.02
 22002064	VERBOSE   	FPS	XnOpenNI.cpp	890	[FPS] MyDepth (I: 29.87, O: 17.72) Image1 (I: 30.48, O: 17.72) ReadCalls: 17.82
 23005367	VERBOSE   	FPS	XnOpenNI.cpp	890	[FPS] MyDepth (I: 29.86, O: 19.21) Image1 (I: 30.63, O: 19.32) ReadCalls: 19.50
 24021153	VERBOSE   	FPS	XnOpenNI.cpp	890	[FPS] MyDepth (I: 30.36, O: 20.58) Image1 (I: 30.09, O: 20.58) ReadCalls: 20.58
 25030540	VERBOSE   	FPS	XnOpenNI.cpp	890	[FPS] MyDepth (I: 29.87, O: 20.50) Image1 (I: 29.93, O: 20.50) ReadCalls: 20.50
 26027157	VERBOSE   	FPS	XnOpenNI.cpp	890	[FPS] MyDepth (I: 29.33, O: 19.50) Image1 (I: 30.30, O: 19.50) ReadCalls: 19.50
 27044154	VERBOSE   	FPS	XnOpenNI.cpp	890	[FPS] MyDepth (I: 29.20, O: 19.25) Image1 (I: 29.84, O: 19.25) ReadCalls: 19.58
 28013601	VERBOSE   	FPS	XnOpenNI.cpp	890	[FPS] MyDepth (I: 29.84, O: 19.78) Image1 (I: 30.17, O: 19.78) ReadCalls: 20.11
 29001329	VERBOSE   	FPS	XnOpenNI.cpp	890	[FPS] MyDepth (I: 30.31, O: 21.22) Image1 (I: 30.26, O: 21.22) ReadCalls: 21.21
 30001056	VERBOSE   	FPS	XnOpenNI.cpp	890	[FPS] MyDepth (I: 30.47, O: 21.33) Image1 (I: 30.44, O: 21.34) ReadCalls: 21.31
 31000779	VERBOSE   	FPS	XnOpenNI.cpp	890	[FPS] MyDepth (I: 30.32, O: 21.43) Image1 (I: 30.27, O: 21.43) ReadCalls: 21.42
 32000988	VERBOSE   	FPS	XnOpenNI.cpp	890	[FPS] MyDepth (I: 30.30, O: 21.30) Image1 (I: 30.26, O: 21.30) ReadCalls: 21.30
 33003025	VERBOSE   	FPS	XnOpenNI.cpp	890	[FPS] MyDepth (I: 30.30, O: 21.50) Image1 (I: 30.24, O: 21.50) ReadCalls: 21.50
 34001153	VERBOSE   	FPS	XnOpenNI.cpp	890	[FPS] MyDepth (I: 30.40, O: 21.39) Image1 (I: 30.26, O: 21.39) ReadCalls: 21.39
 35000951	VERBOSE   	FPS	XnOpenNI.cpp	890	[FPS] MyDepth (I: 30.31, O: 21.38) Image1 (I: 30.26, O: 21.38) ReadCalls: 21.37
 36000945	VERBOSE   	FPS	XnOpenNI.cpp	890	[FPS] MyDepth (I: 30.02, O: 19.23) Image1 (I: 29.92, O: 19.23) ReadCalls: 19.57
 37000990	VERBOSE   	FPS	XnOpenNI.cpp	890	[FPS] MyDepth (I: 30.00, O: 16.10) Image1 (I: 29.93, O: 16.10) ReadCalls: 16.43
 38011204	VERBOSE   	FPS	XnOpenNI.cpp	890	[FPS] MyDepth (I: 29.96, O: 12.83) Image1 (I: 29.82, O: 12.83) ReadCalls: 12.83
 39010960	VERBOSE   	FPS	XnOpenNI.cpp	890	[FPS] MyDepth (I: 30.30, O: 11.91) Image1 (I: 29.97, O: 11.68) ReadCalls: 11.81
 40011038	VERBOSE   	FPS	XnOpenNI.cpp	890	[FPS] MyDepth (I: 30.31, O: 11.91) Image1 (I: 29.97, O: 12.03) ReadCalls: 11.80
 41011011	VERBOSE   	FPS	XnOpenNI.cpp	890	[FPS] MyDepth (I: 30.30, O: 12.12) Image1 (I: 30.00, O: 11.91) ReadCalls: 12.07
 42011071	VERBOSE   	FPS	XnOpenNI.cpp	890	[FPS] MyDepth (I: 30.30, O: 11.90) Image1 (I: 30.00, O: 12.07) ReadCalls: 12.19
 43011046	VERBOSE   	FPS	XnOpenNI.cpp	890	[FPS] MyDepth (I: 30.30, O: 12.12) Image1 (I: 30.00, O: 12.12) ReadCalls: 12.06
 44010992	VERBOSE   	FPS	XnOpenNI.cpp	890	[FPS] MyDepth (I: 30.31, O: 12.76) Image1 (I: 30.00, O: 12.33) ReadCalls: 12.52
 45001401	VERBOSE   	FPS	XnOpenNI.cpp	890	[FPS] MyDepth (I: 30.10, O: 12.37) Image1 (I: 30.10, O: 12.37) ReadCalls: 12.55
 46010926	VERBOSE   	FPS	XnOpenNI.cpp	890	[FPS] MyDepth (I: 30.30, O: 12.63) Image1 (I: 30.00, O: 12.63) ReadCalls: 12.44
 47021046	VERBOSE   	FPS	XnOpenNI.cpp	890	[FPS] MyDepth (I: 30.30, O: 12.24) Image1 (I: 29.63, O: 12.58) ReadCalls: 12.86
 48020881	VERBOSE   	FPS	XnOpenNI.cpp	890	[FPS] MyDepth (I: 30.31, O: 12.90) Image1 (I: 29.64, O: 12.80) ReadCalls: 13.06
 49020925	VERBOSE   	FPS	XnOpenNI.cpp	890	[FPS] MyDepth (I: 30.30, O: 12.46) Image1 (I: 29.63, O: 12.46) ReadCalls: 12.71
 50021179	VERBOSE   	FPS	XnOpenNI.cpp	890	[FPS] MyDepth (I: 30.30, O: 12.42) Image1 (I: 29.97, O: 12.46) ReadCalls: 12.29
 51022213	VERBOSE   	FPS	XnOpenNI.cpp	890	[FPS] MyDepth (I: 30.29, O: 12.24) Image1 (I: 29.96, O: 11.90) ReadCalls: 12.21
 52036329	VERBOSE   	FPS	XnOpenNI.cpp	890	[FPS] MyDepth (I: 29.82, O: 11.50) Image1 (I: 30.15, O: 11.66) ReadCalls: 11.48
 53004778	VERBOSE   	FPS	XnOpenNI.cpp	890	[FPS] MyDepth (I: 29.83, O: 11.17) Image1 (I: 30.17, O: 11.51) ReadCalls: 11.81
 54002827	VERBOSE   	FPS	XnOpenNI.cpp	890	[FPS] MyDepth (I: 29.86, O: 10.99) Image1 (I: 30.20, O: 11.41) ReadCalls: 11.66
 55000867	VERBOSE   	FPS	XnOpenNI.cpp	890	[FPS] MyDepth (I: 30.06, O: 11.37) Image1 (I: 30.36, O: 11.48) ReadCalls: 11.81
 56031059	VERBOSE   	FPS	XnOpenNI.cpp	890	[FPS] MyDepth (I: 30.40, O: 11.03) Image1 (I: 30.06, O: 11.15) ReadCalls: 11.03
 57031431	VERBOSE   	FPS	XnOpenNI.cpp	890	[FPS] MyDepth (I: 30.38, O: 11.36) Image1 (I: 29.72, O: 11.48) ReadCalls: 11.37
 58031496	VERBOSE   	FPS	XnOpenNI.cpp	890	[FPS] MyDepth (I: 30.40, O: 11.36) Image1 (I: 29.05, O: 11.36) ReadCalls: 11.24
 59016168	VERBOSE   	FPS	XnOpenNI.cpp	890	[FPS] MyDepth (I: 29.81, O: 11.50) Image1 (I: 27.85, O: 11.51) ReadCalls: 11.45
 60000523	VERBOSE   	FPS	XnOpenNI.cpp	890	[FPS] MyDepth (I: 29.30, O: 11.23) Image1 (I: 27.62, O: 11.23) ReadCalls: 11.17
 61001041	VERBOSE   	FPS	XnOpenNI.cpp	890	[FPS] MyDepth (I: 29.30, O: 10.54) Image1 (I: 28.29, O: 10.66) ReadCalls: 10.48
 62000250	VERBOSE   	FPS	XnOpenNI.cpp	890	[FPS] MyDepth (I: 29.30, O: 11.84) Image1 (I: 29.82, O: 11.84) ReadCalls: 11.84
 63000678	VERBOSE   	FPS	XnOpenNI.cpp	890	[FPS] MyDepth (I: 30.32, O: 13.09) Image1 (I: 30.37, O: 13.09) ReadCalls: 13.09
 64000616	VERBOSE   	FPS	XnOpenNI.cpp	890	[FPS] MyDepth (I: 30.31, O: 15.45) Image1 (I: 30.37, O: 15.45) ReadCalls: 15.44
 65002262	VERBOSE   	FPS	XnOpenNI.cpp	890	[FPS] MyDepth (I: 30.29, O: 15.68) Image1 (I: 30.37, O: 15.68) ReadCalls: 15.68
 66000681	VERBOSE   	FPS	XnOpenNI.cpp	890	[FPS] MyDepth (I: 30.31, O: 15.69) Image1 (I: 30.40, O: 15.69) ReadCalls: 15.69
 67001180	VERBOSE   	FPS	XnOpenNI.cpp	890	[FPS] MyDepth (I: 30.30, O: 15.84) Image1 (I: 30.36, O: 15.84) ReadCalls: 15.84
 68000692	VERBOSE   	FPS	XnOpenNI.cpp	890	[FPS] MyDepth (I: 30.31, O: 15.87) Image1 (I: 30.39, O: 15.87) ReadCalls: 15.87
 69010885	VERBOSE   	FPS	XnOpenNI.cpp	890	[FPS] MyDepth (I: 30.31, O: 16.11) Image1 (I: 30.28, O: 16.11) ReadCalls: 16.10
 70011467	VERBOSE   	FPS	XnOpenNI.cpp	890	[FPS] MyDepth (I: 30.30, O: 16.18) Image1 (I: 30.25, O: 16.18) ReadCalls: 16.18
 71006432	VERBOSE   	FPS	XnOpenNI.cpp	890	[FPS] MyDepth (I: 30.01, O: 15.86) Image1 (I: 30.31, O: 15.86) ReadCalls: 15.86
 72004666	VERBOSE   	FPS	XnOpenNI.cpp	890	[FPS] MyDepth (I: 29.73, O: 15.86) Image1 (I: 29.99, O: 15.86) ReadCalls: 16.20
 73004021	VERBOSE   	FPS	XnOpenNI.cpp	890	[FPS] MyDepth (I: 29.74, O: 16.54) Image1 (I: 29.99, O: 16.54) ReadCalls: 16.87
 74010708	VERBOSE   	FPS	XnOpenNI.cpp	890	[FPS] MyDepth (I: 29.67, O: 15.99) Image1 (I: 29.59, O: 15.67) ReadCalls: 15.99
 75010691	VERBOSE   	FPS	XnOpenNI.cpp	890	[FPS] MyDepth (I: 30.00, O: 13.86) Image1 (I: 28.92, O: 13.52) ReadCalls: 13.86
 76010533	VERBOSE   	FPS	XnOpenNI.cpp	890	[FPS] MyDepth (I: 30.21, O: 11.21) Image1 (I: 28.92, O: 10.87) ReadCalls: 11.21
 77010821	VERBOSE   	FPS	XnOpenNI.cpp	890	[FPS] MyDepth (I: 30.30, O: 10.24) Image1 (I: 29.35, O: 10.00) ReadCalls: 10.18
 78010952	VERBOSE   	FPS	XnOpenNI.cpp	890	[FPS] MyDepth (I: 30.07, O:  9.90) Image1 (I: 30.07, O: 10.00) ReadCalls: 10.18
 79006554	VERBOSE   	FPS	XnOpenNI.cpp	890	[FPS] MyDepth (I: 30.04, O: 10.94) Image1 (I: 30.04, O: 11.02) ReadCalls: 10.86
 80006316	VERBOSE   	FPS	XnOpenNI.cpp	890	[FPS] MyDepth (I: 30.05, O: 12.99) Image1 (I: 30.05, O: 13.02) ReadCalls: 12.96
 81006447	VERBOSE   	FPS	XnOpenNI.cpp	890	[FPS] MyDepth (I: 29.81, O: 14.74) Image1 (I: 30.15, O: 14.89) ReadCalls: 14.69
 82007586	VERBOSE   	FPS	XnOpenNI.cpp	890	[FPS] MyDepth (I: 29.80, O: 15.42) Image1 (I: 30.30, O: 15.43) ReadCalls: 15.42
 83003356	VERBOSE   	FPS	XnOpenNI.cpp	890	[FPS] MyDepth (I: 29.84, O: 15.18) Image1 (I: 30.03, O: 15.18) ReadCalls: 15.52
 84006689	VERBOSE   	FPS	XnOpenNI.cpp	890	[FPS] MyDepth (I: 30.14, O: 14.41) Image1 (I: 30.31, O: 14.41) ReadCalls: 14.41
 85006423	VERBOSE   	FPS	XnOpenNI.cpp	890	[FPS] MyDepth (I: 29.14, O: 13.73) Image1 (I: 28.68, O: 14.07) ReadCalls: 14.07
 86006319	VERBOSE   	FPS	XnOpenNI.cpp	890	[FPS] MyDepth (I: 29.16, O: 14.43) Image1 (I: 28.68, O: 14.78) ReadCalls: 14.78
 87006648	VERBOSE   	FPS	XnOpenNI.cpp	890	[FPS] MyDepth (I: 29.15, O: 15.78) Image1 (I: 28.67, O: 16.12) ReadCalls: 16.06
 88000180	VERBOSE   	FPS	XnOpenNI.cpp	890	[FPS] MyDepth (I: 29.88, O: 16.59) Image1 (I: 29.39, O: 16.25) ReadCalls: 16.59
 89006223	VERBOSE   	FPS	XnOpenNI.cpp	890	[FPS] MyDepth (I: 28.80, O: 14.86) Image1 (I: 28.67, O: 14.86) ReadCalls: 14.86
 90000675	VERBOSE   	FPS	XnOpenNI.cpp	890	[FPS] MyDepth (I: 28.62, O: 12.17) Image1 (I: 26.72, O: 12.17) ReadCalls: 12.51
 91000634	VERBOSE   	FPS	XnOpenNI.cpp	890	[FPS] MyDepth (I: 28.96, O: 11.67) Image1 (I: 26.34, O: 11.47) ReadCalls: 11.66
 92000955	VERBOSE   	FPS	XnOpenNI.cpp	890	[FPS] MyDepth (I: 30.08, O: 11.76) Image1 (I: 27.05, O: 11.76) ReadCalls: 11.76
 93001348	VERBOSE   	FPS	XnOpenNI.cpp	890	[FPS] MyDepth (I: 29.98, O: 12.41) Image1 (I: 26.95, O: 12.13) ReadCalls: 12.35
 94001536	VERBOSE   	FPS	XnOpenNI.cpp	890	[FPS] MyDepth (I: 29.96, O: 11.35) Image1 (I: 26.04, O: 11.02) ReadCalls: 11.35
 95001463	VERBOSE   	FPS	XnOpenNI.cpp	890	[FPS] MyDepth (I: 30.08, O:  9.34) Image1 (I: 23.41, O:  9.35) ReadCalls:  9.68
 96000949	VERBOSE   	FPS	XnOpenNI.cpp	890	[FPS] MyDepth (I: 30.32, O:  9.22) Image1 (I: 22.67, O:  9.00) ReadCalls:  9.20
 97000684	VERBOSE   	FPS	XnOpenNI.cpp	890	[FPS] MyDepth (I: 30.45, O:  9.22) Image1 (I: 23.01, O:  9.34) ReadCalls:  9.53
 98033303	VERBOSE   	FPS	XnOpenNI.cpp	890	[FPS] MyDepth (I: 29.76, O: 10.23) Image1 (I: 24.02, O: 10.34) ReadCalls: 10.20
 99008572	VERBOSE   	FPS	XnOpenNI.cpp	890	[FPS] MyDepth (I: 29.69, O: 10.89) Image1 (I: 24.30, O: 11.01) ReadCalls: 10.85
100006088	VERBOSE   	FPS	XnOpenNI.cpp	890	[FPS] MyDepth (I: 29.68, O: 13.08) Image1 (I: 25.66, O: 13.15) ReadCalls: 13.03
101006835	VERBOSE   	FPS	XnOpenNI.cpp	890	[FPS] MyDepth (I: 30.00, O: 14.65) Image1 (I: 27.91, O: 14.80) ReadCalls: 14.58
102004111	VERBOSE   	FPS	XnOpenNI.cpp	890	[FPS] MyDepth (I: 30.07, O: 16.15) Image1 (I: 30.04, O: 16.15) ReadCalls: 16.44
103006160	VERBOSE   	FPS	XnOpenNI.cpp	890	[FPS] MyDepth (I: 30.05, O: 16.43) Image1 (I: 30.31, O: 16.43) ReadCalls: 16.43
104006228	VERBOSE   	FPS	XnOpenNI.cpp	890	[FPS] MyDepth (I: 30.04, O: 16.42) Image1 (I: 30.31, O: 16.42) ReadCalls: 16.41
105006461	VERBOSE   	FPS	XnOpenNI.cpp	890	[FPS] MyDepth (I: 30.05, O: 16.33) Image1 (I: 30.31, O: 16.33) ReadCalls: 16.32
106006831	VERBOSE   	FPS	XnOpenNI.cpp	890	[FPS] MyDepth (I: 30.05, O: 16.23) Image1 (I: 30.30, O: 16.23) ReadCalls: 16.23
107006571	VERBOSE   	FPS	XnOpenNI.cpp	890	[FPS] MyDepth (I: 30.05, O: 16.22) Image1 (I: 30.30, O: 16.22) ReadCalls: 16.22
108006505	VERBOSE   	FPS	XnOpenNI.cpp	890	[FPS] MyDepth (I: 30.05, O: 16.21) Image1 (I: 30.30, O: 16.21) ReadCalls: 16.21
109006296	VERBOSE   	FPS	XnOpenNI.cpp	890	[FPS] MyDepth (I: 30.05, O: 15.95) Image1 (I: 30.31, O: 15.95) ReadCalls: 15.95
110006102	VERBOSE   	FPS	XnOpenNI.cpp	890	[FPS] MyDepth (I: 29.72, O: 15.95) Image1 (I: 30.31, O: 15.95) ReadCalls: 15.94
111006738	VERBOSE   	FPS	XnOpenNI.cpp	890	[FPS] MyDepth (I: 29.81, O: 15.59) Image1 (I: 30.30, O: 15.59) ReadCalls: 15.59
112003603	VERBOSE   	FPS	XnOpenNI.cpp	890	[FPS] MyDepth (I: 29.83, O: 15.52) Image1 (I: 30.03, O: 15.52) ReadCalls: 15.86
113006399	VERBOSE   	FPS	XnOpenNI.cpp	890	[FPS] MyDepth (I: 30.14, O: 15.25) Image1 (I: 30.30, O: 15.25) ReadCalls: 15.25
114000258	VERBOSE   	FPS	XnOpenNI.cpp	890	[FPS] MyDepth (I: 30.20, O: 15.18) Image1 (I: 30.06, O: 15.19) ReadCalls: 15.52
115006409	VERBOSE   	FPS	XnOpenNI.cpp	890	[FPS] MyDepth (I: 30.15, O: 15.06) Image1 (I: 30.40, O: 15.00) ReadCalls: 15.04
116006604	VERBOSE   	FPS	XnOpenNI.cpp	890	[FPS] MyDepth (I: 30.14, O: 15.13) Image1 (I: 30.41, O: 15.13) ReadCalls: 15.13
117006455	VERBOSE   	FPS	XnOpenNI.cpp	890	[FPS] MyDepth (I: 30.16, O: 14.61) Image1 (I: 30.41, O: 14.61) ReadCalls: 14.61
118006595	VERBOSE   	FPS	XnOpenNI.cpp	890	[FPS] MyDepth (I: 30.16, O: 15.28) Image1 (I: 30.41, O: 15.28) ReadCalls: 15.28
119006301	VERBOSE   	FPS	XnOpenNI.cpp	890	[FPS] MyDepth (I: 30.17, O: 14.60) Image1 (I: 30.41, O: 14.60) ReadCalls: 14.60
120000340	VERBOSE   	FPS	XnOpenNI.cpp	890	[FPS] MyDepth (I: 30.32, O: 14.72) Image1 (I: 30.06, O: 14.72) ReadCalls: 14.72
121007777	VERBOSE   	FPS	XnOpenNI.cpp	890	[FPS] MyDepth (I: 30.23, O: 14.57) Image1 (I: 30.05, O: 14.57) ReadCalls: 14.57
122003665	VERBOSE   	FPS	XnOpenNI.cpp	890	[FPS] MyDepth (I: 30.27, O: 14.85) Image1 (I: 30.03, O: 14.85) ReadCalls: 14.85
123001244	VERBOSE   	FPS	XnOpenNI.cpp	890	[FPS] MyDepth (I: 29.97, O: 14.85) Image1 (I: 30.05, O: 14.85) ReadCalls: 14.85
124000167	VERBOSE   	FPS	XnOpenNI.cpp	890	[FPS] MyDepth (I: 29.74, O: 14.78) Image1 (I: 29.75, O: 14.78) ReadCalls: 14.77
125001967	VERBOSE   	FPS	XnOpenNI.cpp	890	[FPS] MyDepth (I: 29.68, O: 15.84) Image1 (I: 29.71, O: 15.84) ReadCalls: 15.84
126005597	VERBOSE   	FPS	XnOpenNI.cpp	890	[FPS] MyDepth (I: 30.16, O: 16.01) Image1 (I: 30.03, O: 16.02) ReadCalls: 16.33
127001613	VERBOSE   	FPS	XnOpenNI.cpp	890	[FPS] MyDepth (I: 30.29, O: 16.41) Image1 (I: 29.71, O: 16.42) ReadCalls: 16.41
128000084	VERBOSE   	FPS	XnOpenNI.cpp	890	[FPS] MyDepth (I: 30.30, O: 16.25) Image1 (I: 29.73, O: 16.25) ReadCalls: 16.25
129005738	VERBOSE   	FPS	XnOpenNI.cpp	890	[FPS] MyDepth (I: 30.01, O: 16.04) Image1 (I: 30.07, O: 16.04) ReadCalls: 16.04
130012036	VERBOSE   	FPS	XnOpenNI.cpp	890	[FPS] MyDepth (I: 30.28, O: 16.35) Image1 (I: 30.00, O: 16.36) ReadCalls: 16.35
131005454	VERBOSE   	FPS	XnOpenNI.cpp	890	[FPS] MyDepth (I: 30.01, O: 16.78) Image1 (I: 30.01, O: 16.78) ReadCalls: 17.11
132003663	VERBOSE   	FPS	XnOpenNI.cpp	890	[FPS] MyDepth (I: 30.06, O: 17.04) Image1 (I: 30.02, O: 17.04) ReadCalls: 17.36
133010607	VERBOSE   	FPS	XnOpenNI.cpp	890	[FPS] MyDepth (I: 30.40, O: 17.40) Image1 (I: 30.05, O: 17.40) ReadCalls: 17.40
134010800	VERBOSE   	FPS	XnOpenNI.cpp	890	[FPS] MyDepth (I: 30.30, O: 17.00) Image1 (I: 30.05, O: 17.00) ReadCalls: 16.99
135018100	VERBOSE   	FPS	XnOpenNI.cpp	890	[FPS] MyDepth (I: 30.22, O: 16.85) Image1 (I: 29.94, O: 16.85) ReadCalls: 16.85
136010239	VERBOSE   	FPS	XnOpenNI.cpp	890	[FPS] MyDepth (I: 30.31, O: 16.46) Image1 (I: 30.05, O: 16.46) ReadCalls: 16.46
137010058	VERBOSE   	FPS	XnOpenNI.cpp	890	[FPS] MyDepth (I: 30.01, O: 16.87) Image1 (I: 29.73, O: 16.87) ReadCalls: 16.87
138015610	VERBOSE   	FPS	XnOpenNI.cpp	890	[FPS] MyDepth (I: 29.69, O: 16.50) Image1 (I: 30.03, O: 16.50) ReadCalls: 16.50
139017020	VERBOSE   	FPS	XnOpenNI.cpp	890	[FPS] MyDepth (I: 29.82, O: 16.16) Image1 (I: 30.04, O: 16.16) ReadCalls: 16.14
140015586	VERBOSE   	FPS	XnOpenNI.cpp	890	[FPS] MyDepth (I: 30.01, O: 15.73) Image1 (I: 30.31, O: 15.73) ReadCalls: 15.73
141004922	VERBOSE   	FPS	XnOpenNI.cpp	890	[FPS] MyDepth (I: 30.15, O: 15.77) Image1 (I: 30.11, O: 15.77) ReadCalls: 16.11
142016187	VERBOSE   	FPS	XnOpenNI.cpp	890	[FPS] MyDepth (I: 30.04, O: 16.05) Image1 (I: 30.30, O: 16.05) ReadCalls: 16.04
143001012	VERBOSE   	FPS	XnOpenNI.cpp	890	[FPS] MyDepth (I: 30.19, O: 16.11) Image1 (I: 30.15, O: 16.11) ReadCalls: 16.45
144000619	VERBOSE   	FPS	XnOpenNI.cpp	890	[FPS] MyDepth (I: 30.20, O: 16.36) Image1 (I: 30.16, O: 16.36) ReadCalls: 16.69
145015605	VERBOSE   	FPS	XnOpenNI.cpp	890	[FPS] MyDepth (I: 30.06, O: 16.37) Image1 (I: 29.67, O: 16.37) ReadCalls: 16.70
146021229	VERBOSE   	FPS	XnOpenNI.cpp	890	[FPS] MyDepth (I: 30.06, O: 15.89) Image1 (I: 29.57, O: 15.89) ReadCalls: 15.89
147023295	VERBOSE   	FPS	XnOpenNI.cpp	890	[FPS] MyDepth (I: 30.03, O: 14.19) Image1 (I: 29.55, O: 14.19) ReadCalls: 14.18
148015380	VERBOSE   	FPS	XnOpenNI.cpp	890	[FPS] MyDepth (I: 30.05, O: 14.00) Image1 (I: 30.00, O: 14.00) ReadCalls: 14.00
149007299	VERBOSE   	FPS	XnOpenNI.cpp	890	[FPS] MyDepth (I: 30.14, O: 14.61) Image1 (I: 29.80, O: 14.61) ReadCalls: 14.93
150015478	VERBOSE   	FPS	XnOpenNI.cpp	890	[FPS] MyDepth (I: 30.16, O: 16.14) Image1 (I: 30.08, O: 16.15) ReadCalls: 16.14
151000708	VERBOSE   	FPS	XnOpenNI.cpp	890	[FPS] MyDepth (I: 30.35, O: 16.80) Image1 (I: 30.15, O: 16.80) ReadCalls: 16.80
152015418	VERBOSE   	FPS	XnOpenNI.cpp	890	[FPS] MyDepth (I: 30.15, O: 16.97) Image1 (I: 30.30, O: 16.97) ReadCalls: 16.97
153000204	VERBOSE   	FPS	XnOpenNI.cpp	890	[FPS] MyDepth (I: 30.31, O: 17.46) Image1 (I: 30.15, O: 17.46) ReadCalls: 17.46
154015469	VERBOSE   	FPS	XnOpenNI.cpp	890	[FPS] MyDepth (I: 30.15, O: 17.79) Image1 (I: 30.31, O: 17.79) ReadCalls: 17.79
155015976	VERBOSE   	FPS	XnOpenNI.cpp	890	[FPS] MyDepth (I: 30.15, O: 18.35) Image1 (I: 30.30, O: 18.35) ReadCalls: 18.35
156011623	VERBOSE   	FPS	XnOpenNI.cpp	890	[FPS] MyDepth (I: 30.18, O: 18.46) Image1 (I: 30.04, O: 18.46) ReadCalls: 18.80
157000436	VERBOSE   	FPS	XnOpenNI.cpp	890	[FPS] MyDepth (I: 30.30, O: 18.86) Image1 (I: 30.15, O: 18.86) ReadCalls: 18.86
158000038	VERBOSE   	FPS	XnOpenNI.cpp	890	[FPS] MyDepth (I: 30.31, O: 18.37) Image1 (I: 30.16, O: 18.37) ReadCalls: 18.37
159010274	VERBOSE   	FPS	XnOpenNI.cpp	890	[FPS] MyDepth (I: 30.43, O: 17.68) Image1 (I: 30.07, O: 17.68) ReadCalls: 17.67
160010338	VERBOSE   	FPS	XnOpenNI.cpp	890	[FPS] MyDepth (I: 30.35, O: 17.42) Image1 (I: 30.05, O: 17.43) ReadCalls: 17.42
161010253	VERBOSE   	FPS	XnOpenNI.cpp	890	[FPS] MyDepth (I: 30.30, O: 17.51) Image1 (I: 30.05, O: 17.51) ReadCalls: 17.51
162009980	VERBOSE   	FPS	XnOpenNI.cpp	890	[FPS] MyDepth (I: 30.30, O: 17.17) Image1 (I: 30.06, O: 17.17) ReadCalls: 17.17
163009631	VERBOSE   	FPS	XnOpenNI.cpp	890	[FPS] MyDepth (I: 30.30, O: 16.84) Image1 (I: 30.06, O: 16.84) ReadCalls: 16.82
164009624	VERBOSE   	FPS	XnOpenNI.cpp	890	[FPS] MyDepth (I: 30.30, O: 16.56) Image1 (I: 30.06, O: 16.56) ReadCalls: 16.56
165009980	VERBOSE   	FPS	XnOpenNI.cpp	890	[FPS] MyDepth (I: 30.30, O: 17.22) Image1 (I: 30.06, O: 17.23) ReadCalls: 17.22
166010061	VERBOSE   	FPS	XnOpenNI.cpp	890	[FPS] MyDepth (I: 30.30, O: 17.21) Image1 (I: 30.05, O: 17.21) ReadCalls: 17.21
167009529	VERBOSE   	FPS	XnOpenNI.cpp	890	[FPS] MyDepth (I: 30.31, O: 17.03) Image1 (I: 30.06, O: 17.03) ReadCalls: 17.03
168015594	VERBOSE   	FPS	XnOpenNI.cpp	890	[FPS] MyDepth (I: 30.01, O: 17.16) Image1 (I: 30.30, O: 17.16) ReadCalls: 17.16
169006234	VERBOSE   	FPS	XnOpenNI.cpp	890	[FPS] MyDepth (I: 30.04, O: 16.96) Image1 (I: 30.10, O: 16.96) ReadCalls: 17.30
170005291	VERBOSE   	FPS	XnOpenNI.cpp	890	[FPS] MyDepth (I: 30.04, O: 17.03) Image1 (I: 30.10, O: 17.03) ReadCalls: 17.36
171015627	VERBOSE   	FPS	XnOpenNI.cpp	890	[FPS] MyDepth (I: 30.05, O: 16.89) Image1 (I: 30.30, O: 16.89) ReadCalls: 16.89
172015615	VERBOSE   	FPS	XnOpenNI.cpp	890	[FPS] MyDepth (I: 30.05, O: 16.97) Image1 (I: 30.30, O: 16.97) ReadCalls: 16.97
173015998	VERBOSE   	FPS	XnOpenNI.cpp	890	[FPS] MyDepth (I: 30.04, O: 16.62) Image1 (I: 30.40, O: 16.62) ReadCalls: 16.62
174015285	VERBOSE   	FPS	XnOpenNI.cpp	890	[FPS] MyDepth (I: 30.07, O: 16.44) Image1 (I: 30.41, O: 16.44) ReadCalls: 16.44
175025841	VERBOSE   	FPS	XnOpenNI.cpp	890	[FPS] MyDepth (I: 29.23, O: 15.79) Image1 (I: 29.63, O: 15.79) ReadCalls: 15.79
176015850	VERBOSE   	FPS	XnOpenNI.cpp	890	[FPS] MyDepth (I: 29.05, O: 15.16) Image1 (I: 29.33, O: 15.16) ReadCalls: 15.15
177015173	VERBOSE   	FPS	XnOpenNI.cpp	890	[FPS] MyDepth (I: 29.04, O: 15.07) Image1 (I: 29.33, O: 15.07) ReadCalls: 15.07
178015775	VERBOSE   	FPS	XnOpenNI.cpp	890	[FPS] MyDepth (I: 29.81, O: 15.48) Image1 (I: 30.10, O: 15.48) ReadCalls: 15.48
179000906	VERBOSE   	FPS	XnOpenNI.cpp	890	[FPS] MyDepth (I: 29.86, O: 14.19) Image1 (I: 29.82, O: 14.19) ReadCalls: 14.19
180031394	VERBOSE   	FPS	XnOpenNI.cpp	890	[FPS] MyDepth (I: 29.96, O: 12.04) Image1 (I: 29.57, O: 12.04) ReadCalls: 12.04
181002539	VERBOSE   	FPS	XnOpenNI.cpp	890	[FPS] MyDepth (I: 29.97, O:  9.83) Image1 (I: 29.46, O:  9.83) ReadCalls:  9.82
182016849	VERBOSE   	FPS	XnOpenNI.cpp	890	[FPS] MyDepth (I: 30.13, O:  9.71) Image1 (I: 30.13, O:  9.81) ReadCalls: 10.02
183030185	VERBOSE   	FPS	XnOpenNI.cpp	890	[FPS] MyDepth (I: 30.30, O:  9.43) Image1 (I: 30.01, O:  9.56) ReadCalls:  9.73
184000227	VERBOSE   	FPS	XnOpenNI.cpp	890	[FPS] MyDepth (I: 30.30, O:  9.76) Image1 (I: 30.02, O:  9.52) ReadCalls:  9.73
185030845	VERBOSE   	FPS	XnOpenNI.cpp	890	[FPS] MyDepth (I: 30.29, O:  9.68) Image1 (I: 29.70, O:  9.76) ReadCalls:  9.59
186017897	VERBOSE   	FPS	XnOpenNI.cpp	890	[FPS] MyDepth (I: 30.12, O:  9.71) Image1 (I: 29.45, O:  9.80) ReadCalls:  9.63
187000297	VERBOSE   	FPS	XnOpenNI.cpp	890	[FPS] MyDepth (I: 30.41, O:  9.22) Image1 (I: 29.40, O:  9.31) ReadCalls:  9.52
188000605	VERBOSE   	FPS	XnOpenNI.cpp	890	[FPS] MyDepth (I: 29.97, O: 10.58) Image1 (I: 28.29, O: 10.69) ReadCalls: 10.54
189026291	VERBOSE   	FPS	XnOpenNI.cpp	890	[FPS] MyDepth (I: 29.37, O: 11.50) Image1 (I: 28.75, O: 11.62) ReadCalls: 11.39
190004344	VERBOSE   	FPS	XnOpenNI.cpp	890	[FPS] MyDepth (I: 29.38, O: 13.47) Image1 (I: 29.39, O: 13.51) ReadCalls: 13.81
191009979	VERBOSE   	FPS	XnOpenNI.cpp	890	[FPS] MyDepth (I: 30.02, O: 14.07) Image1 (I: 30.14, O: 14.07) ReadCalls: 14.07
192012659	VERBOSE   	FPS	XnOpenNI.cpp	890	[FPS] MyDepth (I: 30.18, O: 15.64) Image1 (I: 30.14, O: 15.30) ReadCalls: 15.64
193009449	VERBOSE   	FPS	XnOpenNI.cpp	890	[FPS] MyDepth (I: 30.01, O: 12.91) Image1 (I: 28.48, O: 12.91) ReadCalls: 13.25
194009506	VERBOSE   	FPS	XnOpenNI.cpp	890	[FPS] MyDepth (I: 30.00, O: 11.82) Image1 (I: 27.14, O: 11.82) ReadCalls: 11.82
195010416	VERBOSE   	FPS	XnOpenNI.cpp	890	[FPS] MyDepth (I: 30.06, O: 11.01) Image1 (I: 27.29, O: 11.02) ReadCalls: 10.99
196009649	VERBOSE   	FPS	XnOpenNI.cpp	890	[FPS] MyDepth (I: 30.30, O: 13.48) Image1 (I: 28.62, O: 13.47) ReadCalls: 13.71
197010089	VERBOSE   	FPS	XnOpenNI.cpp	890	[FPS] MyDepth (I: 29.62, O: 14.16) Image1 (I: 29.85, O: 14.17) ReadCalls: 14.16
198006744	VERBOSE   	FPS	XnOpenNI.cpp	890	[FPS] MyDepth (I: 29.37, O: 15.02) Image1 (I: 29.86, O: 15.03) ReadCalls: 15.36
199019710	VERBOSE   	FPS	XnOpenNI.cpp	890	[FPS] MyDepth (I: 29.66, O: 15.61) Image1 (I: 29.96, O: 15.61) ReadCalls: 15.61
200019654	VERBOSE   	FPS	XnOpenNI.cpp	890	[FPS] MyDepth (I: 30.30, O: 16.37) Image1 (I: 30.06, O: 16.37) ReadCalls: 16.36
201019321	VERBOSE   	FPS	XnOpenNI.cpp	890	[FPS] MyDepth (I: 30.31, O: 16.27) Image1 (I: 30.07, O: 16.27) ReadCalls: 16.27
202000955	VERBOSE   	FPS	XnOpenNI.cpp	890	[FPS] MyDepth (I: 30.19, O: 15.77) Image1 (I: 30.25, O: 15.77) ReadCalls: 16.11
203019668	VERBOSE   	FPS	XnOpenNI.cpp	890	[FPS] MyDepth (I: 30.31, O: 16.08) Image1 (I: 30.05, O: 16.08) ReadCalls: 16.08
204019431	VERBOSE   	FPS	XnOpenNI.cpp	890	[FPS] MyDepth (I: 30.31, O: 16.08) Image1 (I: 30.06, O: 16.08) ReadCalls: 16.07
205010930	VERBOSE   	FPS	XnOpenNI.cpp	890	[FPS] MyDepth (I: 30.10, O: 16.28) Image1 (I: 30.14, O: 16.28) ReadCalls: 16.62
206019572	VERBOSE   	FPS	XnOpenNI.cpp	890	[FPS] MyDepth (I: 30.30, O: 16.90) Image1 (I: 30.06, O: 16.90) ReadCalls: 16.90
207012228	VERBOSE   	FPS	XnOpenNI.cpp	890	[FPS] MyDepth (I: 29.74, O: 17.18) Image1 (I: 30.13, O: 17.18) ReadCalls: 17.18
208031337	VERBOSE   	FPS	XnOpenNI.cpp	890	[FPS] MyDepth (I: 29.95, O: 14.54) Image1 (I: 28.89, O: 14.54) ReadCalls: 14.88
209007134	VERBOSE   	FPS	XnOpenNI.cpp	890	[FPS] MyDepth (I: 29.79, O: 12.14) Image1 (I: 28.84, O: 12.14) ReadCalls: 12.47
210021171	VERBOSE   	FPS	XnOpenNI.cpp	890	[FPS] MyDepth (I: 30.01, O:  9.82) Image1 (I: 28.44, O:  9.91) ReadCalls: 10.10
211019220	VERBOSE   	FPS	XnOpenNI.cpp	890	[FPS] MyDepth (I: 30.12, O: 10.04) Image1 (I: 29.12, O: 10.14) ReadCalls: 10.34
212000044	VERBOSE   	FPS	XnOpenNI.cpp	890	[FPS] MyDepth (I: 30.30, O: 10.10) Image1 (I: 29.62, O: 10.20) ReadCalls: 10.02
213000945	VERBOSE   	FPS	XnOpenNI.cpp	890	[FPS] MyDepth (I: 29.96, O: 10.10) Image1 (I: 29.96, O: 10.20) ReadCalls: 10.07
214000044	VERBOSE   	FPS	XnOpenNI.cpp	890	[FPS] MyDepth (I: 29.62, O: 12.12) Image1 (I: 29.96, O: 11.91) ReadCalls: 12.08
215025144	VERBOSE   	FPS	XnOpenNI.cpp	890	[FPS] MyDepth (I: 29.37, O: 14.06) Image1 (I: 30.13, O: 14.29) ReadCalls: 14.22
216025005	VERBOSE   	FPS	XnOpenNI.cpp	890	[FPS] MyDepth (I: 29.71, O: 16.04) Image1 (I: 30.31, O: 16.04) ReadCalls: 16.03
217000352	VERBOSE   	FPS	XnOpenNI.cpp	890	[FPS] MyDepth (I: 30.29, O: 16.33) Image1 (I: 30.25, O: 16.34) ReadCalls: 16.33
218023539	VERBOSE   	FPS	XnOpenNI.cpp	890	[FPS] MyDepth (I: 29.72, O: 15.36) Image1 (I: 30.02, O: 15.36) ReadCalls: 15.69
219021622	VERBOSE   	FPS	XnOpenNI.cpp	890	[FPS] MyDepth (I: 29.75, O: 13.50) Image1 (I: 30.03, O: 13.50) ReadCalls: 13.83
220009145	VERBOSE   	FPS	XnOpenNI.cpp	890	[FPS] MyDepth (I: 29.97, O: 11.52) Image1 (I: 29.82, O: 11.52) ReadCalls: 11.52
221009248	VERBOSE   	FPS	XnOpenNI.cpp	890	[FPS] MyDepth (I: 30.30, O: 10.10) Image1 (I: 29.96, O: 10.20) ReadCalls: 10.05
222009330	VERBOSE   	FPS	XnOpenNI.cpp	890	[FPS] MyDepth (I: 30.30, O:  9.76) Image1 (I: 29.97, O:  9.86) ReadCalls: 10.04
223009681	VERBOSE   	FPS	XnOpenNI.cpp	890	[FPS] MyDepth (I: 30.30, O:  9.76) Image1 (I: 29.96, O:  9.86) ReadCalls: 10.04
224009225	VERBOSE   	FPS	XnOpenNI.cpp	890	[FPS] MyDepth (I: 30.30, O:  9.76) Image1 (I: 30.00, O:  9.86) ReadCalls: 10.03
225009491	VERBOSE   	FPS	XnOpenNI.cpp	890	[FPS] MyDepth (I: 30.30, O: 10.00) Image1 (I: 29.96, O:  9.76) ReadCalls:  9.95
226009183	VERBOSE   	FPS	XnOpenNI.cpp	890	[FPS] MyDepth (I: 30.30, O: 10.00) Image1 (I: 30.01, O:  9.76) ReadCalls:  9.95
227009088	VERBOSE   	FPS	XnOpenNI.cpp	890	[FPS] MyDepth (I: 30.31, O: 10.00) Image1 (I: 30.00, O: 10.10) ReadCalls:  9.94
228009331	VERBOSE   	FPS	XnOpenNI.cpp	890	[FPS] MyDepth (I: 30.31, O: 10.24) Image1 (I: 30.00, O: 10.33) ReadCalls: 10.23
229020054	VERBOSE   	FPS	XnOpenNI.cpp	890	[FPS] MyDepth (I: 30.29, O: 10.20) Image1 (I: 29.63, O:  9.96) ReadCalls: 10.13
230019346	VERBOSE   	FPS	XnOpenNI.cpp	890	[FPS] MyDepth (I: 30.30, O: 10.10) Image1 (I: 29.63, O: 10.20) ReadCalls: 10.07
231000972	VERBOSE   	FPS	XnOpenNI.cpp	890	[FPS] MyDepth (I: 29.75, O: 12.20) Image1 (I: 29.75, O: 12.32) ReadCalls: 12.15
232001340	VERBOSE   	FPS	XnOpenNI.cpp	890	[FPS] MyDepth (I: 29.85, O: 14.57) Image1 (I: 29.85, O: 14.42) ReadCalls: 14.74
233026538	VERBOSE   	FPS	XnOpenNI.cpp	890	[FPS] MyDepth (I: 29.56, O: 16.34) Image1 (I: 30.06, O: 16.34) ReadCalls: 16.30
234027458	VERBOSE   	FPS	XnOpenNI.cpp	890	[FPS] MyDepth (I: 29.89, O: 16.04) Image1 (I: 30.05, O: 16.04) ReadCalls: 16.04
235011537	VERBOSE   	FPS	XnOpenNI.cpp	890	[FPS] MyDepth (I: 30.16, O: 14.92) Image1 (I: 30.13, O: 14.92) ReadCalls: 15.26
236031865	VERBOSE   	FPS	XnOpenNI.cpp	890	[FPS] MyDepth (I: 29.51, O: 13.15) Image1 (I: 27.98, O: 13.15) ReadCalls: 13.13
237019652	VERBOSE   	FPS	XnOpenNI.cpp	890	[FPS] MyDepth (I: 29.77, O: 13.22) Image1 (I: 27.40, O: 13.22) ReadCalls: 13.22
238022486	VERBOSE   	FPS	XnOpenNI.cpp	890	[FPS] MyDepth (I: 29.36, O: 13.57) Image1 (I: 27.36, O: 13.57) ReadCalls: 13.91
239008545	VERBOSE   	FPS	XnOpenNI.cpp	890	[FPS] MyDepth (I: 29.90, O: 15.59) Image1 (I: 29.57, O: 15.76) ReadCalls: 15.50
240019581	VERBOSE   	FPS	XnOpenNI.cpp	890	[FPS] MyDepth (I: 29.67, O: 13.76) Image1 (I: 28.38, O: 13.76) ReadCalls: 14.09
241001295	VERBOSE   	FPS	XnOpenNI.cpp	890	[FPS] MyDepth (I: 29.95, O: 12.09) Image1 (I: 27.21, O: 12.09) ReadCalls: 12.09
242029685	VERBOSE   	FPS	XnOpenNI.cpp	890	[FPS] MyDepth (I: 30.02, O: 10.34) Image1 (I: 25.99, O: 10.01) ReadCalls: 10.24
243000240	VERBOSE   	FPS	XnOpenNI.cpp	890	[FPS] MyDepth (I: 30.30, O: 10.10) Image1 (I: 26.26, O: 10.20) ReadCalls: 10.06
244000110	VERBOSE   	FPS	XnOpenNI.cpp	890	[FPS] MyDepth (I: 30.29, O:  9.76) Image1 (I: 27.01, O:  9.76) ReadCalls:  9.72
245024986	VERBOSE   	FPS	XnOpenNI.cpp	890	[FPS] MyDepth (I: 29.71, O: 10.26) Image1 (I: 27.71, O: 10.35) ReadCalls: 10.24
246010186	VERBOSE   	FPS	XnOpenNI.cpp	890	[FPS] MyDepth (I: 29.85, O: 11.74) Image1 (I: 28.85, O: 11.86) ReadCalls: 12.02
247014693	VERBOSE   	FPS	XnOpenNI.cpp	890	[FPS] MyDepth (I: 29.81, O: 13.92) Image1 (I: 29.48, O: 14.06) ReadCalls: 13.73
248002547	VERBOSE   	FPS	XnOpenNI.cpp	890	[FPS] MyDepth (I: 30.27, O: 14.87) Image1 (I: 30.23, O: 14.87) ReadCalls: 14.87
249021001	VERBOSE   	FPS	XnOpenNI.cpp	890	[FPS] MyDepth (I: 30.16, O: 14.92) Image1 (I: 30.12, O: 14.92) ReadCalls: 15.26
250003047	VERBOSE   	FPS	XnOpenNI.cpp	890	[FPS] MyDepth (I: 30.12, O: 15.27) Image1 (I: 30.22, O: 15.27) ReadCalls: 15.60
251002295	VERBOSE   	FPS	XnOpenNI.cpp	890	[FPS] MyDepth (I: 30.00, O: 15.44) Image1 (I: 30.33, O: 15.44) ReadCalls: 15.77
252009370	VERBOSE   	FPS	XnOpenNI.cpp	890	[FPS] MyDepth (I: 30.30, O: 16.06) Image1 (I: 30.26, O: 16.06) ReadCalls: 16.06
253008675	VERBOSE   	FPS	XnOpenNI.cpp	890	[FPS] MyDepth (I: 30.30, O: 16.33) Image1 (I: 30.27, O: 16.33) ReadCalls: 16.31
254020971	VERBOSE   	FPS	XnOpenNI.cpp	890	[FPS] MyDepth (I: 29.85, O: 15.90) Image1 (I: 29.81, O: 15.90) ReadCalls: 16.24
255008817	VERBOSE   	FPS	XnOpenNI.cpp	890	[FPS] MyDepth (I: 30.30, O: 15.87) Image1 (I: 30.26, O: 15.87) ReadCalls: 15.87
256009189	VERBOSE   	FPS	XnOpenNI.cpp	890	[FPS] MyDepth (I: 30.30, O: 16.03) Image1 (I: 30.26, O: 16.03) ReadCalls: 16.03
257009632	VERBOSE   	FPS	XnOpenNI.cpp	890	[FPS] MyDepth (I: 30.30, O: 17.09) Image1 (I: 30.27, O: 17.09) ReadCalls: 17.06
258009055	VERBOSE   	FPS	XnOpenNI.cpp	890	[FPS] MyDepth (I: 30.31, O: 17.87) Image1 (I: 30.26, O: 17.87) ReadCalls: 18.20
259004473	VERBOSE   	FPS	XnOpenNI.cpp	890	[FPS] MyDepth (I: 30.05, O: 18.22) Image1 (I: 30.30, O: 18.22) ReadCalls: 18.55
260018905	VERBOSE   	FPS	XnOpenNI.cpp	890	[FPS] MyDepth (I: 30.30, O: 17.88) Image1 (I: 30.16, O: 17.89) ReadCalls: 17.88
261001676	VERBOSE   	FPS	XnOpenNI.cpp	890	[FPS] MyDepth (I: 30.07, O: 17.04) Image1 (I: 30.35, O: 17.04) ReadCalls: 17.38
262019073	VERBOSE   	FPS	XnOpenNI.cpp	890	[FPS] MyDepth (I: 30.30, O: 16.94) Image1 (I: 30.16, O: 16.94) ReadCalls: 16.93
263019252	VERBOSE   	FPS	XnOpenNI.cpp	890	[FPS] MyDepth (I: 30.30, O: 17.09) Image1 (I: 30.15, O: 17.09) ReadCalls: 17.09
264019151	VERBOSE   	FPS	XnOpenNI.cpp	890	[FPS] MyDepth (I: 30.30, O: 16.83) Image1 (I: 30.15, O: 16.83) ReadCalls: 16.83
265018947	VERBOSE   	FPS	XnOpenNI.cpp	890	[FPS] MyDepth (I: 30.30, O: 16.91) Image1 (I: 30.16, O: 16.91) ReadCalls: 16.91
266018845	VERBOSE   	FPS	XnOpenNI.cpp	890	[FPS] MyDepth (I: 30.31, O: 16.48) Image1 (I: 30.16, O: 16.48) ReadCalls: 16.47
267022919	VERBOSE   	FPS	XnOpenNI.cpp	890	[FPS] MyDepth (I: 29.93, O: 15.69) Image1 (I: 29.45, O: 15.69) ReadCalls: 16.03
268031530	VERBOSE   	FPS	XnOpenNI.cpp	890	[FPS] MyDepth (I: 29.94, O: 13.46) Image1 (I: 28.03, O: 13.46) ReadCalls: 13.45
269028746	VERBOSE   	FPS	XnOpenNI.cpp	890	[FPS] MyDepth (I: 29.97, O: 11.04) Image1 (I: 27.39, O: 11.04) ReadCalls: 11.38
270017997	VERBOSE   	FPS	XnOpenNI.cpp	890	[FPS] MyDepth (I: 30.05, O:  9.68) Image1 (I: 28.05, O:  9.80) ReadCalls: 10.04
271016211	VERBOSE   	FPS	XnOpenNI.cpp	890	[FPS] MyDepth (I: 30.15, O:  9.91) Image1 (I: 29.15, O: 10.05) ReadCalls: 10.17
272015106	VERBOSE   	FPS	XnOpenNI.cpp	890	[FPS] MyDepth (I: 30.14, O: 10.05) Image1 (I: 29.47, O: 10.15) ReadCalls: 10.34
273013132	VERBOSE   	FPS	XnOpenNI.cpp	890	[FPS] MyDepth (I: 30.15, O: 10.05) Image1 (I: 29.49, O: 10.15) ReadCalls: 10.35
274031747	VERBOSE   	FPS	XnOpenNI.cpp	890	[FPS] MyDepth (I: 30.28, O: 10.00) Image1 (I: 29.61, O: 10.09) ReadCalls:  9.93
275028972	VERBOSE   	FPS	XnOpenNI.cpp	890	[FPS] MyDepth (I: 30.30, O: 10.00) Image1 (I: 29.34, O: 10.10) ReadCalls:  9.98
276024285	VERBOSE   	FPS	XnOpenNI.cpp	890	[FPS] MyDepth (I: 30.04, O: 10.01) Image1 (I: 26.71, O: 10.12) ReadCalls: 10.28
277007316	VERBOSE   	FPS	XnOpenNI.cpp	890	[FPS] MyDepth (I: 30.25, O:  9.87) Image1 (I: 24.20, O:  9.97) ReadCalls: 10.17
278020372	VERBOSE   	FPS	XnOpenNI.cpp	890	[FPS] MyDepth (I: 30.09, O:  9.82) Image1 (I: 23.40, O:  9.93) ReadCalls: 10.12
279018716	VERBOSE   	FPS	XnOpenNI.cpp	890	[FPS] MyDepth (I: 30.11, O:  9.83) Image1 (I: 24.42, O:  9.83) ReadCalls:  9.68
280008971	VERBOSE   	FPS	XnOpenNI.cpp	890	[FPS] MyDepth (I: 30.30, O:  9.76) Image1 (I: 25.25, O:  9.53) ReadCalls:  9.73
281001565	VERBOSE   	FPS	XnOpenNI.cpp	890	[FPS] MyDepth (I: 30.04, O:  9.45) Image1 (I: 26.67, O:  9.55) ReadCalls:  9.73
282009113	VERBOSE   	FPS	XnOpenNI.cpp	890	[FPS] MyDepth (I: 29.43, O: 10.78) Image1 (I: 27.76, O: 10.94) ReadCalls: 10.76
283011803	VERBOSE   	FPS	XnOpenNI.cpp	890	[FPS] MyDepth (I: 28.95, O: 11.22) Image1 (I: 28.62, O: 11.37) ReadCalls: 11.54
284008802	VERBOSE   	FPS	XnOpenNI.cpp	890	[FPS] MyDepth (I: 27.34, O: 13.00) Image1 (I: 27.01, O: 12.80) ReadCalls: 13.40
285008609	VERBOSE   	FPS	XnOpenNI.cpp	890	[FPS] MyDepth (I: 28.03, O: 11.36) Image1 (I: 27.67, O: 11.36) ReadCalls: 11.69
286007743	VERBOSE   	FPS	XnOpenNI.cpp	890	[FPS] MyDepth (I: 28.37, O: 11.59) Image1 (I: 28.96, O: 11.61) ReadCalls: 11.85
287020735	VERBOSE   	FPS	XnOpenNI.cpp	890	[FPS] MyDepth (I: 30.29, O:  9.86) Image1 (I: 29.96, O:  9.98) ReadCalls:  9.84
288008440	VERBOSE   	FPS	XnOpenNI.cpp	890	[FPS] MyDepth (I: 30.31, O: 10.00) Image1 (I: 30.00, O:  9.77) ReadCalls:  9.98
289019002	VERBOSE   	FPS	XnOpenNI.cpp	890	[FPS] MyDepth (I: 30.30, O:  9.62) Image1 (I: 29.97, O:  9.76) ReadCalls:  9.60
290019368	VERBOSE   	FPS	XnOpenNI.cpp	890	[FPS] MyDepth (I: 30.30, O:  9.77) Image1 (I: 30.01, O:  9.86) ReadCalls:  9.73
291025641	VERBOSE   	FPS	XnOpenNI.cpp	890	[FPS] MyDepth (I: 30.23, O:  9.50) Image1 (I: 29.90, O:  9.60) ReadCalls:  9.46
292018560	VERBOSE   	FPS	XnOpenNI.cpp	890	[FPS] MyDepth (I: 30.30, O:  9.43) Image1 (I: 30.01, O:  9.52) ReadCalls:  9.72
293019359	VERBOSE   	FPS	XnOpenNI.cpp	890	[FPS] MyDepth (I: 30.37, O:  9.45) Image1 (I: 29.67, O:  9.18) ReadCalls:  9.38
294019496	VERBOSE   	FPS	XnOpenNI.cpp	890	[FPS] MyDepth (I: 30.06, O:  9.19) Image1 (I: 29.06, O:  8.96) ReadCalls:  9.09
295018747	VERBOSE   	FPS	XnOpenNI.cpp	890	[FPS] MyDepth (I: 29.96, O:  9.31) Image1 (I: 28.96, O:  9.09) ReadCalls:  9.28
296018359	VERBOSE   	FPS	XnOpenNI.cpp	890	[FPS] MyDepth (I: 30.01, O:  9.56) Image1 (I: 29.34, O:  9.34) ReadCalls:  9.52
297018316	VERBOSE   	FPS	XnOpenNI.cpp	890	[FPS] MyDepth (I: 30.43, O: 10.24) Image1 (I: 30.01, O: 10.00) ReadCalls: 10.19
298049375	VERBOSE   	FPS	XnOpenNI.cpp	890	[FPS] MyDepth (I: 30.09, O:  9.80) Image1 (I: 29.43, O:  9.89) ReadCalls:  9.74
299000474	VERBOSE   	FPS	XnOpenNI.cpp	890	[FPS] MyDepth (I: 30.18, O:  9.61) Image1 (I: 28.84, O:  9.73) ReadCalls:  9.56
300029998	VERBOSE   	FPS	XnOpenNI.cpp	890	[FPS] MyDepth (I: 30.30, O:  9.52) Image1 (I: 28.28, O:  9.62) ReadCalls:  9.51
301028478	VERBOSE   	FPS	XnOpenNI.cpp	890	[FPS] MyDepth (I: 30.33, O:  9.55) Image1 (I: 28.53, O:  9.66) ReadCalls:  9.45
302013505	VERBOSE   	FPS	XnOpenNI.cpp	890	[FPS] MyDepth (I: 30.16, O:  9.72) Image1 (I: 28.82, O:  9.82) ReadCalls: 10.02
303011554	VERBOSE   	FPS	XnOpenNI.cpp	890	[FPS] MyDepth (I: 30.19, O: 10.02) Image1 (I: 29.19, O: 10.06) ReadCalls: 10.20
304010590	VERBOSE   	FPS	XnOpenNI.cpp	890	[FPS] MyDepth (I: 30.18, O: 10.17) Image1 (I: 29.51, O: 10.30) ReadCalls: 10.46
305029299	VERBOSE   	FPS	XnOpenNI.cpp	890	[FPS] MyDepth (I: 30.31, O:  9.89) Image1 (I: 29.63, O: 10.00) ReadCalls:  9.87
306004412	VERBOSE   	FPS	XnOpenNI.cpp	890	[FPS] MyDepth (I: 29.91, O: 11.09) Image1 (I: 29.58, O: 11.20) ReadCalls: 11.03
307004176	VERBOSE   	FPS	XnOpenNI.cpp	890	[FPS] MyDepth (I: 29.57, O: 12.10) Image1 (I: 29.24, O: 12.22) ReadCalls: 12.03
308022837	VERBOSE   	FPS	XnOpenNI.cpp	890	[FPS] MyDepth (I: 28.39, O: 12.52) Image1 (I: 28.40, O: 12.65) ReadCalls: 12.47
309041020	VERBOSE   	FPS	XnOpenNI.cpp	890	[FPS] MyDepth (I: 28.93, O: 11.19) Image1 (I: 27.30, O: 11.22) ReadCalls: 11.17
310044171	VERBOSE   	FPS	XnOpenNI.cpp	890	[FPS] MyDepth (I: 29.32, O:  9.94) Image1 (I: 26.12, O:  9.94) ReadCalls:  9.94
311010689	VERBOSE   	FPS	XnOpenNI.cpp	890	[FPS] MyDepth (I: 30.16, O:  9.24) Image1 (I: 26.11, O:  8.89) ReadCalls:  9.23
312011442	VERBOSE   	FPS	XnOpenNI.cpp	890	[FPS] MyDepth (I: 30.30, O:  8.50) Image1 (I: 24.58, O:  8.59) ReadCalls:  8.44
313008062	VERBOSE   	FPS	XnOpenNI.cpp	890	[FPS] MyDepth (I: 30.37, O:  8.85) Image1 (I: 25.31, O:  8.94) ReadCalls:  9.17
314009107	VERBOSE   	FPS	XnOpenNI.cpp	890	[FPS] MyDepth (I: 30.44, O:  9.32) Image1 (I: 24.03, O:  9.34) ReadCalls:  9.55
315009627	VERBOSE   	FPS	XnOpenNI.cpp	890	[FPS] MyDepth (I: 30.29, O:  9.76) Image1 (I: 25.35, O:  9.52) ReadCalls:  9.73
316008133	VERBOSE   	FPS	XnOpenNI.cpp	890	[FPS] MyDepth (I: 30.30, O:  9.34) Image1 (I: 25.69, O:  9.43) ReadCalls:  9.59
317016522	VERBOSE   	FPS	XnOpenNI.cpp	890	[FPS] MyDepth (I: 30.25, O:  9.63) Image1 (I: 28.26, O:  9.75) ReadCalls:  9.61
318009026	VERBOSE   	FPS	XnOpenNI.cpp	890	[FPS] MyDepth (I: 30.31, O:  9.56) Image1 (I: 29.34, O:  9.67) ReadCalls:  9.53
319008124	VERBOSE   	FPS	XnOpenNI.cpp	890	[FPS] MyDepth (I: 30.30, O:  9.33) Image1 (I: 30.00, O:  9.09) ReadCalls:  9.29
320000342	VERBOSE   	FPS	XnOpenNI.cpp	890	[FPS] MyDepth (I: 30.16, O:  9.24) Image1 (I: 30.18, O:  9.34) ReadCalls:  9.50
321018709	VERBOSE   	FPS	XnOpenNI.cpp	890	[FPS] MyDepth (I: 30.30, O:  9.43) Image1 (I: 29.97, O:  9.52) ReadCalls:  9.38
322018496	VERBOSE   	FPS	XnOpenNI.cpp	890	[FPS] MyDepth (I: 30.30, O:  9.87) Image1 (I: 29.97, O:  9.97) ReadCalls:  9.85
323019745	VERBOSE   	FPS	XnOpenNI.cpp	890	[FPS] MyDepth (I: 30.29, O: 10.00) Image1 (I: 29.96, O:  9.76) ReadCalls:  9.96
324018202	VERBOSE   	FPS	XnOpenNI.cpp	890	[FPS] MyDepth (I: 30.31, O: 10.10) Image1 (I: 30.01, O:  9.77) ReadCalls: 10.04
325017965	VERBOSE   	FPS	XnOpenNI.cpp	890	[FPS] MyDepth (I: 30.31, O: 10.10) Image1 (I: 30.01, O:  9.87) ReadCalls: 10.04
326019838	VERBOSE   	FPS	XnOpenNI.cpp	890	[FPS] MyDepth (I: 30.29, O: 10.23) Image1 (I: 30.00, O: 10.00) ReadCalls: 10.18
327018435	VERBOSE   	FPS	XnOpenNI.cpp	890	[FPS] MyDepth (I: 30.30, O:  9.90) Image1 (I: 29.97, O: 10.00) ReadCalls: 10.18
328018766	VERBOSE   	FPS	XnOpenNI.cpp	890	[FPS] MyDepth (I: 30.30, O:  9.90) Image1 (I: 29.97, O: 10.00) ReadCalls:  9.84
329028284	VERBOSE   	FPS	XnOpenNI.cpp	890	[FPS] MyDepth (I: 30.31, O:  9.87) Image1 (I: 29.98, O:  9.97) ReadCalls:  9.85
330015814	VERBOSE   	FPS	XnOpenNI.cpp	890	[FPS] MyDepth (I: 30.03, O: 10.01) Image1 (I: 30.03, O: 10.14) ReadCalls: 10.34
331013867	VERBOSE   	FPS	XnOpenNI.cpp	890	[FPS] MyDepth (I: 30.05, O: 10.15) Image1 (I: 30.05, O: 10.25) ReadCalls: 10.41
332012030	VERBOSE   	FPS	XnOpenNI.cpp	890	[FPS] MyDepth (I: 30.16, O: 10.16) Image1 (I: 30.16, O: 10.26) ReadCalls: 10.46
333027910	VERBOSE   	FPS	XnOpenNI.cpp	890	[FPS] MyDepth (I: 30.31, O: 10.33) Image1 (I: 30.00, O: 10.10) ReadCalls: 10.28
334009046	VERBOSE   	FPS	XnOpenNI.cpp	890	[FPS] MyDepth (I: 30.19, O: 10.06) Image1 (I: 30.19, O: 10.17) ReadCalls: 10.35
335028241	VERBOSE   	FPS	XnOpenNI.cpp	890	[FPS] MyDepth (I: 30.30, O: 10.00) Image1 (I: 30.00, O: 10.10) ReadCalls:  9.92
336040505	VERBOSE   	FPS	XnOpenNI.cpp	890	[FPS] MyDepth (I: 30.18, O:  9.86) Image1 (I: 29.51, O:  9.96) ReadCalls:  9.83
337020146	VERBOSE   	FPS	XnOpenNI.cpp	890	[FPS] MyDepth (I: 30.08, O: 10.03) Image1 (I: 29.74, O: 10.13) ReadCalls: 10.34
338038203	VERBOSE   	FPS	XnOpenNI.cpp	890	[FPS] MyDepth (I: 30.31, O: 10.10) Image1 (I: 28.96, O: 10.21) ReadCalls: 10.05
339038086	VERBOSE   	FPS	XnOpenNI.cpp	890	[FPS] MyDepth (I: 30.32, O: 10.11) Image1 (I: 29.36, O: 10.21) ReadCalls: 10.05
340038656	VERBOSE   	FPS	XnOpenNI.cpp	890	[FPS] MyDepth (I: 30.30, O: 10.13) Image1 (I: 29.29, O: 10.10) ReadCalls:  9.97
341007774	VERBOSE   	FPS	XnOpenNI.cpp	890	[FPS] MyDepth (I: 30.31, O:  9.86) Image1 (I: 29.64, O:  9.97) ReadCalls: 10.14
342007920	VERBOSE   	FPS	XnOpenNI.cpp	890	[FPS] MyDepth (I: 30.30, O:  9.86) Image1 (I: 29.30, O:  9.97) ReadCalls: 10.14
343008797	VERBOSE   	FPS	XnOpenNI.cpp	890	[FPS] MyDepth (I: 30.30, O: 10.20) Image1 (I: 28.96, O: 10.31) ReadCalls: 10.18
344008031	VERBOSE   	FPS	XnOpenNI.cpp	890	[FPS] MyDepth (I: 30.30, O: 10.35) Image1 (I: 28.96, O: 10.10) ReadCalls: 10.29
345008110	VERBOSE   	FPS	XnOpenNI.cpp	890	[FPS] MyDepth (I: 30.43, O: 10.20) Image1 (I: 28.03, O: 10.00) ReadCalls: 10.17
346008098	VERBOSE   	FPS	XnOpenNI.cpp	890	[FPS] MyDepth (I: 30.30, O: 10.44) Image1 (I: 26.67, O: 10.21) ReadCalls: 10.39
347008218	VERBOSE   	FPS	XnOpenNI.cpp	890	[FPS] MyDepth (I: 30.33, O: 10.59) Image1 (I: 23.93, O: 10.34) ReadCalls: 10.56
348008879	VERBOSE   	FPS	XnOpenNI.cpp	890	[FPS] MyDepth (I: 30.30, O: 10.58) Image1 (I: 23.91, O: 10.69) ReadCalls: 10.55
349021091	VERBOSE   	FPS	XnOpenNI.cpp	890	[FPS] MyDepth (I: 30.18, O: 10.20) Image1 (I: 24.48, O: 10.30) ReadCalls: 10.16
350017885	VERBOSE   	FPS	XnOpenNI.cpp	890	[FPS] MyDepth (I: 30.31, O: 10.20) Image1 (I: 24.92, O:  9.97) ReadCalls: 10.17
351018026	VERBOSE   	FPS	XnOpenNI.cpp	890	[FPS] MyDepth (I: 30.30, O:  9.76) Image1 (I: 24.58, O:  9.87) ReadCalls:  9.72
352020561	VERBOSE   	FPS	XnOpenNI.cpp	890	[FPS] MyDepth (I: 30.28, O:  9.76) Image1 (I: 24.67, O:  9.85) ReadCalls:  9.70
353018020	VERBOSE   	FPS	XnOpenNI.cpp	890	[FPS] MyDepth (I: 30.42, O: 10.00) Image1 (I: 26.03, O:  9.68) ReadCalls:  9.86
354018522	VERBOSE   	FPS	XnOpenNI.cpp	890	[FPS] MyDepth (I: 30.30, O: 10.10) Image1 (I: 27.60, O:  9.87) ReadCalls: 10.04
355037504	VERBOSE   	FPS	XnOpenNI.cpp	890	[FPS] MyDepth (I: 30.11, O:  9.70) Image1 (I: 28.78, O:  9.82) ReadCalls:  9.65
356018346	VERBOSE   	FPS	XnOpenNI.cpp	890	[FPS] MyDepth (I: 30.33, O:  9.56) Image1 (I: 29.99, O:  9.65) ReadCalls:  9.50
357017727	VERBOSE   	FPS	XnOpenNI.cpp	890	[FPS] MyDepth (I: 30.32, O:  9.56) Image1 (I: 30.01, O:  9.34) ReadCalls:  9.50
358017673	VERBOSE   	FPS	XnOpenNI.cpp	890	[FPS] MyDepth (I: 30.31, O:  9.90) Image1 (I: 30.20, O:  9.67) ReadCalls:  9.78
359027785	VERBOSE   	FPS	XnOpenNI.cpp	890	[FPS] MyDepth (I: 30.30, O:  9.76) Image1 (I: 29.97, O:  9.87) ReadCalls:  9.69
360014223	VERBOSE   	FPS	XnOpenNI.cpp	890	[FPS] MyDepth (I: 30.04, O:  9.57) Image1 (I: 30.04, O:  9.68) ReadCalls:  9.84
361012274	VERBOSE   	FPS	XnOpenNI.cpp	890	[FPS] MyDepth (I: 30.05, O:  9.57) Image1 (I: 30.06, O:  9.68) ReadCalls:  9.84
362011324	VERBOSE   	FPS	XnOpenNI.cpp	890	[FPS] MyDepth (I: 30.17, O:  9.82) Image1 (I: 30.17, O:  9.92) ReadCalls: 10.12
363009384	VERBOSE   	FPS	XnOpenNI.cpp	890	[FPS] MyDepth (I: 30.18, O: 10.06) Image1 (I: 30.18, O: 10.16) ReadCalls: 10.35
364027759	VERBOSE   	FPS	XnOpenNI.cpp	890	[FPS] MyDepth (I: 30.30, O: 10.33) Image1 (I: 30.00, O: 10.10) ReadCalls: 10.27
365028118	VERBOSE   	FPS	XnOpenNI.cpp	890	[FPS] MyDepth (I: 30.31, O: 10.00) Image1 (I: 29.97, O: 10.10) ReadCalls:  9.97
366027817	VERBOSE   	FPS	XnOpenNI.cpp	890	[FPS] MyDepth (I: 30.30, O: 10.00) Image1 (I: 29.97, O:  9.76) ReadCalls:  9.97
367027591	VERBOSE   	FPS	XnOpenNI.cpp	890	[FPS] MyDepth (I: 30.31, O:  9.56) Image1 (I: 30.00, O:  9.33) ReadCalls:  9.52
368038034	VERBOSE   	FPS	XnOpenNI.cpp	890	[FPS] MyDepth (I: 30.30, O:  9.76) Image1 (I: 29.96, O:  9.86) ReadCalls:  9.71
369004242	VERBOSE   	FPS	XnOpenNI.cpp	890	[FPS] MyDepth (I: 30.24, O:  9.98) Image1 (I: 29.90, O:  9.74) ReadCalls:  9.93
370038140	VERBOSE   	FPS	XnOpenNI.cpp	890	[FPS] MyDepth (I: 30.31, O: 10.20) Image1 (I: 29.97, O: 10.31) ReadCalls: 10.14
371007703	VERBOSE   	FPS	XnOpenNI.cpp	890	[FPS] MyDepth (I: 30.31, O: 10.20) Image1 (I: 29.97, O: 10.31) ReadCalls: 10.14
372007974	VERBOSE   	FPS	XnOpenNI.cpp	890	[FPS] MyDepth (I: 30.38, O: 10.21) Image1 (I: 30.05, O: 10.31) ReadCalls: 10.18
373007547	VERBOSE   	FPS	XnOpenNI.cpp	890	[FPS] MyDepth (I: 30.31, O:  9.86) Image1 (I: 29.64, O:  9.97) ReadCalls: 10.18
374006904	VERBOSE   	FPS	XnOpenNI.cpp	890	[FPS] MyDepth (I: 30.01, O: 10.78) Image1 (I: 29.01, O: 10.89) ReadCalls: 11.08
375007867	VERBOSE   	FPS	XnOpenNI.cpp	890	[FPS] MyDepth (I: 30.30, O: 13.13) Image1 (I: 29.00, O: 13.29) ReadCalls: 13.08
376007639	VERBOSE   	FPS	XnOpenNI.cpp	890	[FPS] MyDepth (I: 30.31, O: 15.33) Image1 (I: 29.00, O: 15.49) ReadCalls: 15.41
377007896	VERBOSE   	FPS	XnOpenNI.cpp	890	[FPS] MyDepth (I: 30.30, O: 16.59) Image1 (I: 29.72, O: 16.59) ReadCalls: 16.59
378008125	VERBOSE   	FPS	XnOpenNI.cpp	890	[FPS] MyDepth (I: 30.29, O: 16.49) Image1 (I: 29.72, O: 16.49) ReadCalls: 16.49
379004979	VERBOSE   	FPS	XnOpenNI.cpp	890	[FPS] MyDepth (I: 29.36, O: 15.50) Image1 (I: 30.08, O: 15.50) ReadCalls: 15.49
380013870	VERBOSE   	FPS	XnOpenNI.cpp	890	[FPS] MyDepth (I: 28.67, O: 13.76) Image1 (I: 30.08, O: 13.76) ReadCalls: 13.76
381013524	VERBOSE   	FPS	XnOpenNI.cpp	890	[FPS] MyDepth (I: 28.73, O: 13.75) Image1 (I: 30.00, O: 13.75) ReadCalls: 13.75
382021820	VERBOSE   	FPS	XnOpenNI.cpp	890	[FPS] MyDepth (I: 29.46, O: 14.90) Image1 (I: 30.10, O: 14.90) ReadCalls: 14.74
383017384	VERBOSE   	FPS	XnOpenNI.cpp	890	[FPS] MyDepth (I: 30.15, O: 15.66) Image1 (I: 30.03, O: 15.66) ReadCalls: 16.00
384013913	VERBOSE   	FPS	XnOpenNI.cpp	890	[FPS] MyDepth (I: 30.04, O: 15.82) Image1 (I: 30.46, O: 15.82) ReadCalls: 15.82
385018221	VERBOSE   	FPS	XnOpenNI.cpp	890	[FPS] MyDepth (I: 30.04, O: 14.52) Image1 (I: 29.37, O: 14.52) ReadCalls: 14.52
386017751	VERBOSE   	FPS	XnOpenNI.cpp	890	[FPS] MyDepth (I: 29.03, O: 12.01) Image1 (I: 27.71, O: 12.01) ReadCalls: 11.95
387005434	VERBOSE   	FPS	XnOpenNI.cpp	890	[FPS] MyDepth (I: 28.45, O:  9.72) Image1 (I: 25.07, O:  9.72) ReadCalls: 10.06
388019607	VERBOSE   	FPS	XnOpenNI.cpp	890	[FPS] MyDepth (I: 28.26, O:  8.41) Image1 (I: 24.91, O:  8.66) ReadCalls:  8.36
389023639	VERBOSE   	FPS	XnOpenNI.cpp	890	[FPS] MyDepth (I: 29.27, O: 11.10) Image1 (I: 26.33, O: 11.10) ReadCalls: 11.10
390038296	VERBOSE   	FPS	XnOpenNI.cpp	890	[FPS] MyDepth (I: 28.85, O: 12.78) Image1 (I: 28.48, O: 12.78) ReadCalls: 12.78
391028257	VERBOSE   	FPS	XnOpenNI.cpp	890	[FPS] MyDepth (I: 29.07, O: 15.02) Image1 (I: 29.72, O: 15.02) ReadCalls: 15.02
392004965	VERBOSE   	FPS	XnOpenNI.cpp	890	[FPS] MyDepth (I: 28.55, O: 14.63) Image1 (I: 29.18, O: 14.63) ReadCalls: 14.61
393000565	VERBOSE   	FPS	XnOpenNI.cpp	890	[FPS] MyDepth (I: 29.07, O: 14.63) Image1 (I: 29.71, O: 14.63) ReadCalls: 14.62
394025585	VERBOSE   	FPS	XnOpenNI.cpp	890	[FPS] MyDepth (I: 28.73, O: 13.72) Image1 (I: 29.36, O: 13.72) ReadCalls: 13.71
395004882	VERBOSE   	FPS	XnOpenNI.cpp	890	[FPS] MyDepth (I: 29.37, O: 14.11) Image1 (I: 29.67, O: 14.11) ReadCalls: 14.44
396018926	VERBOSE   	FPS	XnOpenNI.cpp	890	[FPS] MyDepth (I: 29.42, O: 13.71) Image1 (I: 29.38, O: 13.71) ReadCalls: 14.02
397023646	VERBOSE   	FPS	XnOpenNI.cpp	890	[FPS] MyDepth (I: 30.04, O: 13.77) Image1 (I: 30.34, O: 13.77) ReadCalls: 13.76
398000604	VERBOSE   	FPS	XnOpenNI.cpp	890	[FPS] MyDepth (I: 29.94, O: 13.69) Image1 (I: 30.23, O: 13.69) ReadCalls: 13.69
399038625	VERBOSE   	FPS	XnOpenNI.cpp	890	[FPS] MyDepth (I: 29.96, O: 13.19) Image1 (I: 29.81, O: 13.20) ReadCalls: 13.19
400012392	VERBOSE   	FPS	XnOpenNI.cpp	890	[FPS] MyDepth (I: 29.48, O: 12.42) Image1 (I: 29.44, O: 12.42) ReadCalls: 12.75
401013030	VERBOSE   	FPS	XnOpenNI.cpp	890	[FPS] MyDepth (I: 29.60, O: 12.12) Image1 (I: 29.44, O: 12.12) ReadCalls: 12.12
402020980	VERBOSE   	FPS	XnOpenNI.cpp	890	[FPS] MyDepth (I: 29.84, O: 11.10) Image1 (I: 29.51, O: 11.22) ReadCalls: 10.98
403007167	VERBOSE   	FPS	XnOpenNI.cpp	890	[FPS] MyDepth (I: 29.97, O: 11.69) Image1 (I: 29.49, O: 11.69) ReadCalls: 11.69
404023196	VERBOSE   	FPS	XnOpenNI.cpp	890	[FPS] MyDepth (I: 29.81, O: 11.13) Image1 (I: 29.37, O: 11.13) ReadCalls: 11.13
405000412	VERBOSE   	FPS	XnOpenNI.cpp	890	[FPS] MyDepth (I: 29.87, O: 11.76) Image1 (I: 29.56, O: 11.76) ReadCalls: 12.09
406017479	VERBOSE   	FPS	XnOpenNI.cpp	890	[FPS] MyDepth (I: 29.97, O:  9.84) Image1 (I: 29.94, O:  9.84) ReadCalls:  9.84
407020571	VERBOSE   	FPS	XnOpenNI.cpp	890	[FPS] MyDepth (I: 29.69, O:  9.68) Image1 (I: 28.36, O:  9.68) ReadCalls:  9.68
408008773	VERBOSE   	FPS	XnOpenNI.cpp	890	[FPS] MyDepth (I: 28.85, O: 10.46) Image1 (I: 27.48, O: 10.46) ReadCalls: 10.44
409007411	VERBOSE   	FPS	XnOpenNI.cpp	890	[FPS] MyDepth (I: 28.50, O: 11.12) Image1 (I: 27.76, O: 11.12) ReadCalls: 11.10
410017776	VERBOSE   	FPS	XnOpenNI.cpp	890	[FPS] MyDepth (I: 28.75, O: 12.18) Image1 (I: 29.03, O: 12.18) ReadCalls: 12.18
411017027	VERBOSE   	FPS	XnOpenNI.cpp	890	[FPS] MyDepth (I: 29.31, O: 12.08) Image1 (I: 28.39, O: 12.08) ReadCalls: 12.06
412017267	VERBOSE   	FPS	XnOpenNI.cpp	890	[FPS] MyDepth (I: 28.62, O: 13.81) Image1 (I: 27.06, O: 13.81) ReadCalls: 13.81
413006901	VERBOSE   	FPS	XnOpenNI.cpp	890	[FPS] MyDepth (I: 28.44, O: 14.43) Image1 (I: 27.14, O: 14.43) ReadCalls: 14.77
414017421	VERBOSE   	FPS	XnOpenNI.cpp	890	[FPS] MyDepth (I: 28.96, O: 16.38) Image1 (I: 28.38, O: 16.38) ReadCalls: 16.38
415003810	VERBOSE   	FPS	XnOpenNI.cpp	890	[FPS] MyDepth (I: 30.14, O: 17.64) Image1 (I: 30.19, O: 17.64) ReadCalls: 17.98
416017298	VERBOSE   	FPS	XnOpenNI.cpp	890	[FPS] MyDepth (I: 30.30, O: 17.55) Image1 (I: 30.06, O: 17.55) ReadCalls: 17.55
417005722	VERBOSE   	FPS	XnOpenNI.cpp	890	[FPS] MyDepth (I: 30.12, O: 17.27) Image1 (I: 30.18, O: 17.27) ReadCalls: 17.27
418017939	VERBOSE   	FPS	XnOpenNI.cpp	890	[FPS] MyDepth (I: 29.96, O: 15.25) Image1 (I: 30.05, O: 15.25) ReadCalls: 15.59
419013003	VERBOSE   	FPS	XnOpenNI.cpp	890	[FPS] MyDepth (I: 29.71, O: 15.03) Image1 (I: 30.10, O: 15.03) ReadCalls: 15.36
420022927	VERBOSE   	FPS	XnOpenNI.cpp	890	[FPS] MyDepth (I: 29.67, O: 14.87) Image1 (I: 30.02, O: 14.87) ReadCalls: 14.87
421028099	VERBOSE   	FPS	XnOpenNI.cpp	890	[FPS] MyDepth (I: 29.62, O: 14.59) Image1 (I: 29.25, O: 14.59) ReadCalls: 14.59
422008151	VERBOSE   	FPS	XnOpenNI.cpp	890	[FPS] MyDepth (I: 29.76, O: 13.69) Image1 (I: 29.15, O: 13.69) ReadCalls: 14.02
423023257	VERBOSE   	FPS	XnOpenNI.cpp	890	[FPS] MyDepth (I: 29.71, O: 13.69) Image1 (I: 29.35, O: 13.69) ReadCalls: 14.02
424001694	VERBOSE   	FPS	XnOpenNI.cpp	890	[FPS] MyDepth (I: 30.39, O: 14.61) Image1 (I: 30.27, O: 14.61) ReadCalls: 14.61
425001815	VERBOSE   	FPS	XnOpenNI.cpp	890	[FPS] MyDepth (I: 30.37, O: 15.03) Image1 (I: 30.22, O: 15.03) ReadCalls: 15.03
426001985	VERBOSE   	FPS	XnOpenNI.cpp	890	[FPS] MyDepth (I: 30.26, O: 15.44) Image1 (I: 30.22, O: 15.45) ReadCalls: 15.44
427003438	VERBOSE   	FPS	XnOpenNI.cpp	890	[FPS] MyDepth (I: 30.26, O: 15.93) Image1 (I: 30.20, O: 15.93) ReadCalls: 15.93
428037600	VERBOSE   	FPS	XnOpenNI.cpp	890	[FPS] MyDepth (I: 29.53, O: 14.97) Image1 (I: 29.82, O: 14.97) ReadCalls: 14.96
429012750	VERBOSE   	FPS	XnOpenNI.cpp	890	[FPS] MyDepth (I: 29.51, O: 13.43) Image1 (I: 29.45, O: 13.43) ReadCalls: 13.76
430011521	VERBOSE   	FPS	XnOpenNI.cpp	890	[FPS] MyDepth (I: 28.54, O: 12.15) Image1 (I: 29.51, O: 12.15) ReadCalls: 12.48
431017253	VERBOSE   	FPS	XnOpenNI.cpp	890	[FPS] MyDepth (I: 28.90, O: 10.54) Image1 (I: 29.53, O: 10.54) ReadCalls: 10.50
432008196	VERBOSE   	FPS	XnOpenNI.cpp	890	[FPS] MyDepth (I: 29.62, O:  9.04) Image1 (I: 29.22, O:  9.04) ReadCalls:  9.35
433008914	VERBOSE   	FPS	XnOpenNI.cpp	890	[FPS] MyDepth (I: 30.29, O:  7.75) Image1 (I: 29.32, O:  7.82) ReadCalls:  8.01
434004712	VERBOSE   	FPS	XnOpenNI.cpp	890	[FPS] MyDepth (I: 29.79, O:  7.84) Image1 (I: 28.79, O:  7.91) ReadCalls:  8.10
435008426	VERBOSE   	FPS	XnOpenNI.cpp	890	[FPS] MyDepth (I: 29.96, O:  8.02) Image1 (I: 28.28, O:  7.74) ReadCalls:  7.95
436020469	VERBOSE   	FPS	XnOpenNI.cpp	890	[FPS] MyDepth (I: 29.17, O:  7.55) Image1 (I: 27.50, O:  7.71) ReadCalls:  7.53
437000117	VERBOSE   	FPS	XnOpenNI.cpp	890	[FPS] MyDepth (I: 29.42, O:  9.45) Image1 (I: 28.08, O:  9.55) ReadCalls:  9.68
438008625	VERBOSE   	FPS	XnOpenNI.cpp	890	[FPS] MyDepth (I: 29.11, O: 10.69) Image1 (I: 28.11, O: 10.80) ReadCalls: 10.93
439026111	VERBOSE   	FPS	XnOpenNI.cpp	890	[FPS] MyDepth (I: 29.34, O: 10.67) Image1 (I: 27.34, O: 10.67) ReadCalls: 10.67
440002882	VERBOSE   	FPS	XnOpenNI.cpp	890	[FPS] MyDepth (I: 28.25, O:  9.23) Image1 (I: 26.53, O:  9.23) ReadCalls:  9.57
441026161	VERBOSE   	FPS	XnOpenNI.cpp	890	[FPS] MyDepth (I: 28.87, O:  8.71) Image1 (I: 24.86, O:  8.73) ReadCalls:  8.61
442011430	VERBOSE   	FPS	XnOpenNI.cpp	890	[FPS] MyDepth (I: 27.80, O:  8.44) Image1 (I: 23.11, O:  8.57) ReadCalls:  8.42
443017378	VERBOSE   	FPS	XnOpenNI.cpp	890	[FPS] MyDepth (I: 29.36, O:  7.83) Image1 (I: 21.94, O:  7.91) ReadCalls:  8.15
444023137	VERBOSE   	FPS	XnOpenNI.cpp	890	[FPS] MyDepth (I: 28.36, O:  8.40) Image1 (I: 22.36, O:  8.15) ReadCalls:  8.38
445021171	VERBOSE   	FPS	XnOpenNI.cpp	890	[FPS] MyDepth (I: 28.25, O: 10.46) Image1 (I: 25.64, O: 10.58) ReadCalls: 10.46
446023367	VERBOSE   	FPS	XnOpenNI.cpp	890	[FPS] MyDepth (I: 27.56, O: 12.87) Image1 (I: 27.57, O: 12.77) ReadCalls: 12.74
447017474	VERBOSE   	FPS	XnOpenNI.cpp	890	[FPS] MyDepth (I: 28.42, O: 13.50) Image1 (I: 28.72, O: 13.38) ReadCalls: 13.50
448016899	VERBOSE   	FPS	XnOpenNI.cpp	890	[FPS] MyDepth (I: 29.41, O: 12.07) Image1 (I: 29.04, O: 12.07) ReadCalls: 12.07
449001211	VERBOSE   	FPS	XnOpenNI.cpp	890	[FPS] MyDepth (I: 29.92, O: 10.16) Image1 (I: 28.88, O: 10.16) ReadCalls: 10.16
450025459	VERBOSE   	FPS	XnOpenNI.cpp	890	[FPS] MyDepth (I: 29.98, O: 11.46) Image1 (I: 29.31, O: 11.57) ReadCalls: 11.75
451024678	VERBOSE   	FPS	XnOpenNI.cpp	890	[FPS] MyDepth (I: 29.99, O: 13.48) Image1 (I: 29.32, O: 13.62) ReadCalls: 13.76
452022566	VERBOSE   	FPS	XnOpenNI.cpp	890	[FPS] MyDepth (I: 30.01, O: 16.03) Image1 (I: 30.21, O: 16.03) ReadCalls: 16.37
453005609	VERBOSE   	FPS	XnOpenNI.cpp	890	[FPS] MyDepth (I: 30.21, O: 16.79) Image1 (I: 30.27, O: 16.79) ReadCalls: 17.11
454003643	VERBOSE   	FPS	XnOpenNI.cpp	890	[FPS] MyDepth (I: 30.23, O: 17.80) Image1 (I: 30.30, O: 17.80) ReadCalls: 18.13
455017696	VERBOSE   	FPS	XnOpenNI.cpp	890	[FPS] MyDepth (I: 30.09, O: 18.03) Image1 (I: 30.16, O: 18.03) ReadCalls: 18.36
456026904	VERBOSE   	FPS	XnOpenNI.cpp	890	[FPS] MyDepth (I: 30.30, O: 18.59) Image1 (I: 30.06, O: 18.59) ReadCalls: 18.59
457027163	VERBOSE   	FPS	XnOpenNI.cpp	890	[FPS] MyDepth (I: 30.30, O: 18.24) Image1 (I: 30.13, O: 18.24) ReadCalls: 18.24
458012834	VERBOSE   	FPS	XnOpenNI.cpp	890	[FPS] MyDepth (I: 30.17, O: 18.03) Image1 (I: 30.20, O: 18.03) ReadCalls: 18.36
459032841	VERBOSE   	FPS	XnOpenNI.cpp	890	[FPS] MyDepth (I: 30.01, O: 17.42) Image1 (I: 30.31, O: 17.42) ReadCalls: 17.42
460024981	VERBOSE   	FPS	XnOpenNI.cpp	890	[FPS] MyDepth (I: 30.02, O: 16.78) Image1 (I: 30.08, O: 16.78) ReadCalls: 17.12
461033372	VERBOSE   	FPS	XnOpenNI.cpp	890	[FPS] MyDepth (I: 30.06, O: 16.57) Image1 (I: 30.29, O: 16.57) ReadCalls: 16.57
462006517	VERBOSE   	FPS	XnOpenNI.cpp	890	[FPS] MyDepth (I: 30.31, O: 16.62) Image1 (I: 30.27, O: 16.62) ReadCalls: 16.62
463005074	VERBOSE   	FPS	XnOpenNI.cpp	890	[FPS] MyDepth (I: 29.99, O: 16.78) Image1 (I: 30.28, O: 16.78) ReadCalls: 17.11
464007350	VERBOSE   	FPS	XnOpenNI.cpp	890	[FPS] MyDepth (I: 30.30, O: 17.28) Image1 (I: 30.26, O: 17.28) ReadCalls: 17.27
465002507	VERBOSE   	FPS	XnOpenNI.cpp	890	[FPS] MyDepth (I: 30.04, O: 17.36) Image1 (I: 30.31, O: 17.36) ReadCalls: 17.36
466002414	VERBOSE   	FPS	XnOpenNI.cpp	890	[FPS] MyDepth (I: 30.04, O: 17.36) Image1 (I: 30.31, O: 17.36) ReadCalls: 17.35
467002663	VERBOSE   	FPS	XnOpenNI.cpp	890	[FPS] MyDepth (I: 29.71, O: 17.27) Image1 (I: 30.30, O: 17.28) ReadCalls: 17.27
468003140	VERBOSE   	FPS	XnOpenNI.cpp	890	[FPS] MyDepth (I: 29.71, O: 15.91) Image1 (I: 30.29, O: 15.91) ReadCalls: 15.91
469002265	VERBOSE   	FPS	XnOpenNI.cpp	890	[FPS] MyDepth (I: 29.71, O: 15.74) Image1 (I: 30.41, O: 15.74) ReadCalls: 15.74
470002966	VERBOSE   	FPS	XnOpenNI.cpp	890	[FPS] MyDepth (I: 30.04, O: 16.32) Image1 (I: 30.35, O: 16.33) ReadCalls: 16.32
471002701	VERBOSE   	FPS	XnOpenNI.cpp	890	[FPS] MyDepth (I: 30.04, O: 16.81) Image1 (I: 30.30, O: 16.81) ReadCalls: 16.81
472002105	VERBOSE   	FPS	XnOpenNI.cpp	890	[FPS] MyDepth (I: 30.04, O: 16.72) Image1 (I: 30.31, O: 16.72) ReadCalls: 16.72
473016809	VERBOSE   	FPS	XnOpenNI.cpp	890	[FPS] MyDepth (I: 29.96, O: 15.20) Image1 (I: 29.82, O: 15.20) ReadCalls: 15.20
474002593	VERBOSE   	FPS	XnOpenNI.cpp	890	[FPS] MyDepth (I: 30.08, O: 13.36) Image1 (I: 30.00, O: 13.36) ReadCalls: 13.69
475016540	VERBOSE   	FPS	XnOpenNI.cpp	890	[FPS] MyDepth (I: 30.01, O: 10.93) Image1 (I: 29.83, O: 10.59) ReadCalls: 10.90
476016617	VERBOSE   	FPS	XnOpenNI.cpp	890	[FPS] MyDepth (I: 30.30, O: 10.10) Image1 (I: 29.67, O:  9.86) ReadCalls: 10.06
477016673	VERBOSE   	FPS	XnOpenNI.cpp	890	[FPS] MyDepth (I: 30.30, O: 10.00) Image1 (I: 29.67, O:  9.76) ReadCalls:  9.93
478016880	VERBOSE   	FPS	XnOpenNI.cpp	890	[FPS] MyDepth (I: 30.31, O: 10.24) Image1 (I: 29.63, O: 10.00) ReadCalls: 10.21
479016395	VERBOSE   	FPS	XnOpenNI.cpp	890	[FPS] MyDepth (I: 30.31, O: 10.24) Image1 (I: 30.00, O: 10.00) ReadCalls: 10.21
480008901	VERBOSE   	FPS	XnOpenNI.cpp	890	[FPS] MyDepth (I: 30.08, O:  9.93) Image1 (I: 29.74, O: 10.03) ReadCalls: 10.23
481008501	VERBOSE   	FPS	XnOpenNI.cpp	890	[FPS] MyDepth (I: 30.08, O:  9.93) Image1 (I: 29.76, O: 10.03) ReadCalls: 10.23
482005973	VERBOSE   	FPS	XnOpenNI.cpp	890	[FPS] MyDepth (I: 30.10, O:  9.93) Image1 (I: 29.44, O: 10.04) ReadCalls: 10.23
483004020	VERBOSE   	FPS	XnOpenNI.cpp	890	[FPS] MyDepth (I: 30.23, O: 10.08) Image1 (I: 29.91, O: 10.18) ReadCalls: 10.35
484018074	VERBOSE   	FPS	XnOpenNI.cpp	890	[FPS] MyDepth (I: 30.08, O: 10.03) Image1 (I: 29.75, O: 10.13) ReadCalls: 10.34
485026374	VERBOSE   	FPS	XnOpenNI.cpp	890	[FPS] MyDepth (I: 30.31, O: 10.33) Image1 (I: 29.00, O: 10.11) ReadCalls: 10.30
486026387	VERBOSE   	FPS	XnOpenNI.cpp	890	[FPS] MyDepth (I: 30.30, O: 10.33) Image1 (I: 29.00, O: 10.10) ReadCalls: 10.30
487005697	VERBOSE   	FPS	XnOpenNI.cpp	890	[FPS] MyDepth (I: 30.21, O: 10.41) Image1 (I: 28.87, O: 10.17) ReadCalls: 10.38
488027076	VERBOSE   	FPS	XnOpenNI.cpp	890	[FPS] MyDepth (I: 30.31, O: 10.24) Image1 (I: 29.30, O: 10.34) ReadCalls: 10.18
489025406	VERBOSE   	FPS	XnOpenNI.cpp	890	[FPS] MyDepth (I: 30.01, O: 10.24) Image1 (I: 29.01, O: 10.34) ReadCalls: 10.51
490024431	VERBOSE   	FPS	XnOpenNI.cpp	890	[FPS] MyDepth (I: 30.02, O: 10.25) Image1 (I: 28.75, O: 10.34) ReadCalls: 10.57
491022404	VERBOSE   	FPS	XnOpenNI.cpp	890	[FPS] MyDepth (I: 30.05, O: 10.15) Image1 (I: 28.38, O: 10.25) ReadCalls: 10.46
492007172	VERBOSE   	FPS	XnOpenNI.cpp	890	[FPS] MyDepth (I: 30.30, O: 10.10) Image1 (I: 28.28, O: 10.20) ReadCalls: 10.06
493009388	VERBOSE   	FPS	XnOpenNI.cpp	890	[FPS] MyDepth (I: 30.27, O: 10.09) Image1 (I: 27.58, O: 10.20) ReadCalls: 10.05
494006432	VERBOSE   	FPS	XnOpenNI.cpp	890	[FPS] MyDepth (I: 30.31, O: 10.10) Image1 (I: 26.27, O: 10.21) ReadCalls: 10.05
495006460	VERBOSE   	FPS	XnOpenNI.cpp	890	[FPS] MyDepth (I: 30.30, O: 10.10) Image1 (I: 26.01, O:  9.86) ReadCalls: 10.05
496006233	VERBOSE   	FPS	XnOpenNI.cpp	890	[FPS] MyDepth (I: 30.30, O: 10.10) Image1 (I: 27.36, O:  9.86) ReadCalls: 10.04
497006432	VERBOSE   	FPS	XnOpenNI.cpp	890	[FPS] MyDepth (I: 30.30, O: 10.10) Image1 (I: 29.33, O:  9.86) ReadCalls: 10.04
498006342	VERBOSE   	FPS	XnOpenNI.cpp	890	[FPS] MyDepth (I: 30.30, O: 10.24) Image1 (I: 30.00, O: 10.00) ReadCalls: 10.19
499006742	VERBOSE   	FPS	XnOpenNI.cpp	890	[FPS] MyDepth (I: 30.30, O: 10.24) Image1 (I: 29.97, O: 10.34) ReadCalls: 10.19
500007178	VERBOSE   	FPS	XnOpenNI.cpp	890	[FPS] MyDepth (I: 30.30, O: 10.24) Image1 (I: 29.96, O: 10.34) ReadCalls: 10.18
501006865	VERBOSE   	FPS	XnOpenNI.cpp	890	[FPS] MyDepth (I: 30.06, O:  9.90) Image1 (I: 30.06, O: 10.00) ReadCalls: 10.17
502006277	VERBOSE   	FPS	XnOpenNI.cpp	890	[FPS] MyDepth (I: 30.00, O:  9.80) Image1 (I: 29.67, O:  9.90) ReadCalls:  9.78
503002302	VERBOSE   	FPS	XnOpenNI.cpp	890	[FPS] MyDepth (I: 29.05, O: 11.50) Image1 (I: 29.05, O: 11.62) ReadCalls: 11.42
504002171	VERBOSE   	FPS	XnOpenNI.cpp	890	[FPS] MyDepth (I: 29.14, O: 14.07) Image1 (I: 29.14, O: 14.21) ReadCalls: 14.36
505000133	VERBOSE   	FPS	XnOpenNI.cpp	890	[FPS] MyDepth (I: 29.39, O: 17.13) Image1 (I: 29.07, O: 17.13) ReadCalls: 16.80
506001843	VERBOSE   	FPS	XnOpenNI.cpp	890	[FPS] MyDepth (I: 30.15, O: 17.52) Image1 (I: 30.30, O: 17.52) ReadCalls: 17.52
507004937	VERBOSE   	FPS	XnOpenNI.cpp	890	[FPS] MyDepth (I: 30.13, O: 17.35) Image1 (I: 30.04, O: 17.35) ReadCalls: 17.34
508001760	VERBOSE   	FPS	XnOpenNI.cpp	890	[FPS] MyDepth (I: 30.28, O: 17.01) Image1 (I: 30.41, O: 17.01) ReadCalls: 17.01
509012777	VERBOSE   	FPS	XnOpenNI.cpp	890	[FPS] MyDepth (I: 30.03, O: 16.02) Image1 (I: 30.42, O: 16.02) ReadCalls: 16.01
510005415	VERBOSE   	FPS	XnOpenNI.cpp	890	[FPS] MyDepth (I: 30.11, O: 14.79) Image1 (I: 30.60, O: 14.79) ReadCalls: 14.78
511002256	VERBOSE   	FPS	XnOpenNI.cpp	890	[FPS] MyDepth (I: 30.15, O: 13.37) Image1 (I: 30.41, O: 13.37) ReadCalls: 13.37
512002540	VERBOSE   	FPS	XnOpenNI.cpp	890	[FPS] MyDepth (I: 30.14, O: 12.91) Image1 (I: 30.40, O: 12.91) ReadCalls: 12.91
513002035	VERBOSE   	FPS	XnOpenNI.cpp	890	[FPS] MyDepth (I: 30.25, O: 12.22) Image1 (I: 30.41, O: 12.22) ReadCalls: 12.22
514002875	VERBOSE   	FPS	XnOpenNI.cpp	890	[FPS] MyDepth (I: 30.24, O: 13.15) Image1 (I: 30.40, O: 13.15) ReadCalls: 13.15
515002178	VERBOSE   	FPS	XnOpenNI.cpp	890	[FPS] MyDepth (I: 30.34, O: 14.42) Image1 (I: 30.40, O: 14.42) ReadCalls: 14.42
516002155	VERBOSE   	FPS	XnOpenNI.cpp	890	[FPS] MyDepth (I: 30.24, O: 15.92) Image1 (I: 30.40, O: 15.92) ReadCalls: 15.92
517002173	VERBOSE   	FPS	XnOpenNI.cpp	890	[FPS] MyDepth (I: 30.24, O: 16.01) Image1 (I: 30.41, O: 16.01) ReadCalls: 16.00
518001875	VERBOSE   	FPS	XnOpenNI.cpp	890	[FPS] MyDepth (I: 30.25, O: 15.67) Image1 (I: 30.42, O: 15.67) ReadCalls: 15.65
519004742	VERBOSE   	FPS	XnOpenNI.cpp	890	[FPS] MyDepth (I: 30.23, O: 15.38) Image1 (I: 30.06, O: 15.38) ReadCalls: 15.38
520001957	VERBOSE   	FPS	XnOpenNI.cpp	890	[FPS] MyDepth (I: 30.25, O: 15.38) Image1 (I: 30.41, O: 15.39) ReadCalls: 15.38
521002432	VERBOSE   	FPS	XnOpenNI.cpp	890	[FPS] MyDepth (I: 30.25, O: 15.46) Image1 (I: 30.41, O: 15.46) ReadCalls: 15.46
522001934	VERBOSE   	FPS	XnOpenNI.cpp	890	[FPS] MyDepth (I: 30.03, O: 14.35) Image1 (I: 30.45, O: 14.35) ReadCalls: 14.35
523006296	VERBOSE   	FPS	XnOpenNI.cpp	890	[FPS] MyDepth (I: 30.05, O: 12.83) Image1 (I: 27.33, O: 12.50) ReadCalls: 12.83
524001195	VERBOSE   	FPS	XnOpenNI.cpp	890	[FPS] MyDepth (I: 29.34, O: 10.18) Image1 (I: 24.34, O: 10.18) ReadCalls: 10.51
525006681	VERBOSE   	FPS	XnOpenNI.cpp	890	[FPS] MyDepth (I: 29.62, O:  8.91) Image1 (I: 21.93, O:  8.91) ReadCalls:  9.25
526007452	VERBOSE   	FPS	XnOpenNI.cpp	890	[FPS] MyDepth (I: 29.10, O:  8.28) Image1 (I: 22.36, O:  8.34) ReadCalls:  8.19
527005923	VERBOSE   	FPS	XnOpenNI.cpp	890	[FPS] MyDepth (I: 28.63, O:  8.28) Image1 (I: 23.91, O:  8.08) ReadCalls:  8.24
528004359	VERBOSE   	FPS	XnOpenNI.cpp	890	[FPS] MyDepth (I: 28.36, O:  8.34) Image1 (I: 23.11, O:  8.49) ReadCalls:  8.33
529006104	VERBOSE   	FPS	XnOpenNI.cpp	890	[FPS] MyDepth (I: 29.68, O:  8.52) Image1 (I: 23.71, O:  8.52) ReadCalls:  8.51
530006211	VERBOSE   	FPS	XnOpenNI.cpp	890	[FPS] MyDepth (I: 30.10, O:  9.22) Image1 (I: 23.68, O:  9.00) ReadCalls:  9.20
531004651	VERBOSE   	FPS	XnOpenNI.cpp	890	[FPS] MyDepth (I: 29.69, O:  9.13) Image1 (I: 24.00, O:  9.22) ReadCalls:  9.07
532002981	VERBOSE   	FPS	XnOpenNI.cpp	890	[FPS] MyDepth (I: 28.03, O: 11.12) Image1 (I: 23.74, O: 11.12) ReadCalls: 11.12
533001853	VERBOSE   	FPS	XnOpenNI.cpp	890	[FPS] MyDepth (I: 27.71, O: 11.97) Image1 (I: 25.06, O: 12.02) ReadCalls: 11.93
534006137	VERBOSE   	FPS	XnOpenNI.cpp	890	[FPS] MyDepth (I: 27.09, O: 12.16) Image1 (I: 27.43, O: 12.29) ReadCalls: 12.46
535016713	VERBOSE   	FPS	XnOpenNI.cpp	890	[FPS] MyDepth (I: 28.61, O: 10.35) Image1 (I: 28.91, O: 10.36) ReadCalls: 10.68
536016075	VERBOSE   	FPS	XnOpenNI.cpp	890	[FPS] MyDepth (I: 29.73, O:  9.35) Image1 (I: 30.02, O:  9.02) ReadCalls:  9.34
537011570	VERBOSE   	FPS	XnOpenNI.cpp	890	[FPS] MyDepth (I: 30.05, O:  8.68) Image1 (I: 30.06, O:  8.78) ReadCalls:  8.96
538000198	VERBOSE   	FPS	XnOpenNI.cpp	890	[FPS] MyDepth (I: 30.17, O:  9.05) Image1 (I: 29.83, O:  9.14) ReadCalls:  8.94
539016228	VERBOSE   	FPS	XnOpenNI.cpp	890	[FPS] MyDepth (I: 30.30, O:  9.56) Image1 (I: 30.00, O:  9.67) ReadCalls:  9.52
540026311	VERBOSE   	FPS	XnOpenNI.cpp	890	[FPS] MyDepth (I: 30.30, O: 10.10) Image1 (I: 29.97, O: 10.10) ReadCalls:  9.93
541020748	VERBOSE   	FPS	XnOpenNI.cpp	890	[FPS] MyDepth (I: 30.02, O:  9.78) Image1 (I: 30.02, O:  9.88) ReadCalls: 10.01
542002789	VERBOSE   	FPS	XnOpenNI.cpp	890	[FPS] MyDepth (I: 30.13, O:  9.84) Image1 (I: 30.14, O:  9.94) ReadCalls: 10.12
543016850	VERBOSE   	FPS	XnOpenNI.cpp	890	[FPS] MyDepth (I: 30.09, O:  9.46) Image1 (I: 30.10, O:  9.55) ReadCalls:  9.73
544026185	VERBOSE   	FPS	XnOpenNI.cpp	890	[FPS] MyDepth (I: 30.31, O:  9.67) Image1 (I: 30.01, O:  9.43) ReadCalls:  9.61
545013972	VERBOSE   	FPS	XnOpenNI.cpp	890	[FPS] MyDepth (I: 30.12, O:  9.37) Image1 (I: 30.12, O:  9.47) ReadCalls:  9.65
546025968	VERBOSE   	FPS	XnOpenNI.cpp	890	[FPS] MyDepth (I: 30.30, O: 10.00) Image1 (I: 30.00, O:  9.77) ReadCalls:  9.95
547025874	VERBOSE   	FPS	XnOpenNI.cpp	890	[FPS] MyDepth (I: 30.32, O: 10.35) Image1 (I: 30.00, O: 10.00) ReadCalls: 10.23
548025757	VERBOSE   	FPS	XnOpenNI.cpp	890	[FPS] MyDepth (I: 30.31, O: 10.33) Image1 (I: 30.00, O: 10.10) ReadCalls: 10.28
549026379	VERBOSE   	FPS	XnOpenNI.cpp	890	[FPS] MyDepth (I: 30.30, O: 10.24) Image1 (I: 29.97, O: 10.00) ReadCalls: 10.16
550003442	VERBOSE   	FPS	XnOpenNI.cpp	890	[FPS] MyDepth (I: 30.23, O:  9.97) Image1 (I: 29.89, O: 10.08) ReadCalls:  9.90
551036218	VERBOSE   	FPS	XnOpenNI.cpp	890	[FPS] MyDepth (I: 30.30, O:  9.86) Image1 (I: 29.63, O:  9.97) ReadCalls:  9.83
552003172	VERBOSE   	FPS	XnOpenNI.cpp	890	[FPS] MyDepth (I: 30.23, O:  9.63) Image1 (I: 29.56, O:  9.74) ReadCalls:  9.60
553006622	VERBOSE   	FPS	XnOpenNI.cpp	890	[FPS] MyDepth (I: 30.30, O:  9.43) Image1 (I: 28.28, O:  9.52) ReadCalls:  9.38
554000095	VERBOSE   	FPS	XnOpenNI.cpp	890	[FPS] MyDepth (I: 30.03, O: 10.57) Image1 (I: 28.68, O: 10.67) ReadCalls: 10.85
555023282	VERBOSE   	FPS	XnOpenNI.cpp	890	[FPS] MyDepth (I: 29.79, O: 13.06) Image1 (I: 28.79, O: 13.21) ReadCalls: 13.22
556022592	VERBOSE   	FPS	XnOpenNI.cpp	890	[FPS] MyDepth (I: 30.14, O: 15.07) Image1 (I: 29.81, O: 15.22) ReadCalls: 15.19
557006915	VERBOSE   	FPS	XnOpenNI.cpp	890	[FPS] MyDepth (I: 29.96, O: 14.26) Image1 (I: 28.38, O: 14.26) ReadCalls: 14.60
558006370	VERBOSE   	FPS	XnOpenNI.cpp	890	[FPS] MyDepth (I: 30.19, O: 11.58) Image1 (I: 26.15, O: 11.58) ReadCalls: 11.92
559017472	VERBOSE   	FPS	XnOpenNI.cpp	890	[FPS] MyDepth (I: 30.05, O:  9.42) Image1 (I: 24.06, O:  9.42) ReadCalls:  9.42
560006338	VERBOSE   	FPS	XnOpenNI.cpp	890	[FPS] MyDepth (I: 30.30, O:  9.00) Image1 (I: 24.01, O:  8.76) ReadCalls:  8.96
561006994	VERBOSE   	FPS	XnOpenNI.cpp	890	[FPS] MyDepth (I: 30.30, O:  9.31) Image1 (I: 24.24, O:  9.09) ReadCalls:  9.30
562017886	VERBOSE   	FPS	XnOpenNI.cpp	890	[FPS] MyDepth (I: 30.29, O:  9.42) Image1 (I: 24.01, O:  9.52) ReadCalls:  9.40
563016145	VERBOSE   	FPS	XnOpenNI.cpp	890	[FPS] MyDepth (I: 30.34, O:  9.19) Image1 (I: 23.94, O:  9.28) ReadCalls:  9.50
564023176	VERBOSE   	FPS	XnOpenNI.cpp	890	[FPS] MyDepth (I: 30.26, O:  9.16) Image1 (I: 22.53, O:  9.26) ReadCalls:  9.13
565020154	VERBOSE   	FPS	XnOpenNI.cpp	890	[FPS] MyDepth (I: 28.24, O:  8.41) Image1 (I: 21.52, O:  8.49) ReadCalls:  8.37
566015276	VERBOSE   	FPS	XnOpenNI.cpp	890	[FPS] MyDepth (I: 28.34, O:  9.68) Image1 (I: 23.03, O:  9.77) ReadCalls:  9.64
567016394	VERBOSE   	FPS	XnOpenNI.cpp	890	[FPS] MyDepth (I: 28.06, O: 10.44) Image1 (I: 26.06, O: 10.55) ReadCalls: 10.72
568003456	VERBOSE   	FPS	XnOpenNI.cpp	890	[FPS] MyDepth (I: 29.54, O: 10.82) Image1 (I: 28.83, O: 10.82) ReadCalls: 10.82
569012219	VERBOSE   	FPS	XnOpenNI.cpp	890	[FPS] MyDepth (I: 29.08, O:  9.05) Image1 (I: 29.36, O:  9.05) ReadCalls:  9.04
570033738	VERBOSE   	FPS	XnOpenNI.cpp	890	[FPS] MyDepth (I: 29.46, O:  9.00) Image1 (I: 29.27, O:  9.04) ReadCalls:  8.92
571003222	VERBOSE   	FPS	XnOpenNI.cpp	890	[FPS] MyDepth (I: 29.34, O:  9.50) Image1 (I: 29.01, O:  9.60) ReadCalls:  9.73
572007473	VERBOSE   	FPS	XnOpenNI.cpp	890	[FPS] MyDepth (I: 27.75, O: 10.42) Image1 (I: 27.71, O: 10.42) ReadCalls: 10.38
573002169	VERBOSE   	FPS	XnOpenNI.cpp	890	[FPS] MyDepth (I: 28.30, O: 10.99) Image1 (I: 27.63, O: 11.14) ReadCalls: 10.85
574001782	VERBOSE   	FPS	XnOpenNI.cpp	890	[FPS] MyDepth (I: 28.39, O: 11.71) Image1 (I: 27.76, O: 11.72) ReadCalls: 12.01
575019695	VERBOSE   	FPS	XnOpenNI.cpp	890	[FPS] MyDepth (I: 29.40, O: 10.87) Image1 (I: 28.97, O: 10.87) ReadCalls: 10.77
576024225	VERBOSE   	FPS	XnOpenNI.cpp	890	[FPS] MyDepth (I: 29.57, O:  9.90) Image1 (I: 29.28, O:  9.90) ReadCalls:  9.90
577026995	VERBOSE   	FPS	XnOpenNI.cpp	890	[FPS] MyDepth (I: 29.79, O: 10.35) Image1 (I: 29.33, O: 10.33) ReadCalls: 10.24
578007434	VERBOSE   	FPS	XnOpenNI.cpp	890	[FPS] MyDepth (I: 29.79, O: 10.17) Image1 (I: 29.12, O: 10.31) ReadCalls: 10.46
579011230	VERBOSE   	FPS	XnOpenNI.cpp	890	[FPS] MyDepth (I: 29.50, O:  9.48) Image1 (I: 28.46, O:  9.49) ReadCalls:  9.48
580004580	VERBOSE   	FPS	XnOpenNI.cpp	890	[FPS] MyDepth (I: 29.89, O:  8.52) Image1 (I: 27.54, O:  8.60) ReadCalls:  8.73
581012437	VERBOSE   	FPS	XnOpenNI.cpp	890	[FPS] MyDepth (I: 29.82, O: 11.84) Image1 (I: 28.14, O: 11.73) ReadCalls: 11.68
582011208	VERBOSE   	FPS	XnOpenNI.cpp	890	[FPS] MyDepth (I: 29.83, O: 14.61) Image1 (I: 29.37, O: 14.76) ReadCalls: 14.46
583018296	VERBOSE   	FPS	XnOpenNI.cpp	890	[FPS] MyDepth (I: 30.17, O: 16.26) Image1 (I: 30.00, O: 16.26) ReadCalls: 16.26
584005486	VERBOSE   	FPS	XnOpenNI.cpp	890	[FPS] MyDepth (I: 30.07, O: 14.48) Image1 (I: 29.40, O: 14.48) ReadCalls: 14.81
585011852	VERBOSE   	FPS	XnOpenNI.cpp	890	[FPS] MyDepth (I: 29.90, O: 12.43) Image1 (I: 29.39, O: 12.43) ReadCalls: 12.42
586006293	VERBOSE   	FPS	XnOpenNI.cpp	890	[FPS] MyDepth (I: 30.12, O: 10.19) Image1 (I: 29.48, O:  9.85) ReadCalls: 10.19
587005901	VERBOSE   	FPS	XnOpenNI.cpp	890	[FPS] MyDepth (I: 30.30, O:  9.65) Image1 (I: 29.96, O:  9.43) ReadCalls:  9.61
588020913	VERBOSE   	FPS	XnOpenNI.cpp	890	[FPS] MyDepth (I: 29.82, O:  9.81) Image1 (I: 30.16, O:  9.60) ReadCalls:  9.74
589009951	VERBOSE   	FPS	XnOpenNI.cpp	890	[FPS] MyDepth (I: 30.26, O:  9.54) Image1 (I: 30.11, O:  9.64) ReadCalls:  9.53
590005723	VERBOSE   	FPS	XnOpenNI.cpp	890	[FPS] MyDepth (I: 30.31, O:  9.56) Image1 (I: 30.15, O:  9.33) ReadCalls:  9.49
591021042	VERBOSE   	FPS	XnOpenNI.cpp	890	[FPS] MyDepth (I: 30.03, O:  9.67) Image1 (I: 30.30, O:  9.68) ReadCalls:  9.54
592015577	VERBOSE   	FPS	XnOpenNI.cpp	890	[FPS] MyDepth (I: 30.31, O: 10.10) Image1 (I: 29.72, O: 10.21) ReadCalls: 10.07
593015676	VERBOSE   	FPS	XnOpenNI.cpp	890	[FPS] MyDepth (I: 30.30, O: 10.20) Image1 (I: 29.73, O: 10.31) ReadCalls: 10.51
594015625	VERBOSE   	FPS	XnOpenNI.cpp	890	[FPS] MyDepth (I: 30.39, O: 10.13) Image1 (I: 29.72, O: 10.23) ReadCalls: 10.40
595015396	VERBOSE   	FPS	XnOpenNI.cpp	890	[FPS] MyDepth (I: 30.31, O: 10.10) Image1 (I: 29.67, O: 10.20) ReadCalls: 10.39
596015277	VERBOSE   	FPS	XnOpenNI.cpp	890	[FPS] MyDepth (I: 30.31, O: 10.00) Image1 (I: 29.00, O: 10.10) ReadCalls: 10.27
597015226	VERBOSE   	FPS	XnOpenNI.cpp	890	[FPS] MyDepth (I: 30.30, O: 10.00) Image1 (I: 28.00, O:  9.76) ReadCalls:  9.92
598015566	VERBOSE   	FPS	XnOpenNI.cpp	890	[FPS] MyDepth (I: 30.31, O:  9.90) Image1 (I: 27.95, O:  9.67) ReadCalls:  9.86
599016136	VERBOSE   	FPS	XnOpenNI.cpp	890	[FPS] MyDepth (I: 30.30, O: 10.00) Image1 (I: 27.60, O: 10.10) ReadCalls:  9.96
600016329	VERBOSE   	FPS	XnOpenNI.cpp	890	[FPS] MyDepth (I: 30.30, O: 10.24) Image1 (I: 27.60, O: 10.34) ReadCalls: 10.18
601017573	VERBOSE   	FPS	XnOpenNI.cpp	890	[FPS] MyDepth (I: 30.05, O:  9.89) Image1 (I: 27.35, O:  9.89) ReadCalls: 10.18
602015623	VERBOSE   	FPS	XnOpenNI.cpp	890	[FPS] MyDepth (I: 30.01, O:  9.46) Image1 (I: 28.34, O:  9.56) ReadCalls:  9.73
603014670	VERBOSE   	FPS	XnOpenNI.cpp	890	[FPS] MyDepth (I: 30.02, O:  9.46) Image1 (I: 28.69, O:  9.56) ReadCalls:  9.78
604021290	VERBOSE   	FPS	XnOpenNI.cpp	890	[FPS] MyDepth (I: 30.04, O: 10.01) Image1 (I: 29.04, O: 10.12) ReadCalls: 10.13
605021256	VERBOSE   	FPS	XnOpenNI.cpp	890	[FPS] MyDepth (I: 30.04, O: 12.02) Image1 (I: 29.04, O: 12.14) ReadCalls: 12.02
606012351	VERBOSE   	FPS	XnOpenNI.cpp	890	[FPS] MyDepth (I: 30.13, O: 13.39) Image1 (I: 29.46, O: 13.53) ReadCalls: 13.68
607007912	VERBOSE   	FPS	XnOpenNI.cpp	890	[FPS] MyDepth (I: 30.18, O: 14.60) Image1 (I: 30.13, O: 14.62) ReadCalls: 14.81
608006920	VERBOSE   	FPS	XnOpenNI.cpp	890	[FPS] MyDepth (I: 30.19, O: 14.66) Image1 (I: 30.14, O: 14.66) ReadCalls: 15.00
609021231	VERBOSE   	FPS	XnOpenNI.cpp	890	[FPS] MyDepth (I: 30.11, O: 15.26) Image1 (I: 30.30, O: 15.26) ReadCalls: 15.60
610003058	VERBOSE   	FPS	XnOpenNI.cpp	890	[FPS] MyDepth (I: 29.93, O: 16.03) Image1 (I: 30.23, O: 16.03) ReadCalls: 16.36
611021076	VERBOSE   	FPS	XnOpenNI.cpp	890	[FPS] MyDepth (I: 29.71, O: 16.60) Image1 (I: 30.30, O: 16.60) ReadCalls: 16.60
612016094	VERBOSE   	FPS	XnOpenNI.cpp	890	[FPS] MyDepth (I: 30.05, O: 16.36) Image1 (I: 30.05, O: 16.36) ReadCalls: 16.69
613005570	VERBOSE   	FPS	XnOpenNI.cpp	890	[FPS] MyDepth (I: 30.30, O: 17.01) Image1 (I: 30.16, O: 17.01) ReadCalls: 17.01
614005041	VERBOSE   	FPS	XnOpenNI.cpp	890	[FPS] MyDepth (I: 30.31, O: 16.91) Image1 (I: 30.16, O: 16.91) ReadCalls: 16.91
615005925	VERBOSE   	FPS	XnOpenNI.cpp	890	[FPS] MyDepth (I: 30.30, O: 17.06) Image1 (I: 30.15, O: 17.06) ReadCalls: 17.06
616026520	VERBOSE   	FPS	XnOpenNI.cpp	890	[FPS] MyDepth (I: 29.75, O: 16.44) Image1 (I: 30.25, O: 16.44) ReadCalls: 16.44
617005327	VERBOSE   	FPS	XnOpenNI.cpp	890	[FPS] MyDepth (I: 29.97, O: 14.37) Image1 (I: 29.83, O: 14.03) ReadCalls: 14.37
618005885	VERBOSE   	FPS	XnOpenNI.cpp	890	[FPS] MyDepth (I: 30.00, O: 12.21) Image1 (I: 29.82, O: 11.87) ReadCalls: 12.21
619004436	VERBOSE   	FPS	XnOpenNI.cpp	890	[FPS] MyDepth (I: 29.96, O:  9.76) Image1 (I: 29.89, O:  9.91) ReadCalls: 10.07
620005622	VERBOSE   	FPS	XnOpenNI.cpp	890	[FPS] MyDepth (I: 30.30, O:  9.90) Image1 (I: 30.00, O: 10.00) ReadCalls:  9.88
621005328	VERBOSE   	FPS	XnOpenNI.cpp	890	[FPS] MyDepth (I: 30.30, O:  9.90) Image1 (I: 30.01, O:  9.67) ReadCalls:  9.87
622015316	VERBOSE   	FPS	XnOpenNI.cpp	890	[FPS] MyDepth (I: 30.30, O:  9.76) Image1 (I: 29.63, O:  9.86) ReadCalls: 10.05
623015019	VERBOSE   	FPS	XnOpenNI.cpp	890	[FPS] MyDepth (I: 30.30, O:  9.76) Image1 (I: 29.63, O:  9.87) ReadCalls: 10.07
624011657	VERBOSE   	FPS	XnOpenNI.cpp	890	[FPS] MyDepth (I: 30.00, O:  9.88) Image1 (I: 29.67, O:  9.98) ReadCalls: 10.18
625015056	VERBOSE   	FPS	XnOpenNI.cpp	890	[FPS] MyDepth (I: 30.30, O: 10.00) Image1 (I: 30.00, O: 10.10) ReadCalls: 10.32
626015138	VERBOSE   	FPS	XnOpenNI.cpp	890	[FPS] MyDepth (I: 30.31, O: 10.33) Image1 (I: 29.97, O: 10.10) ReadCalls: 10.32
627016734	VERBOSE   	FPS	XnOpenNI.cpp	890	[FPS] MyDepth (I: 30.29, O: 10.34) Image1 (I: 29.95, O: 10.10) ReadCalls: 10.25
628015169	VERBOSE   	FPS	XnOpenNI.cpp	890	[FPS] MyDepth (I: 30.30, O: 10.33) Image1 (I: 29.97, O: 10.10) ReadCalls: 10.30
629014890	VERBOSE   	FPS	XnOpenNI.cpp	890	[FPS] MyDepth (I: 30.31, O: 10.24) Image1 (I: 30.00, O: 10.00) ReadCalls: 10.19
630015200	VERBOSE   	FPS	XnOpenNI.cpp	890	[FPS] MyDepth (I: 30.30, O: 10.24) Image1 (I: 30.02, O: 10.01) ReadCalls: 10.19
631024851	VERBOSE   	FPS	XnOpenNI.cpp	890	[FPS] MyDepth (I: 30.33, O:  9.87) Image1 (I: 29.99, O:  9.97) ReadCalls: 10.15
632015038	VERBOSE   	FPS	XnOpenNI.cpp	890	[FPS] MyDepth (I: 30.07, O:  9.90) Image1 (I: 29.00, O: 10.00) ReadCalls: 10.17
633013078	VERBOSE   	FPS	XnOpenNI.cpp	890	[FPS] MyDepth (I: 30.02, O:  9.91) Image1 (I: 28.69, O: 10.01) ReadCalls: 10.18
634011124	VERBOSE   	FPS	XnOpenNI.cpp	890	[FPS] MyDepth (I: 30.14, O: 10.05) Image1 (I: 28.80, O: 10.15) ReadCalls: 10.34
635010606	VERBOSE   	FPS	XnOpenNI.cpp	890	[FPS] MyDepth (I: 30.14, O: 10.05) Image1 (I: 27.80, O: 10.15) ReadCalls: 10.35
636025361	VERBOSE   	FPS	XnOpenNI.cpp	890	[FPS] MyDepth (I: 30.31, O: 10.34) Image1 (I: 27.02, O: 10.10) ReadCalls: 10.34
637025213	VERBOSE   	FPS	XnOpenNI.cpp	890	[FPS] MyDepth (I: 30.30, O: 10.00) Image1 (I: 25.59, O: 10.10) ReadCalls:  9.93
638025314	VERBOSE   	FPS	XnOpenNI.cpp	890	[FPS] MyDepth (I: 30.30, O: 10.00) Image1 (I: 27.99, O: 10.10) ReadCalls:  9.92
639025283	VERBOSE   	FPS	XnOpenNI.cpp	890	[FPS] MyDepth (I: 30.30, O:  9.90) Image1 (I: 28.67, O: 10.00) ReadCalls:  9.87
640034833	VERBOSE   	FPS	XnOpenNI.cpp	890	[FPS] MyDepth (I: 30.30, O: 10.10) Image1 (I: 29.97, O:  9.87) ReadCalls: 10.06
641035391	VERBOSE   	FPS	XnOpenNI.cpp	890	[FPS] MyDepth (I: 30.30, O:  9.76) Image1 (I: 29.97, O:  9.86) ReadCalls:  9.72
642034955	VERBOSE   	FPS	XnOpenNI.cpp	890	[FPS] MyDepth (I: 30.30, O:  9.76) Image1 (I: 29.97, O:  9.87) ReadCalls:  9.72
643005913	VERBOSE   	FPS	XnOpenNI.cpp	890	[FPS] MyDepth (I: 30.29, O:  9.75) Image1 (I: 29.96, O:  9.76) ReadCalls:  9.96
644005002	VERBOSE   	FPS	XnOpenNI.cpp	890	[FPS] MyDepth (I: 30.31, O:  9.86) Image1 (I: 29.97, O:  9.97) ReadCalls: 10.20
645005026	VERBOSE   	FPS	XnOpenNI.cpp	890	[FPS] MyDepth (I: 30.30, O:  9.86) Image1 (I: 29.97, O:  9.97) ReadCalls: 10.14
646004964	VERBOSE   	FPS	XnOpenNI.cpp	890	[FPS] MyDepth (I: 30.31, O: 10.00) Image1 (I: 30.01, O: 10.10) ReadCalls: 10.29
647005235	VERBOSE   	FPS	XnOpenNI.cpp	890	[FPS] MyDepth (I: 30.31, O: 10.00) Image1 (I: 29.97, O: 10.10) ReadCalls: 10.29
648005288	VERBOSE   	FPS	XnOpenNI.cpp	890	[FPS] MyDepth (I: 30.30, O: 10.35) Image1 (I: 29.96, O: 10.10) ReadCalls: 10.28
649015255	VERBOSE   	FPS	XnOpenNI.cpp	890	[FPS] MyDepth (I: 30.20, O:  9.96) Image1 (I: 29.87, O: 10.07) ReadCalls:  9.90
650005210	VERBOSE   	FPS	XnOpenNI.cpp	890	[FPS] MyDepth (I: 30.30, O: 10.00) Image1 (I: 30.00, O: 10.10) ReadCalls:  9.93
651011268	VERBOSE   	FPS	XnOpenNI.cpp	890	[FPS] MyDepth (I: 30.37, O:  9.88) Image1 (I: 30.04, O:  9.98) ReadCalls:  9.85
652015594	VERBOSE   	FPS	XnOpenNI.cpp	890	[FPS] MyDepth (I: 30.30, O: 10.10) Image1 (I: 29.96, O: 10.21) ReadCalls: 10.06
653014786	VERBOSE   	FPS	XnOpenNI.cpp	890	[FPS] MyDepth (I: 30.30, O:  9.76) Image1 (I: 29.97, O:  9.86) ReadCalls: 10.06
654018115	VERBOSE   	FPS	XnOpenNI.cpp	890	[FPS] MyDepth (I: 30.27, O:  9.75) Image1 (I: 29.93, O:  9.85) ReadCalls:  9.71
655009423	VERBOSE   	FPS	XnOpenNI.cpp	890	[FPS] MyDepth (I: 30.06, O:  9.54) Image1 (I: 29.73, O:  9.67) ReadCalls:  9.78
656017190	VERBOSE   	FPS	XnOpenNI.cpp	890	[FPS] MyDepth (I: 30.30, O:  9.65) Image1 (I: 28.62, O:  9.76) ReadCalls:  9.62
657006210	VERBOSE   	FPS	XnOpenNI.cpp	890	[FPS] MyDepth (I: 29.78, O:  9.56) Image1 (I: 27.78, O:  9.69) ReadCalls:  9.78
658015687	VERBOSE   	FPS	XnOpenNI.cpp	890	[FPS] MyDepth (I: 29.67, O: 10.10) Image1 (I: 27.67, O:  9.90) ReadCalls: 10.21
659014942	VERBOSE   	FPS	XnOpenNI.cpp	890	[FPS] MyDepth (I: 29.69, O: 10.10) Image1 (I: 28.36, O:  9.90) ReadCalls: 10.08
660014640	VERBOSE   	FPS	XnOpenNI.cpp	890	[FPS] MyDepth (I: 30.03, O: 10.19) Image1 (I: 29.49, O:  9.85) ReadCalls: 10.18
661017449	VERBOSE   	FPS	XnOpenNI.cpp	890	[FPS] MyDepth (I: 30.39, O: 10.23) Image1 (I: 29.72, O: 10.34) ReadCalls: 10.23
662024788	VERBOSE   	FPS	XnOpenNI.cpp	890	[FPS] MyDepth (I: 30.30, O:  9.86) Image1 (I: 29.29, O:  9.97) ReadCalls:  9.80
663011629	VERBOSE   	FPS	XnOpenNI.cpp	890	[FPS] MyDepth (I: 30.03, O:  9.91) Image1 (I: 29.36, O: 10.01) ReadCalls: 10.18
664024886	VERBOSE   	FPS	XnOpenNI.cpp	890	[FPS] MyDepth (I: 30.30, O:  9.76) Image1 (I: 29.29, O:  9.86) ReadCalls:  9.74
665008750	VERBOSE   	FPS	XnOpenNI.cpp	890	[FPS] MyDepth (I: 30.16, O:  9.82) Image1 (I: 30.16, O:  9.82) ReadCalls: 10.12
666006633	VERBOSE   	FPS	XnOpenNI.cpp	890	[FPS] MyDepth (I: 30.19, O:  9.73) Image1 (I: 30.19, O:  9.83) ReadCalls: 10.02
667024440	VERBOSE   	FPS	XnOpenNI.cpp	890	[FPS] MyDepth (I: 30.31, O: 10.10) Image1 (I: 30.01, O:  9.90) ReadCalls: 10.06
668025217	VERBOSE   	FPS	XnOpenNI.cpp	890	[FPS] MyDepth (I: 30.30, O: 10.34) Image1 (I: 29.96, O: 10.10) ReadCalls: 10.26
669025251	VERBOSE   	FPS	XnOpenNI.cpp	890	[FPS] MyDepth (I: 30.29, O: 10.34) Image1 (I: 28.95, O: 10.10) ReadCalls: 10.31
670025467	VERBOSE   	FPS	XnOpenNI.cpp	890	[FPS] MyDepth (I: 30.30, O: 10.24) Image1 (I: 28.29, O: 10.34) ReadCalls: 10.20
671036134	VERBOSE   	FPS	XnOpenNI.cpp	890	[FPS] MyDepth (I: 30.30, O: 10.20) Image1 (I: 26.94, O: 10.30) ReadCalls: 10.15
