     1039	INFO      	Log	XnLog.cpp	323	OpenNI version is 1.3.4 (Build 3)-Win32 (Oct 10 2011 20:01:54)
     1103	INFO      	Log	XnLog.cpp	301	--- Filter Info --- Minimum Severity: VERBOSE
     1237	VERBOSE   	ModuleLoader	XnModuleLoader.cpp	453	Found exported production node. Script: OpenNI/OpenNI/1.3.4.3
     1839	VERBOSE   	ModuleLoader	XnModuleLoader.cpp	282	Checking C:\Archivos de programa\OpenNI\Bin\nimRecorder.dll...
     8845	VERBOSE   	ModuleLoader	XnModuleLoader.cpp	453	Found exported production node. Recorder: OpenNI/Recorder/1.3.4.3
     8899	VERBOSE   	ModuleLoader	XnModuleLoader.cpp	453	Found exported production node. Player: OpenNI/Player/1.3.4.3
     8996	VERBOSE   	ModuleLoader	XnModuleLoader.cpp	282	Checking C:\Archivos de programa\OpenNI\Bin\nimMockNodes.dll...
    15980	VERBOSE   	ModuleLoader	XnModuleLoader.cpp	453	Found exported production node. ProductionNode: OpenNI/Mock/1.3.4.3
    16031	VERBOSE   	ModuleLoader	XnModuleLoader.cpp	453	Found exported production node. Generator: OpenNI/Mock/1.3.4.3
    16075	VERBOSE   	ModuleLoader	XnModuleLoader.cpp	453	Found exported production node. MapGenerator: OpenNI/Mock/1.3.4.3
    16115	VERBOSE   	ModuleLoader	XnModuleLoader.cpp	453	Found exported production node. Device: OpenNI/Mock/1.3.4.3
    16150	VERBOSE   	ModuleLoader	XnModuleLoader.cpp	453	Found exported production node. Depth: OpenNI/Mock/1.3.4.3
    16198	VERBOSE   	ModuleLoader	XnModuleLoader.cpp	453	Found exported production node. IR: OpenNI/Mock/1.3.4.3
    16226	VERBOSE   	ModuleLoader	XnModuleLoader.cpp	453	Found exported production node. Image: OpenNI/Mock/1.3.4.3
    16255	VERBOSE   	ModuleLoader	XnModuleLoader.cpp	453	Found exported production node. Audio: OpenNI/Mock/1.3.4.3
    16282	VERBOSE   	ModuleLoader	XnModuleLoader.cpp	282	Checking C:\Archivos de programa\OpenNI\Bin\nimCodecs.dll...
    22822	VERBOSE   	ModuleLoader	XnModuleLoader.cpp	453	Found exported production node. Codec: OpenNI/16zP/1.3.4.3
    22869	VERBOSE   	ModuleLoader	XnModuleLoader.cpp	453	Found exported production node. Codec: OpenNI/16zT/1.3.4.3
    22903	VERBOSE   	ModuleLoader	XnModuleLoader.cpp	453	Found exported production node. Codec: OpenNI/Im8z/1.3.4.3
    22936	VERBOSE   	ModuleLoader	XnModuleLoader.cpp	453	Found exported production node. Codec: OpenNI/JPEG/1.3.4.3
    22965	VERBOSE   	ModuleLoader	XnModuleLoader.cpp	453	Found exported production node. Codec: OpenNI/NONE/1.3.4.3
    22992	VERBOSE   	ModuleLoader	XnModuleLoader.cpp	282	Checking C:\Archivos de programa\PrimeSense\SensorKinect\Bin\XnDeviceFile.dll...
    49751	VERBOSE   	ModuleLoader	XnModuleLoader.cpp	453	Found exported production node. Player: PrimeSense/File/5.0.3.4
    49805	VERBOSE   	ModuleLoader	XnModuleLoader.cpp	282	Checking C:\Archivos de programa\PrimeSense\SensorKinect\Bin\XnDeviceSensorV2KM.dll...
    56846	VERBOSE   	ModuleLoader	XnModuleLoader.cpp	453	Found exported production node. Device: PrimeSense/SensorKinect/5.0.3.4
    56888	VERBOSE   	ModuleLoader	XnModuleLoader.cpp	453	Found exported production node. Depth: PrimeSense/SensorKinect/5.0.3.4
    56947	VERBOSE   	ModuleLoader	XnModuleLoader.cpp	453	Found exported production node. Image: PrimeSense/SensorKinect/5.0.3.4
    56987	VERBOSE   	ModuleLoader	XnModuleLoader.cpp	453	Found exported production node. IR: PrimeSense/SensorKinect/5.0.3.4
    57019	VERBOSE   	ModuleLoader	XnModuleLoader.cpp	453	Found exported production node. Audio: PrimeSense/SensorKinect/5.0.3.4
    57046	VERBOSE   	ModuleLoader	XnModuleLoader.cpp	282	Checking C:\Archivos de programa\PrimeSense\NITE\Features_1_3_0\Bin\XnVFeatures_1_3_0.dll...
    71081	VERBOSE   	ModuleLoader	XnModuleLoader.cpp	453	Found exported production node. Scene: PrimeSense/XnVSceneAnalyzer/1.3.0.17
    71128	VERBOSE   	ModuleLoader	XnModuleLoader.cpp	453	Found exported production node. User: PrimeSense/XnVSkeletonGenerator/1.3.0.17
    71164	VERBOSE   	ModuleLoader	XnModuleLoader.cpp	282	Checking C:\Archivos de programa\PrimeSense\NITE\Features_1_3_1\Bin\XnVFeatures_1_3_1.dll...
    82584	VERBOSE   	ModuleLoader	XnModuleLoader.cpp	453	Found exported production node. Scene: PrimeSense/XnVSceneAnalyzer/1.3.1.6
    82685	VERBOSE   	ModuleLoader	XnModuleLoader.cpp	453	Found exported production node. User: PrimeSense/XnVSkeletonGenerator/1.3.1.6
    82725	VERBOSE   	ModuleLoader	XnModuleLoader.cpp	282	Checking C:\Archivos de programa\PrimeSense\NITE\Features_1_4_1\Bin\XnVFeatures_1_4_1.dll...
    96384	VERBOSE   	ModuleLoader	XnModuleLoader.cpp	453	Found exported production node. Scene: PrimeSense/XnVSceneAnalyzer/1.4.1.2
    96451	VERBOSE   	ModuleLoader	XnModuleLoader.cpp	453	Found exported production node. User: PrimeSense/XnVSkeletonGenerator/1.4.1.2
    96489	VERBOSE   	ModuleLoader	XnModuleLoader.cpp	282	Checking C:\Archivos de programa\PrimeSense\NITE\Hands_1_3_0\Bin\XnVHandGenerator_1_3_0.dll...
   107189	VERBOSE   	ModuleLoader	XnModuleLoader.cpp	453	Found exported production node. Gesture: PrimeSense/XnVGestureGenrator/1.3.0.17
   107236	VERBOSE   	ModuleLoader	XnModuleLoader.cpp	453	Found exported production node. Hands: PrimeSense/XnVHandTracker/1.3.0.17
   107271	VERBOSE   	ModuleLoader	XnModuleLoader.cpp	282	Checking C:\Archivos de programa\PrimeSense\NITE\Hands_1_3_1\Bin\XnVHandGenerator_1_3_1.dll...
   115610	VERBOSE   	ModuleLoader	XnModuleLoader.cpp	453	Found exported production node. Gesture: PrimeSense/XnVGestureGenrator/1.3.1.6
   115665	VERBOSE   	ModuleLoader	XnModuleLoader.cpp	453	Found exported production node. Hands: PrimeSense/XnVHandTracker/1.3.1.6
   115700	VERBOSE   	ModuleLoader	XnModuleLoader.cpp	282	Checking C:\Archivos de programa\PrimeSense\NITE\Hands_1_4_1\Bin\XnVHandGenerator_1_4_1.dll...
   126412	VERBOSE   	ModuleLoader	XnModuleLoader.cpp	453	Found exported production node. Gesture: PrimeSense/XnVGestureGenrator/1.4.1.2
   126456	VERBOSE   	ModuleLoader	XnModuleLoader.cpp	453	Found exported production node. Hands: PrimeSense/XnVHandTracker/1.4.1.2
   126832	INFO      	OpenNI	XnOpenNI.cpp	1547	Creating node 'Script1' of type Script: OpenNI/OpenNI/1.3.4.3...
   127333	VERBOSE   	OpenNI	XnXmlScriptNode.cpp	780	Requested to create a node of type Depth...
   148693	INFO      	OpenNI	XnOpenNI.cpp	1547	Creating node 'Device1' of type Device: PrimeSense/SensorKinect/5.0.3.4...
  1651372	INFO      	DDK	XnProperty.cpp	151	Property Device.ShareMode was changed to 1.
  1651404	INFO      	DDK	XnProperty.cpp	151	Property Device.InstancePointer was changed.
  1651643	INFO      	DDK	XnProperty.cpp	151	Property Device.ShareMode was changed to 0.
  1652437	INFO      	OpenNI	XnOpenNI.cpp	1547	Creating node 'MyDepth' of type Depth: PrimeSense/SensorKinect/5.0.3.4...
  1652519	VERBOSE   	SensorClient	XnSensorClient.cpp	268	Creating stream MyDepth (of type Depth)
  1665823	INFO      	DDK	XnProperty.cpp	151	Property Device.ReadData was changed to 1.
  1692333	INFO      	DDK	XnDeviceBase.cpp	1383	Creating stream 'MyDepth' of type 'Depth'...
  1692461	VERBOSE   	DDK	XnDeviceBase.cpp	1419	Initializing stream 'MyDepth'...
  1692944	INFO      	DDK	XnProperty.cpp	151	Property MyDepth.RequiredDataSize was changed to 614400.
  1693435	INFO      	DDK	XnProperty.cpp	151	Property MyDepth.OutputFormat was changed to 1.
  1693514	INFO      	DDK	XnDeviceBase.cpp	1458	Stream 'MyDepth' was initialized.
  1693531	INFO      	DDK	XnDeviceBase.cpp	1463	'MyDepth' stream was created.
  1694527	VERBOSE   	SensorClient	XnSensorClient.cpp	391	Getting property MyDepth.SupportedModes from server...
  1694772	VERBOSE   	SensorServer	XnSensorClient.cpp	433	Setting MyDepth.Mirror to 1...
  1694899	INFO      	DDK	XnProperty.cpp	151	Property MyDepth.Mirror was changed to 1.
  1695063	VERBOSE   	OpenNI	XnXmlScriptNode.cpp	780	Requested to create a node of type Image (StopOnError=FALSE)...
  1699107	VERBOSE   	SensorClient	XnSensorClient.cpp	391	Getting property Device.CmosBlankingUnits from server...
  1711670	INFO      	OpenNI	XnOpenNI.cpp	1547	Creating node 'Image1' of type Image: PrimeSense/SensorKinect/5.0.3.4...
  1711729	VERBOSE   	SensorClient	XnSensorClient.cpp	268	Creating stream Image1 (of type Image)
  1721528	INFO      	DDK	XnDeviceBase.cpp	1383	Creating stream 'Image1' of type 'Image'...
  1721857	VERBOSE   	DDK	XnDeviceBase.cpp	1419	Initializing stream 'Image1'...
  1722354	INFO      	DDK	XnProperty.cpp	151	Property Image1.RequiredDataSize was changed to 921600.
  1722950	INFO      	DDK	XnProperty.cpp	151	Property Image1.OutputFormat was changed to 5.
  1723011	INFO      	DDK	XnDeviceBase.cpp	1458	Stream 'Image1' was initialized.
  1723028	INFO      	DDK	XnDeviceBase.cpp	1463	'Image1' stream was created.
  1723575	VERBOSE   	SensorClient	XnSensorClient.cpp	391	Getting property Image1.SupportedModes from server...
  1723839	VERBOSE   	SensorServer	XnSensorClient.cpp	433	Setting Image1.Mirror to 1...
  1724003	INFO      	DDK	XnProperty.cpp	151	Property Image1.Mirror was changed to 1.
  1724354	VERBOSE   	DDK	XnDeviceBase.cpp	359	Opening stream MyDepth...
  1725348	INFO      	DDK	XnProperty.cpp	151	Property MyDepth.ActualReadData was changed to 1.
  1980368	VERBOSE   	FPS	XnOpenNI.cpp	883	[FPS] MyDepth (I:  0.00, O:  0.00) Image1 (I:  0.00, O:  0.00) ReadCalls:  0.00
  2010466	VERBOSE   	FPS	XnOpenNI.cpp	883	[FPS] MyDepth (I:  0.00, O:  0.00) Image1 (I:  0.00, O:  0.00) ReadCalls:  0.00
  2216644	INFO      	DDK	XnProperty.cpp	151	Property MyDepth.State was changed to 1.
  2216708	INFO      	DDK	XnDeviceBase.cpp	370	Stream MyDepth is open.
  2216737	VERBOSE   	DDK	XnDeviceBase.cpp	359	Opening stream Image1...
  2217669	INFO      	DDK	XnProperty.cpp	151	Property Image1.ActualReadData was changed to 1.
  3020182	VERBOSE   	FPS	XnOpenNI.cpp	883	[FPS] MyDepth (I: 28.85, O:  0.00) Image1 (I:  0.00, O:  0.00) ReadCalls:  0.00
  4020229	VERBOSE   	FPS	XnOpenNI.cpp	883	[FPS] MyDepth (I: 29.41, O:  0.00) Image1 (I:  0.00, O:  0.00) ReadCalls:  0.00
  5020231	VERBOSE   	FPS	XnOpenNI.cpp	883	[FPS] MyDepth (I: 29.63, O:  0.00) Image1 (I:  0.00, O:  0.00) ReadCalls:  0.00
  5422638	INFO      	DDK	XnProperty.cpp	151	Property Image1.State was changed to 1.
  5422682	INFO      	DDK	XnDeviceBase.cpp	370	Stream Image1 is open.
  5422957	VERBOSE   	SensorServer	XnSensorClient.cpp	433	Setting MyDepth.Registration to 1...
  5576081	INFO      	DDK	XnProperty.cpp	151	Property MyDepth.Registration was changed to 1.
  6013753	VERBOSE   	FPS	XnOpenNI.cpp	883	[FPS] MyDepth (I: 29.73, O: 21.42) Image1 (I: 31.83, O: 21.42) ReadCalls: 21.41
  7002118	VERBOSE   	FPS	XnOpenNI.cpp	883	[FPS] MyDepth (I: 29.85, O: 21.30) Image1 (I: 30.34, O: 21.30) ReadCalls: 22.00
  8013803	VERBOSE   	FPS	XnOpenNI.cpp	883	[FPS] MyDepth (I: 29.73, O: 21.49) Image1 (I: 30.45, O: 21.49) ReadCalls: 21.48
  9013863	VERBOSE   	FPS	XnOpenNI.cpp	883	[FPS] MyDepth (I: 30.11, O: 21.36) Image1 (I: 30.40, O: 21.36) ReadCalls: 21.36
 10003033	VERBOSE   	FPS	XnOpenNI.cpp	883	[FPS] MyDepth (I: 30.21, O: 21.33) Image1 (I: 30.11, O: 21.33) ReadCalls: 21.67
 11013793	VERBOSE   	FPS	XnOpenNI.cpp	883	[FPS] MyDepth (I: 30.10, O: 21.48) Image1 (I: 30.41, O: 21.48) ReadCalls: 21.47
 12013830	VERBOSE   	FPS	XnOpenNI.cpp	883	[FPS] MyDepth (I: 30.10, O: 21.36) Image1 (I: 30.41, O: 21.36) ReadCalls: 21.36
 13002959	VERBOSE   	FPS	XnOpenNI.cpp	883	[FPS] MyDepth (I: 30.22, O: 21.34) Image1 (I: 30.11, O: 21.34) ReadCalls: 21.67
 14013686	VERBOSE   	FPS	XnOpenNI.cpp	883	[FPS] MyDepth (I: 30.10, O: 21.48) Image1 (I: 30.41, O: 21.48) ReadCalls: 21.48
 15013681	VERBOSE   	FPS	XnOpenNI.cpp	883	[FPS] MyDepth (I: 30.20, O: 21.36) Image1 (I: 30.41, O: 21.36) ReadCalls: 21.36
 16001912	VERBOSE   	FPS	XnOpenNI.cpp	883	[FPS] MyDepth (I: 29.98, O: 21.34) Image1 (I: 30.12, O: 21.34) ReadCalls: 21.67
 17003771	VERBOSE   	FPS	XnOpenNI.cpp	883	[FPS] MyDepth (I: 30.30, O: 21.55) Image1 (I: 30.10, O: 21.55) ReadCalls: 21.54
 18003325	VERBOSE   	FPS	XnOpenNI.cpp	883	[FPS] MyDepth (I: 30.31, O: 21.44) Image1 (I: 30.10, O: 21.44) ReadCalls: 21.44
 19002825	VERBOSE   	FPS	XnOpenNI.cpp	883	[FPS] MyDepth (I: 30.00, O: 21.34) Image1 (I: 30.11, O: 21.34) ReadCalls: 21.67
 20003644	VERBOSE   	FPS	XnOpenNI.cpp	883	[FPS] MyDepth (I: 30.30, O: 21.55) Image1 (I: 30.10, O: 21.55) ReadCalls: 21.55
 21003617	VERBOSE   	FPS	XnOpenNI.cpp	883	[FPS] MyDepth (I: 30.30, O: 21.43) Image1 (I: 30.10, O: 21.43) ReadCalls: 21.43
 22002744	VERBOSE   	FPS	XnOpenNI.cpp	883	[FPS] MyDepth (I: 30.00, O: 21.34) Image1 (I: 30.11, O: 21.34) ReadCalls: 21.67
 23003153	VERBOSE   	FPS	XnOpenNI.cpp	883	[FPS] MyDepth (I: 30.30, O: 21.56) Image1 (I: 30.11, O: 21.56) ReadCalls: 21.56
 24003271	VERBOSE   	FPS	XnOpenNI.cpp	883	[FPS] MyDepth (I: 30.31, O: 21.44) Image1 (I: 30.20, O: 21.44) ReadCalls: 21.44
 25002686	VERBOSE   	FPS	XnOpenNI.cpp	883	[FPS] MyDepth (I: 30.01, O: 21.34) Image1 (I: 30.21, O: 21.34) ReadCalls: 21.67
 26013443	VERBOSE   	FPS	XnOpenNI.cpp	883	[FPS] MyDepth (I: 30.30, O: 21.48) Image1 (I: 30.10, O: 21.48) ReadCalls: 21.48
 27013128	VERBOSE   	FPS	XnOpenNI.cpp	883	[FPS] MyDepth (I: 30.31, O: 21.36) Image1 (I: 30.10, O: 21.37) ReadCalls: 21.36
 28002702	VERBOSE   	FPS	XnOpenNI.cpp	883	[FPS] MyDepth (I: 30.12, O: 21.34) Image1 (I: 30.21, O: 21.34) ReadCalls: 21.67
 29014338	VERBOSE   	FPS	XnOpenNI.cpp	883	[FPS] MyDepth (I: 30.30, O: 21.47) Image1 (I: 30.09, O: 21.47) ReadCalls: 21.47
 30013342	VERBOSE   	FPS	XnOpenNI.cpp	883	[FPS] MyDepth (I: 30.31, O: 21.36) Image1 (I: 30.10, O: 21.36) ReadCalls: 21.36
 31002525	VERBOSE   	FPS	XnOpenNI.cpp	883	[FPS] MyDepth (I: 30.12, O: 21.34) Image1 (I: 30.21, O: 21.34) ReadCalls: 21.67
 32013297	VERBOSE   	FPS	XnOpenNI.cpp	883	[FPS] MyDepth (I: 30.31, O: 21.48) Image1 (I: 30.10, O: 21.48) ReadCalls: 21.47
 33013371	VERBOSE   	FPS	XnOpenNI.cpp	883	[FPS] MyDepth (I: 30.31, O: 21.36) Image1 (I: 30.10, O: 21.36) ReadCalls: 21.36
 34001480	VERBOSE   	FPS	XnOpenNI.cpp	883	[FPS] MyDepth (I: 30.13, O: 21.34) Image1 (I: 30.22, O: 21.34) ReadCalls: 21.67
 35023490	VERBOSE   	FPS	XnOpenNI.cpp	883	[FPS] MyDepth (I: 30.31, O: 21.40) Image1 (I: 29.97, O: 21.40) ReadCalls: 21.40
 36017056	VERBOSE   	FPS	XnOpenNI.cpp	883	[FPS] MyDepth (I: 30.03, O: 21.34) Image1 (I: 30.06, O: 21.34) ReadCalls: 21.67
 37001406	VERBOSE   	FPS	XnOpenNI.cpp	883	[FPS] MyDepth (I: 30.22, O: 21.34) Image1 (I: 30.22, O: 21.34) ReadCalls: 21.67
 38023688	VERBOSE   	FPS	XnOpenNI.cpp	883	[FPS] MyDepth (I: 30.29, O: 21.40) Image1 (I: 29.97, O: 21.40) ReadCalls: 21.40
 39017958	VERBOSE   	FPS	XnOpenNI.cpp	883	[FPS] MyDepth (I: 30.06, O: 21.34) Image1 (I: 30.06, O: 21.34) ReadCalls: 21.67
 40001329	VERBOSE   	FPS	XnOpenNI.cpp	883	[FPS] MyDepth (I: 30.23, O: 21.34) Image1 (I: 30.23, O: 21.34) ReadCalls: 21.67
 41023188	VERBOSE   	FPS	XnOpenNI.cpp	883	[FPS] MyDepth (I: 30.30, O: 21.41) Image1 (I: 30.01, O: 21.41) ReadCalls: 21.41
 42016916	VERBOSE   	FPS	XnOpenNI.cpp	883	[FPS] MyDepth (I: 30.07, O: 21.34) Image1 (I: 30.07, O: 21.34) ReadCalls: 21.67
 43002245	VERBOSE   	FPS	XnOpenNI.cpp	883	[FPS] MyDepth (I: 30.21, O: 21.33) Image1 (I: 30.22, O: 21.33) ReadCalls: 21.67
 44023269	VERBOSE   	FPS	XnOpenNI.cpp	883	[FPS] MyDepth (I: 30.07, O: 21.40) Image1 (I: 30.30, O: 21.40) ReadCalls: 21.40
 45017820	VERBOSE   	FPS	XnOpenNI.cpp	883	[FPS] MyDepth (I: 30.05, O: 21.33) Image1 (I: 30.05, O: 21.33) ReadCalls: 21.67
 46001191	VERBOSE   	FPS	XnOpenNI.cpp	883	[FPS] MyDepth (I: 30.22, O: 21.34) Image1 (I: 30.22, O: 21.34) ReadCalls: 21.67
 47003467	VERBOSE   	FPS	XnOpenNI.cpp	883	[FPS] MyDepth (I: 30.30, O: 21.55) Image1 (I: 30.20, O: 21.55) ReadCalls: 21.55
 48002798	VERBOSE   	FPS	XnOpenNI.cpp	883	[FPS] MyDepth (I: 30.31, O: 21.44) Image1 (I: 30.21, O: 21.44) ReadCalls: 21.44
 49002102	VERBOSE   	FPS	XnOpenNI.cpp	883	[FPS] MyDepth (I: 29.98, O: 21.33) Image1 (I: 30.21, O: 21.33) ReadCalls: 21.67
 50003199	VERBOSE   	FPS	XnOpenNI.cpp	883	[FPS] MyDepth (I: 30.30, O: 21.55) Image1 (I: 30.20, O: 21.55) ReadCalls: 21.54
 51003231	VERBOSE   	FPS	XnOpenNI.cpp	883	[FPS] MyDepth (I: 30.30, O: 21.44) Image1 (I: 30.20, O: 21.44) ReadCalls: 21.44
 52001040	VERBOSE   	FPS	XnOpenNI.cpp	883	[FPS] MyDepth (I: 30.03, O: 21.35) Image1 (I: 30.22, O: 21.35) ReadCalls: 21.67
 53003396	VERBOSE   	FPS	XnOpenNI.cpp	883	[FPS] MyDepth (I: 30.30, O: 21.55) Image1 (I: 30.20, O: 21.55) ReadCalls: 21.54
 54003928	VERBOSE   	FPS	XnOpenNI.cpp	883	[FPS] MyDepth (I: 30.30, O: 21.43) Image1 (I: 30.19, O: 21.43) ReadCalls: 21.43
 55000980	VERBOSE   	FPS	XnOpenNI.cpp	883	[FPS] MyDepth (I: 30.02, O: 21.35) Image1 (I: 30.22, O: 21.35) ReadCalls: 21.67
 56014501	VERBOSE   	FPS	XnOpenNI.cpp	883	[FPS] MyDepth (I: 30.29, O: 21.47) Image1 (I: 30.09, O: 21.47) ReadCalls: 21.47
 57012881	VERBOSE   	FPS	XnOpenNI.cpp	883	[FPS] MyDepth (I: 30.30, O: 21.37) Image1 (I: 30.11, O: 21.37) ReadCalls: 21.37
 58001880	VERBOSE   	FPS	XnOpenNI.cpp	883	[FPS] MyDepth (I: 30.01, O: 21.34) Image1 (I: 30.22, O: 21.34) ReadCalls: 21.67
 59013647	VERBOSE   	FPS	XnOpenNI.cpp	883	[FPS] MyDepth (I: 30.31, O: 21.47) Image1 (I: 30.10, O: 21.48) ReadCalls: 21.47
 60012721	VERBOSE   	FPS	XnOpenNI.cpp	883	[FPS] MyDepth (I: 30.31, O: 21.37) Image1 (I: 30.10, O: 21.37) ReadCalls: 21.37
 61001809	VERBOSE   	FPS	XnOpenNI.cpp	883	[FPS] MyDepth (I: 30.12, O: 21.34) Image1 (I: 30.22, O: 21.34) ReadCalls: 21.67
 62012985	VERBOSE   	FPS	XnOpenNI.cpp	883	[FPS] MyDepth (I: 30.30, O: 21.48) Image1 (I: 30.10, O: 21.48) ReadCalls: 21.48
 63013014	VERBOSE   	FPS	XnOpenNI.cpp	883	[FPS] MyDepth (I: 30.31, O: 21.37) Image1 (I: 30.10, O: 21.37) ReadCalls: 21.36
 64001736	VERBOSE   	FPS	XnOpenNI.cpp	883	[FPS] MyDepth (I: 30.12, O: 21.34) Image1 (I: 30.22, O: 21.34) ReadCalls: 21.67
 65012864	VERBOSE   	FPS	XnOpenNI.cpp	883	[FPS] MyDepth (I: 30.41, O: 21.48) Image1 (I: 30.10, O: 21.48) ReadCalls: 21.48
 66017308	VERBOSE   	FPS	XnOpenNI.cpp	883	[FPS] MyDepth (I: 30.02, O: 21.34) Image1 (I: 30.06, O: 21.34) ReadCalls: 21.67
 67000687	VERBOSE   	FPS	XnOpenNI.cpp	883	[FPS] MyDepth (I: 30.13, O: 21.34) Image1 (I: 30.23, O: 21.34) ReadCalls: 21.67
 68023173	VERBOSE   	FPS	XnOpenNI.cpp	883	[FPS] MyDepth (I: 30.31, O: 21.40) Image1 (I: 29.97, O: 21.41) ReadCalls: 21.40
 69016269	VERBOSE   	FPS	XnOpenNI.cpp	883	[FPS] MyDepth (I: 30.06, O: 21.34) Image1 (I: 30.07, O: 21.34) ReadCalls: 21.67
 70000620	VERBOSE   	FPS	XnOpenNI.cpp	883	[FPS] MyDepth (I: 30.22, O: 21.34) Image1 (I: 30.23, O: 21.34) ReadCalls: 21.67
 71001576	VERBOSE   	FPS	XnOpenNI.cpp	883	[FPS] MyDepth (I: 30.22, O: 21.22) Image1 (I: 30.22, O: 21.22) ReadCalls: 21.55
 72023288	VERBOSE   	FPS	XnOpenNI.cpp	883	[FPS] MyDepth (I: 30.30, O: 21.29) Image1 (I: 29.97, O: 21.29) ReadCalls: 21.29
 73017157	VERBOSE   	FPS	XnOpenNI.cpp	883	[FPS] MyDepth (I: 30.06, O: 21.22) Image1 (I: 30.06, O: 21.22) ReadCalls: 21.55
 74001497	VERBOSE   	FPS	XnOpenNI.cpp	883	[FPS] MyDepth (I: 30.22, O: 21.34) Image1 (I: 30.22, O: 21.34) ReadCalls: 21.67
 75022999	VERBOSE   	FPS	XnOpenNI.cpp	883	[FPS] MyDepth (I: 30.00, O: 21.40) Image1 (I: 30.40, O: 21.41) ReadCalls: 21.40
 76016105	VERBOSE   	FPS	XnOpenNI.cpp	883	[FPS] MyDepth (I: 30.07, O: 21.34) Image1 (I: 30.07, O: 21.34) ReadCalls: 21.67
 77000451	VERBOSE   	FPS	XnOpenNI.cpp	883	[FPS] MyDepth (I: 30.23, O: 21.34) Image1 (I: 30.23, O: 21.34) ReadCalls: 21.67
 78003071	VERBOSE   	FPS	XnOpenNI.cpp	883	[FPS] MyDepth (I: 30.30, O: 21.55) Image1 (I: 30.20, O: 21.55) ReadCalls: 21.54
 79002798	VERBOSE   	FPS	XnOpenNI.cpp	883	[FPS] MyDepth (I: 30.31, O: 21.43) Image1 (I: 30.20, O: 21.43) ReadCalls: 21.43
 80001364	VERBOSE   	FPS	XnOpenNI.cpp	883	[FPS] MyDepth (I: 29.98, O: 21.34) Image1 (I: 30.22, O: 21.34) ReadCalls: 21.67
 81002439	VERBOSE   	FPS	XnOpenNI.cpp	883	[FPS] MyDepth (I: 30.31, O: 21.55) Image1 (I: 30.21, O: 21.55) ReadCalls: 21.54
 82002706	VERBOSE   	FPS	XnOpenNI.cpp	883	[FPS] MyDepth (I: 30.30, O: 21.43) Image1 (I: 30.20, O: 21.43) ReadCalls: 21.43
 83000301	VERBOSE   	FPS	XnOpenNI.cpp	883	[FPS] MyDepth (I: 30.02, O: 21.35) Image1 (I: 30.23, O: 21.35) ReadCalls: 21.67
 84002769	VERBOSE   	FPS	XnOpenNI.cpp	883	[FPS] MyDepth (I: 30.30, O: 21.55) Image1 (I: 30.20, O: 21.55) ReadCalls: 21.55
 85002589	VERBOSE   	FPS	XnOpenNI.cpp	883	[FPS] MyDepth (I: 30.30, O: 21.44) Image1 (I: 30.20, O: 21.44) ReadCalls: 21.44
 86000246	VERBOSE   	FPS	XnOpenNI.cpp	883	[FPS] MyDepth (I: 30.02, O: 21.35) Image1 (I: 30.23, O: 21.35) ReadCalls: 21.67
 87012747	VERBOSE   	FPS	XnOpenNI.cpp	883	[FPS] MyDepth (I: 30.30, O: 21.48) Image1 (I: 30.10, O: 21.48) ReadCalls: 21.47
 88013044	VERBOSE   	FPS	XnOpenNI.cpp	883	[FPS] MyDepth (I: 30.30, O: 21.36) Image1 (I: 30.10, O: 21.36) ReadCalls: 21.36
 89000166	VERBOSE   	FPS	XnOpenNI.cpp	883	[FPS] MyDepth (I: 30.02, O: 21.35) Image1 (I: 30.23, O: 21.35) ReadCalls: 21.67
 90012315	VERBOSE   	FPS	XnOpenNI.cpp	883	[FPS] MyDepth (I: 30.31, O: 21.48) Image1 (I: 30.11, O: 21.48) ReadCalls: 21.48
 91012530	VERBOSE   	FPS	XnOpenNI.cpp	883	[FPS] MyDepth (I: 30.31, O: 21.36) Image1 (I: 30.11, O: 21.37) ReadCalls: 21.36
 92001067	VERBOSE   	FPS	XnOpenNI.cpp	883	[FPS] MyDepth (I: 30.13, O: 21.33) Image1 (I: 30.22, O: 21.33) ReadCalls: 21.67
 93012625	VERBOSE   	FPS	XnOpenNI.cpp	883	[FPS] MyDepth (I: 30.30, O: 21.48) Image1 (I: 30.10, O: 21.48) ReadCalls: 21.47
 94012311	VERBOSE   	FPS	XnOpenNI.cpp	883	[FPS] MyDepth (I: 30.31, O: 21.37) Image1 (I: 30.11, O: 21.37) ReadCalls: 21.36
 95000027	VERBOSE   	FPS	XnOpenNI.cpp	883	[FPS] MyDepth (I: 30.13, O: 21.34) Image1 (I: 30.23, O: 21.34) ReadCalls: 21.67
 96012775	VERBOSE   	FPS	XnOpenNI.cpp	883	[FPS] MyDepth (I: 30.30, O: 21.47) Image1 (I: 30.10, O: 21.48) ReadCalls: 21.47
 97016590	VERBOSE   	FPS	XnOpenNI.cpp	883	[FPS] MyDepth (I: 30.02, O: 21.34) Image1 (I: 30.06, O: 21.34) ReadCalls: 21.67
 98000131	VERBOSE   	FPS	XnOpenNI.cpp	883	[FPS] MyDepth (I: 30.13, O: 21.67) Image1 (I: 30.23, O: 21.34) ReadCalls: 21.68
 99022241	VERBOSE   	FPS	XnOpenNI.cpp	883	[FPS] MyDepth (I: 30.30, O: 21.41) Image1 (I: 30.10, O: 21.41) ReadCalls: 21.40
100015530	VERBOSE   	FPS	XnOpenNI.cpp	883	[FPS] MyDepth (I: 30.08, O: 21.34) Image1 (I: 30.18, O: 21.34) ReadCalls: 21.67
101000053	VERBOSE   	FPS	XnOpenNI.cpp	883	[FPS] MyDepth (I: 30.24, O: 21.67) Image1 (I: 30.33, O: 21.34) ReadCalls: 21.68
102022548	VERBOSE   	FPS	XnOpenNI.cpp	883	[FPS] MyDepth (I: 30.30, O: 21.40) Image1 (I: 30.10, O: 21.40) ReadCalls: 21.39
103016437	VERBOSE   	FPS	XnOpenNI.cpp	883	[FPS] MyDepth (I: 30.06, O: 21.34) Image1 (I: 30.16, O: 21.34) ReadCalls: 21.67
104000166	VERBOSE   	FPS	XnOpenNI.cpp	883	[FPS] MyDepth (I: 30.22, O: 21.68) Image1 (I: 30.33, O: 21.33) ReadCalls: 21.68
105022466	VERBOSE   	FPS	XnOpenNI.cpp	883	[FPS] MyDepth (I: 30.30, O: 21.40) Image1 (I: 30.10, O: 21.40) ReadCalls: 21.39
106016365	VERBOSE   	FPS	XnOpenNI.cpp	883	[FPS] MyDepth (I: 30.06, O: 21.34) Image1 (I: 30.16, O: 21.34) ReadCalls: 21.67
107000802	VERBOSE   	FPS	XnOpenNI.cpp	883	[FPS] MyDepth (I: 30.22, O: 21.33) Image1 (I: 30.32, O: 21.34) ReadCalls: 21.67
108030966	VERBOSE   	FPS	XnOpenNI.cpp	883	[FPS] MyDepth (I: 29.98, O: 21.34) Image1 (I: 30.01, O: 21.34) ReadCalls: 21.67
109002313	VERBOSE   	FPS	XnOpenNI.cpp	883	[FPS] MyDepth (I: 30.30, O: 21.44) Image1 (I: 30.30, O: 21.44) ReadCalls: 21.43
110002099	VERBOSE   	FPS	XnOpenNI.cpp	883	[FPS] MyDepth (I: 30.31, O: 21.32) Image1 (I: 30.31, O: 21.32) ReadCalls: 21.65
111002431	VERBOSE   	FPS	XnOpenNI.cpp	883	[FPS] MyDepth (I: 30.30, O: 21.55) Image1 (I: 30.30, O: 21.55) ReadCalls: 21.54
112002385	VERBOSE   	FPS	XnOpenNI.cpp	883	[FPS] MyDepth (I: 30.30, O: 21.43) Image1 (I: 30.30, O: 21.43) ReadCalls: 21.43
113000672	VERBOSE   	FPS	XnOpenNI.cpp	883	[FPS] MyDepth (I: 30.01, O: 21.34) Image1 (I: 30.32, O: 21.35) ReadCalls: 21.67
114002405	VERBOSE   	FPS	XnOpenNI.cpp	883	[FPS] MyDepth (I: 30.30, O: 21.55) Image1 (I: 30.30, O: 21.55) ReadCalls: 21.54
115002168	VERBOSE   	FPS	XnOpenNI.cpp	883	[FPS] MyDepth (I: 30.30, O: 21.44) Image1 (I: 30.31, O: 21.44) ReadCalls: 21.43
116000508	VERBOSE   	FPS	XnOpenNI.cpp	883	[FPS] MyDepth (I: 30.01, O: 21.34) Image1 (I: 30.32, O: 21.34) ReadCalls: 21.67
117002215	VERBOSE   	FPS	XnOpenNI.cpp	883	[FPS] MyDepth (I: 30.30, O: 21.55) Image1 (I: 30.30, O: 21.55) ReadCalls: 21.54
118002240	VERBOSE   	FPS	XnOpenNI.cpp	883	[FPS] MyDepth (I: 30.31, O: 21.43) Image1 (I: 30.31, O: 21.44) ReadCalls: 21.43
119000431	VERBOSE   	FPS	XnOpenNI.cpp	883	[FPS] MyDepth (I: 30.02, O: 21.34) Image1 (I: 30.32, O: 21.35) ReadCalls: 21.67
120012018	VERBOSE   	FPS	XnOpenNI.cpp	883	[FPS] MyDepth (I: 30.31, O: 21.48) Image1 (I: 30.20, O: 21.48) ReadCalls: 21.47
121002484	VERBOSE   	FPS	XnOpenNI.cpp	883	[FPS] MyDepth (I: 30.07, O: 21.42) Image1 (I: 30.30, O: 21.43) ReadCalls: 21.42
122002240	VERBOSE   	FPS	XnOpenNI.cpp	883	[FPS] MyDepth (I: 30.10, O: 21.65) Image1 (I: 30.30, O: 21.65) ReadCalls: 21.65
123002259	VERBOSE   	FPS	XnOpenNI.cpp	883	[FPS] MyDepth (I: 30.10, O: 21.54) Image1 (I: 30.30, O: 21.54) ReadCalls: 21.54
124002295	VERBOSE   	FPS	XnOpenNI.cpp	883	[FPS] MyDepth (I: 30.10, O: 21.43) Image1 (I: 30.30, O: 21.43) ReadCalls: 21.43
125000325	VERBOSE   	FPS	XnOpenNI.cpp	883	[FPS] MyDepth (I: 30.12, O: 21.33) Image1 (I: 30.02, O: 21.33) ReadCalls: 21.66
126002395	VERBOSE   	FPS	XnOpenNI.cpp	883	[FPS] MyDepth (I: 30.10, O: 21.54) Image1 (I: 30.30, O: 21.54) ReadCalls: 21.54
127002260	VERBOSE   	FPS	XnOpenNI.cpp	883	[FPS] MyDepth (I: 30.10, O: 21.43) Image1 (I: 30.30, O: 21.43) ReadCalls: 21.42
128002177	VERBOSE   	FPS	XnOpenNI.cpp	883	[FPS] MyDepth (I: 30.11, O: 21.66) Image1 (I: 30.30, O: 21.66) ReadCalls: 21.66
129002349	VERBOSE   	FPS	XnOpenNI.cpp	883	[FPS] MyDepth (I: 30.10, O: 21.54) Image1 (I: 30.30, O: 21.54) ReadCalls: 21.54
130002155	VERBOSE   	FPS	XnOpenNI.cpp	883	[FPS] MyDepth (I: 30.10, O: 21.43) Image1 (I: 30.31, O: 21.43) ReadCalls: 21.43
131002144	VERBOSE   	FPS	XnOpenNI.cpp	883	[FPS] MyDepth (I: 30.20, O: 21.65) Image1 (I: 30.30, O: 21.65) ReadCalls: 21.65
132002260	VERBOSE   	FPS	XnOpenNI.cpp	883	[FPS] MyDepth (I: 30.20, O: 21.54) Image1 (I: 30.30, O: 21.54) ReadCalls: 21.54
133002203	VERBOSE   	FPS	XnOpenNI.cpp	883	[FPS] MyDepth (I: 30.20, O: 21.43) Image1 (I: 30.30, O: 21.43) ReadCalls: 21.43
134000070	VERBOSE   	FPS	XnOpenNI.cpp	883	[FPS] MyDepth (I: 30.22, O: 21.33) Image1 (I: 30.02, O: 21.33) ReadCalls: 21.67
135002181	VERBOSE   	FPS	XnOpenNI.cpp	883	[FPS] MyDepth (I: 30.20, O: 21.54) Image1 (I: 30.30, O: 21.54) ReadCalls: 21.54
136002126	VERBOSE   	FPS	XnOpenNI.cpp	883	[FPS] MyDepth (I: 30.20, O: 21.43) Image1 (I: 30.30, O: 21.43) ReadCalls: 21.43
137000404	VERBOSE   	FPS	XnOpenNI.cpp	883	[FPS] MyDepth (I: 30.22, O: 21.67) Image1 (I: 30.02, O: 21.33) ReadCalls: 21.66
138002200	VERBOSE   	FPS	XnOpenNI.cpp	883	[FPS] MyDepth (I: 30.20, O: 21.54) Image1 (I: 30.30, O: 21.54) ReadCalls: 21.53
139002070	VERBOSE   	FPS	XnOpenNI.cpp	883	[FPS] MyDepth (I: 30.20, O: 21.43) Image1 (I: 30.31, O: 21.43) ReadCalls: 21.42
140000335	VERBOSE   	FPS	XnOpenNI.cpp	883	[FPS] MyDepth (I: 30.23, O: 21.67) Image1 (I: 30.02, O: 21.34) ReadCalls: 21.67
141002416	VERBOSE   	FPS	XnOpenNI.cpp	883	[FPS] MyDepth (I: 30.30, O: 21.54) Image1 (I: 29.96, O: 21.54) ReadCalls: 21.53
142001658	VERBOSE   	FPS	XnOpenNI.cpp	883	[FPS] MyDepth (I: 30.30, O: 21.43) Image1 (I: 30.00, O: 21.44) ReadCalls: 21.43
143002011	VERBOSE   	FPS	XnOpenNI.cpp	883	[FPS] MyDepth (I: 30.30, O: 21.31) Image1 (I: 29.97, O: 21.32) ReadCalls: 21.65
144002920	VERBOSE   	FPS	XnOpenNI.cpp	883	[FPS] MyDepth (I: 30.29, O: 21.54) Image1 (I: 29.96, O: 21.54) ReadCalls: 21.53
145002471	VERBOSE   	FPS	XnOpenNI.cpp	883	[FPS] MyDepth (I: 30.30, O: 21.43) Image1 (I: 29.97, O: 21.43) ReadCalls: 21.43
146001610	VERBOSE   	FPS	XnOpenNI.cpp	883	[FPS] MyDepth (I: 30.30, O: 21.34) Image1 (I: 30.01, O: 21.34) ReadCalls: 21.65
147001750	VERBOSE   	FPS	XnOpenNI.cpp	883	[FPS] MyDepth (I: 30.30, O: 21.55) Image1 (I: 30.01, O: 21.55) ReadCalls: 21.54
148001762	VERBOSE   	FPS	XnOpenNI.cpp	883	[FPS] MyDepth (I: 30.31, O: 21.43) Image1 (I: 30.01, O: 21.43) ReadCalls: 21.43
149002343	VERBOSE   	FPS	XnOpenNI.cpp	883	[FPS] MyDepth (I: 30.31, O: 21.32) Image1 (I: 29.97, O: 21.32) ReadCalls: 21.65
150001996	VERBOSE   	FPS	XnOpenNI.cpp	883	[FPS] MyDepth (I: 30.07, O: 21.54) Image1 (I: 30.30, O: 21.54) ReadCalls: 21.53
151002073	VERBOSE   	FPS	XnOpenNI.cpp	883	[FPS] MyDepth (I: 30.06, O: 21.42) Image1 (I: 30.30, O: 21.42) ReadCalls: 21.42
152001879	VERBOSE   	FPS	XnOpenNI.cpp	883	[FPS] MyDepth (I: 30.00, O: 21.67) Image1 (I: 30.31, O: 21.67) ReadCalls: 21.66
153001988	VERBOSE   	FPS	XnOpenNI.cpp	883	[FPS] MyDepth (I: 30.10, O: 21.54) Image1 (I: 30.30, O: 21.54) ReadCalls: 21.53
154002002	VERBOSE   	FPS	XnOpenNI.cpp	883	[FPS] MyDepth (I: 30.10, O: 21.42) Image1 (I: 30.31, O: 21.42) ReadCalls: 21.42
155002014	VERBOSE   	FPS	XnOpenNI.cpp	883	[FPS] MyDepth (I: 30.11, O: 21.66) Image1 (I: 30.30, O: 21.66) ReadCalls: 21.65
156002033	VERBOSE   	FPS	XnOpenNI.cpp	883	[FPS] MyDepth (I: 30.10, O: 21.54) Image1 (I: 30.30, O: 21.54) ReadCalls: 21.53
157001928	VERBOSE   	FPS	XnOpenNI.cpp	883	[FPS] MyDepth (I: 30.10, O: 21.43) Image1 (I: 30.30, O: 21.43) ReadCalls: 21.43
158001830	VERBOSE   	FPS	XnOpenNI.cpp	883	[FPS] MyDepth (I: 30.10, O: 21.66) Image1 (I: 30.30, O: 21.66) ReadCalls: 21.66
159001884	VERBOSE   	FPS	XnOpenNI.cpp	883	[FPS] MyDepth (I: 30.11, O: 21.54) Image1 (I: 30.30, O: 21.54) ReadCalls: 21.54
160001854	VERBOSE   	FPS	XnOpenNI.cpp	883	[FPS] MyDepth (I: 30.10, O: 21.42) Image1 (I: 30.31, O: 21.42) ReadCalls: 21.42
161001753	VERBOSE   	FPS	XnOpenNI.cpp	883	[FPS] MyDepth (I: 30.11, O: 21.65) Image1 (I: 30.31, O: 21.65) ReadCalls: 21.65
162001809	VERBOSE   	FPS	XnOpenNI.cpp	883	[FPS] MyDepth (I: 30.20, O: 21.54) Image1 (I: 30.30, O: 21.54) ReadCalls: 21.54
163001862	VERBOSE   	FPS	XnOpenNI.cpp	883	[FPS] MyDepth (I: 30.20, O: 21.43) Image1 (I: 30.31, O: 21.43) ReadCalls: 21.43
164001767	VERBOSE   	FPS	XnOpenNI.cpp	883	[FPS] MyDepth (I: 30.20, O: 21.66) Image1 (I: 30.30, O: 21.66) ReadCalls: 21.65
165001764	VERBOSE   	FPS	XnOpenNI.cpp	883	[FPS] MyDepth (I: 30.20, O: 21.54) Image1 (I: 30.30, O: 21.54) ReadCalls: 21.53
166001806	VERBOSE   	FPS	XnOpenNI.cpp	883	[FPS] MyDepth (I: 30.20, O: 21.43) Image1 (I: 30.31, O: 21.43) ReadCalls: 21.43
167001791	VERBOSE   	FPS	XnOpenNI.cpp	883	[FPS] MyDepth (I: 30.20, O: 21.66) Image1 (I: 30.30, O: 21.66) ReadCalls: 21.65
168001752	VERBOSE   	FPS	XnOpenNI.cpp	883	[FPS] MyDepth (I: 30.20, O: 21.54) Image1 (I: 30.30, O: 21.54) ReadCalls: 21.53
169001892	VERBOSE   	FPS	XnOpenNI.cpp	883	[FPS] MyDepth (I: 30.21, O: 21.42) Image1 (I: 30.30, O: 21.42) ReadCalls: 21.42
170001679	VERBOSE   	FPS	XnOpenNI.cpp	883	[FPS] MyDepth (I: 30.21, O: 21.65) Image1 (I: 30.31, O: 21.65) ReadCalls: 21.65
171001712	VERBOSE   	FPS	XnOpenNI.cpp	883	[FPS] MyDepth (I: 30.20, O: 21.54) Image1 (I: 30.30, O: 21.54) ReadCalls: 21.54
172000868	VERBOSE   	FPS	XnOpenNI.cpp	883	[FPS] MyDepth (I: 30.31, O: 21.43) Image1 (I: 30.01, O: 21.44) ReadCalls: 21.43
173000445	VERBOSE   	FPS	XnOpenNI.cpp	883	[FPS] MyDepth (I: 30.31, O: 21.33) Image1 (I: 30.01, O: 21.33) ReadCalls: 21.66
174001095	VERBOSE   	FPS	XnOpenNI.cpp	883	[FPS] MyDepth (I: 30.30, O: 21.55) Image1 (I: 30.01, O: 21.55) ReadCalls: 21.54
175000822	VERBOSE   	FPS	XnOpenNI.cpp	883	[FPS] MyDepth (I: 30.30, O: 21.44) Image1 (I: 30.01, O: 21.44) ReadCalls: 21.43
176001056	VERBOSE   	FPS	XnOpenNI.cpp	883	[FPS] MyDepth (I: 30.30, O: 21.32) Image1 (I: 30.01, O: 21.32) ReadCalls: 21.66
177001377	VERBOSE   	FPS	XnOpenNI.cpp	883	[FPS] MyDepth (I: 30.30, O: 21.55) Image1 (I: 30.01, O: 21.55) ReadCalls: 21.53
178002252	VERBOSE   	FPS	XnOpenNI.cpp	883	[FPS] MyDepth (I: 30.29, O: 21.42) Image1 (I: 30.06, O: 21.42) ReadCalls: 21.42
179000668	VERBOSE   	FPS	XnOpenNI.cpp	883	[FPS] MyDepth (I: 30.31, O: 21.34) Image1 (I: 30.01, O: 21.34) ReadCalls: 21.66
180001375	VERBOSE   	FPS	XnOpenNI.cpp	883	[FPS] MyDepth (I: 30.30, O: 21.55) Image1 (I: 30.00, O: 21.55) ReadCalls: 21.54
181001622	VERBOSE   	FPS	XnOpenNI.cpp	883	[FPS] MyDepth (I: 30.01, O: 21.43) Image1 (I: 30.41, O: 21.43) ReadCalls: 21.43
182001544	VERBOSE   	FPS	XnOpenNI.cpp	883	[FPS] MyDepth (I: 30.06, O: 21.65) Image1 (I: 30.41, O: 21.65) ReadCalls: 21.65
183001623	VERBOSE   	FPS	XnOpenNI.cpp	883	[FPS] MyDepth (I: 30.07, O: 21.54) Image1 (I: 30.41, O: 21.54) ReadCalls: 21.54
184001582	VERBOSE   	FPS	XnOpenNI.cpp	883	[FPS] MyDepth (I: 30.10, O: 21.42) Image1 (I: 30.41, O: 21.42) ReadCalls: 21.42
185001504	VERBOSE   	FPS	XnOpenNI.cpp	883	[FPS] MyDepth (I: 30.10, O: 21.65) Image1 (I: 30.40, O: 21.66) ReadCalls: 21.65
186001694	VERBOSE   	FPS	XnOpenNI.cpp	883	[FPS] MyDepth (I: 30.10, O: 21.54) Image1 (I: 30.41, O: 21.54) ReadCalls: 21.54
187001582	VERBOSE   	FPS	XnOpenNI.cpp	883	[FPS] MyDepth (I: 30.09, O: 21.43) Image1 (I: 30.41, O: 21.43) ReadCalls: 21.43
188001551	VERBOSE   	FPS	XnOpenNI.cpp	883	[FPS] MyDepth (I: 30.10, O: 21.65) Image1 (I: 30.40, O: 21.66) ReadCalls: 21.65
189001531	VERBOSE   	FPS	XnOpenNI.cpp	883	[FPS] MyDepth (I: 30.10, O: 21.54) Image1 (I: 30.41, O: 21.54) ReadCalls: 21.54
190001470	VERBOSE   	FPS	XnOpenNI.cpp	883	[FPS] MyDepth (I: 30.09, O: 21.43) Image1 (I: 30.41, O: 21.43) ReadCalls: 21.43
191001534	VERBOSE   	FPS	XnOpenNI.cpp	883	[FPS] MyDepth (I: 30.10, O: 21.65) Image1 (I: 30.41, O: 21.65) ReadCalls: 21.65
192001633	VERBOSE   	FPS	XnOpenNI.cpp	883	[FPS] MyDepth (I: 30.10, O: 21.53) Image1 (I: 30.41, O: 21.53) ReadCalls: 21.53
193001624	VERBOSE   	FPS	XnOpenNI.cpp	883	[FPS] MyDepth (I: 30.09, O: 21.43) Image1 (I: 30.41, O: 21.43) ReadCalls: 21.42
194001390	VERBOSE   	FPS	XnOpenNI.cpp	883	[FPS] MyDepth (I: 30.20, O: 21.65) Image1 (I: 30.41, O: 21.65) ReadCalls: 21.65
195001585	VERBOSE   	FPS	XnOpenNI.cpp	883	[FPS] MyDepth (I: 30.19, O: 21.54) Image1 (I: 30.40, O: 21.54) ReadCalls: 21.54
196011318	VERBOSE   	FPS	XnOpenNI.cpp	883	[FPS] MyDepth (I: 30.10, O: 21.35) Image1 (I: 30.31, O: 21.35) ReadCalls: 21.35
197011476	VERBOSE   	FPS	XnOpenNI.cpp	883	[FPS] MyDepth (I: 30.11, O: 21.58) Image1 (I: 30.30, O: 21.58) ReadCalls: 21.58
198011493	VERBOSE   	FPS	XnOpenNI.cpp	883	[FPS] MyDepth (I: 30.09, O: 21.47) Image1 (I: 30.31, O: 21.47) ReadCalls: 21.46
199011272	VERBOSE   	FPS	XnOpenNI.cpp	883	[FPS] MyDepth (I: 30.10, O: 21.35) Image1 (I: 30.31, O: 21.35) ReadCalls: 21.35
200011414	VERBOSE   	FPS	XnOpenNI.cpp	883	[FPS] MyDepth (I: 30.09, O: 21.58) Image1 (I: 30.30, O: 21.58) ReadCalls: 21.58
201011553	VERBOSE   	FPS	XnOpenNI.cpp	883	[FPS] MyDepth (I: 30.09, O: 21.46) Image1 (I: 30.30, O: 21.46) ReadCalls: 21.46
202011335	VERBOSE   	FPS	XnOpenNI.cpp	883	[FPS] MyDepth (I: 30.11, O: 21.35) Image1 (I: 30.31, O: 21.36) ReadCalls: 21.35
203000896	VERBOSE   	FPS	XnOpenNI.cpp	883	[FPS] MyDepth (I: 30.30, O: 21.32) Image1 (I: 30.11, O: 21.32) ReadCalls: 21.65
204001446	VERBOSE   	FPS	XnOpenNI.cpp	883	[FPS] MyDepth (I: 30.30, O: 21.55) Image1 (I: 30.10, O: 21.55) ReadCalls: 21.54
205000687	VERBOSE   	FPS	XnOpenNI.cpp	883	[FPS] MyDepth (I: 30.31, O: 21.43) Image1 (I: 30.11, O: 21.43) ReadCalls: 21.43
206000766	VERBOSE   	FPS	XnOpenNI.cpp	883	[FPS] MyDepth (I: 30.31, O: 21.67) Image1 (I: 30.11, O: 21.34) ReadCalls: 21.65
207000551	VERBOSE   	FPS	XnOpenNI.cpp	883	[FPS] MyDepth (I: 30.31, O: 21.55) Image1 (I: 30.11, O: 21.55) ReadCalls: 21.54
208001381	VERBOSE   	FPS	XnOpenNI.cpp	883	[FPS] MyDepth (I: 30.30, O: 21.43) Image1 (I: 30.10, O: 21.43) ReadCalls: 21.42
209001462	VERBOSE   	FPS	XnOpenNI.cpp	883	[FPS] MyDepth (I: 30.31, O: 21.65) Image1 (I: 30.10, O: 21.31) ReadCalls: 21.65
210000850	VERBOSE   	FPS	XnOpenNI.cpp	883	[FPS] MyDepth (I: 30.31, O: 21.55) Image1 (I: 30.10, O: 21.55) ReadCalls: 21.53
211000757	VERBOSE   	FPS	XnOpenNI.cpp	883	[FPS] MyDepth (I: 30.31, O: 21.43) Image1 (I: 30.10, O: 21.43) ReadCalls: 21.43
212001758	VERBOSE   	FPS	XnOpenNI.cpp	883	[FPS] MyDepth (I: 30.40, O: 21.65) Image1 (I: 30.10, O: 21.65) ReadCalls: 21.65
213011596	VERBOSE   	FPS	XnOpenNI.cpp	883	[FPS] MyDepth (I: 30.30, O: 21.46) Image1 (I: 29.97, O: 21.46) ReadCalls: 21.46
214010673	VERBOSE   	FPS	XnOpenNI.cpp	883	[FPS] MyDepth (I: 30.31, O: 21.36) Image1 (I: 30.01, O: 21.36) ReadCalls: 21.36
215011225	VERBOSE   	FPS	XnOpenNI.cpp	883	[FPS] MyDepth (I: 30.30, O: 21.57) Image1 (I: 29.97, O: 21.57) ReadCalls: 21.57
216011454	VERBOSE   	FPS	XnOpenNI.cpp	883	[FPS] MyDepth (I: 30.31, O: 21.46) Image1 (I: 30.00, O: 21.46) ReadCalls: 21.45
217010531	VERBOSE   	FPS	XnOpenNI.cpp	883	[FPS] MyDepth (I: 30.31, O: 21.35) Image1 (I: 30.01, O: 21.35) ReadCalls: 21.35
218011293	VERBOSE   	FPS	XnOpenNI.cpp	883	[FPS] MyDepth (I: 30.30, O: 21.58) Image1 (I: 30.00, O: 21.58) ReadCalls: 21.58
219011026	VERBOSE   	FPS	XnOpenNI.cpp	883	[FPS] MyDepth (I: 30.31, O: 21.46) Image1 (I: 30.01, O: 21.46) ReadCalls: 21.46
220010555	VERBOSE   	FPS	XnOpenNI.cpp	883	[FPS] MyDepth (I: 30.31, O: 21.35) Image1 (I: 30.00, O: 21.35) ReadCalls: 21.35
221011605	VERBOSE   	FPS	XnOpenNI.cpp	883	[FPS] MyDepth (I: 30.30, O: 21.57) Image1 (I: 29.96, O: 21.57) ReadCalls: 21.57
222011320	VERBOSE   	FPS	XnOpenNI.cpp	883	[FPS] MyDepth (I: 30.07, O: 21.46) Image1 (I: 30.30, O: 21.46) ReadCalls: 21.46
223011162	VERBOSE   	FPS	XnOpenNI.cpp	883	[FPS] MyDepth (I: 30.07, O: 21.35) Image1 (I: 30.30, O: 21.35) ReadCalls: 21.35
224011217	VERBOSE   	FPS	XnOpenNI.cpp	883	[FPS] MyDepth (I: 30.00, O: 21.58) Image1 (I: 30.30, O: 21.58) ReadCalls: 21.58
225011229	VERBOSE   	FPS	XnOpenNI.cpp	883	[FPS] MyDepth (I: 30.09, O: 21.46) Image1 (I: 30.30, O: 21.46) ReadCalls: 21.46
226010957	VERBOSE   	FPS	XnOpenNI.cpp	883	[FPS] MyDepth (I: 30.10, O: 21.35) Image1 (I: 30.31, O: 21.35) ReadCalls: 21.35
227010967	VERBOSE   	FPS	XnOpenNI.cpp	883	[FPS] MyDepth (I: 30.10, O: 21.57) Image1 (I: 30.30, O: 21.57) ReadCalls: 21.57
228011197	VERBOSE   	FPS	XnOpenNI.cpp	883	[FPS] MyDepth (I: 30.09, O: 21.46) Image1 (I: 30.30, O: 21.46) ReadCalls: 21.45
229011065	VERBOSE   	FPS	XnOpenNI.cpp	883	[FPS] MyDepth (I: 30.10, O: 21.35) Image1 (I: 30.31, O: 21.35) ReadCalls: 21.35
230011084	VERBOSE   	FPS	XnOpenNI.cpp	883	[FPS] MyDepth (I: 30.09, O: 21.57) Image1 (I: 30.30, O: 21.57) ReadCalls: 21.57
231011068	VERBOSE   	FPS	XnOpenNI.cpp	883	[FPS] MyDepth (I: 30.09, O: 21.46) Image1 (I: 30.30, O: 21.46) ReadCalls: 21.46
232010868	VERBOSE   	FPS	XnOpenNI.cpp	883	[FPS] MyDepth (I: 30.10, O: 21.35) Image1 (I: 30.31, O: 21.35) ReadCalls: 21.35
233011028	VERBOSE   	FPS	XnOpenNI.cpp	883	[FPS] MyDepth (I: 30.10, O: 21.57) Image1 (I: 30.30, O: 21.57) ReadCalls: 21.57
234000810	VERBOSE   	FPS	XnOpenNI.cpp	883	[FPS] MyDepth (I: 30.30, O: 21.55) Image1 (I: 30.10, O: 21.55) ReadCalls: 21.54
235000520	VERBOSE   	FPS	XnOpenNI.cpp	883	[FPS] MyDepth (I: 30.31, O: 21.42) Image1 (I: 30.10, O: 21.42) ReadCalls: 21.42
236000219	VERBOSE   	FPS	XnOpenNI.cpp	883	[FPS] MyDepth (I: 30.31, O: 21.66) Image1 (I: 30.11, O: 21.32) ReadCalls: 21.65
237001508	VERBOSE   	FPS	XnOpenNI.cpp	883	[FPS] MyDepth (I: 30.30, O: 21.54) Image1 (I: 30.10, O: 21.54) ReadCalls: 21.52
238000535	VERBOSE   	FPS	XnOpenNI.cpp	883	[FPS] MyDepth (I: 30.31, O: 21.42) Image1 (I: 30.10, O: 21.42) ReadCalls: 21.42
239000770	VERBOSE   	FPS	XnOpenNI.cpp	883	[FPS] MyDepth (I: 30.31, O: 21.65) Image1 (I: 30.11, O: 21.65) ReadCalls: 21.65
240001183	VERBOSE   	FPS	XnOpenNI.cpp	883	[FPS] MyDepth (I: 30.30, O: 21.55) Image1 (I: 30.10, O: 21.55) ReadCalls: 21.53
241000453	VERBOSE   	FPS	XnOpenNI.cpp	883	[FPS] MyDepth (I: 30.30, O: 21.42) Image1 (I: 30.11, O: 21.42) ReadCalls: 21.42
242000638	VERBOSE   	FPS	XnOpenNI.cpp	883	[FPS] MyDepth (I: 30.30, O: 21.31) Image1 (I: 30.10, O: 21.31) ReadCalls: 21.65
243000470	VERBOSE   	FPS	XnOpenNI.cpp	883	[FPS] MyDepth (I: 30.31, O: 21.55) Image1 (I: 30.11, O: 21.55) ReadCalls: 21.53
244010349	VERBOSE   	FPS	XnOpenNI.cpp	883	[FPS] MyDepth (I: 30.31, O: 21.36) Image1 (I: 30.01, O: 21.36) ReadCalls: 21.35
245011163	VERBOSE   	FPS	XnOpenNI.cpp	883	[FPS] MyDepth (I: 30.30, O: 21.57) Image1 (I: 30.00, O: 21.57) ReadCalls: 21.57
246011014	VERBOSE   	FPS	XnOpenNI.cpp	883	[FPS] MyDepth (I: 30.30, O: 21.46) Image1 (I: 29.97, O: 21.46) ReadCalls: 21.45
247010252	VERBOSE   	FPS	XnOpenNI.cpp	883	[FPS] MyDepth (I: 30.31, O: 21.35) Image1 (I: 30.01, O: 21.36) ReadCalls: 21.35
248010576	VERBOSE   	FPS	XnOpenNI.cpp	883	[FPS] MyDepth (I: 30.30, O: 21.58) Image1 (I: 30.01, O: 21.58) ReadCalls: 21.58
249010730	VERBOSE   	FPS	XnOpenNI.cpp	883	[FPS] MyDepth (I: 30.30, O: 21.46) Image1 (I: 30.00, O: 21.46) ReadCalls: 21.46
250010299	VERBOSE   	FPS	XnOpenNI.cpp	883	[FPS] MyDepth (I: 30.31, O: 21.35) Image1 (I: 30.00, O: 21.35) ReadCalls: 21.35
251010805	VERBOSE   	FPS	XnOpenNI.cpp	883	[FPS] MyDepth (I: 30.30, O: 21.58) Image1 (I: 30.07, O: 21.58) ReadCalls: 21.57
252010689	VERBOSE   	FPS	XnOpenNI.cpp	883	[FPS] MyDepth (I: 30.31, O: 21.46) Image1 (I: 30.00, O: 21.46) ReadCalls: 21.45
253010660	VERBOSE   	FPS	XnOpenNI.cpp	883	[FPS] MyDepth (I: 30.07, O: 21.35) Image1 (I: 30.41, O: 21.35) ReadCalls: 21.35
254010913	VERBOSE   	FPS	XnOpenNI.cpp	883	[FPS] MyDepth (I: 30.06, O: 21.57) Image1 (I: 30.40, O: 21.58) ReadCalls: 21.57
255010766	VERBOSE   	FPS	XnOpenNI.cpp	883	[FPS] MyDepth (I: 30.07, O: 21.46) Image1 (I: 30.41, O: 21.46) ReadCalls: 21.45
256010657	VERBOSE   	FPS	XnOpenNI.cpp	883	[FPS] MyDepth (I: 30.10, O: 21.34) Image1 (I: 30.41, O: 21.34) ReadCalls: 21.34
257010670	VERBOSE   	FPS	XnOpenNI.cpp	883	[FPS] MyDepth (I: 30.09, O: 21.57) Image1 (I: 30.41, O: 21.57) ReadCalls: 21.57
258010809	VERBOSE   	FPS	XnOpenNI.cpp	883	[FPS] MyDepth (I: 30.09, O: 21.45) Image1 (I: 30.41, O: 21.46) ReadCalls: 21.45
259010548	VERBOSE   	FPS	XnOpenNI.cpp	883	[FPS] MyDepth (I: 30.10, O: 21.35) Image1 (I: 30.41, O: 21.35) ReadCalls: 21.35
260010673	VERBOSE   	FPS	XnOpenNI.cpp	883	[FPS] MyDepth (I: 30.10, O: 21.57) Image1 (I: 30.41, O: 21.58) ReadCalls: 21.57
261010721	VERBOSE   	FPS	XnOpenNI.cpp	883	[FPS] MyDepth (I: 30.09, O: 21.45) Image1 (I: 30.41, O: 21.46) ReadCalls: 21.45
262010601	VERBOSE   	FPS	XnOpenNI.cpp	883	[FPS] MyDepth (I: 30.10, O: 21.35) Image1 (I: 30.41, O: 21.35) ReadCalls: 21.35
263010685	VERBOSE   	FPS	XnOpenNI.cpp	883	[FPS] MyDepth (I: 30.10, O: 21.57) Image1 (I: 30.40, O: 21.58) ReadCalls: 21.57
264010805	VERBOSE   	FPS	XnOpenNI.cpp	883	[FPS] MyDepth (I: 30.10, O: 21.46) Image1 (I: 30.40, O: 21.46) ReadCalls: 21.46
265010642	VERBOSE   	FPS	XnOpenNI.cpp	883	[FPS] MyDepth (I: 30.10, O: 21.34) Image1 (I: 30.40, O: 21.34) ReadCalls: 21.34
266000023	VERBOSE   	FPS	XnOpenNI.cpp	883	[FPS] MyDepth (I: 30.31, O: 21.64) Image1 (I: 30.11, O: 21.31) ReadCalls: 21.64
267000149	VERBOSE   	FPS	XnOpenNI.cpp	883	[FPS] MyDepth (I: 30.31, O: 21.55) Image1 (I: 30.11, O: 21.55) ReadCalls: 21.53
268000078	VERBOSE   	FPS	XnOpenNI.cpp	883	[FPS] MyDepth (I: 30.31, O: 21.42) Image1 (I: 30.11, O: 21.43) ReadCalls: 21.42
269000044	VERBOSE   	FPS	XnOpenNI.cpp	883	[FPS] MyDepth (I: 30.31, O: 21.65) Image1 (I: 30.11, O: 21.67) ReadCalls: 21.65
270010695	VERBOSE   	FPS	XnOpenNI.cpp	883	[FPS] MyDepth (I: 30.20, O: 21.48) Image1 (I: 30.40, O: 21.48) ReadCalls: 21.46
271000051	VERBOSE   	FPS	XnOpenNI.cpp	883	[FPS] MyDepth (I: 30.31, O: 21.42) Image1 (I: 30.10, O: 21.42) ReadCalls: 21.42
272000402	VERBOSE   	FPS	XnOpenNI.cpp	883	[FPS] MyDepth (I: 30.31, O: 21.31) Image1 (I: 30.11, O: 21.31) ReadCalls: 21.65
273000446	VERBOSE   	FPS	XnOpenNI.cpp	883	[FPS] MyDepth (I: 30.30, O: 21.55) Image1 (I: 30.10, O: 21.55) ReadCalls: 21.53
274000138	VERBOSE   	FPS	XnOpenNI.cpp	883	[FPS] MyDepth (I: 30.31, O: 21.42) Image1 (I: 30.21, O: 21.42) ReadCalls: 21.41
275010365	VERBOSE   	FPS	XnOpenNI.cpp	883	[FPS] MyDepth (I: 30.30, O: 21.57) Image1 (I: 30.10, O: 21.58) ReadCalls: 21.57
276010301	VERBOSE   	FPS	XnOpenNI.cpp	883	[FPS] MyDepth (I: 30.31, O: 21.46) Image1 (I: 30.10, O: 21.46) ReadCalls: 21.45
277009878	VERBOSE   	FPS	XnOpenNI.cpp	883	[FPS] MyDepth (I: 30.31, O: 21.35) Image1 (I: 30.11, O: 21.35) ReadCalls: 21.35
278010262	VERBOSE   	FPS	XnOpenNI.cpp	883	[FPS] MyDepth (I: 30.30, O: 21.57) Image1 (I: 30.10, O: 21.58) ReadCalls: 21.57
279010693	VERBOSE   	FPS	XnOpenNI.cpp	883	[FPS] MyDepth (I: 30.31, O: 21.46) Image1 (I: 30.10, O: 21.46) ReadCalls: 21.46
280010723	VERBOSE   	FPS	XnOpenNI.cpp	883	[FPS] MyDepth (I: 30.30, O: 21.34) Image1 (I: 30.10, O: 21.34) ReadCalls: 21.34
281010246	VERBOSE   	FPS	XnOpenNI.cpp	883	[FPS] MyDepth (I: 30.30, O: 21.57) Image1 (I: 30.10, O: 21.57) ReadCalls: 21.57
282010087	VERBOSE   	FPS	XnOpenNI.cpp	883	[FPS] MyDepth (I: 30.31, O: 21.46) Image1 (I: 30.10, O: 21.46) ReadCalls: 21.45
283009963	VERBOSE   	FPS	XnOpenNI.cpp	883	[FPS] MyDepth (I: 30.31, O: 21.35) Image1 (I: 30.10, O: 21.35) ReadCalls: 21.34
284020176	VERBOSE   	FPS	XnOpenNI.cpp	883	[FPS] MyDepth (I: 30.31, O: 21.50) Image1 (I: 30.00, O: 21.50) ReadCalls: 21.50
285020002	VERBOSE   	FPS	XnOpenNI.cpp	883	[FPS] MyDepth (I: 30.31, O: 21.39) Image1 (I: 30.00, O: 21.39) ReadCalls: 21.39
286011166	VERBOSE   	FPS	XnOpenNI.cpp	883	[FPS] MyDepth (I: 30.06, O: 21.34) Image1 (I: 30.09, O: 21.34) ReadCalls: 21.67
287020200	VERBOSE   	FPS	XnOpenNI.cpp	883	[FPS] MyDepth (I: 30.30, O: 21.50) Image1 (I: 30.00, O: 21.50) ReadCalls: 21.50
288019881	VERBOSE   	FPS	XnOpenNI.cpp	883	[FPS] MyDepth (I: 30.31, O: 21.39) Image1 (I: 30.00, O: 21.39) ReadCalls: 21.39
289011098	VERBOSE   	FPS	XnOpenNI.cpp	883	[FPS] MyDepth (I: 30.09, O: 21.34) Image1 (I: 30.09, O: 21.34) ReadCalls: 21.67
290020251	VERBOSE   	FPS	XnOpenNI.cpp	883	[FPS] MyDepth (I: 30.30, O: 21.50) Image1 (I: 30.00, O: 21.50) ReadCalls: 21.49
291019904	VERBOSE   	FPS	XnOpenNI.cpp	883	[FPS] MyDepth (I: 30.30, O: 21.38) Image1 (I: 30.00, O: 21.38) ReadCalls: 21.38
292011996	VERBOSE   	FPS	XnOpenNI.cpp	883	[FPS] MyDepth (I: 30.08, O: 21.33) Image1 (I: 30.08, O: 21.33) ReadCalls: 21.67
293020105	VERBOSE   	FPS	XnOpenNI.cpp	883	[FPS] MyDepth (I: 30.31, O: 21.50) Image1 (I: 30.00, O: 21.50) ReadCalls: 21.50
294020168	VERBOSE   	FPS	XnOpenNI.cpp	883	[FPS] MyDepth (I: 30.07, O: 21.38) Image1 (I: 30.30, O: 21.38) ReadCalls: 21.38
295010957	VERBOSE   	FPS	XnOpenNI.cpp	883	[FPS] MyDepth (I: 30.09, O: 21.34) Image1 (I: 30.09, O: 21.34) ReadCalls: 21.67
296020243	VERBOSE   	FPS	XnOpenNI.cpp	883	[FPS] MyDepth (I: 30.07, O: 21.49) Image1 (I: 30.30, O: 21.49) ReadCalls: 21.49
297020228	VERBOSE   	FPS	XnOpenNI.cpp	883	[FPS] MyDepth (I: 30.10, O: 21.40) Image1 (I: 30.30, O: 21.40) ReadCalls: 21.38
298011865	VERBOSE   	FPS	XnOpenNI.cpp	883	[FPS] MyDepth (I: 30.19, O: 21.35) Image1 (I: 30.08, O: 21.35) ReadCalls: 21.67
299000112	VERBOSE   	FPS	XnOpenNI.cpp	883	[FPS] MyDepth (I: 30.30, O: 21.64) Image1 (I: 30.20, O: 21.30) ReadCalls: 21.64
300000397	VERBOSE   	FPS	XnOpenNI.cpp	883	[FPS] MyDepth (I: 30.30, O: 21.55) Image1 (I: 30.20, O: 21.55) ReadCalls: 21.53
301011788	VERBOSE   	FPS	XnOpenNI.cpp	883	[FPS] MyDepth (I: 30.19, O: 21.34) Image1 (I: 30.08, O: 21.34) ReadCalls: 21.67
302020231	VERBOSE   	FPS	XnOpenNI.cpp	883	[FPS] MyDepth (I: 30.11, O: 21.50) Image1 (I: 30.30, O: 21.50) ReadCalls: 21.50
303000180	VERBOSE   	FPS	XnOpenNI.cpp	883	[FPS] MyDepth (I: 30.30, O: 21.55) Image1 (I: 30.20, O: 21.55) ReadCalls: 21.52
304011724	VERBOSE   	FPS	XnOpenNI.cpp	883	[FPS] MyDepth (I: 30.19, O: 21.34) Image1 (I: 30.08, O: 21.34) ReadCalls: 21.67
305000182	VERBOSE   	FPS	XnOpenNI.cpp	883	[FPS] MyDepth (I: 30.30, O: 21.64) Image1 (I: 30.20, O: 21.65) ReadCalls: 21.64
306010314	VERBOSE   	FPS	XnOpenNI.cpp	883	[FPS] MyDepth (I: 30.30, O: 21.46) Image1 (I: 30.10, O: 21.46) ReadCalls: 21.46
307009652	VERBOSE   	FPS	XnOpenNI.cpp	883	[FPS] MyDepth (I: 30.30, O: 21.35) Image1 (I: 30.10, O: 21.35) ReadCalls: 21.35
308010132	VERBOSE   	FPS	XnOpenNI.cpp	883	[FPS] MyDepth (I: 30.30, O: 21.57) Image1 (I: 30.10, O: 21.57) ReadCalls: 21.57
309010142	VERBOSE   	FPS	XnOpenNI.cpp	883	[FPS] MyDepth (I: 30.30, O: 21.46) Image1 (I: 30.10, O: 21.46) ReadCalls: 21.46
310009505	VERBOSE   	FPS	XnOpenNI.cpp	883	[FPS] MyDepth (I: 30.31, O: 21.35) Image1 (I: 30.11, O: 21.35) ReadCalls: 21.35
311009750	VERBOSE   	FPS	XnOpenNI.cpp	883	[FPS] MyDepth (I: 30.30, O: 21.57) Image1 (I: 30.10, O: 21.57) ReadCalls: 21.56
312010347	VERBOSE   	FPS	XnOpenNI.cpp	883	[FPS] MyDepth (I: 30.30, O: 21.45) Image1 (I: 30.10, O: 21.45) ReadCalls: 21.45
313009449	VERBOSE   	FPS	XnOpenNI.cpp	883	[FPS] MyDepth (I: 30.31, O: 21.35) Image1 (I: 30.11, O: 21.35) ReadCalls: 21.35
314009601	VERBOSE   	FPS	XnOpenNI.cpp	883	[FPS] MyDepth (I: 30.30, O: 21.57) Image1 (I: 30.11, O: 21.58) ReadCalls: 21.57
315010498	VERBOSE   	FPS	XnOpenNI.cpp	883	[FPS] MyDepth (I: 30.30, O: 21.45) Image1 (I: 30.09, O: 21.45) ReadCalls: 21.45
316010474	VERBOSE   	FPS	XnOpenNI.cpp	883	[FPS] MyDepth (I: 30.06, O: 21.34) Image1 (I: 30.10, O: 21.34) ReadCalls: 21.67
