     4514	INFO      	Log	XnLog.cpp	329	OpenNI version is 1.4.0 (Build 2)-Win32 (Nov 17 2011 18:51:00)
     4609	INFO      	Log	XnLog.cpp	307	--- Filter Info --- Minimum Severity: VERBOSE
     4794	VERBOSE   	ModuleLoader	XnModuleLoader.cpp	452	Found exported production node. Script: OpenNI/OpenNI/1.4.0.2
     5679	VERBOSE   	ModuleLoader	XnModuleLoader.cpp	281	Checking C:\Program Files\OpenNI\Bin\nimRecorder.dll...
    25592	VERBOSE   	ModuleLoader	XnModuleLoader.cpp	452	Found exported production node. Recorder: OpenNI/Recorder/1.4.0.2
    25696	VERBOSE   	ModuleLoader	XnModuleLoader.cpp	452	Found exported production node. Player: OpenNI/Player/1.4.0.2
    25801	VERBOSE   	ModuleLoader	XnModuleLoader.cpp	281	Checking C:\Program Files\OpenNI\Bin\nimMockNodes.dll...
    30871	VERBOSE   	ModuleLoader	XnModuleLoader.cpp	452	Found exported production node. ProductionNode: OpenNI/Mock/1.4.0.2
    30919	VERBOSE   	ModuleLoader	XnModuleLoader.cpp	452	Found exported production node. Generator: OpenNI/Mock/1.4.0.2
    30969	VERBOSE   	ModuleLoader	XnModuleLoader.cpp	452	Found exported production node. MapGenerator: OpenNI/Mock/1.4.0.2
    31001	VERBOSE   	ModuleLoader	XnModuleLoader.cpp	452	Found exported production node. Device: OpenNI/Mock/1.4.0.2
    31029	VERBOSE   	ModuleLoader	XnModuleLoader.cpp	452	Found exported production node. Depth: OpenNI/Mock/1.4.0.2
    31067	VERBOSE   	ModuleLoader	XnModuleLoader.cpp	452	Found exported production node. IR: OpenNI/Mock/1.4.0.2
    31090	VERBOSE   	ModuleLoader	XnModuleLoader.cpp	452	Found exported production node. Image: OpenNI/Mock/1.4.0.2
    31112	VERBOSE   	ModuleLoader	XnModuleLoader.cpp	452	Found exported production node. Audio: OpenNI/Mock/1.4.0.2
    31139	VERBOSE   	ModuleLoader	XnModuleLoader.cpp	281	Checking C:\Program Files\OpenNI\Bin\nimCodecs.dll...
    36693	VERBOSE   	ModuleLoader	XnModuleLoader.cpp	452	Found exported production node. Codec: OpenNI/16zP/1.4.0.2
    36739	VERBOSE   	ModuleLoader	XnModuleLoader.cpp	452	Found exported production node. Codec: OpenNI/16zT/1.4.0.2
    36767	VERBOSE   	ModuleLoader	XnModuleLoader.cpp	452	Found exported production node. Codec: OpenNI/Im8z/1.4.0.2
    36792	VERBOSE   	ModuleLoader	XnModuleLoader.cpp	452	Found exported production node. Codec: OpenNI/JPEG/1.4.0.2
    36815	VERBOSE   	ModuleLoader	XnModuleLoader.cpp	452	Found exported production node. Codec: OpenNI/NONE/1.4.0.2
    36846	VERBOSE   	ModuleLoader	XnModuleLoader.cpp	281	Checking C:\Program Files\PrimeSense\NITE\Features_1_3_0\Bin\XnVFeatures_1_3_0.dll...
    59843	VERBOSE   	ModuleLoader	XnModuleLoader.cpp	452	Found exported production node. Scene: PrimeSense/XnVSceneAnalyzer/1.3.0.17
    59892	VERBOSE   	ModuleLoader	XnModuleLoader.cpp	452	Found exported production node. User: PrimeSense/XnVSkeletonGenerator/1.3.0.17
    59928	VERBOSE   	ModuleLoader	XnModuleLoader.cpp	281	Checking C:\Program Files\PrimeSense\NITE\Features_1_3_1\Bin\XnVFeatures_1_3_1.dll...
    72195	VERBOSE   	ModuleLoader	XnModuleLoader.cpp	452	Found exported production node. Scene: PrimeSense/XnVSceneAnalyzer/1.3.1.6
    72243	VERBOSE   	ModuleLoader	XnModuleLoader.cpp	452	Found exported production node. User: PrimeSense/XnVSkeletonGenerator/1.3.1.6
    72310	VERBOSE   	ModuleLoader	XnModuleLoader.cpp	281	Checking C:\Program Files\PrimeSense\NITE\Features_1_4_1\Bin\XnVFeatures_1_4_1.dll...
    89287	VERBOSE   	ModuleLoader	XnModuleLoader.cpp	452	Found exported production node. Scene: PrimeSense/XnVSceneAnalyzer/1.4.1.2
    89350	VERBOSE   	ModuleLoader	XnModuleLoader.cpp	452	Found exported production node. User: PrimeSense/XnVSkeletonGenerator/1.4.1.2
    89383	VERBOSE   	ModuleLoader	XnModuleLoader.cpp	281	Checking C:\Program Files\PrimeSense\NITE\Hands_1_3_0\Bin\XnVHandGenerator_1_3_0.dll...
   102576	VERBOSE   	ModuleLoader	XnModuleLoader.cpp	452	Found exported production node. Gesture: PrimeSense/XnVGestureGenrator/1.3.0.17
   102616	VERBOSE   	ModuleLoader	XnModuleLoader.cpp	452	Found exported production node. Hands: PrimeSense/XnVHandTracker/1.3.0.17
   102650	VERBOSE   	ModuleLoader	XnModuleLoader.cpp	281	Checking C:\Program Files\PrimeSense\NITE\Hands_1_3_1\Bin\XnVHandGenerator_1_3_1.dll...
   110723	VERBOSE   	ModuleLoader	XnModuleLoader.cpp	452	Found exported production node. Gesture: PrimeSense/XnVGestureGenrator/1.3.1.6
   110775	VERBOSE   	ModuleLoader	XnModuleLoader.cpp	452	Found exported production node. Hands: PrimeSense/XnVHandTracker/1.3.1.6
   110886	VERBOSE   	ModuleLoader	XnModuleLoader.cpp	281	Checking C:\Program Files\PrimeSense\NITE\Hands_1_4_1\Bin\XnVHandGenerator_1_4_1.dll...
   124644	VERBOSE   	ModuleLoader	XnModuleLoader.cpp	452	Found exported production node. Gesture: PrimeSense/XnVGestureGenrator/1.4.1.2
   124688	VERBOSE   	ModuleLoader	XnModuleLoader.cpp	452	Found exported production node. Hands: PrimeSense/XnVHandTracker/1.4.1.2
   124730	VERBOSE   	ModuleLoader	XnModuleLoader.cpp	281	Checking C:\Program Files\PrimeSense\SensorKinect\Bin\XnDeviceFile.dll...
   171566	VERBOSE   	ModuleLoader	XnModuleLoader.cpp	452	Found exported production node. Player: PrimeSense/File/5.0.3.4
   171606	VERBOSE   	ModuleLoader	XnModuleLoader.cpp	281	Checking C:\Program Files\PrimeSense\SensorKinect\Bin\XnDeviceSensorV2KM.dll...
   176651	VERBOSE   	ModuleLoader	XnModuleLoader.cpp	452	Found exported production node. Device: PrimeSense/SensorKinect/5.0.3.4
   176693	VERBOSE   	ModuleLoader	XnModuleLoader.cpp	452	Found exported production node. Depth: PrimeSense/SensorKinect/5.0.3.4
   176723	VERBOSE   	ModuleLoader	XnModuleLoader.cpp	452	Found exported production node. Image: PrimeSense/SensorKinect/5.0.3.4
   176748	VERBOSE   	ModuleLoader	XnModuleLoader.cpp	452	Found exported production node. IR: PrimeSense/SensorKinect/5.0.3.4
   176778	VERBOSE   	ModuleLoader	XnModuleLoader.cpp	452	Found exported production node. Audio: PrimeSense/SensorKinect/5.0.3.4
   177346	INFO      	OpenNI	XnOpenNI.cpp	1568	Creating node 'Script1' of type Script: OpenNI/OpenNI/1.4.0.2...
   178145	VERBOSE   	OpenNI	XnXmlScriptNode.cpp	763	Requested to create a node of type Depth...
   192525	INFO      	OpenNI	XnOpenNI.cpp	1568	Creating node 'Device1' of type Device: PrimeSense/SensorKinect/5.0.3.4...
  1569209	INFO      	DDK	XnProperty.cpp	151	Property Device.ShareMode was changed to 1.
  1569237	INFO      	DDK	XnProperty.cpp	151	Property Device.InstancePointer was changed.
  1569439	INFO      	DDK	XnProperty.cpp	151	Property Device.ShareMode was changed to 0.
  1569870	INFO      	OpenNI	XnOpenNI.cpp	1568	Creating node 'MyDepth' of type Depth: PrimeSense/SensorKinect/5.0.3.4...
  1569914	VERBOSE   	SensorClient	XnSensorClient.cpp	268	Creating stream MyDepth (of type Depth)
  1587518	INFO      	DDK	XnProperty.cpp	151	Property Device.ReadData was changed to 1.
  1623972	INFO      	DDK	XnDeviceBase.cpp	1383	Creating stream 'MyDepth' of type 'Depth'...
  1624073	VERBOSE   	DDK	XnDeviceBase.cpp	1419	Initializing stream 'MyDepth'...
  1624450	INFO      	DDK	XnProperty.cpp	151	Property MyDepth.RequiredDataSize was changed to 614400.
  1624911	INFO      	DDK	XnProperty.cpp	151	Property MyDepth.OutputFormat was changed to 1.
  1624987	INFO      	DDK	XnDeviceBase.cpp	1458	Stream 'MyDepth' was initialized.
  1625008	INFO      	DDK	XnDeviceBase.cpp	1463	'MyDepth' stream was created.
  1625932	VERBOSE   	SensorClient	XnSensorClient.cpp	391	Getting property MyDepth.SupportedModes from server...
  1626154	VERBOSE   	SensorServer	XnSensorClient.cpp	433	Setting MyDepth.Mirror to 1...
  1626232	INFO      	DDK	XnProperty.cpp	151	Property MyDepth.Mirror was changed to 1.
  1626416	VERBOSE   	OpenNI	XnXmlScriptNode.cpp	763	Requested to create a node of type Image (StopOnError=FALSE)...
  1629109	VERBOSE   	SensorClient	XnSensorClient.cpp	391	Getting property Device.CmosBlankingUnits from server...
  1640517	INFO      	OpenNI	XnOpenNI.cpp	1568	Creating node 'Image1' of type Image: PrimeSense/SensorKinect/5.0.3.4...
  1640554	VERBOSE   	SensorClient	XnSensorClient.cpp	268	Creating stream Image1 (of type Image)
  1658053	INFO      	DDK	XnDeviceBase.cpp	1383	Creating stream 'Image1' of type 'Image'...
  1658300	VERBOSE   	DDK	XnDeviceBase.cpp	1419	Initializing stream 'Image1'...
  1658844	INFO      	DDK	XnProperty.cpp	151	Property Image1.RequiredDataSize was changed to 921600.
  1659429	INFO      	DDK	XnProperty.cpp	151	Property Image1.OutputFormat was changed to 5.
  1659556	INFO      	DDK	XnDeviceBase.cpp	1458	Stream 'Image1' was initialized.
  1659571	INFO      	DDK	XnDeviceBase.cpp	1463	'Image1' stream was created.
  1660107	VERBOSE   	SensorClient	XnSensorClient.cpp	391	Getting property Image1.SupportedModes from server...
  1660331	VERBOSE   	SensorServer	XnSensorClient.cpp	433	Setting Image1.Mirror to 1...
  1660422	INFO      	DDK	XnProperty.cpp	151	Property Image1.Mirror was changed to 1.
  1660674	VERBOSE   	DDK	XnDeviceBase.cpp	359	Opening stream MyDepth...
  1661728	INFO      	DDK	XnProperty.cpp	151	Property MyDepth.ActualReadData was changed to 1.
  1896755	VERBOSE   	FPS	XnOpenNI.cpp	890	[FPS] MyDepth (I:  0.00, O:  0.00) Image1 (I:  0.00, O:  0.00) ReadCalls:  0.00
  2026968	VERBOSE   	FPS	XnOpenNI.cpp	890	[FPS] MyDepth (I:  0.00, O:  0.00) Image1 (I:  0.00, O:  0.00) ReadCalls:  0.00
  2127507	INFO      	DDK	XnProperty.cpp	151	Property MyDepth.State was changed to 1.
  2127540	INFO      	DDK	XnDeviceBase.cpp	370	Stream MyDepth is open.
  2127562	VERBOSE   	DDK	XnDeviceBase.cpp	359	Opening stream Image1...
  2128540	INFO      	DDK	XnProperty.cpp	151	Property Image1.ActualReadData was changed to 1.
  3036908	VERBOSE   	FPS	XnOpenNI.cpp	890	[FPS] MyDepth (I: 28.94, O:  0.00) Image1 (I:  0.00, O:  0.00) ReadCalls:  0.00
  4036776	VERBOSE   	FPS	XnOpenNI.cpp	890	[FPS] MyDepth (I: 29.44, O:  0.00) Image1 (I:  0.00, O:  0.00) ReadCalls:  0.00
  5036847	VERBOSE   	FPS	XnOpenNI.cpp	890	[FPS] MyDepth (I: 29.63, O:  0.00) Image1 (I:  0.00, O:  0.00) ReadCalls:  0.00
  5323056	INFO      	DDK	XnProperty.cpp	151	Property Image1.State was changed to 1.
  5323096	INFO      	DDK	XnDeviceBase.cpp	370	Stream Image1 is open.
  5323219	VERBOSE   	SensorServer	XnSensorClient.cpp	433	Setting MyDepth.Registration to 1...
  5471958	INFO      	DDK	XnProperty.cpp	151	Property MyDepth.Registration was changed to 1.
  6009479	VERBOSE   	FPS	XnOpenNI.cpp	890	[FPS] MyDepth (I: 28.93, O: 18.44) Image1 (I: 30.61, O: 18.44) ReadCalls: 18.43
  7001479	VERBOSE   	FPS	XnOpenNI.cpp	890	[FPS] MyDepth (I: 28.67, O: 20.27) Image1 (I: 30.40, O: 20.27) ReadCalls: 20.94
  8009952	VERBOSE   	FPS	XnOpenNI.cpp	890	[FPS] MyDepth (I: 28.93, O: 20.90) Image1 (I: 30.17, O: 20.90) ReadCalls: 20.89
  9009908	VERBOSE   	FPS	XnOpenNI.cpp	890	[FPS] MyDepth (I: 30.30, O: 21.40) Image1 (I: 30.16, O: 21.40) ReadCalls: 21.40
 10010472	VERBOSE   	FPS	XnOpenNI.cpp	890	[FPS] MyDepth (I: 30.30, O: 21.61) Image1 (I: 30.16, O: 21.61) ReadCalls: 21.61
 11009661	VERBOSE   	FPS	XnOpenNI.cpp	890	[FPS] MyDepth (I: 30.30, O: 21.49) Image1 (I: 30.16, O: 21.49) ReadCalls: 21.49
 12009500	VERBOSE   	FPS	XnOpenNI.cpp	890	[FPS] MyDepth (I: 30.00, O: 21.37) Image1 (I: 30.18, O: 21.37) ReadCalls: 21.70
 13007525	VERBOSE   	FPS	XnOpenNI.cpp	890	[FPS] MyDepth (I: 30.03, O: 21.26) Image1 (I: 30.18, O: 21.26) ReadCalls: 21.59
 14009934	VERBOSE   	FPS	XnOpenNI.cpp	890	[FPS] MyDepth (I: 30.31, O: 21.45) Image1 (I: 30.15, O: 21.45) ReadCalls: 21.45
 15010435	VERBOSE   	FPS	XnOpenNI.cpp	890	[FPS] MyDepth (I: 30.40, O: 21.32) Image1 (I: 30.16, O: 21.32) ReadCalls: 21.32
 16002852	VERBOSE   	FPS	XnOpenNI.cpp	890	[FPS] MyDepth (I: 30.07, O: 21.38) Image1 (I: 30.25, O: 21.38) ReadCalls: 21.70
 17019621	VERBOSE   	FPS	XnOpenNI.cpp	890	[FPS] MyDepth (I: 30.31, O: 21.46) Image1 (I: 30.07, O: 21.46) ReadCalls: 21.46
 18019265	VERBOSE   	FPS	XnOpenNI.cpp	890	[FPS] MyDepth (I: 30.31, O: 21.35) Image1 (I: 30.10, O: 21.35) ReadCalls: 21.34
 19014263	VERBOSE   	FPS	XnOpenNI.cpp	890	[FPS] MyDepth (I: 30.27, O: 21.25) Image1 (I: 30.23, O: 21.25) ReadCalls: 21.59
 20019950	VERBOSE   	FPS	XnOpenNI.cpp	890	[FPS] MyDepth (I: 30.30, O: 21.43) Image1 (I: 30.05, O: 21.43) ReadCalls: 21.43
 21019936	VERBOSE   	FPS	XnOpenNI.cpp	890	[FPS] MyDepth (I: 30.30, O: 21.41) Image1 (I: 30.05, O: 21.41) ReadCalls: 21.41
 22019819	VERBOSE   	FPS	XnOpenNI.cpp	890	[FPS] MyDepth (I: 30.30, O: 21.29) Image1 (I: 30.07, O: 21.29) ReadCalls: 21.29
 23020975	VERBOSE   	FPS	XnOpenNI.cpp	890	[FPS] MyDepth (I: 29.96, O: 18.48) Image1 (I: 29.04, O: 17.81) ReadCalls: 18.48
 24020410	VERBOSE   	FPS	XnOpenNI.cpp	890	[FPS] MyDepth (I: 30.06, O: 14.77) Image1 (I: 26.37, O: 14.10) ReadCalls: 14.77
 25019052	VERBOSE   	FPS	XnOpenNI.cpp	890	[FPS] MyDepth (I: 29.67, O: 11.35) Image1 (I: 23.38, O: 10.69) ReadCalls: 11.69
 26029456	VERBOSE   	FPS	XnOpenNI.cpp	890	[FPS] MyDepth (I: 30.30, O: 10.78) Image1 (I: 21.57, O: 10.44) ReadCalls: 10.70
 27029610	VERBOSE   	FPS	XnOpenNI.cpp	890	[FPS] MyDepth (I: 30.33, O: 11.00) Image1 (I: 21.09, O: 10.65) ReadCalls: 10.86
 28000700	VERBOSE   	FPS	XnOpenNI.cpp	890	[FPS] MyDepth (I: 30.29, O: 10.43) Image1 (I: 23.56, O: 10.54) ReadCalls: 10.73
 29000150	VERBOSE   	FPS	XnOpenNI.cpp	890	[FPS] MyDepth (I: 30.30, O: 10.31) Image1 (I: 26.28, O: 10.44) ReadCalls: 10.62
 30000044	VERBOSE   	FPS	XnOpenNI.cpp	890	[FPS] MyDepth (I: 30.30, O: 10.31) Image1 (I: 29.65, O: 10.44) ReadCalls: 10.27
 31000951	VERBOSE   	FPS	XnOpenNI.cpp	890	[FPS] MyDepth (I: 30.30, O: 10.34) Image1 (I: 29.97, O: 10.44) ReadCalls: 10.61
 32000104	VERBOSE   	FPS	XnOpenNI.cpp	890	[FPS] MyDepth (I: 30.30, O: 10.67) Image1 (I: 30.01, O: 10.77) ReadCalls: 10.60
 33000191	VERBOSE   	FPS	XnOpenNI.cpp	890	[FPS] MyDepth (I: 30.30, O: 10.54) Image1 (I: 30.31, O: 10.54) ReadCalls: 10.54
 34000225	VERBOSE   	FPS	XnOpenNI.cpp	890	[FPS] MyDepth (I: 30.31, O: 10.34) Image1 (I: 30.32, O: 10.44) ReadCalls: 10.30
 35039648	VERBOSE   	FPS	XnOpenNI.cpp	890	[FPS] MyDepth (I: 30.31, O: 10.44) Image1 (I: 29.97, O: 10.20) ReadCalls: 10.39
 36000094	VERBOSE   	FPS	XnOpenNI.cpp	890	[FPS] MyDepth (I: 30.30, O: 10.25) Image1 (I: 30.00, O: 10.35) ReadCalls: 10.18
 37009433	VERBOSE   	FPS	XnOpenNI.cpp	890	[FPS] MyDepth (I: 30.31, O: 10.10) Image1 (I: 29.99, O: 10.10) ReadCalls: 10.04
 38010161	VERBOSE   	FPS	XnOpenNI.cpp	890	[FPS] MyDepth (I: 30.30, O:  9.97) Image1 (I: 30.00, O: 10.10) ReadCalls: 10.30
 39010046	VERBOSE   	FPS	XnOpenNI.cpp	890	[FPS] MyDepth (I: 30.31, O: 10.11) Image1 (I: 29.98, O: 10.21) ReadCalls: 10.37
 40009606	VERBOSE   	FPS	XnOpenNI.cpp	890	[FPS] MyDepth (I: 30.31, O: 10.44) Image1 (I: 30.00, O: 10.55) ReadCalls: 10.69
 41009606	VERBOSE   	FPS	XnOpenNI.cpp	890	[FPS] MyDepth (I: 30.32, O: 10.67) Image1 (I: 30.01, O: 10.11) ReadCalls: 10.63
 42010271	VERBOSE   	FPS	XnOpenNI.cpp	890	[FPS] MyDepth (I: 30.29, O: 10.69) Image1 (I: 29.96, O: 10.10) ReadCalls: 10.62
 43010288	VERBOSE   	FPS	XnOpenNI.cpp	890	[FPS] MyDepth (I: 30.30, O: 10.34) Image1 (I: 29.98, O: 10.10) ReadCalls: 10.27
 44009517	VERBOSE   	FPS	XnOpenNI.cpp	890	[FPS] MyDepth (I: 30.30, O: 10.24) Image1 (I: 29.67, O: 10.33) ReadCalls: 10.21
 45010079	VERBOSE   	FPS	XnOpenNI.cpp	890	[FPS] MyDepth (I: 30.30, O: 10.58) Image1 (I: 29.67, O: 10.33) ReadCalls: 10.54
 46018007	VERBOSE   	FPS	XnOpenNI.cpp	890	[FPS] MyDepth (I: 29.98, O: 10.78) Image1 (I: 29.65, O: 11.23) ReadCalls: 11.41
 47014998	VERBOSE   	FPS	XnOpenNI.cpp	890	[FPS] MyDepth (I: 29.67, O: 14.17) Image1 (I: 30.02, O: 14.99) ReadCalls: 15.11
 48019377	VERBOSE   	FPS	XnOpenNI.cpp	890	[FPS] MyDepth (I: 29.97, O: 17.36) Image1 (I: 29.98, O: 18.04) ReadCalls: 17.94
 49012082	VERBOSE   	FPS	XnOpenNI.cpp	890	[FPS] MyDepth (I: 29.74, O: 20.05) Image1 (I: 30.13, O: 20.39) ReadCalls: 20.71
 50019077	VERBOSE   	FPS	XnOpenNI.cpp	890	[FPS] MyDepth (I: 30.31, O: 20.29) Image1 (I: 30.06, O: 20.29) ReadCalls: 20.29
 51019514	VERBOSE   	FPS	XnOpenNI.cpp	890	[FPS] MyDepth (I: 30.30, O: 20.73) Image1 (I: 30.05, O: 20.73) ReadCalls: 20.73
 52007217	VERBOSE   	FPS	XnOpenNI.cpp	890	[FPS] MyDepth (I: 30.12, O: 20.37) Image1 (I: 30.19, O: 20.37) ReadCalls: 20.70
 53013628	VERBOSE   	FPS	XnOpenNI.cpp	890	[FPS] MyDepth (I: 30.05, O: 20.09) Image1 (I: 29.77, O: 20.09) ReadCalls: 20.08
 54004297	VERBOSE   	FPS	XnOpenNI.cpp	890	[FPS] MyDepth (I: 30.15, O: 20.01) Image1 (I: 30.21, O: 20.01) ReadCalls: 20.34
 55024683	VERBOSE   	FPS	XnOpenNI.cpp	890	[FPS] MyDepth (I: 30.01, O: 19.86) Image1 (I: 30.41, O: 19.86) ReadCalls: 19.86
 56016389	VERBOSE   	FPS	XnOpenNI.cpp	890	[FPS] MyDepth (I: 30.03, O: 20.03) Image1 (I: 30.15, O: 20.04) ReadCalls: 20.37
 57024683	VERBOSE   	FPS	XnOpenNI.cpp	890	[FPS] MyDepth (I: 30.01, O: 19.51) Image1 (I: 30.41, O: 19.51) ReadCalls: 19.51
 58024967	VERBOSE   	FPS	XnOpenNI.cpp	890	[FPS] MyDepth (I: 30.04, O: 19.72) Image1 (I: 30.42, O: 19.72) ReadCalls: 19.72
 59025055	VERBOSE   	FPS	XnOpenNI.cpp	890	[FPS] MyDepth (I: 30.05, O: 19.92) Image1 (I: 30.40, O: 19.92) ReadCalls: 19.92
 60025574	VERBOSE   	FPS	XnOpenNI.cpp	890	[FPS] MyDepth (I: 30.04, O: 20.81) Image1 (I: 30.14, O: 20.81) ReadCalls: 21.15
 61008728	VERBOSE   	FPS	XnOpenNI.cpp	890	[FPS] MyDepth (I: 30.21, O: 21.25) Image1 (I: 30.16, O: 21.26) ReadCalls: 21.59
 62022718	VERBOSE   	FPS	XnOpenNI.cpp	890	[FPS] MyDepth (I: 30.06, O: 21.14) Image1 (I: 30.02, O: 21.14) ReadCalls: 21.48
 63020687	VERBOSE   	FPS	XnOpenNI.cpp	890	[FPS] MyDepth (I: 30.08, O: 21.06) Image1 (I: 30.14, O: 21.06) ReadCalls: 21.37
 64003729	VERBOSE   	FPS	XnOpenNI.cpp	890	[FPS] MyDepth (I: 30.26, O: 21.04) Image1 (I: 30.31, O: 21.04) ReadCalls: 21.37
 65001774	VERBOSE   	FPS	XnOpenNI.cpp	890	[FPS] MyDepth (I: 29.27, O: 20.48) Image1 (I: 28.99, O: 20.14) ReadCalls: 20.81
 66002198	VERBOSE   	FPS	XnOpenNI.cpp	890	[FPS] MyDepth (I: 28.93, O: 20.13) Image1 (I: 28.64, O: 19.79) ReadCalls: 20.46
 67048650	VERBOSE   	FPS	XnOpenNI.cpp	890	[FPS] MyDepth (I: 28.41, O: 19.68) Image1 (I: 28.38, O: 19.35) ReadCalls: 20.01
 68009088	VERBOSE   	FPS	XnOpenNI.cpp	890	[FPS] MyDepth (I: 29.29, O: 18.92) Image1 (I: 29.58, O: 19.26) ReadCalls: 19.25
 69008779	VERBOSE   	FPS	XnOpenNI.cpp	890	[FPS] MyDepth (I: 29.29, O: 18.92) Image1 (I: 29.59, O: 19.26) ReadCalls: 19.25
 70011239	VERBOSE   	FPS	XnOpenNI.cpp	890	[FPS] MyDepth (I: 30.08, O: 19.69) Image1 (I: 30.05, O: 19.61) ReadCalls: 19.58
 71009606	VERBOSE   	FPS	XnOpenNI.cpp	890	[FPS] MyDepth (I: 30.30, O: 19.22) Image1 (I: 30.25, O: 19.22) ReadCalls: 19.22
 72006079	VERBOSE   	FPS	XnOpenNI.cpp	890	[FPS] MyDepth (I: 30.03, O: 18.71) Image1 (I: 30.30, O: 18.71) ReadCalls: 19.04
 73008919	VERBOSE   	FPS	XnOpenNI.cpp	890	[FPS] MyDepth (I: 30.35, O: 18.11) Image1 (I: 30.31, O: 18.11) ReadCalls: 18.11
 74009371	VERBOSE   	FPS	XnOpenNI.cpp	890	[FPS] MyDepth (I: 30.30, O: 18.85) Image1 (I: 30.25, O: 18.86) ReadCalls: 18.85
 75009721	VERBOSE   	FPS	XnOpenNI.cpp	890	[FPS] MyDepth (I: 30.30, O: 18.36) Image1 (I: 30.25, O: 18.37) ReadCalls: 18.36
 76000248	VERBOSE   	FPS	XnOpenNI.cpp	890	[FPS] MyDepth (I: 30.09, O: 17.79) Image1 (I: 30.35, O: 17.79) ReadCalls: 18.12
 77000611	VERBOSE   	FPS	XnOpenNI.cpp	890	[FPS] MyDepth (I: 30.09, O: 16.77) Image1 (I: 30.01, O: 16.77) ReadCalls: 16.77
 78019020	VERBOSE   	FPS	XnOpenNI.cpp	890	[FPS] MyDepth (I: 29.99, O: 15.67) Image1 (I: 29.82, O: 15.67) ReadCalls: 15.67
 79018934	VERBOSE   	FPS	XnOpenNI.cpp	890	[FPS] MyDepth (I: 30.51, O: 16.00) Image1 (I: 30.14, O: 16.00) ReadCalls: 16.00
 80004151	VERBOSE   	FPS	XnOpenNI.cpp	890	[FPS] MyDepth (I: 30.14, O: 17.08) Image1 (I: 30.13, O: 17.14) ReadCalls: 17.06
 81004076	VERBOSE   	FPS	XnOpenNI.cpp	890	[FPS] MyDepth (I: 30.19, O: 17.81) Image1 (I: 30.15, O: 18.15) ReadCalls: 18.15
 82007713	VERBOSE   	FPS	XnOpenNI.cpp	890	[FPS] MyDepth (I: 30.11, O: 17.79) Image1 (I: 29.93, O: 18.46) ReadCalls: 18.46
 83004785	VERBOSE   	FPS	XnOpenNI.cpp	890	[FPS] MyDepth (I: 30.15, O: 18.03) Image1 (I: 30.31, O: 18.70) ReadCalls: 18.70
 84005918	VERBOSE   	FPS	XnOpenNI.cpp	890	[FPS] MyDepth (I: 30.14, O: 18.35) Image1 (I: 30.34, O: 19.01) ReadCalls: 19.01
 85004258	VERBOSE   	FPS	XnOpenNI.cpp	890	[FPS] MyDepth (I: 30.15, O: 19.45) Image1 (I: 30.32, O: 19.78) ReadCalls: 19.78
 86001448	VERBOSE   	FPS	XnOpenNI.cpp	890	[FPS] MyDepth (I: 30.18, O: 19.56) Image1 (I: 30.03, O: 19.89) ReadCalls: 20.23
 87019625	VERBOSE   	FPS	XnOpenNI.cpp	890	[FPS] MyDepth (I: 30.06, O: 19.31) Image1 (I: 30.17, O: 19.31) ReadCalls: 19.30
 88011771	VERBOSE   	FPS	XnOpenNI.cpp	890	[FPS] MyDepth (I: 29.84, O: 16.36) Image1 (I: 29.22, O: 16.03) ReadCalls: 16.69
 89004866	VERBOSE   	FPS	XnOpenNI.cpp	890	[FPS] MyDepth (I: 29.90, O: 14.89) Image1 (I: 27.94, O: 14.21) ReadCalls: 14.89
 90004979	VERBOSE   	FPS	XnOpenNI.cpp	890	[FPS] MyDepth (I: 29.26, O: 13.94) Image1 (I: 27.47, O: 13.26) ReadCalls: 13.93
 91002883	VERBOSE   	FPS	XnOpenNI.cpp	890	[FPS] MyDepth (I: 29.59, O: 14.13) Image1 (I: 27.92, O: 13.93) ReadCalls: 14.04
 92000091	VERBOSE   	FPS	XnOpenNI.cpp	890	[FPS] MyDepth (I: 29.38, O: 12.24) Image1 (I: 28.05, O: 12.24) ReadCalls: 12.23
 93004310	VERBOSE   	FPS	XnOpenNI.cpp	890	[FPS] MyDepth (I: 29.91, O: 12.44) Image1 (I: 29.34, O: 12.10) ReadCalls: 12.42
 94003484	VERBOSE   	FPS	XnOpenNI.cpp	890	[FPS] MyDepth (I: 29.92, O: 14.12) Image1 (I: 29.01, O: 13.76) ReadCalls: 14.21
