     2503	INFO      	Log	XnLog.cpp	329	OpenNI version is 1.4.0 (Build 2)-Win32 (Nov 17 2011 18:51:00)
     2567	INFO      	Log	XnLog.cpp	307	--- Filter Info --- Minimum Severity: VERBOSE
     2755	VERBOSE   	ModuleLoader	XnModuleLoader.cpp	452	Found exported production node. Script: OpenNI/OpenNI/1.4.0.2
     3557	VERBOSE   	ModuleLoader	XnModuleLoader.cpp	281	Checking C:\Program Files\OpenNI\Bin\nimRecorder.dll...
     9997	VERBOSE   	ModuleLoader	XnModuleLoader.cpp	452	Found exported production node. Recorder: OpenNI/Recorder/1.4.0.2
    10068	VERBOSE   	ModuleLoader	XnModuleLoader.cpp	452	Found exported production node. Player: OpenNI/Player/1.4.0.2
    10162	VERBOSE   	ModuleLoader	XnModuleLoader.cpp	281	Checking C:\Program Files\OpenNI\Bin\nimMockNodes.dll...
    17242	VERBOSE   	ModuleLoader	XnModuleLoader.cpp	452	Found exported production node. ProductionNode: OpenNI/Mock/1.4.0.2
    17279	VERBOSE   	ModuleLoader	XnModuleLoader.cpp	452	Found exported production node. Generator: OpenNI/Mock/1.4.0.2
    17310	VERBOSE   	ModuleLoader	XnModuleLoader.cpp	452	Found exported production node. MapGenerator: OpenNI/Mock/1.4.0.2
    17344	VERBOSE   	ModuleLoader	XnModuleLoader.cpp	452	Found exported production node. Device: OpenNI/Mock/1.4.0.2
    17376	VERBOSE   	ModuleLoader	XnModuleLoader.cpp	452	Found exported production node. Depth: OpenNI/Mock/1.4.0.2
    17418	VERBOSE   	ModuleLoader	XnModuleLoader.cpp	452	Found exported production node. IR: OpenNI/Mock/1.4.0.2
    17442	VERBOSE   	ModuleLoader	XnModuleLoader.cpp	452	Found exported production node. Image: OpenNI/Mock/1.4.0.2
    17465	VERBOSE   	ModuleLoader	XnModuleLoader.cpp	452	Found exported production node. Audio: OpenNI/Mock/1.4.0.2
    17489	VERBOSE   	ModuleLoader	XnModuleLoader.cpp	281	Checking C:\Program Files\OpenNI\Bin\nimCodecs.dll...
    23072	VERBOSE   	ModuleLoader	XnModuleLoader.cpp	452	Found exported production node. Codec: OpenNI/16zP/1.4.0.2
    23136	VERBOSE   	ModuleLoader	XnModuleLoader.cpp	452	Found exported production node. Codec: OpenNI/16zT/1.4.0.2
    23166	VERBOSE   	ModuleLoader	XnModuleLoader.cpp	452	Found exported production node. Codec: OpenNI/Im8z/1.4.0.2
    23194	VERBOSE   	ModuleLoader	XnModuleLoader.cpp	452	Found exported production node. Codec: OpenNI/JPEG/1.4.0.2
    23219	VERBOSE   	ModuleLoader	XnModuleLoader.cpp	452	Found exported production node. Codec: OpenNI/NONE/1.4.0.2
    23241	VERBOSE   	ModuleLoader	XnModuleLoader.cpp	281	Checking C:\Program Files\PrimeSense\NITE\Features_1_3_0\Bin\XnVFeatures_1_3_0.dll...
    45626	VERBOSE   	ModuleLoader	XnModuleLoader.cpp	452	Found exported production node. Scene: PrimeSense/XnVSceneAnalyzer/1.3.0.17
    45670	VERBOSE   	ModuleLoader	XnModuleLoader.cpp	452	Found exported production node. User: PrimeSense/XnVSkeletonGenerator/1.3.0.17
    45705	VERBOSE   	ModuleLoader	XnModuleLoader.cpp	281	Checking C:\Program Files\PrimeSense\NITE\Features_1_3_1\Bin\XnVFeatures_1_3_1.dll...
    52050	VERBOSE   	ModuleLoader	XnModuleLoader.cpp	452	Found exported production node. Scene: PrimeSense/XnVSceneAnalyzer/1.3.1.6
    52085	VERBOSE   	ModuleLoader	XnModuleLoader.cpp	452	Found exported production node. User: PrimeSense/XnVSkeletonGenerator/1.3.1.6
    52116	VERBOSE   	ModuleLoader	XnModuleLoader.cpp	281	Checking C:\Program Files\PrimeSense\NITE\Features_1_4_1\Bin\XnVFeatures_1_4_1.dll...
    72616	VERBOSE   	ModuleLoader	XnModuleLoader.cpp	452	Found exported production node. Scene: PrimeSense/XnVSceneAnalyzer/1.4.1.2
    72675	VERBOSE   	ModuleLoader	XnModuleLoader.cpp	452	Found exported production node. User: PrimeSense/XnVSkeletonGenerator/1.4.1.2
    72709	VERBOSE   	ModuleLoader	XnModuleLoader.cpp	281	Checking C:\Program Files\PrimeSense\NITE\Hands_1_3_0\Bin\XnVHandGenerator_1_3_0.dll...
    86288	VERBOSE   	ModuleLoader	XnModuleLoader.cpp	452	Found exported production node. Gesture: PrimeSense/XnVGestureGenrator/1.3.0.17
    86329	VERBOSE   	ModuleLoader	XnModuleLoader.cpp	452	Found exported production node. Hands: PrimeSense/XnVHandTracker/1.3.0.17
    86362	VERBOSE   	ModuleLoader	XnModuleLoader.cpp	281	Checking C:\Program Files\PrimeSense\NITE\Hands_1_3_1\Bin\XnVHandGenerator_1_3_1.dll...
    93439	VERBOSE   	ModuleLoader	XnModuleLoader.cpp	452	Found exported production node. Gesture: PrimeSense/XnVGestureGenrator/1.3.1.6
    93491	VERBOSE   	ModuleLoader	XnModuleLoader.cpp	452	Found exported production node. Hands: PrimeSense/XnVHandTracker/1.3.1.6
    93521	VERBOSE   	ModuleLoader	XnModuleLoader.cpp	281	Checking C:\Program Files\PrimeSense\NITE\Hands_1_4_1\Bin\XnVHandGenerator_1_4_1.dll...
   105285	VERBOSE   	ModuleLoader	XnModuleLoader.cpp	452	Found exported production node. Gesture: PrimeSense/XnVGestureGenrator/1.4.1.2
   105318	VERBOSE   	ModuleLoader	XnModuleLoader.cpp	452	Found exported production node. Hands: PrimeSense/XnVHandTracker/1.4.1.2
   105358	VERBOSE   	ModuleLoader	XnModuleLoader.cpp	281	Checking C:\Program Files\PrimeSense\SensorKinect\Bin\XnDeviceFile.dll...
   125049	VERBOSE   	ModuleLoader	XnModuleLoader.cpp	452	Found exported production node. Player: PrimeSense/File/5.0.3.4
   125087	VERBOSE   	ModuleLoader	XnModuleLoader.cpp	281	Checking C:\Program Files\PrimeSense\SensorKinect\Bin\XnDeviceSensorV2KM.dll...
   129859	VERBOSE   	ModuleLoader	XnModuleLoader.cpp	452	Found exported production node. Device: PrimeSense/SensorKinect/5.0.3.4
   129897	VERBOSE   	ModuleLoader	XnModuleLoader.cpp	452	Found exported production node. Depth: PrimeSense/SensorKinect/5.0.3.4
   129928	VERBOSE   	ModuleLoader	XnModuleLoader.cpp	452	Found exported production node. Image: PrimeSense/SensorKinect/5.0.3.4
   129953	VERBOSE   	ModuleLoader	XnModuleLoader.cpp	452	Found exported production node. IR: PrimeSense/SensorKinect/5.0.3.4
   129983	VERBOSE   	ModuleLoader	XnModuleLoader.cpp	452	Found exported production node. Audio: PrimeSense/SensorKinect/5.0.3.4
   130554	INFO      	OpenNI	XnOpenNI.cpp	1568	Creating node 'Script1' of type Script: OpenNI/OpenNI/1.4.0.2...
   131331	VERBOSE   	OpenNI	XnXmlScriptNode.cpp	763	Requested to create a node of type Depth...
   146342	INFO      	OpenNI	XnOpenNI.cpp	1568	Creating node 'Device1' of type Device: PrimeSense/SensorKinect/5.0.3.4...
  1584692	INFO      	DDK	XnProperty.cpp	151	Property Device.ShareMode was changed to 1.
  1584724	INFO      	DDK	XnProperty.cpp	151	Property Device.InstancePointer was changed.
  1584979	INFO      	DDK	XnProperty.cpp	151	Property Device.ShareMode was changed to 0.
  1585879	INFO      	OpenNI	XnOpenNI.cpp	1568	Creating node 'MyDepth' of type Depth: PrimeSense/SensorKinect/5.0.3.4...
  1585940	VERBOSE   	SensorClient	XnSensorClient.cpp	268	Creating stream MyDepth (of type Depth)
  1596862	INFO      	DDK	XnProperty.cpp	151	Property Device.ReadData was changed to 1.
  1631031	INFO      	DDK	XnDeviceBase.cpp	1383	Creating stream 'MyDepth' of type 'Depth'...
  1631127	VERBOSE   	DDK	XnDeviceBase.cpp	1419	Initializing stream 'MyDepth'...
  1631489	INFO      	DDK	XnProperty.cpp	151	Property MyDepth.RequiredDataSize was changed to 614400.
  1631916	INFO      	DDK	XnProperty.cpp	151	Property MyDepth.OutputFormat was changed to 1.
  1631994	INFO      	DDK	XnDeviceBase.cpp	1458	Stream 'MyDepth' was initialized.
  1632008	INFO      	DDK	XnDeviceBase.cpp	1463	'MyDepth' stream was created.
  1632886	VERBOSE   	SensorClient	XnSensorClient.cpp	391	Getting property MyDepth.SupportedModes from server...
  1633095	VERBOSE   	SensorServer	XnSensorClient.cpp	433	Setting MyDepth.Mirror to 1...
  1633173	INFO      	DDK	XnProperty.cpp	151	Property MyDepth.Mirror was changed to 1.
  1633285	VERBOSE   	OpenNI	XnXmlScriptNode.cpp	763	Requested to create a node of type Image (StopOnError=FALSE)...
  1635680	VERBOSE   	SensorClient	XnSensorClient.cpp	391	Getting property Device.CmosBlankingUnits from server...
  1646850	INFO      	OpenNI	XnOpenNI.cpp	1568	Creating node 'Image1' of type Image: PrimeSense/SensorKinect/5.0.3.4...
  1646885	VERBOSE   	SensorClient	XnSensorClient.cpp	268	Creating stream Image1 (of type Image)
  1663008	INFO      	DDK	XnDeviceBase.cpp	1383	Creating stream 'Image1' of type 'Image'...
  1663243	VERBOSE   	DDK	XnDeviceBase.cpp	1419	Initializing stream 'Image1'...
  1663754	INFO      	DDK	XnProperty.cpp	151	Property Image1.RequiredDataSize was changed to 921600.
  1664353	INFO      	DDK	XnProperty.cpp	151	Property Image1.OutputFormat was changed to 5.
  1664408	INFO      	DDK	XnDeviceBase.cpp	1458	Stream 'Image1' was initialized.
  1664421	INFO      	DDK	XnDeviceBase.cpp	1463	'Image1' stream was created.
  1664881	VERBOSE   	SensorClient	XnSensorClient.cpp	391	Getting property Image1.SupportedModes from server...
  1664997	VERBOSE   	SensorServer	XnSensorClient.cpp	433	Setting Image1.Mirror to 1...
  1665074	INFO      	DDK	XnProperty.cpp	151	Property Image1.Mirror was changed to 1.
  1665305	VERBOSE   	DDK	XnDeviceBase.cpp	359	Opening stream MyDepth...
  1666059	INFO      	DDK	XnProperty.cpp	151	Property MyDepth.ActualReadData was changed to 1.
  1901117	VERBOSE   	FPS	XnOpenNI.cpp	890	[FPS] MyDepth (I:  0.00, O:  0.00) Image1 (I:  0.00, O:  0.00) ReadCalls:  0.00
  2001046	VERBOSE   	FPS	XnOpenNI.cpp	890	[FPS] MyDepth (I:  0.00, O:  0.00) Image1 (I:  0.00, O:  0.00) ReadCalls:  0.00
  2130945	INFO      	DDK	XnProperty.cpp	151	Property MyDepth.State was changed to 1.
  2130979	INFO      	DDK	XnDeviceBase.cpp	370	Stream MyDepth is open.
  2131006	VERBOSE   	DDK	XnDeviceBase.cpp	359	Opening stream Image1...
  2132114	INFO      	DDK	XnProperty.cpp	151	Property Image1.ActualReadData was changed to 1.
  3001106	VERBOSE   	FPS	XnOpenNI.cpp	890	[FPS] MyDepth (I: 29.09, O:  0.00) Image1 (I:  0.00, O:  0.00) ReadCalls:  0.00
  4001116	VERBOSE   	FPS	XnOpenNI.cpp	890	[FPS] MyDepth (I: 29.52, O:  0.00) Image1 (I:  0.00, O:  0.00) ReadCalls:  0.00
  5001127	VERBOSE   	FPS	XnOpenNI.cpp	890	[FPS] MyDepth (I: 29.63, O:  0.00) Image1 (I:  0.00, O:  0.00) ReadCalls:  0.00
  5324191	INFO      	DDK	XnProperty.cpp	151	Property Image1.State was changed to 1.
  5324230	INFO      	DDK	XnDeviceBase.cpp	370	Stream Image1 is open.
  5324410	VERBOSE   	SensorServer	XnSensorClient.cpp	433	Setting MyDepth.Registration to 1...
  5475108	INFO      	DDK	XnProperty.cpp	151	Property MyDepth.Registration was changed to 1.
  6004021	VERBOSE   	FPS	XnOpenNI.cpp	890	[FPS] MyDepth (I: 29.94, O: 18.98) Image1 (I: 30.98, O: 18.99) ReadCalls: 18.98
  7013986	VERBOSE   	FPS	XnOpenNI.cpp	890	[FPS] MyDepth (I: 29.94, O: 20.21) Image1 (I: 30.26, O: 20.89) ReadCalls: 20.89
  8013876	VERBOSE   	FPS	XnOpenNI.cpp	890	[FPS] MyDepth (I: 29.94, O: 16.10) Image1 (I: 30.17, O: 16.51) ReadCalls: 16.51
  9014026	VERBOSE   	FPS	XnOpenNI.cpp	890	[FPS] MyDepth (I: 30.30, O: 14.01) Image1 (I: 30.15, O: 14.35) ReadCalls: 14.35
 10014001	VERBOSE   	FPS	XnOpenNI.cpp	890	[FPS] MyDepth (I: 30.32, O: 13.74) Image1 (I: 30.14, O: 13.74) ReadCalls: 13.74
 11014770	VERBOSE   	FPS	XnOpenNI.cpp	890	[FPS] MyDepth (I: 30.30, O: 12.41) Image1 (I: 30.14, O: 12.41) ReadCalls: 12.40
 12014546	VERBOSE   	FPS	XnOpenNI.cpp	890	[FPS] MyDepth (I: 30.30, O:  6.70) Image1 (I: 30.14, O:  6.70) ReadCalls:  6.70
 13005811	VERBOSE   	FPS	XnOpenNI.cpp	890	[FPS] MyDepth (I: 30.08, O: 21.93) Image1 (I: 30.23, O: 21.93) ReadCalls: 24.35
 14013666	VERBOSE   	FPS	XnOpenNI.cpp	890	[FPS] MyDepth (I: 30.31, O: 14.10) Image1 (I: 30.15, O: 14.10) ReadCalls: 14.10
 15014012	VERBOSE   	FPS	XnOpenNI.cpp	890	[FPS] MyDepth (I: 30.31, O: 17.78) Image1 (I: 30.15, O: 17.78) ReadCalls: 17.78
 16026175	VERBOSE   	FPS	XnOpenNI.cpp	890	[FPS] MyDepth (I: 29.94, O: 17.16) Image1 (I: 29.69, O: 17.16) ReadCalls: 17.15
 17023877	VERBOSE   	FPS	XnOpenNI.cpp	890	[FPS] MyDepth (I: 29.96, O: 16.90) Image1 (I: 29.72, O: 16.90) ReadCalls: 17.24
 18023750	VERBOSE   	FPS	XnOpenNI.cpp	890	[FPS] MyDepth (I: 29.98, O: 12.71) Image1 (I: 29.71, O: 12.71) ReadCalls: 13.04
 19024536	VERBOSE   	FPS	XnOpenNI.cpp	890	[FPS] MyDepth (I: 30.30, O: 10.10) Image1 (I: 30.04, O: 10.20) ReadCalls: 10.40
 20023715	VERBOSE   	FPS	XnOpenNI.cpp	890	[FPS] MyDepth (I: 30.31, O: 10.33) Image1 (I: 30.00, O: 10.10) ReadCalls: 10.58
 21023694	VERBOSE   	FPS	XnOpenNI.cpp	890	[FPS] MyDepth (I: 30.30, O: 10.67) Image1 (I: 30.00, O: 10.10) ReadCalls: 10.57
 22024510	VERBOSE   	FPS	XnOpenNI.cpp	890	[FPS] MyDepth (I: 30.30, O: 10.67) Image1 (I: 29.34, O: 10.44) ReadCalls: 10.56
 23023986	VERBOSE   	FPS	XnOpenNI.cpp	890	[FPS] MyDepth (I: 30.30, O: 10.35) Image1 (I: 28.62, O: 10.44) ReadCalls: 10.22
 24003251	VERBOSE   	FPS	XnOpenNI.cpp	890	[FPS] MyDepth (I: 30.21, O: 10.31) Image1 (I: 28.19, O: 10.40) ReadCalls: 10.57
 25001289	VERBOSE   	FPS	XnOpenNI.cpp	890	[FPS] MyDepth (I: 30.23, O: 10.22) Image1 (I: 27.21, O: 10.32) ReadCalls: 10.46
 26031329	VERBOSE   	FPS	XnOpenNI.cpp	890	[FPS] MyDepth (I: 29.99, O: 11.12) Image1 (I: 24.60, O: 10.90) ReadCalls: 11.35
 27014370	VERBOSE   	FPS	XnOpenNI.cpp	890	[FPS] MyDepth (I: 30.10, O: 12.04) Image1 (I: 23.41, O: 11.18) ReadCalls: 12.34
 28033901	VERBOSE   	FPS	XnOpenNI.cpp	890	[FPS] MyDepth (I: 30.31, O: 12.41) Image1 (I: 22.25, O: 11.45) ReadCalls: 12.66
 29003485	VERBOSE   	FPS	XnOpenNI.cpp	890	[FPS] MyDepth (I: 30.30, O: 11.78) Image1 (I: 25.27, O: 11.68) ReadCalls: 12.45
 30003652	VERBOSE   	FPS	XnOpenNI.cpp	890	[FPS] MyDepth (I: 30.30, O: 11.11) Image1 (I: 27.27, O: 12.25) ReadCalls: 12.04
 31003647	VERBOSE   	FPS	XnOpenNI.cpp	890	[FPS] MyDepth (I: 30.31, O: 11.45) Image1 (I: 29.98, O: 12.80) ReadCalls: 12.63
 32004535	VERBOSE   	FPS	XnOpenNI.cpp	890	[FPS] MyDepth (I: 30.29, O:  8.27) Image1 (I: 29.96, O:  9.42) ReadCalls:  9.21
 33004350	VERBOSE   	FPS	XnOpenNI.cpp	890	[FPS] MyDepth (I: 30.30, O:  4.71) Image1 (I: 29.97, O:  5.10) ReadCalls:  5.01
 34003787	VERBOSE   	FPS	XnOpenNI.cpp	890	[FPS] MyDepth (I: 30.30, O:  4.38) Image1 (I: 29.96, O:  4.76) ReadCalls:  4.67
 35004154	VERBOSE   	FPS	XnOpenNI.cpp	890	[FPS] MyDepth (I: 30.30, O:  7.65) Image1 (I: 30.01, O:  8.19) ReadCalls:  8.11
 36004143	VERBOSE   	FPS	XnOpenNI.cpp	890	[FPS] MyDepth (I: 30.30, O:  4.95) Image1 (I: 30.00, O:  5.30) ReadCalls:  5.26
 37004278	VERBOSE   	FPS	XnOpenNI.cpp	890	[FPS] MyDepth (I: 30.30, O:  1.01) Image1 (I: 29.96, O:  1.02) ReadCalls:  1.00
 38014251	VERBOSE   	FPS	XnOpenNI.cpp	890	[FPS] MyDepth (I: 30.31, O:  0.00) Image1 (I: 29.97, O:  0.00) ReadCalls:  0.00
 39014332	VERBOSE   	FPS	XnOpenNI.cpp	890	[FPS] MyDepth (I: 30.30, O: 14.00) Image1 (I: 29.97, O: 12.00) ReadCalls: 13.36
 40014120	VERBOSE   	FPS	XnOpenNI.cpp	890	[FPS] MyDepth (I: 30.31, O:  7.33) Image1 (I: 29.97, O:  7.33) ReadCalls:  7.22
 41014119	VERBOSE   	FPS	XnOpenNI.cpp	890	[FPS] MyDepth (I: 30.31, O:  4.40) Image1 (I: 30.00, O:  4.40) ReadCalls:  4.36
 42014285	VERBOSE   	FPS	XnOpenNI.cpp	890	[FPS] MyDepth (I: 30.30, O:  1.36) Image1 (I: 30.00, O:  1.67) ReadCalls:  1.35
 43013331	VERBOSE   	FPS	XnOpenNI.cpp	890	[FPS] MyDepth (I: 30.32, O: 15.07) Image1 (I: 30.01, O: 15.08) ReadCalls: 14.22
 44013395	VERBOSE   	FPS	XnOpenNI.cpp	890	[FPS] MyDepth (I: 30.31, O:  9.17) Image1 (I: 30.01, O:  8.34) ReadCalls:  9.08
 45001076	VERBOSE   	FPS	XnOpenNI.cpp	890	[FPS] MyDepth (I: 30.13, O:  7.32) Image1 (I: 30.13, O:  6.86) ReadCalls:  7.73
 46013400	VERBOSE   	FPS	XnOpenNI.cpp	890	[FPS] MyDepth (I: 30.31, O:  8.08) Image1 (I: 30.00, O:  8.53) ReadCalls:  9.02
 47024053	VERBOSE   	FPS	XnOpenNI.cpp	890	[FPS] MyDepth (I: 30.30, O:  7.27) Image1 (I: 29.63, O:  8.66) ReadCalls:  8.45
 48024084	VERBOSE   	FPS	XnOpenNI.cpp	890	[FPS] MyDepth (I: 30.31, O:  3.78) Image1 (I: 29.63, O:  5.05) ReadCalls:  4.78
 49023627	VERBOSE   	FPS	XnOpenNI.cpp	890	[FPS] MyDepth (I: 30.30, O: 12.17) Image1 (I: 29.63, O:  3.37) ReadCalls:  3.36
 50023672	VERBOSE   	FPS	XnOpenNI.cpp	890	[FPS] MyDepth (I: 30.31, O: 12.65) Image1 (I: 30.01, O: 12.94) ReadCalls: 12.58
 51023787	VERBOSE   	FPS	XnOpenNI.cpp	890	[FPS] MyDepth (I: 30.31, O: 12.41) Image1 (I: 30.00, O: 13.34) ReadCalls: 13.09
 52023274	VERBOSE   	FPS	XnOpenNI.cpp	890	[FPS] MyDepth (I: 30.30, O: 13.13) Image1 (I: 30.00, O: 13.81) ReadCalls: 13.68
 53023798	VERBOSE   	FPS	XnOpenNI.cpp	890	[FPS] MyDepth (I: 30.30, O: 13.13) Image1 (I: 29.96, O: 14.33) ReadCalls: 14.07
 54001497	VERBOSE   	FPS	XnOpenNI.cpp	890	[FPS] MyDepth (I: 30.22, O: 13.23) Image1 (I: 29.89, O: 14.79) ReadCalls: 14.84
 55000468	VERBOSE   	FPS	XnOpenNI.cpp	890	[FPS] MyDepth (I: 30.23, O: 12.21) Image1 (I: 29.90, O: 13.91) ReadCalls: 14.17
 56032961	VERBOSE   	FPS	XnOpenNI.cpp	890	[FPS] MyDepth (I: 30.30, O: 12.12) Image1 (I: 28.68, O: 13.81) ReadCalls: 14.01
 57012566	VERBOSE   	FPS	XnOpenNI.cpp	890	[FPS] MyDepth (I: 30.11, O: 11.71) Image1 (I: 29.10, O: 13.22) ReadCalls: 13.37
 58034003	VERBOSE   	FPS	XnOpenNI.cpp	890	[FPS] MyDepth (I: 30.29, O: 12.37) Image1 (I: 28.62, O: 12.79) ReadCalls: 13.46
 59003770	VERBOSE   	FPS	XnOpenNI.cpp	890	[FPS] MyDepth (I: 30.29, O: 12.03) Image1 (I: 27.95, O: 12.12) ReadCalls: 12.64
 60003803	VERBOSE   	FPS	XnOpenNI.cpp	890	[FPS] MyDepth (I: 30.30, O: 11.78) Image1 (I: 24.57, O: 11.56) ReadCalls: 12.04
 61003913	VERBOSE   	FPS	XnOpenNI.cpp	890	[FPS] MyDepth (I: 30.30, O: 11.34) Image1 (I: 21.56, O: 11.11) ReadCalls: 11.60
 62003148	VERBOSE   	FPS	XnOpenNI.cpp	890	[FPS] MyDepth (I: 30.30, O: 11.91) Image1 (I: 20.36, O: 12.00) ReadCalls: 12.49
 63003166	VERBOSE   	FPS	XnOpenNI.cpp	890	[FPS] MyDepth (I: 30.30, O: 12.59) Image1 (I: 20.36, O: 12.34) ReadCalls: 13.16
 64003408	VERBOSE   	FPS	XnOpenNI.cpp	890	[FPS] MyDepth (I: 30.30, O: 14.63) Image1 (I: 20.69, O: 13.00) ReadCalls: 14.91
 65002806	VERBOSE   	FPS	XnOpenNI.cpp	890	[FPS] MyDepth (I: 30.30, O: 13.80) Image1 (I: 22.34, O: 12.97) ReadCalls: 14.75
 66003059	VERBOSE   	FPS	XnOpenNI.cpp	890	[FPS] MyDepth (I: 30.30, O: 13.47) Image1 (I: 25.67, O: 13.13) ReadCalls: 14.41
 67002861	VERBOSE   	FPS	XnOpenNI.cpp	890	[FPS] MyDepth (I: 30.30, O: 11.45) Image1 (I: 28.67, O: 13.31) ReadCalls: 13.40
 68012965	VERBOSE   	FPS	XnOpenNI.cpp	890	[FPS] MyDepth (I: 30.30, O: 11.68) Image1 (I: 29.97, O: 13.47) ReadCalls: 13.63
 69009027	VERBOSE   	FPS	XnOpenNI.cpp	890	[FPS] MyDepth (I: 30.02, O: 11.80) Image1 (I: 30.02, O: 13.49) ReadCalls: 13.69
 70007074	VERBOSE   	FPS	XnOpenNI.cpp	890	[FPS] MyDepth (I: 30.04, O: 11.36) Image1 (I: 30.04, O: 13.50) ReadCalls: 13.71
 71012866	VERBOSE   	FPS	XnOpenNI.cpp	890	[FPS] MyDepth (I: 30.30, O: 11.33) Image1 (I: 30.01, O: 13.13) ReadCalls: 12.99
 72012927	VERBOSE   	FPS	XnOpenNI.cpp	890	[FPS] MyDepth (I: 30.31, O: 11.57) Image1 (I: 30.00, O: 12.76) ReadCalls: 12.85
 73012867	VERBOSE   	FPS	XnOpenNI.cpp	890	[FPS] MyDepth (I: 30.31, O: 11.90) Image1 (I: 30.00, O: 12.67) ReadCalls: 12.84
 74012953	VERBOSE   	FPS	XnOpenNI.cpp	890	[FPS] MyDepth (I: 30.30, O: 12.46) Image1 (I: 30.00, O: 13.65) ReadCalls: 13.37
 75012746	VERBOSE   	FPS	XnOpenNI.cpp	890	[FPS] MyDepth (I: 30.30, O: 12.33) Image1 (I: 30.00, O: 13.34) ReadCalls: 13.51
 76012589	VERBOSE   	FPS	XnOpenNI.cpp	890	[FPS] MyDepth (I: 30.31, O: 12.67) Image1 (I: 30.01, O: 13.67) ReadCalls: 13.84
 77022918	VERBOSE   	FPS	XnOpenNI.cpp	890	[FPS] MyDepth (I: 30.31, O: 12.12) Image1 (I: 29.98, O: 13.47) ReadCalls: 13.66
 78022893	VERBOSE   	FPS	XnOpenNI.cpp	890	[FPS] MyDepth (I: 30.30, O: 12.37) Image1 (I: 29.97, O: 14.14) ReadCalls: 14.45
 79022883	VERBOSE   	FPS	XnOpenNI.cpp	890	[FPS] MyDepth (I: 30.31, O: 13.06) Image1 (I: 29.98, O: 15.16) ReadCalls: 15.35
 80022564	VERBOSE   	FPS	XnOpenNI.cpp	890	[FPS] MyDepth (I: 30.31, O: 13.47) Image1 (I: 30.00, O: 15.16) ReadCalls: 15.36
 81022878	VERBOSE   	FPS	XnOpenNI.cpp	890	[FPS] MyDepth (I: 30.30, O: 13.80) Image1 (I: 30.00, O: 15.49) ReadCalls: 15.68
 82022948	VERBOSE   	FPS	XnOpenNI.cpp	890	[FPS] MyDepth (I: 30.30, O: 12.79) Image1 (I: 30.00, O: 14.81) ReadCalls: 15.00
 83001575	VERBOSE   	FPS	XnOpenNI.cpp	890	[FPS] MyDepth (I: 30.21, O: 12.21) Image1 (I: 30.22, O: 14.24) ReadCalls: 14.51
 84022437	VERBOSE   	FPS	XnOpenNI.cpp	890	[FPS] MyDepth (I: 30.30, O: 11.45) Image1 (I: 30.01, O: 13.13) ReadCalls: 13.40
 85022895	VERBOSE   	FPS	XnOpenNI.cpp	890	[FPS] MyDepth (I: 30.30, O: 11.78) Image1 (I: 30.00, O: 12.79) ReadCalls: 12.72
 86027699	VERBOSE   	FPS	XnOpenNI.cpp	890	[FPS] MyDepth (I: 30.02, O: 12.05) Image1 (I: 30.03, O: 13.83) ReadCalls: 14.05
 87033479	VERBOSE   	FPS	XnOpenNI.cpp	890	[FPS] MyDepth (I: 30.30, O: 11.56) Image1 (I: 29.63, O: 13.60) ReadCalls: 13.80
 88033492	VERBOSE   	FPS	XnOpenNI.cpp	890	[FPS] MyDepth (I: 30.30, O: 10.78) Image1 (I: 29.64, O: 13.13) ReadCalls: 13.33
 89002414	VERBOSE   	FPS	XnOpenNI.cpp	890	[FPS] MyDepth (I: 30.30, O: 10.65) Image1 (I: 29.64, O: 12.12) ReadCalls: 12.10
 90003229	VERBOSE   	FPS	XnOpenNI.cpp	890	[FPS] MyDepth (I: 30.31, O: 11.68) Image1 (I: 29.98, O: 12.12) ReadCalls: 12.29
 91002509	VERBOSE   	FPS	XnOpenNI.cpp	890	[FPS] MyDepth (I: 30.31, O: 12.03) Image1 (I: 29.98, O: 14.15) ReadCalls: 13.99
 92006934	VERBOSE   	FPS	XnOpenNI.cpp	890	[FPS] MyDepth (I: 29.92, O: 12.10) Image1 (I: 30.26, O: 14.12) ReadCalls: 14.00
 93006852	VERBOSE   	FPS	XnOpenNI.cpp	890	[FPS] MyDepth (I: 29.59, O: 11.89) Image1 (I: 30.30, O: 13.59) ReadCalls: 13.80
 94006852	VERBOSE   	FPS	XnOpenNI.cpp	890	[FPS] MyDepth (I: 29.25, O: 11.77) Image1 (I: 30.30, O: 12.78) ReadCalls: 12.59
 95006805	VERBOSE   	FPS	XnOpenNI.cpp	890	[FPS] MyDepth (I: 29.36, O: 11.80) Image1 (I: 30.30, O: 13.15) ReadCalls: 13.39
 96006809	VERBOSE   	FPS	XnOpenNI.cpp	890	[FPS] MyDepth (I: 29.37, O: 11.59) Image1 (I: 30.31, O: 13.02) ReadCalls: 13.18
 97006807	VERBOSE   	FPS	XnOpenNI.cpp	890	[FPS] MyDepth (I: 29.03, O: 12.13) Image1 (I: 30.30, O: 12.81) ReadCalls: 13.04
 98006864	VERBOSE   	FPS	XnOpenNI.cpp	890	[FPS] MyDepth (I: 28.70, O: 12.30) Image1 (I: 30.30, O: 13.01) ReadCalls: 12.83
 99006822	VERBOSE   	FPS	XnOpenNI.cpp	890	[FPS] MyDepth (I: 28.69, O: 12.01) Image1 (I: 30.30, O: 12.68) ReadCalls: 12.48
100006608	VERBOSE   	FPS	XnOpenNI.cpp	890	[FPS] MyDepth (I: 29.36, O: 11.47) Image1 (I: 30.31, O: 12.35) ReadCalls: 12.48
101012251	VERBOSE   	FPS	XnOpenNI.cpp	890	[FPS] MyDepth (I: 30.00, O: 12.46) Image1 (I: 27.89, O: 12.28) ReadCalls: 12.72
102011238	VERBOSE   	FPS	XnOpenNI.cpp	890	[FPS] MyDepth (I: 30.30, O: 12.46) Image1 (I: 27.90, O: 12.79) ReadCalls: 13.72
103011707	VERBOSE   	FPS	XnOpenNI.cpp	890	[FPS] MyDepth (I: 30.30, O: 12.67) Image1 (I: 27.90, O: 13.47) ReadCalls: 14.00
104012304	VERBOSE   	FPS	XnOpenNI.cpp	890	[FPS] MyDepth (I: 30.30, O: 11.45) Image1 (I: 30.00, O: 13.47) ReadCalls: 13.36
105012506	VERBOSE   	FPS	XnOpenNI.cpp	890	[FPS] MyDepth (I: 30.30, O: 11.60) Image1 (I: 29.96, O: 13.46) ReadCalls: 13.64
106013068	VERBOSE   	FPS	XnOpenNI.cpp	890	[FPS] MyDepth (I: 30.29, O: 11.10) Image1 (I: 29.95, O: 12.97) ReadCalls: 13.08
107023034	VERBOSE   	FPS	XnOpenNI.cpp	890	[FPS] MyDepth (I: 30.30, O: 12.45) Image1 (I: 29.96, O: 12.79) ReadCalls: 13.65
108022278	VERBOSE   	FPS	XnOpenNI.cpp	890	[FPS] MyDepth (I: 30.30, O: 12.37) Image1 (I: 29.97, O: 13.13) ReadCalls: 13.65
109022031	VERBOSE   	FPS	XnOpenNI.cpp	890	[FPS] MyDepth (I: 30.32, O: 13.61) Image1 (I: 29.98, O: 13.27) ReadCalls: 14.17
110022375	VERBOSE   	FPS	XnOpenNI.cpp	890	[FPS] MyDepth (I: 30.31, O: 12.58) Image1 (I: 30.01, O: 13.34) ReadCalls: 13.22
111022236	VERBOSE   	FPS	XnOpenNI.cpp	890	[FPS] MyDepth (I: 30.31, O: 12.46) Image1 (I: 30.00, O: 13.26) ReadCalls: 13.34
112022507	VERBOSE   	FPS	XnOpenNI.cpp	890	[FPS] MyDepth (I: 30.30, O: 11.56) Image1 (I: 29.97, O: 13.45) ReadCalls: 13.20
113020775	VERBOSE   	FPS	XnOpenNI.cpp	890	[FPS] MyDepth (I: 30.32, O: 11.45) Image1 (I: 30.02, O: 13.81) ReadCalls: 14.07
114022081	VERBOSE   	FPS	XnOpenNI.cpp	890	[FPS] MyDepth (I: 30.31, O: 11.60) Image1 (I: 30.00, O: 13.67) ReadCalls: 13.87
115012839	VERBOSE   	FPS	XnOpenNI.cpp	890	[FPS] MyDepth (I: 30.10, O: 11.82) Image1 (I: 29.76, O: 14.03) ReadCalls: 14.09
116031997	VERBOSE   	FPS	XnOpenNI.cpp	890	[FPS] MyDepth (I: 30.29, O: 12.24) Image1 (I: 29.62, O: 13.60) ReadCalls: 13.81
117024917	VERBOSE   	FPS	XnOpenNI.cpp	890	[FPS] MyDepth (I: 30.05, O: 12.75) Image1 (I: 29.96, O: 14.18) ReadCalls: 14.74
118033189	VERBOSE   	FPS	XnOpenNI.cpp	890	[FPS] MyDepth (I: 30.30, O: 12.72) Image1 (I: 29.97, O: 14.48) ReadCalls: 15.03
119001939	VERBOSE   	FPS	XnOpenNI.cpp	890	[FPS] MyDepth (I: 30.30, O: 12.12) Image1 (I: 29.97, O: 14.14) ReadCalls: 14.34
120001900	VERBOSE   	FPS	XnOpenNI.cpp	890	[FPS] MyDepth (I: 30.30, O: 12.03) Image1 (I: 29.97, O: 13.47) ReadCalls: 13.44
121002746	VERBOSE   	FPS	XnOpenNI.cpp	890	[FPS] MyDepth (I: 30.31, O: 12.02) Image1 (I: 29.97, O: 12.46) ReadCalls: 12.62
122001928	VERBOSE   	FPS	XnOpenNI.cpp	890	[FPS] MyDepth (I: 30.30, O: 13.13) Image1 (I: 30.00, O: 13.47) ReadCalls: 13.35
123002556	VERBOSE   	FPS	XnOpenNI.cpp	890	[FPS] MyDepth (I: 30.30, O: 16.50) Image1 (I: 29.97, O: 17.17) ReadCalls: 17.01
124001886	VERBOSE   	FPS	XnOpenNI.cpp	890	[FPS] MyDepth (I: 30.31, O: 20.07) Image1 (I: 30.01, O: 20.34) ReadCalls: 20.33
125001870	VERBOSE   	FPS	XnOpenNI.cpp	890	[FPS] MyDepth (I: 30.31, O: 22.11) Image1 (I: 30.04, O: 22.11) ReadCalls: 22.45
126001730	VERBOSE   	FPS	XnOpenNI.cpp	890	[FPS] MyDepth (I: 30.30, O: 22.56) Image1 (I: 30.05, O: 22.22) ReadCalls: 22.55
127002619	VERBOSE   	FPS	XnOpenNI.cpp	890	[FPS] MyDepth (I: 30.30, O: 22.76) Image1 (I: 30.04, O: 22.42) ReadCalls: 22.75
128006192	VERBOSE   	FPS	XnOpenNI.cpp	890	[FPS] MyDepth (I: 30.02, O: 22.71) Image1 (I: 30.40, O: 22.71) ReadCalls: 22.71
129005538	VERBOSE   	FPS	XnOpenNI.cpp	890	[FPS] MyDepth (I: 30.03, O: 22.37) Image1 (I: 30.01, O: 22.04) ReadCalls: 22.70
130004640	VERBOSE   	FPS	XnOpenNI.cpp	890	[FPS] MyDepth (I: 30.04, O: 22.61) Image1 (I: 30.02, O: 22.28) ReadCalls: 23.28
131006298	VERBOSE   	FPS	XnOpenNI.cpp	890	[FPS] MyDepth (I: 30.06, O: 22.68) Image1 (I: 30.41, O: 22.68) ReadCalls: 23.34
132000506	VERBOSE   	FPS	XnOpenNI.cpp	890	[FPS] MyDepth (I: 30.12, O: 23.07) Image1 (I: 30.06, O: 22.71) ReadCalls: 23.71
133006118	VERBOSE   	FPS	XnOpenNI.cpp	890	[FPS] MyDepth (I: 30.06, O: 23.01) Image1 (I: 30.41, O: 22.67) ReadCalls: 23.34
134006248	VERBOSE   	FPS	XnOpenNI.cpp	890	[FPS] MyDepth (I: 30.05, O: 22.43) Image1 (I: 30.40, O: 22.76) ReadCalls: 23.43
135011650	VERBOSE   	FPS	XnOpenNI.cpp	890	[FPS] MyDepth (I: 30.30, O: 22.61) Image1 (I: 30.01, O: 22.94) ReadCalls: 23.95
136011794	VERBOSE   	FPS	XnOpenNI.cpp	890	[FPS] MyDepth (I: 30.30, O: 22.69) Image1 (I: 30.01, O: 23.02) ReadCalls: 23.35
137016307	VERBOSE   	FPS	XnOpenNI.cpp	890	[FPS] MyDepth (I: 30.02, O: 22.66) Image1 (I: 30.30, O: 22.32) ReadCalls: 23.00
138006748	VERBOSE   	FPS	XnOpenNI.cpp	890	[FPS] MyDepth (I: 30.05, O: 22.71) Image1 (I: 30.10, O: 22.71) ReadCalls: 23.37
139016144	VERBOSE   	FPS	XnOpenNI.cpp	890	[FPS] MyDepth (I: 30.03, O: 22.41) Image1 (I: 30.30, O: 22.41) ReadCalls: 22.74
140016126	VERBOSE   	FPS	XnOpenNI.cpp	890	[FPS] MyDepth (I: 30.06, O: 21.72) Image1 (I: 30.30, O: 22.39) ReadCalls: 22.39
141001860	VERBOSE   	FPS	XnOpenNI.cpp	890	[FPS] MyDepth (I: 30.21, O: 21.04) Image1 (I: 30.15, O: 21.70) ReadCalls: 22.04
142015881	VERBOSE   	FPS	XnOpenNI.cpp	890	[FPS] MyDepth (I: 30.06, O: 21.15) Image1 (I: 30.31, O: 22.16) ReadCalls: 22.15
143015926	VERBOSE   	FPS	XnOpenNI.cpp	890	[FPS] MyDepth (I: 30.06, O: 21.47) Image1 (I: 30.31, O: 22.14) ReadCalls: 22.14
144016412	VERBOSE   	FPS	XnOpenNI.cpp	890	[FPS] MyDepth (I: 30.06, O: 21.92) Image1 (I: 30.30, O: 22.60) ReadCalls: 22.58
145016479	VERBOSE   	FPS	XnOpenNI.cpp	890	[FPS] MyDepth (I: 30.07, O: 22.01) Image1 (I: 30.30, O: 22.69) ReadCalls: 22.68
146015982	VERBOSE   	FPS	XnOpenNI.cpp	890	[FPS] MyDepth (I: 30.06, O: 22.10) Image1 (I: 30.31, O: 22.77) ReadCalls: 22.77
147015987	VERBOSE   	FPS	XnOpenNI.cpp	890	[FPS] MyDepth (I: 30.06, O: 21.42) Image1 (I: 30.31, O: 22.43) ReadCalls: 22.42
148006145	VERBOSE   	FPS	XnOpenNI.cpp	890	[FPS] MyDepth (I: 30.16, O: 21.26) Image1 (I: 30.10, O: 22.27) ReadCalls: 22.60
149004305	VERBOSE   	FPS	XnOpenNI.cpp	890	[FPS] MyDepth (I: 30.17, O: 21.48) Image1 (I: 30.12, O: 22.49) ReadCalls: 22.83
150002153	VERBOSE   	FPS	XnOpenNI.cpp	890	[FPS] MyDepth (I: 30.31, O: 22.51) Image1 (I: 30.14, O: 22.49) ReadCalls: 22.83
151001248	VERBOSE   	FPS	XnOpenNI.cpp	890	[FPS] MyDepth (I: 29.97, O: 22.37) Image1 (I: 30.16, O: 22.71) ReadCalls: 23.37
152000291	VERBOSE   	FPS	XnOpenNI.cpp	890	[FPS] MyDepth (I: 29.98, O: 22.03) Image1 (I: 30.16, O: 22.37) ReadCalls: 23.03
153001870	VERBOSE   	FPS	XnOpenNI.cpp	890	[FPS] MyDepth (I: 30.31, O: 22.12) Image1 (I: 30.14, O: 22.46) ReadCalls: 22.79
154002010	VERBOSE   	FPS	XnOpenNI.cpp	890	[FPS] MyDepth (I: 30.30, O: 21.89) Image1 (I: 30.14, O: 21.55) ReadCalls: 21.89
155001783	VERBOSE   	FPS	XnOpenNI.cpp	890	[FPS] MyDepth (I: 30.30, O: 21.99) Image1 (I: 30.15, O: 21.66) ReadCalls: 21.99
156001496	VERBOSE   	FPS	XnOpenNI.cpp	890	[FPS] MyDepth (I: 30.30, O: 21.88) Image1 (I: 30.14, O: 21.88) ReadCalls: 21.87
157001618	VERBOSE   	FPS	XnOpenNI.cpp	890	[FPS] MyDepth (I: 30.31, O: 22.08) Image1 (I: 30.15, O: 22.08) ReadCalls: 22.08
158001203	VERBOSE   	FPS	XnOpenNI.cpp	890	[FPS] MyDepth (I: 30.31, O: 21.85) Image1 (I: 30.15, O: 21.85) ReadCalls: 21.85
159018813	VERBOSE   	FPS	XnOpenNI.cpp	890	[FPS] MyDepth (I: 30.23, O: 22.17) Image1 (I: 29.94, O: 21.83) ReadCalls: 22.16
160011432	VERBOSE   	FPS	XnOpenNI.cpp	890	[FPS] MyDepth (I: 30.30, O: 22.22) Image1 (I: 30.05, O: 21.89) ReadCalls: 22.20
161000645	VERBOSE   	FPS	XnOpenNI.cpp	890	[FPS] MyDepth (I: 30.01, O: 22.04) Image1 (I: 30.16, O: 21.37) ReadCalls: 22.37
162011499	VERBOSE   	FPS	XnOpenNI.cpp	890	[FPS] MyDepth (I: 30.33, O: 22.18) Image1 (I: 30.08, O: 21.84) ReadCalls: 22.18
163031227	VERBOSE   	FPS	XnOpenNI.cpp	890	[FPS] MyDepth (I: 29.77, O: 21.24) Image1 (I: 30.15, O: 20.90) ReadCalls: 21.24
164010965	VERBOSE   	FPS	XnOpenNI.cpp	890	[FPS] MyDepth (I: 30.01, O: 20.59) Image1 (I: 29.38, O: 20.59) ReadCalls: 20.59
165011476	VERBOSE   	FPS	XnOpenNI.cpp	890	[FPS] MyDepth (I: 30.00, O: 20.21) Image1 (I: 29.38, O: 20.21) ReadCalls: 20.55
166011096	VERBOSE   	FPS	XnOpenNI.cpp	890	[FPS] MyDepth (I: 30.33, O: 21.46) Image1 (I: 29.53, O: 21.46) ReadCalls: 21.12
167019722	VERBOSE   	FPS	XnOpenNI.cpp	890	[FPS] MyDepth (I: 29.88, O: 20.05) Image1 (I: 29.26, O: 20.05) ReadCalls: 20.05
168021285	VERBOSE   	FPS	XnOpenNI.cpp	890	[FPS] MyDepth (I: 29.96, O: 16.19) Image1 (I: 28.23, O: 16.19) ReadCalls: 16.53
169022220	VERBOSE   	FPS	XnOpenNI.cpp	890	[FPS] MyDepth (I: 29.95, O: 12.67) Image1 (I: 27.21, O: 12.01) ReadCalls: 12.67
170003339	VERBOSE   	FPS	XnOpenNI.cpp	890	[FPS] MyDepth (I: 30.16, O: 10.50) Image1 (I: 26.48, O: 10.27) ReadCalls: 10.74
171020824	VERBOSE   	FPS	XnOpenNI.cpp	890	[FPS] MyDepth (I: 30.31, O: 10.67) Image1 (I: 27.01, O: 10.10) ReadCalls: 10.61
172021087	VERBOSE   	FPS	XnOpenNI.cpp	890	[FPS] MyDepth (I: 30.30, O: 10.54) Image1 (I: 28.01, O: 10.34) ReadCalls: 10.49
173021937	VERBOSE   	FPS	XnOpenNI.cpp	890	[FPS] MyDepth (I: 30.30, O: 10.34) Image1 (I: 29.63, O: 10.10) ReadCalls: 10.25
174011162	VERBOSE   	FPS	XnOpenNI.cpp	890	[FPS] MyDepth (I: 30.10, O: 10.27) Image1 (I: 30.10, O: 10.37) ReadCalls: 10.52
175021765	VERBOSE   	FPS	XnOpenNI.cpp	890	[FPS] MyDepth (I: 30.30, O: 10.24) Image1 (I: 29.96, O: 10.34) ReadCalls: 10.47
176006986	VERBOSE   	FPS	XnOpenNI.cpp	890	[FPS] MyDepth (I: 30.15, O: 10.29) Image1 (I: 29.82, O: 10.39) ReadCalls: 10.18
177008560	VERBOSE   	FPS	XnOpenNI.cpp	890	[FPS] MyDepth (I: 29.45, O: 12.38) Image1 (I: 29.12, O: 12.55) ReadCalls: 12.68
178025633	VERBOSE   	FPS	XnOpenNI.cpp	890	[FPS] MyDepth (I: 29.35, O: 16.18) Image1 (I: 29.35, O: 15.85) ReadCalls: 16.08
179015681	VERBOSE   	FPS	XnOpenNI.cpp	890	[FPS] MyDepth (I: 29.10, O: 19.95) Image1 (I: 29.10, O: 19.61) ReadCalls: 19.06
180001493	VERBOSE   	FPS	XnOpenNI.cpp	890	[FPS] MyDepth (I: 29.62, O: 18.38) Image1 (I: 29.47, O: 18.38) ReadCalls: 19.04
181000912	VERBOSE   	FPS	XnOpenNI.cpp	890	[FPS] MyDepth (I: 29.63, O: 14.84) Image1 (I: 29.24, O: 15.18) ReadCalls: 15.52
182000909	VERBOSE   	FPS	XnOpenNI.cpp	890	[FPS] MyDepth (I: 29.96, O: 11.80) Image1 (I: 29.48, O: 12.14) ReadCalls: 12.47
183006541	VERBOSE   	FPS	XnOpenNI.cpp	890	[FPS] MyDepth (I: 29.92, O: 12.80) Image1 (I: 29.25, O: 12.77) ReadCalls: 12.64
184001313	VERBOSE   	FPS	XnOpenNI.cpp	890	[FPS] MyDepth (I: 29.96, O: 16.90) Image1 (I: 29.63, O: 16.83) ReadCalls: 16.76
185001647	VERBOSE   	FPS	XnOpenNI.cpp	890	[FPS] MyDepth (I: 29.62, O: 19.99) Image1 (I: 28.95, O: 19.86) ReadCalls: 19.83
186020721	VERBOSE   	FPS	XnOpenNI.cpp	890	[FPS] MyDepth (I: 28.43, O: 18.48) Image1 (I: 28.33, O: 18.14) ReadCalls: 18.47
187004392	VERBOSE   	FPS	XnOpenNI.cpp	890	[FPS] MyDepth (I: 26.57, O: 14.85) Image1 (I: 26.10, O: 14.85) ReadCalls: 14.85
188000850	VERBOSE   	FPS	XnOpenNI.cpp	890	[FPS] MyDepth (I: 26.34, O: 10.47) Image1 (I: 25.79, O: 10.47) ReadCalls: 10.47
189016314	VERBOSE   	FPS	XnOpenNI.cpp	890	[FPS] MyDepth (I: 26.75, O: 11.77) Image1 (I: 26.04, O: 12.04) ReadCalls: 12.02
190012244	VERBOSE   	FPS	XnOpenNI.cpp	890	[FPS] MyDepth (I: 27.61, O: 10.46) Image1 (I: 25.90, O: 11.51) ReadCalls: 11.77
191011284	VERBOSE   	FPS	XnOpenNI.cpp	890	[FPS] MyDepth (I: 28.28, O: 14.56) Image1 (I: 26.37, O: 15.58) ReadCalls: 15.57
192010958	VERBOSE   	FPS	XnOpenNI.cpp	890	[FPS] MyDepth (I: 29.05, O: 16.12) Image1 (I: 27.38, O: 16.46) ReadCalls: 16.46
193010952	VERBOSE   	FPS	XnOpenNI.cpp	890	[FPS] MyDepth (I: 30.01, O: 19.01) Image1 (I: 29.35, O: 19.20) ReadCalls: 19.23
194009942	VERBOSE   	FPS	XnOpenNI.cpp	890	[FPS] MyDepth (I: 29.68, O: 20.37) Image1 (I: 29.72, O: 20.04) ReadCalls: 20.70
195010651	VERBOSE   	FPS	XnOpenNI.cpp	890	[FPS] MyDepth (I: 30.00, O: 20.79) Image1 (I: 29.72, O: 20.46) ReadCalls: 20.79
196007028	VERBOSE   	FPS	XnOpenNI.cpp	890	[FPS] MyDepth (I: 30.04, O: 22.27) Image1 (I: 30.09, O: 21.61) ReadCalls: 22.60
197005068	VERBOSE   	FPS	XnOpenNI.cpp	890	[FPS] MyDepth (I: 30.06, O: 22.04) Image1 (I: 30.21, O: 21.71) ReadCalls: 22.70
198004190	VERBOSE   	FPS	XnOpenNI.cpp	890	[FPS] MyDepth (I: 30.06, O: 22.48) Image1 (I: 30.21, O: 21.81) ReadCalls: 23.15
199018513	VERBOSE   	FPS	XnOpenNI.cpp	890	[FPS] MyDepth (I: 29.99, O: 22.26) Image1 (I: 30.07, O: 21.93) ReadCalls: 23.28
200000208	VERBOSE   	FPS	XnOpenNI.cpp	890	[FPS] MyDepth (I: 30.11, O: 22.37) Image1 (I: 30.25, O: 21.37) ReadCalls: 23.04
201014271	VERBOSE   	FPS	XnOpenNI.cpp	890	[FPS] MyDepth (I: 30.07, O: 21.60) Image1 (I: 30.11, O: 21.26) ReadCalls: 22.60
202007026	VERBOSE   	FPS	XnOpenNI.cpp	890	[FPS] MyDepth (I: 29.80, O: 21.77) Image1 (I: 30.18, O: 21.75) ReadCalls: 22.08
203021348	VERBOSE   	FPS	XnOpenNI.cpp	890	[FPS] MyDepth (I: 30.29, O: 21.88) Image1 (I: 30.04, O: 22.22) ReadCalls: 22.19
204021593	VERBOSE   	FPS	XnOpenNI.cpp	890	[FPS] MyDepth (I: 30.30, O: 21.96) Image1 (I: 30.12, O: 22.30) ReadCalls: 22.29
205008941	VERBOSE   	FPS	XnOpenNI.cpp	890	[FPS] MyDepth (I: 30.02, O: 20.47) Image1 (I: 29.16, O: 20.80) ReadCalls: 21.14
206006421	VERBOSE   	FPS	XnOpenNI.cpp	890	[FPS] MyDepth (I: 29.81, O: 16.19) Image1 (I: 27.50, O: 16.53) ReadCalls: 16.87
207004525	VERBOSE   	FPS	XnOpenNI.cpp	890	[FPS] MyDepth (I: 29.84, O: 12.48) Image1 (I: 27.52, O: 12.48) ReadCalls: 12.82
208031203	VERBOSE   	FPS	XnOpenNI.cpp	890	[FPS] MyDepth (I: 30.30, O: 10.31) Image1 (I: 28.30, O: 10.11) ReadCalls: 10.24
209030326	VERBOSE   	FPS	XnOpenNI.cpp	890	[FPS] MyDepth (I: 30.30, O: 10.31) Image1 (I: 29.97, O: 10.44) ReadCalls: 10.58
210001588	VERBOSE   	FPS	XnOpenNI.cpp	890	[FPS] MyDepth (I: 30.29, O: 10.10) Image1 (I: 29.95, O: 10.54) ReadCalls: 10.68
211002383	VERBOSE   	FPS	XnOpenNI.cpp	890	[FPS] MyDepth (I: 29.62, O: 12.02) Image1 (I: 29.62, O: 12.45) ReadCalls: 12.32
212000529	VERBOSE   	FPS	XnOpenNI.cpp	890	[FPS] MyDepth (I: 29.63, O: 15.81) Image1 (I: 29.63, O: 15.82) ReadCalls: 15.66
213000714	VERBOSE   	FPS	XnOpenNI.cpp	890	[FPS] MyDepth (I: 29.68, O: 19.68) Image1 (I: 29.69, O: 19.87) ReadCalls: 19.84
214000279	VERBOSE   	FPS	XnOpenNI.cpp	890	[FPS] MyDepth (I: 30.31, O: 21.22) Image1 (I: 30.25, O: 21.89) ReadCalls: 21.89
215003580	VERBOSE   	FPS	XnOpenNI.cpp	890	[FPS] MyDepth (I: 30.27, O: 21.07) Image1 (I: 30.22, O: 22.07) ReadCalls: 22.40
216000202	VERBOSE   	FPS	XnOpenNI.cpp	890	[FPS] MyDepth (I: 30.30, O: 20.96) Image1 (I: 30.25, O: 22.31) ReadCalls: 22.65
217000619	VERBOSE   	FPS	XnOpenNI.cpp	890	[FPS] MyDepth (I: 30.30, O: 21.39) Image1 (I: 30.25, O: 22.06) ReadCalls: 22.39
218003924	VERBOSE   	FPS	XnOpenNI.cpp	890	[FPS] MyDepth (I: 29.93, O: 21.14) Image1 (I: 29.88, O: 21.81) ReadCalls: 22.14
219010378	VERBOSE   	FPS	XnOpenNI.cpp	890	[FPS] MyDepth (I: 29.97, O: 17.25) Image1 (I: 29.81, O: 17.58) ReadCalls: 17.92
220010055	VERBOSE   	FPS	XnOpenNI.cpp	890	[FPS] MyDepth (I: 30.05, O: 13.79) Image1 (I: 29.83, O: 13.79) ReadCalls: 14.12
221010763	VERBOSE   	FPS	XnOpenNI.cpp	890	[FPS] MyDepth (I: 30.30, O: 10.31) Image1 (I: 29.97, O: 10.44) ReadCalls: 10.24
222010700	VERBOSE   	FPS	XnOpenNI.cpp	890	[FPS] MyDepth (I: 30.31, O: 10.34) Image1 (I: 29.97, O: 10.44) ReadCalls: 10.57
223010591	VERBOSE   	FPS	XnOpenNI.cpp	890	[FPS] MyDepth (I: 30.35, O: 10.54) Image1 (I: 30.02, O: 10.34) ReadCalls: 10.52
224010671	VERBOSE   	FPS	XnOpenNI.cpp	890	[FPS] MyDepth (I: 30.30, O: 10.44) Image1 (I: 30.00, O: 10.20) ReadCalls: 10.34
225010100	VERBOSE   	FPS	XnOpenNI.cpp	890	[FPS] MyDepth (I: 30.30, O: 10.34) Image1 (I: 30.01, O: 10.10) ReadCalls: 10.22
226010093	VERBOSE   	FPS	XnOpenNI.cpp	890	[FPS] MyDepth (I: 30.38, O: 10.24) Image1 (I: 30.03, O: 10.35) ReadCalls: 10.50
227010238	VERBOSE   	FPS	XnOpenNI.cpp	890	[FPS] MyDepth (I: 30.38, O: 10.58) Image1 (I: 29.67, O: 10.67) ReadCalls: 10.49
228017285	VERBOSE   	FPS	XnOpenNI.cpp	890	[FPS] MyDepth (I: 30.00, O: 10.55) Image1 (I: 29.66, O: 10.67) ReadCalls: 10.80
229020022	VERBOSE   	FPS	XnOpenNI.cpp	890	[FPS] MyDepth (I: 30.31, O: 10.65) Image1 (I: 29.64, O: 10.44) ReadCalls: 10.56
230014421	VERBOSE   	FPS	XnOpenNI.cpp	890	[FPS] MyDepth (I: 30.03, O: 10.46) Image1 (I: 30.03, O: 10.91) ReadCalls: 11.02
231020935	VERBOSE   	FPS	XnOpenNI.cpp	890	[FPS] MyDepth (I: 30.30, O: 10.77) Image1 (I: 29.97, O: 10.88) ReadCalls: 11.06
232020077	VERBOSE   	FPS	XnOpenNI.cpp	890	[FPS] MyDepth (I: 30.30, O: 10.54) Image1 (I: 30.00, O: 10.67) ReadCalls: 10.82
233019923	VERBOSE   	FPS	XnOpenNI.cpp	890	[FPS] MyDepth (I: 30.32, O: 10.33) Image1 (I: 30.00, O: 10.11) ReadCalls: 10.25
234020799	VERBOSE   	FPS	XnOpenNI.cpp	890	[FPS] MyDepth (I: 30.31, O: 10.24) Image1 (I: 30.00, O: 10.00) ReadCalls: 10.13
235022348	VERBOSE   	FPS	XnOpenNI.cpp	890	[FPS] MyDepth (I: 30.28, O: 10.23) Image1 (I: 29.94, O: 10.34) ReadCalls: 10.12
236020242	VERBOSE   	FPS	XnOpenNI.cpp	890	[FPS] MyDepth (I: 30.30, O: 10.24) Image1 (I: 29.96, O: 10.35) ReadCalls: 10.12
237029924	VERBOSE   	FPS	XnOpenNI.cpp	890	[FPS] MyDepth (I: 30.31, O: 10.21) Image1 (I: 29.98, O: 10.31) ReadCalls: 10.14
238001788	VERBOSE   	FPS	XnOpenNI.cpp	890	[FPS] MyDepth (I: 30.21, O: 10.20) Image1 (I: 29.87, O: 10.30) ReadCalls: 10.46
239015720	VERBOSE   	FPS	XnOpenNI.cpp	890	[FPS] MyDepth (I: 30.05, O: 10.15) Image1 (I: 29.38, O: 10.25) ReadCalls: 10.40
240000946	VERBOSE   	FPS	XnOpenNI.cpp	890	[FPS] MyDepth (I: 30.29, O: 10.20) Image1 (I: 28.95, O: 10.30) ReadCalls: 10.45
241001039	VERBOSE   	FPS	XnOpenNI.cpp	890	[FPS] MyDepth (I: 30.30, O: 10.10) Image1 (I: 28.96, O: 10.20) ReadCalls: 10.34
242003603	VERBOSE   	FPS	XnOpenNI.cpp	890	[FPS] MyDepth (I: 30.26, O: 10.42) Image1 (I: 27.91, O: 10.19) ReadCalls: 10.38
243029970	VERBOSE   	FPS	XnOpenNI.cpp	890	[FPS] MyDepth (I: 30.30, O: 10.58) Image1 (I: 26.60, O: 10.69) ReadCalls: 10.50
244000694	VERBOSE   	FPS	XnOpenNI.cpp	890	[FPS] MyDepth (I: 30.30, O: 10.68) Image1 (I: 27.02, O: 10.44) ReadCalls: 10.59
245029863	VERBOSE   	FPS	XnOpenNI.cpp	890	[FPS] MyDepth (I: 30.30, O: 10.44) Image1 (I: 28.37, O: 10.60) ReadCalls: 10.37
246036002	VERBOSE   	FPS	XnOpenNI.cpp	890	[FPS] MyDepth (I: 30.01, O: 10.12) Image1 (I: 30.01, O: 10.22) ReadCalls: 10.35
247000273	VERBOSE   	FPS	XnOpenNI.cpp	890	[FPS] MyDepth (I: 30.30, O: 10.24) Image1 (I: 30.01, O: 10.34) ReadCalls: 10.13
248017095	VERBOSE   	FPS	XnOpenNI.cpp	890	[FPS] MyDepth (I: 30.13, O: 10.18) Image1 (I: 30.13, O: 10.28) ReadCalls: 10.40
249010553	VERBOSE   	FPS	XnOpenNI.cpp	890	[FPS] MyDepth (I: 30.29, O: 10.10) Image1 (I: 29.96, O: 10.20) ReadCalls: 10.42
250009803	VERBOSE   	FPS	XnOpenNI.cpp	890	[FPS] MyDepth (I: 30.33, O: 10.49) Image1 (I: 30.00, O: 10.55) ReadCalls: 10.70
251009740	VERBOSE   	FPS	XnOpenNI.cpp	890	[FPS] MyDepth (I: 30.31, O: 10.78) Image1 (I: 29.97, O: 10.89) ReadCalls: 10.69
252010775	VERBOSE   	FPS	XnOpenNI.cpp	890	[FPS] MyDepth (I: 30.30, O: 10.69) Image1 (I: 29.97, O: 10.77) ReadCalls: 10.91
253009826	VERBOSE   	FPS	XnOpenNI.cpp	890	[FPS] MyDepth (I: 30.31, O: 10.67) Image1 (I: 30.00, O: 10.44) ReadCalls: 10.57
254009835	VERBOSE   	FPS	XnOpenNI.cpp	890	[FPS] MyDepth (I: 30.30, O: 10.44) Image1 (I: 30.00, O: 10.20) ReadCalls: 10.34
