    21049	INFO      	Log	XnLog.cpp	323	OpenNI version is 1.3.4 (Build 3)-Win32 (Oct 10 2011 20:01:54)
    21122	INFO      	Log	XnLog.cpp	301	--- Filter Info --- Minimum Severity: VERBOSE
    21297	VERBOSE   	ModuleLoader	XnModuleLoader.cpp	453	Found exported production node. Script: OpenNI/OpenNI/1.3.4.3
    21857	VERBOSE   	ModuleLoader	XnModuleLoader.cpp	282	Checking C:\Archivos de programa\OpenNI\Bin\nimRecorder.dll...
    28676	VERBOSE   	ModuleLoader	XnModuleLoader.cpp	453	Found exported production node. Recorder: OpenNI/Recorder/1.3.4.3
    28732	VERBOSE   	ModuleLoader	XnModuleLoader.cpp	453	Found exported production node. Player: OpenNI/Player/1.3.4.3
    28843	VERBOSE   	ModuleLoader	XnModuleLoader.cpp	282	Checking C:\Archivos de programa\OpenNI\Bin\nimMockNodes.dll...
    35088	VERBOSE   	ModuleLoader	XnModuleLoader.cpp	453	Found exported production node. ProductionNode: OpenNI/Mock/1.3.4.3
    35135	VERBOSE   	ModuleLoader	XnModuleLoader.cpp	453	Found exported production node. Generator: OpenNI/Mock/1.3.4.3
    35171	VERBOSE   	ModuleLoader	XnModuleLoader.cpp	453	Found exported production node. MapGenerator: OpenNI/Mock/1.3.4.3
    35201	VERBOSE   	ModuleLoader	XnModuleLoader.cpp	453	Found exported production node. Device: OpenNI/Mock/1.3.4.3
    35228	VERBOSE   	ModuleLoader	XnModuleLoader.cpp	453	Found exported production node. Depth: OpenNI/Mock/1.3.4.3
    35276	VERBOSE   	ModuleLoader	XnModuleLoader.cpp	453	Found exported production node. IR: OpenNI/Mock/1.3.4.3
    35313	VERBOSE   	ModuleLoader	XnModuleLoader.cpp	453	Found exported production node. Image: OpenNI/Mock/1.3.4.3
    35351	VERBOSE   	ModuleLoader	XnModuleLoader.cpp	453	Found exported production node. Audio: OpenNI/Mock/1.3.4.3
    35384	VERBOSE   	ModuleLoader	XnModuleLoader.cpp	282	Checking C:\Archivos de programa\OpenNI\Bin\nimCodecs.dll...
    41779	VERBOSE   	ModuleLoader	XnModuleLoader.cpp	453	Found exported production node. Codec: OpenNI/16zP/1.3.4.3
    41820	VERBOSE   	ModuleLoader	XnModuleLoader.cpp	453	Found exported production node. Codec: OpenNI/16zT/1.3.4.3
    41848	VERBOSE   	ModuleLoader	XnModuleLoader.cpp	453	Found exported production node. Codec: OpenNI/Im8z/1.3.4.3
    41881	VERBOSE   	ModuleLoader	XnModuleLoader.cpp	453	Found exported production node. Codec: OpenNI/JPEG/1.3.4.3
    41918	VERBOSE   	ModuleLoader	XnModuleLoader.cpp	453	Found exported production node. Codec: OpenNI/NONE/1.3.4.3
    41951	VERBOSE   	ModuleLoader	XnModuleLoader.cpp	282	Checking C:\Archivos de programa\PrimeSense\SensorKinect\Bin\XnDeviceFile.dll...
    68412	VERBOSE   	ModuleLoader	XnModuleLoader.cpp	453	Found exported production node. Player: PrimeSense/File/5.0.3.4
    68460	VERBOSE   	ModuleLoader	XnModuleLoader.cpp	282	Checking C:\Archivos de programa\PrimeSense\SensorKinect\Bin\XnDeviceSensorV2KM.dll...
    75476	VERBOSE   	ModuleLoader	XnModuleLoader.cpp	453	Found exported production node. Device: PrimeSense/SensorKinect/5.0.3.4
    75529	VERBOSE   	ModuleLoader	XnModuleLoader.cpp	453	Found exported production node. Depth: PrimeSense/SensorKinect/5.0.3.4
    75561	VERBOSE   	ModuleLoader	XnModuleLoader.cpp	453	Found exported production node. Image: PrimeSense/SensorKinect/5.0.3.4
    75599	VERBOSE   	ModuleLoader	XnModuleLoader.cpp	453	Found exported production node. IR: PrimeSense/SensorKinect/5.0.3.4
    75639	VERBOSE   	ModuleLoader	XnModuleLoader.cpp	453	Found exported production node. Audio: PrimeSense/SensorKinect/5.0.3.4
    75673	VERBOSE   	ModuleLoader	XnModuleLoader.cpp	282	Checking C:\Archivos de programa\PrimeSense\NITE\Features_1_3_0\Bin\XnVFeatures_1_3_0.dll...
    89364	VERBOSE   	ModuleLoader	XnModuleLoader.cpp	453	Found exported production node. Scene: PrimeSense/XnVSceneAnalyzer/1.3.0.17
    89413	VERBOSE   	ModuleLoader	XnModuleLoader.cpp	453	Found exported production node. User: PrimeSense/XnVSkeletonGenerator/1.3.0.17
    89445	VERBOSE   	ModuleLoader	XnModuleLoader.cpp	282	Checking C:\Archivos de programa\PrimeSense\NITE\Features_1_3_1\Bin\XnVFeatures_1_3_1.dll...
   100532	VERBOSE   	ModuleLoader	XnModuleLoader.cpp	453	Found exported production node. Scene: PrimeSense/XnVSceneAnalyzer/1.3.1.6
   100622	VERBOSE   	ModuleLoader	XnModuleLoader.cpp	453	Found exported production node. User: PrimeSense/XnVSkeletonGenerator/1.3.1.6
   100661	VERBOSE   	ModuleLoader	XnModuleLoader.cpp	282	Checking C:\Archivos de programa\PrimeSense\NITE\Features_1_4_1\Bin\XnVFeatures_1_4_1.dll...
   113952	VERBOSE   	ModuleLoader	XnModuleLoader.cpp	453	Found exported production node. Scene: PrimeSense/XnVSceneAnalyzer/1.4.1.2
   114001	VERBOSE   	ModuleLoader	XnModuleLoader.cpp	453	Found exported production node. User: PrimeSense/XnVSkeletonGenerator/1.4.1.2
   114041	VERBOSE   	ModuleLoader	XnModuleLoader.cpp	282	Checking C:\Archivos de programa\PrimeSense\NITE\Hands_1_3_0\Bin\XnVHandGenerator_1_3_0.dll...
   124925	VERBOSE   	ModuleLoader	XnModuleLoader.cpp	453	Found exported production node. Gesture: PrimeSense/XnVGestureGenrator/1.3.0.17
   124984	VERBOSE   	ModuleLoader	XnModuleLoader.cpp	453	Found exported production node. Hands: PrimeSense/XnVHandTracker/1.3.0.17
   125024	VERBOSE   	ModuleLoader	XnModuleLoader.cpp	282	Checking C:\Archivos de programa\PrimeSense\NITE\Hands_1_3_1\Bin\XnVHandGenerator_1_3_1.dll...
   133237	VERBOSE   	ModuleLoader	XnModuleLoader.cpp	453	Found exported production node. Gesture: PrimeSense/XnVGestureGenrator/1.3.1.6
   133283	VERBOSE   	ModuleLoader	XnModuleLoader.cpp	453	Found exported production node. Hands: PrimeSense/XnVHandTracker/1.3.1.6
   133328	VERBOSE   	ModuleLoader	XnModuleLoader.cpp	282	Checking C:\Archivos de programa\PrimeSense\NITE\Hands_1_4_1\Bin\XnVHandGenerator_1_4_1.dll...
   143771	VERBOSE   	ModuleLoader	XnModuleLoader.cpp	453	Found exported production node. Gesture: PrimeSense/XnVGestureGenrator/1.4.1.2
   143819	VERBOSE   	ModuleLoader	XnModuleLoader.cpp	453	Found exported production node. Hands: PrimeSense/XnVHandTracker/1.4.1.2
   144243	INFO      	OpenNI	XnOpenNI.cpp	1547	Creating node 'Script1' of type Script: OpenNI/OpenNI/1.3.4.3...
   144743	VERBOSE   	OpenNI	XnXmlScriptNode.cpp	780	Requested to create a node of type Depth...
   165440	INFO      	OpenNI	XnOpenNI.cpp	1547	Creating node 'Device1' of type Device: PrimeSense/SensorKinect/5.0.3.4...
  1752486	INFO      	DDK	XnProperty.cpp	151	Property Device.ShareMode was changed to 1.
  1752522	INFO      	DDK	XnProperty.cpp	151	Property Device.InstancePointer was changed.
  1752763	INFO      	DDK	XnProperty.cpp	151	Property Device.ShareMode was changed to 0.
  1753593	INFO      	OpenNI	XnOpenNI.cpp	1547	Creating node 'MyDepth' of type Depth: PrimeSense/SensorKinect/5.0.3.4...
  1753666	VERBOSE   	SensorClient	XnSensorClient.cpp	268	Creating stream MyDepth (of type Depth)
  1766756	INFO      	DDK	XnProperty.cpp	151	Property Device.ReadData was changed to 1.
  1793170	INFO      	DDK	XnDeviceBase.cpp	1383	Creating stream 'MyDepth' of type 'Depth'...
  1793308	VERBOSE   	DDK	XnDeviceBase.cpp	1419	Initializing stream 'MyDepth'...
  1793794	INFO      	DDK	XnProperty.cpp	151	Property MyDepth.RequiredDataSize was changed to 614400.
  1794304	INFO      	DDK	XnProperty.cpp	151	Property MyDepth.OutputFormat was changed to 1.
  1794382	INFO      	DDK	XnDeviceBase.cpp	1458	Stream 'MyDepth' was initialized.
  1794398	INFO      	DDK	XnDeviceBase.cpp	1463	'MyDepth' stream was created.
  1795299	VERBOSE   	SensorClient	XnSensorClient.cpp	391	Getting property MyDepth.SupportedModes from server...
  1795591	VERBOSE   	SensorServer	XnSensorClient.cpp	433	Setting MyDepth.Mirror to 1...
  1795737	INFO      	DDK	XnProperty.cpp	151	Property MyDepth.Mirror was changed to 1.
  1795905	VERBOSE   	OpenNI	XnXmlScriptNode.cpp	780	Requested to create a node of type Image (StopOnError=FALSE)...
  1798973	VERBOSE   	SensorClient	XnSensorClient.cpp	391	Getting property Device.CmosBlankingUnits from server...
  1811760	INFO      	OpenNI	XnOpenNI.cpp	1547	Creating node 'Image1' of type Image: PrimeSense/SensorKinect/5.0.3.4...
  1811800	VERBOSE   	SensorClient	XnSensorClient.cpp	268	Creating stream Image1 (of type Image)
  1821267	INFO      	DDK	XnDeviceBase.cpp	1383	Creating stream 'Image1' of type 'Image'...
  1821553	VERBOSE   	DDK	XnDeviceBase.cpp	1419	Initializing stream 'Image1'...
  1821954	INFO      	DDK	XnProperty.cpp	151	Property Image1.RequiredDataSize was changed to 921600.
  1822783	INFO      	DDK	XnProperty.cpp	151	Property Image1.OutputFormat was changed to 5.
  1822839	INFO      	DDK	XnDeviceBase.cpp	1458	Stream 'Image1' was initialized.
  1822856	INFO      	DDK	XnDeviceBase.cpp	1463	'Image1' stream was created.
  1823374	VERBOSE   	SensorClient	XnSensorClient.cpp	391	Getting property Image1.SupportedModes from server...
  1823679	VERBOSE   	SensorServer	XnSensorClient.cpp	433	Setting Image1.Mirror to 1...
  1823841	INFO      	DDK	XnProperty.cpp	151	Property Image1.Mirror was changed to 1.
  1824175	VERBOSE   	DDK	XnDeviceBase.cpp	359	Opening stream MyDepth...
  1825254	INFO      	DDK	XnProperty.cpp	151	Property MyDepth.ActualReadData was changed to 1.
  2080284	VERBOSE   	FPS	XnOpenNI.cpp	883	[FPS] MyDepth (I:  0.00, O:  0.00) Image1 (I:  0.00, O:  0.00) ReadCalls:  0.00
  2316638	INFO      	DDK	XnProperty.cpp	151	Property MyDepth.State was changed to 1.
  2316683	INFO      	DDK	XnDeviceBase.cpp	370	Stream MyDepth is open.
  2316712	VERBOSE   	DDK	XnDeviceBase.cpp	359	Opening stream Image1...
  2317816	INFO      	DDK	XnProperty.cpp	151	Property Image1.ActualReadData was changed to 1.
  3020026	VERBOSE   	FPS	XnOpenNI.cpp	883	[FPS] MyDepth (I: 27.67, O:  0.00) Image1 (I:  0.00, O:  0.00) ReadCalls:  0.00
  4020040	VERBOSE   	FPS	XnOpenNI.cpp	883	[FPS] MyDepth (I: 28.87, O:  0.00) Image1 (I:  0.00, O:  0.00) ReadCalls:  0.00
  5019998	VERBOSE   	FPS	XnOpenNI.cpp	883	[FPS] MyDepth (I: 29.25, O:  0.00) Image1 (I:  0.00, O:  0.00) ReadCalls:  0.00
  5522836	INFO      	DDK	XnProperty.cpp	151	Property Image1.State was changed to 1.
  5522894	INFO      	DDK	XnDeviceBase.cpp	370	Stream Image1 is open.
  5523060	VERBOSE   	SensorServer	XnSensorClient.cpp	433	Setting MyDepth.Registration to 1...
  5674034	INFO      	DDK	XnProperty.cpp	151	Property MyDepth.Registration was changed to 1.
  6014762	VERBOSE   	FPS	XnOpenNI.cpp	883	[FPS] MyDepth (I: 29.72, O: 21.89) Image1 (I: 31.59, O: 21.91) ReadCalls: 21.86
  7007377	VERBOSE   	FPS	XnOpenNI.cpp	883	[FPS] MyDepth (I: 29.79, O: 21.31) Image1 (I: 30.08, O: 21.32) ReadCalls: 22.10
  8007348	VERBOSE   	FPS	XnOpenNI.cpp	883	[FPS] MyDepth (I: 29.79, O: 21.18) Image1 (I: 30.05, O: 21.18) ReadCalls: 21.61
  9014546	VERBOSE   	FPS	XnOpenNI.cpp	883	[FPS] MyDepth (I: 30.09, O: 21.40) Image1 (I: 30.31, O: 21.40) ReadCalls: 21.39
 10014512	VERBOSE   	FPS	XnOpenNI.cpp	883	[FPS] MyDepth (I: 30.09, O: 21.28) Image1 (I: 30.30, O: 21.28) ReadCalls: 21.28
 11007238	VERBOSE   	FPS	XnOpenNI.cpp	883	[FPS] MyDepth (I: 30.16, O: 21.34) Image1 (I: 30.07, O: 21.34) ReadCalls: 21.67
 12014522	VERBOSE   	FPS	XnOpenNI.cpp	883	[FPS] MyDepth (I: 30.09, O: 21.52) Image1 (I: 30.30, O: 21.52) ReadCalls: 21.51
 13014371	VERBOSE   	FPS	XnOpenNI.cpp	883	[FPS] MyDepth (I: 30.09, O: 21.40) Image1 (I: 30.41, O: 21.40) ReadCalls: 21.39
 14008118	VERBOSE   	FPS	XnOpenNI.cpp	883	[FPS] MyDepth (I: 30.15, O: 21.33) Image1 (I: 30.06, O: 21.33) ReadCalls: 21.67
 15014386	VERBOSE   	FPS	XnOpenNI.cpp	883	[FPS] MyDepth (I: 30.19, O: 21.52) Image1 (I: 30.40, O: 21.52) ReadCalls: 21.51
 16003444	VERBOSE   	FPS	XnOpenNI.cpp	883	[FPS] MyDepth (I: 30.31, O: 21.47) Image1 (I: 30.11, O: 21.47) ReadCalls: 21.47
 17003288	VERBOSE   	FPS	XnOpenNI.cpp	883	[FPS] MyDepth (I: 30.31, O: 21.37) Image1 (I: 30.11, O: 21.37) ReadCalls: 21.37
 18003100	VERBOSE   	FPS	XnOpenNI.cpp	883	[FPS] MyDepth (I: 30.30, O: 21.60) Image1 (I: 30.11, O: 21.60) ReadCalls: 21.59
 19003414	VERBOSE   	FPS	XnOpenNI.cpp	883	[FPS] MyDepth (I: 30.30, O: 21.47) Image1 (I: 30.11, O: 21.47) ReadCalls: 21.47
 20002924	VERBOSE   	FPS	XnOpenNI.cpp	883	[FPS] MyDepth (I: 30.31, O: 21.36) Image1 (I: 30.12, O: 21.37) ReadCalls: 21.36
 21004918	VERBOSE   	FPS	XnOpenNI.cpp	883	[FPS] MyDepth (I: 30.28, O: 21.58) Image1 (I: 30.09, O: 21.58) ReadCalls: 21.58
 22003993	VERBOSE   	FPS	XnOpenNI.cpp	883	[FPS] MyDepth (I: 30.30, O: 21.47) Image1 (I: 30.10, O: 21.48) ReadCalls: 21.47
 23002964	VERBOSE   	FPS	XnOpenNI.cpp	883	[FPS] MyDepth (I: 30.31, O: 21.36) Image1 (I: 30.11, O: 21.36) ReadCalls: 21.36
 24003688	VERBOSE   	FPS	XnOpenNI.cpp	883	[FPS] MyDepth (I: 30.29, O: 21.58) Image1 (I: 30.11, O: 21.58) ReadCalls: 21.58
 25012491	VERBOSE   	FPS	XnOpenNI.cpp	883	[FPS] MyDepth (I: 30.31, O: 21.41) Image1 (I: 30.02, O: 21.41) ReadCalls: 21.40
 26006702	VERBOSE   	FPS	XnOpenNI.cpp	883	[FPS] MyDepth (I: 30.03, O: 21.34) Image1 (I: 30.07, O: 21.34) ReadCalls: 21.67
 27013039	VERBOSE   	FPS	XnOpenNI.cpp	883	[FPS] MyDepth (I: 30.30, O: 21.51) Image1 (I: 30.01, O: 21.52) ReadCalls: 21.51
 28012741	VERBOSE   	FPS	XnOpenNI.cpp	883	[FPS] MyDepth (I: 30.30, O: 21.41) Image1 (I: 30.01, O: 21.41) ReadCalls: 21.41
 29007567	VERBOSE   	FPS	XnOpenNI.cpp	883	[FPS] MyDepth (I: 30.05, O: 21.33) Image1 (I: 30.06, O: 21.33) ReadCalls: 21.67
 30013283	VERBOSE   	FPS	XnOpenNI.cpp	883	[FPS] MyDepth (I: 30.30, O: 21.52) Image1 (I: 30.01, O: 21.52) ReadCalls: 21.52
 31012849	VERBOSE   	FPS	XnOpenNI.cpp	883	[FPS] MyDepth (I: 30.30, O: 21.40) Image1 (I: 30.01, O: 21.40) ReadCalls: 21.40
 32007462	VERBOSE   	FPS	XnOpenNI.cpp	883	[FPS] MyDepth (I: 30.05, O: 21.34) Image1 (I: 30.07, O: 21.34) ReadCalls: 21.67
 33007426	VERBOSE   	FPS	XnOpenNI.cpp	883	[FPS] MyDepth (I: 30.06, O: 21.22) Image1 (I: 30.07, O: 21.22) ReadCalls: 21.55
 34014037	VERBOSE   	FPS	XnOpenNI.cpp	883	[FPS] MyDepth (I: 30.05, O: 21.39) Image1 (I: 30.40, O: 21.39) ReadCalls: 21.39
 35022705	VERBOSE   	FPS	XnOpenNI.cpp	883	[FPS] MyDepth (I: 30.30, O: 21.22) Image1 (I: 29.98, O: 21.22) ReadCalls: 21.22
 36022553	VERBOSE   	FPS	XnOpenNI.cpp	883	[FPS] MyDepth (I: 30.30, O: 21.23) Image1 (I: 29.98, O: 21.23) ReadCalls: 21.22
 37007285	VERBOSE   	FPS	XnOpenNI.cpp	883	[FPS] MyDepth (I: 30.16, O: 21.22) Image1 (I: 30.07, O: 21.22) ReadCalls: 21.55
 38023327	VERBOSE   	FPS	XnOpenNI.cpp	883	[FPS] MyDepth (I: 30.29, O: 21.44) Image1 (I: 30.00, O: 21.44) ReadCalls: 21.44
 39021880	VERBOSE   	FPS	XnOpenNI.cpp	883	[FPS] MyDepth (I: 30.01, O: 21.34) Image1 (I: 30.02, O: 21.34) ReadCalls: 21.67
 40007181	VERBOSE   	FPS	XnOpenNI.cpp	883	[FPS] MyDepth (I: 30.16, O: 21.34) Image1 (I: 30.17, O: 21.34) ReadCalls: 21.67
 41022714	VERBOSE   	FPS	XnOpenNI.cpp	883	[FPS] MyDepth (I: 30.31, O: 21.45) Image1 (I: 30.01, O: 21.45) ReadCalls: 21.45
 42022365	VERBOSE   	FPS	XnOpenNI.cpp	883	[FPS] MyDepth (I: 30.32, O: 21.34) Image1 (I: 30.01, O: 21.34) ReadCalls: 21.33
 43006087	VERBOSE   	FPS	XnOpenNI.cpp	883	[FPS] MyDepth (I: 30.16, O: 21.34) Image1 (I: 30.18, O: 21.34) ReadCalls: 21.67
 44023615	VERBOSE   	FPS	XnOpenNI.cpp	883	[FPS] MyDepth (I: 30.06, O: 21.43) Image1 (I: 30.30, O: 21.43) ReadCalls: 21.43
 45022617	VERBOSE   	FPS	XnOpenNI.cpp	883	[FPS] MyDepth (I: 30.06, O: 21.34) Image1 (I: 30.01, O: 21.34) ReadCalls: 21.67
 46005982	VERBOSE   	FPS	XnOpenNI.cpp	883	[FPS] MyDepth (I: 30.17, O: 21.34) Image1 (I: 30.18, O: 21.34) ReadCalls: 21.67
 47003294	VERBOSE   	FPS	XnOpenNI.cpp	883	[FPS] MyDepth (I: 30.29, O: 21.58) Image1 (I: 30.20, O: 21.58) ReadCalls: 21.58
 48002814	VERBOSE   	FPS	XnOpenNI.cpp	883	[FPS] MyDepth (I: 30.30, O: 21.48) Image1 (I: 30.21, O: 21.48) ReadCalls: 21.47
 49002194	VERBOSE   	FPS	XnOpenNI.cpp	883	[FPS] MyDepth (I: 30.31, O: 21.36) Image1 (I: 30.22, O: 21.36) ReadCalls: 21.36
 50002521	VERBOSE   	FPS	XnOpenNI.cpp	883	[FPS] MyDepth (I: 30.30, O: 21.58) Image1 (I: 30.21, O: 21.59) ReadCalls: 21.58
 51002749	VERBOSE   	FPS	XnOpenNI.cpp	883	[FPS] MyDepth (I: 30.30, O: 21.48) Image1 (I: 30.21, O: 21.48) ReadCalls: 21.47
 52001996	VERBOSE   	FPS	XnOpenNI.cpp	883	[FPS] MyDepth (I: 30.31, O: 21.37) Image1 (I: 30.22, O: 21.37) ReadCalls: 21.37
 53003175	VERBOSE   	FPS	XnOpenNI.cpp	883	[FPS] MyDepth (I: 30.29, O: 21.59) Image1 (I: 30.20, O: 21.59) ReadCalls: 21.58
 54003064	VERBOSE   	FPS	XnOpenNI.cpp	883	[FPS] MyDepth (I: 30.30, O: 21.47) Image1 (I: 30.20, O: 21.47) ReadCalls: 21.46
 55002093	VERBOSE   	FPS	XnOpenNI.cpp	883	[FPS] MyDepth (I: 30.31, O: 21.36) Image1 (I: 30.21, O: 21.36) ReadCalls: 21.36
 56012105	VERBOSE   	FPS	XnOpenNI.cpp	883	[FPS] MyDepth (I: 30.30, O: 21.51) Image1 (I: 30.11, O: 21.51) ReadCalls: 21.51
 57011842	VERBOSE   	FPS	XnOpenNI.cpp	883	[FPS] MyDepth (I: 30.30, O: 21.40) Image1 (I: 30.12, O: 21.40) ReadCalls: 21.40
 58005578	VERBOSE   	FPS	XnOpenNI.cpp	883	[FPS] MyDepth (I: 30.03, O: 21.34) Image1 (I: 30.18, O: 21.34) ReadCalls: 21.67
 59012098	VERBOSE   	FPS	XnOpenNI.cpp	883	[FPS] MyDepth (I: 30.30, O: 21.51) Image1 (I: 30.11, O: 21.51) ReadCalls: 21.51
 60012021	VERBOSE   	FPS	XnOpenNI.cpp	883	[FPS] MyDepth (I: 30.30, O: 21.41) Image1 (I: 30.11, O: 21.41) ReadCalls: 21.41
 61005452	VERBOSE   	FPS	XnOpenNI.cpp	883	[FPS] MyDepth (I: 30.06, O: 21.34) Image1 (I: 30.18, O: 21.34) ReadCalls: 21.67
 62012610	VERBOSE   	FPS	XnOpenNI.cpp	883	[FPS] MyDepth (I: 30.30, O: 21.51) Image1 (I: 30.11, O: 21.52) ReadCalls: 21.51
 63012062	VERBOSE   	FPS	XnOpenNI.cpp	883	[FPS] MyDepth (I: 30.30, O: 21.41) Image1 (I: 30.11, O: 21.41) ReadCalls: 21.40
 64005347	VERBOSE   	FPS	XnOpenNI.cpp	883	[FPS] MyDepth (I: 30.07, O: 21.34) Image1 (I: 30.18, O: 21.34) ReadCalls: 21.67
 65011682	VERBOSE   	FPS	XnOpenNI.cpp	883	[FPS] MyDepth (I: 30.41, O: 21.51) Image1 (I: 30.12, O: 21.52) ReadCalls: 21.51
 66021573	VERBOSE   	FPS	XnOpenNI.cpp	883	[FPS] MyDepth (I: 30.31, O: 21.33) Image1 (I: 30.02, O: 21.33) ReadCalls: 21.33
 67005235	VERBOSE   	FPS	XnOpenNI.cpp	883	[FPS] MyDepth (I: 30.07, O: 21.34) Image1 (I: 30.18, O: 21.34) ReadCalls: 21.67
 68021689	VERBOSE   	FPS	XnOpenNI.cpp	883	[FPS] MyDepth (I: 30.30, O: 21.44) Image1 (I: 30.01, O: 21.44) ReadCalls: 21.44
 69020788	VERBOSE   	FPS	XnOpenNI.cpp	883	[FPS] MyDepth (I: 30.01, O: 21.34) Image1 (I: 30.02, O: 21.34) ReadCalls: 21.67
 70006106	VERBOSE   	FPS	XnOpenNI.cpp	883	[FPS] MyDepth (I: 30.15, O: 21.33) Image1 (I: 30.17, O: 21.33) ReadCalls: 21.67
 71022226	VERBOSE   	FPS	XnOpenNI.cpp	883	[FPS] MyDepth (I: 30.30, O: 21.44) Image1 (I: 30.01, O: 21.44) ReadCalls: 21.44
 72020694	VERBOSE   	FPS	XnOpenNI.cpp	883	[FPS] MyDepth (I: 30.01, O: 21.34) Image1 (I: 30.02, O: 21.34) ReadCalls: 21.67
 73005998	VERBOSE   	FPS	XnOpenNI.cpp	883	[FPS] MyDepth (I: 30.16, O: 21.34) Image1 (I: 30.17, O: 21.34) ReadCalls: 21.67
 74021883	VERBOSE   	FPS	XnOpenNI.cpp	883	[FPS] MyDepth (I: 30.31, O: 21.44) Image1 (I: 30.01, O: 21.44) ReadCalls: 21.44
 75020582	VERBOSE   	FPS	XnOpenNI.cpp	883	[FPS] MyDepth (I: 30.01, O: 21.34) Image1 (I: 30.02, O: 21.34) ReadCalls: 21.67
 76005889	VERBOSE   	FPS	XnOpenNI.cpp	883	[FPS] MyDepth (I: 30.16, O: 21.34) Image1 (I: 30.17, O: 21.34) ReadCalls: 21.67
 77022867	VERBOSE   	FPS	XnOpenNI.cpp	883	[FPS] MyDepth (I: 30.07, O: 21.43) Image1 (I: 30.30, O: 21.43) ReadCalls: 21.43
 78002006	VERBOSE   	FPS	XnOpenNI.cpp	883	[FPS] MyDepth (I: 30.31, O: 21.47) Image1 (I: 30.21, O: 21.47) ReadCalls: 21.47
 79001577	VERBOSE   	FPS	XnOpenNI.cpp	883	[FPS] MyDepth (I: 30.31, O: 21.37) Image1 (I: 30.21, O: 21.37) ReadCalls: 21.36
 80002342	VERBOSE   	FPS	XnOpenNI.cpp	883	[FPS] MyDepth (I: 30.29, O: 21.58) Image1 (I: 30.21, O: 21.58) ReadCalls: 21.58
 81001987	VERBOSE   	FPS	XnOpenNI.cpp	883	[FPS] MyDepth (I: 30.31, O: 21.47) Image1 (I: 30.21, O: 21.47) ReadCalls: 21.47
 82001285	VERBOSE   	FPS	XnOpenNI.cpp	883	[FPS] MyDepth (I: 30.31, O: 21.37) Image1 (I: 30.22, O: 21.37) ReadCalls: 21.37
 83001890	VERBOSE   	FPS	XnOpenNI.cpp	883	[FPS] MyDepth (I: 30.30, O: 21.59) Image1 (I: 30.21, O: 21.59) ReadCalls: 21.59
 84001490	VERBOSE   	FPS	XnOpenNI.cpp	883	[FPS] MyDepth (I: 30.31, O: 21.47) Image1 (I: 30.21, O: 21.47) ReadCalls: 21.47
 85001293	VERBOSE   	FPS	XnOpenNI.cpp	883	[FPS] MyDepth (I: 30.31, O: 21.36) Image1 (I: 30.22, O: 21.36) ReadCalls: 21.36
 86002339	VERBOSE   	FPS	XnOpenNI.cpp	883	[FPS] MyDepth (I: 30.29, O: 21.58) Image1 (I: 30.20, O: 21.58) ReadCalls: 21.58
 87011164	VERBOSE   	FPS	XnOpenNI.cpp	883	[FPS] MyDepth (I: 30.30, O: 21.41) Image1 (I: 30.11, O: 21.41) ReadCalls: 21.40
 88004478	VERBOSE   	FPS	XnOpenNI.cpp	883	[FPS] MyDepth (I: 30.03, O: 21.34) Image1 (I: 30.18, O: 21.34) ReadCalls: 21.67
 89011515	VERBOSE   	FPS	XnOpenNI.cpp	883	[FPS] MyDepth (I: 30.30, O: 21.51) Image1 (I: 30.11, O: 21.51) ReadCalls: 21.51
 90011249	VERBOSE   	FPS	XnOpenNI.cpp	883	[FPS] MyDepth (I: 30.31, O: 21.40) Image1 (I: 30.11, O: 21.40) ReadCalls: 21.40
 91004379	VERBOSE   	FPS	XnOpenNI.cpp	883	[FPS] MyDepth (I: 30.07, O: 21.34) Image1 (I: 30.18, O: 21.34) ReadCalls: 21.67
 92011141	VERBOSE   	FPS	XnOpenNI.cpp	883	[FPS] MyDepth (I: 30.30, O: 21.52) Image1 (I: 30.11, O: 21.52) ReadCalls: 21.52
 93010962	VERBOSE   	FPS	XnOpenNI.cpp	883	[FPS] MyDepth (I: 30.31, O: 21.40) Image1 (I: 30.12, O: 21.40) ReadCalls: 21.40
 94005244	VERBOSE   	FPS	XnOpenNI.cpp	883	[FPS] MyDepth (I: 30.06, O: 21.34) Image1 (I: 30.17, O: 21.34) ReadCalls: 21.67
 95010911	VERBOSE   	FPS	XnOpenNI.cpp	883	[FPS] MyDepth (I: 30.31, O: 21.51) Image1 (I: 30.12, O: 21.51) ReadCalls: 21.51
 96011182	VERBOSE   	FPS	XnOpenNI.cpp	883	[FPS] MyDepth (I: 30.31, O: 21.40) Image1 (I: 30.11, O: 21.40) ReadCalls: 21.40
 97004179	VERBOSE   	FPS	XnOpenNI.cpp	883	[FPS] MyDepth (I: 30.07, O: 21.34) Image1 (I: 30.18, O: 21.34) ReadCalls: 21.67
 98021342	VERBOSE   	FPS	XnOpenNI.cpp	883	[FPS] MyDepth (I: 30.30, O: 21.44) Image1 (I: 30.01, O: 21.44) ReadCalls: 21.43
 99020697	VERBOSE   	FPS	XnOpenNI.cpp	883	[FPS] MyDepth (I: 29.98, O: 21.34) Image1 (I: 30.02, O: 21.34) ReadCalls: 21.67
100004056	VERBOSE   	FPS	XnOpenNI.cpp	883	[FPS] MyDepth (I: 30.17, O: 21.34) Image1 (I: 30.18, O: 21.34) ReadCalls: 21.67
101021169	VERBOSE   	FPS	XnOpenNI.cpp	883	[FPS] MyDepth (I: 30.31, O: 21.44) Image1 (I: 30.01, O: 21.45) ReadCalls: 21.44
102019623	VERBOSE   	FPS	XnOpenNI.cpp	883	[FPS] MyDepth (I: 30.01, O: 21.34) Image1 (I: 30.03, O: 21.34) ReadCalls: 21.67
103004929	VERBOSE   	FPS	XnOpenNI.cpp	883	[FPS] MyDepth (I: 30.16, O: 21.33) Image1 (I: 30.17, O: 21.33) ReadCalls: 21.67
104021123	VERBOSE   	FPS	XnOpenNI.cpp	883	[FPS] MyDepth (I: 30.30, O: 21.44) Image1 (I: 30.01, O: 21.44) ReadCalls: 21.43
105020485	VERBOSE   	FPS	XnOpenNI.cpp	883	[FPS] MyDepth (I: 30.00, O: 21.34) Image1 (I: 30.02, O: 21.34) ReadCalls: 21.67
106003855	VERBOSE   	FPS	XnOpenNI.cpp	883	[FPS] MyDepth (I: 30.17, O: 21.34) Image1 (I: 30.18, O: 21.34) ReadCalls: 21.67
107022112	VERBOSE   	FPS	XnOpenNI.cpp	883	[FPS] MyDepth (I: 30.06, O: 21.44) Image1 (I: 30.41, O: 21.44) ReadCalls: 21.43
108020370	VERBOSE   	FPS	XnOpenNI.cpp	883	[FPS] MyDepth (I: 30.01, O: 21.34) Image1 (I: 30.02, O: 21.34) ReadCalls: 21.67
109000425	VERBOSE   	FPS	XnOpenNI.cpp	883	[FPS] MyDepth (I: 30.32, O: 21.36) Image1 (I: 30.22, O: 21.36) ReadCalls: 21.36
110001086	VERBOSE   	FPS	XnOpenNI.cpp	883	[FPS] MyDepth (I: 30.30, O: 21.58) Image1 (I: 30.21, O: 21.58) ReadCalls: 21.58
111001665	VERBOSE   	FPS	XnOpenNI.cpp	883	[FPS] MyDepth (I: 30.30, O: 21.47) Image1 (I: 30.20, O: 21.47) ReadCalls: 21.47
112000433	VERBOSE   	FPS	XnOpenNI.cpp	883	[FPS] MyDepth (I: 30.31, O: 21.37) Image1 (I: 30.22, O: 21.37) ReadCalls: 21.36
113001149	VERBOSE   	FPS	XnOpenNI.cpp	883	[FPS] MyDepth (I: 30.30, O: 21.58) Image1 (I: 30.31, O: 21.58) ReadCalls: 21.58
114001459	VERBOSE   	FPS	XnOpenNI.cpp	883	[FPS] MyDepth (I: 30.30, O: 21.47) Image1 (I: 30.31, O: 21.47) ReadCalls: 21.47
115000842	VERBOSE   	FPS	XnOpenNI.cpp	883	[FPS] MyDepth (I: 30.31, O: 21.35) Image1 (I: 30.32, O: 21.36) ReadCalls: 21.35
116001287	VERBOSE   	FPS	XnOpenNI.cpp	883	[FPS] MyDepth (I: 30.30, O: 21.58) Image1 (I: 30.31, O: 21.58) ReadCalls: 21.58
117001315	VERBOSE   	FPS	XnOpenNI.cpp	883	[FPS] MyDepth (I: 30.30, O: 21.46) Image1 (I: 30.31, O: 21.46) ReadCalls: 21.46
118000740	VERBOSE   	FPS	XnOpenNI.cpp	883	[FPS] MyDepth (I: 30.31, O: 21.35) Image1 (I: 30.32, O: 21.36) ReadCalls: 21.35
119010473	VERBOSE   	FPS	XnOpenNI.cpp	883	[FPS] MyDepth (I: 30.30, O: 21.51) Image1 (I: 30.21, O: 21.51) ReadCalls: 21.51
120010416	VERBOSE   	FPS	XnOpenNI.cpp	883	[FPS] MyDepth (I: 30.30, O: 21.40) Image1 (I: 30.22, O: 21.40) ReadCalls: 21.40
121004284	VERBOSE   	FPS	XnOpenNI.cpp	883	[FPS] MyDepth (I: 30.03, O: 21.33) Image1 (I: 30.28, O: 21.33) ReadCalls: 21.67
122010206	VERBOSE   	FPS	XnOpenNI.cpp	883	[FPS] MyDepth (I: 30.31, O: 21.52) Image1 (I: 30.22, O: 21.52) ReadCalls: 21.52
123010323	VERBOSE   	FPS	XnOpenNI.cpp	883	[FPS] MyDepth (I: 30.31, O: 21.40) Image1 (I: 30.22, O: 21.40) ReadCalls: 21.40
124004179	VERBOSE   	FPS	XnOpenNI.cpp	883	[FPS] MyDepth (I: 30.06, O: 21.34) Image1 (I: 30.28, O: 21.34) ReadCalls: 21.67
125010986	VERBOSE   	FPS	XnOpenNI.cpp	883	[FPS] MyDepth (I: 30.30, O: 21.50) Image1 (I: 30.21, O: 21.50) ReadCalls: 21.50
126010377	VERBOSE   	FPS	XnOpenNI.cpp	883	[FPS] MyDepth (I: 30.30, O: 21.40) Image1 (I: 30.22, O: 21.40) ReadCalls: 21.40
127004082	VERBOSE   	FPS	XnOpenNI.cpp	883	[FPS] MyDepth (I: 30.06, O: 21.34) Image1 (I: 30.28, O: 21.34) ReadCalls: 21.67
128020427	VERBOSE   	FPS	XnOpenNI.cpp	883	[FPS] MyDepth (I: 30.31, O: 21.43) Image1 (I: 30.11, O: 21.44) ReadCalls: 21.43
129019622	VERBOSE   	FPS	XnOpenNI.cpp	883	[FPS] MyDepth (I: 29.98, O: 21.34) Image1 (I: 30.12, O: 21.34) ReadCalls: 21.67
130003965	VERBOSE   	FPS	XnOpenNI.cpp	883	[FPS] MyDepth (I: 30.06, O: 21.34) Image1 (I: 30.28, O: 21.34) ReadCalls: 21.67
131020614	VERBOSE   	FPS	XnOpenNI.cpp	883	[FPS] MyDepth (I: 30.30, O: 21.44) Image1 (I: 30.11, O: 21.44) ReadCalls: 21.44
132019633	VERBOSE   	FPS	XnOpenNI.cpp	883	[FPS] MyDepth (I: 30.00, O: 21.34) Image1 (I: 30.12, O: 21.34) ReadCalls: 21.66
133002881	VERBOSE   	FPS	XnOpenNI.cpp	883	[FPS] MyDepth (I: 30.18, O: 21.34) Image1 (I: 30.29, O: 21.34) ReadCalls: 21.67
134020650	VERBOSE   	FPS	XnOpenNI.cpp	883	[FPS] MyDepth (I: 30.30, O: 21.43) Image1 (I: 30.11, O: 21.43) ReadCalls: 21.43
135001494	VERBOSE   	FPS	XnOpenNI.cpp	883	[FPS] MyDepth (I: 30.19, O: 21.47) Image1 (I: 30.31, O: 21.47) ReadCalls: 21.46
136001353	VERBOSE   	FPS	XnOpenNI.cpp	883	[FPS] MyDepth (I: 30.19, O: 21.35) Image1 (I: 30.30, O: 21.35) ReadCalls: 21.34
137001469	VERBOSE   	FPS	XnOpenNI.cpp	883	[FPS] MyDepth (I: 30.19, O: 21.58) Image1 (I: 30.30, O: 21.58) ReadCalls: 21.57
138001336	VERBOSE   	FPS	XnOpenNI.cpp	883	[FPS] MyDepth (I: 30.19, O: 21.47) Image1 (I: 30.30, O: 21.47) ReadCalls: 21.46
139001137	VERBOSE   	FPS	XnOpenNI.cpp	883	[FPS] MyDepth (I: 30.19, O: 21.35) Image1 (I: 30.31, O: 21.35) ReadCalls: 21.35
140001506	VERBOSE   	FPS	XnOpenNI.cpp	883	[FPS] MyDepth (I: 30.28, O: 21.58) Image1 (I: 30.30, O: 21.58) ReadCalls: 21.57
141000058	VERBOSE   	FPS	XnOpenNI.cpp	883	[FPS] MyDepth (I: 30.31, O: 21.47) Image1 (I: 30.01, O: 21.47) ReadCalls: 21.46
142001114	VERBOSE   	FPS	XnOpenNI.cpp	883	[FPS] MyDepth (I: 30.30, O: 21.35) Image1 (I: 30.31, O: 21.35) ReadCalls: 21.34
143000664	VERBOSE   	FPS	XnOpenNI.cpp	883	[FPS] MyDepth (I: 30.29, O: 21.58) Image1 (I: 30.01, O: 21.58) ReadCalls: 21.58
144000738	VERBOSE   	FPS	XnOpenNI.cpp	883	[FPS] MyDepth (I: 30.31, O: 21.47) Image1 (I: 30.01, O: 21.47) ReadCalls: 21.47
145001070	VERBOSE   	FPS	XnOpenNI.cpp	883	[FPS] MyDepth (I: 30.30, O: 21.35) Image1 (I: 30.31, O: 21.35) ReadCalls: 21.34
146000339	VERBOSE   	FPS	XnOpenNI.cpp	883	[FPS] MyDepth (I: 30.30, O: 21.58) Image1 (I: 30.01, O: 21.58) ReadCalls: 21.58
147000630	VERBOSE   	FPS	XnOpenNI.cpp	883	[FPS] MyDepth (I: 30.30, O: 21.46) Image1 (I: 30.01, O: 21.46) ReadCalls: 21.46
148000961	VERBOSE   	FPS	XnOpenNI.cpp	883	[FPS] MyDepth (I: 30.30, O: 21.35) Image1 (I: 30.31, O: 21.35) ReadCalls: 21.34
149001024	VERBOSE   	FPS	XnOpenNI.cpp	883	[FPS] MyDepth (I: 30.29, O: 21.58) Image1 (I: 29.97, O: 21.58) ReadCalls: 21.57
150001083	VERBOSE   	FPS	XnOpenNI.cpp	883	[FPS] MyDepth (I: 30.05, O: 21.46) Image1 (I: 30.30, O: 21.46) ReadCalls: 21.46
151001006	VERBOSE   	FPS	XnOpenNI.cpp	883	[FPS] MyDepth (I: 30.05, O: 21.35) Image1 (I: 30.31, O: 21.35) ReadCalls: 21.35
