     1109	INFO      	Log	XnLog.cpp	323	OpenNI version is 1.3.4 (Build 3)-Win32 (Oct 10 2011 20:01:54)
     1203	INFO      	Log	XnLog.cpp	301	--- Filter Info --- Minimum Severity: VERBOSE
     1352	VERBOSE   	ModuleLoader	XnModuleLoader.cpp	453	Found exported production node. Script: OpenNI/OpenNI/1.3.4.3
     1978	VERBOSE   	ModuleLoader	XnModuleLoader.cpp	282	Checking C:\Archivos de programa\OpenNI\Bin\nimRecorder.dll...
     7941	VERBOSE   	ModuleLoader	XnModuleLoader.cpp	453	Found exported production node. Recorder: OpenNI/Recorder/1.3.4.3
     7995	VERBOSE   	ModuleLoader	XnModuleLoader.cpp	453	Found exported production node. Player: OpenNI/Player/1.3.4.3
     8085	VERBOSE   	ModuleLoader	XnModuleLoader.cpp	282	Checking C:\Archivos de programa\OpenNI\Bin\nimMockNodes.dll...
    13871	VERBOSE   	ModuleLoader	XnModuleLoader.cpp	453	Found exported production node. ProductionNode: OpenNI/Mock/1.3.4.3
    13916	VERBOSE   	ModuleLoader	XnModuleLoader.cpp	453	Found exported production node. Generator: OpenNI/Mock/1.3.4.3
    13956	VERBOSE   	ModuleLoader	XnModuleLoader.cpp	453	Found exported production node. MapGenerator: OpenNI/Mock/1.3.4.3
    13996	VERBOSE   	ModuleLoader	XnModuleLoader.cpp	453	Found exported production node. Device: OpenNI/Mock/1.3.4.3
    14036	VERBOSE   	ModuleLoader	XnModuleLoader.cpp	453	Found exported production node. Depth: OpenNI/Mock/1.3.4.3
    14083	VERBOSE   	ModuleLoader	XnModuleLoader.cpp	453	Found exported production node. IR: OpenNI/Mock/1.3.4.3
    14110	VERBOSE   	ModuleLoader	XnModuleLoader.cpp	453	Found exported production node. Image: OpenNI/Mock/1.3.4.3
    14140	VERBOSE   	ModuleLoader	XnModuleLoader.cpp	453	Found exported production node. Audio: OpenNI/Mock/1.3.4.3
    14168	VERBOSE   	ModuleLoader	XnModuleLoader.cpp	282	Checking C:\Archivos de programa\OpenNI\Bin\nimCodecs.dll...
    19837	VERBOSE   	ModuleLoader	XnModuleLoader.cpp	453	Found exported production node. Codec: OpenNI/16zP/1.3.4.3
    19893	VERBOSE   	ModuleLoader	XnModuleLoader.cpp	453	Found exported production node. Codec: OpenNI/16zT/1.3.4.3
    19930	VERBOSE   	ModuleLoader	XnModuleLoader.cpp	453	Found exported production node. Codec: OpenNI/Im8z/1.3.4.3
    19962	VERBOSE   	ModuleLoader	XnModuleLoader.cpp	453	Found exported production node. Codec: OpenNI/JPEG/1.3.4.3
    19992	VERBOSE   	ModuleLoader	XnModuleLoader.cpp	453	Found exported production node. Codec: OpenNI/NONE/1.3.4.3
    20018	VERBOSE   	ModuleLoader	XnModuleLoader.cpp	282	Checking C:\Archivos de programa\PrimeSense\SensorKinect\Bin\XnDeviceFile.dll...
    43612	VERBOSE   	ModuleLoader	XnModuleLoader.cpp	453	Found exported production node. Player: PrimeSense/File/5.0.3.4
    43662	VERBOSE   	ModuleLoader	XnModuleLoader.cpp	282	Checking C:\Archivos de programa\PrimeSense\SensorKinect\Bin\XnDeviceSensorV2KM.dll...
    49719	VERBOSE   	ModuleLoader	XnModuleLoader.cpp	453	Found exported production node. Device: PrimeSense/SensorKinect/5.0.3.4
    49757	VERBOSE   	ModuleLoader	XnModuleLoader.cpp	453	Found exported production node. Depth: PrimeSense/SensorKinect/5.0.3.4
    49824	VERBOSE   	ModuleLoader	XnModuleLoader.cpp	453	Found exported production node. Image: PrimeSense/SensorKinect/5.0.3.4
    49860	VERBOSE   	ModuleLoader	XnModuleLoader.cpp	453	Found exported production node. IR: PrimeSense/SensorKinect/5.0.3.4
    49891	VERBOSE   	ModuleLoader	XnModuleLoader.cpp	453	Found exported production node. Audio: PrimeSense/SensorKinect/5.0.3.4
    49918	VERBOSE   	ModuleLoader	XnModuleLoader.cpp	282	Checking C:\Archivos de programa\PrimeSense\NITE\Features_1_3_0\Bin\XnVFeatures_1_3_0.dll...
    63127	VERBOSE   	ModuleLoader	XnModuleLoader.cpp	453	Found exported production node. Scene: PrimeSense/XnVSceneAnalyzer/1.3.0.17
    63177	VERBOSE   	ModuleLoader	XnModuleLoader.cpp	453	Found exported production node. User: PrimeSense/XnVSkeletonGenerator/1.3.0.17
    63218	VERBOSE   	ModuleLoader	XnModuleLoader.cpp	282	Checking C:\Archivos de programa\PrimeSense\NITE\Features_1_3_1\Bin\XnVFeatures_1_3_1.dll...
    73725	VERBOSE   	ModuleLoader	XnModuleLoader.cpp	453	Found exported production node. Scene: PrimeSense/XnVSceneAnalyzer/1.3.1.6
    73817	VERBOSE   	ModuleLoader	XnModuleLoader.cpp	453	Found exported production node. User: PrimeSense/XnVSkeletonGenerator/1.3.1.6
    73856	VERBOSE   	ModuleLoader	XnModuleLoader.cpp	282	Checking C:\Archivos de programa\PrimeSense\NITE\Features_1_4_1\Bin\XnVFeatures_1_4_1.dll...
    86257	VERBOSE   	ModuleLoader	XnModuleLoader.cpp	453	Found exported production node. Scene: PrimeSense/XnVSceneAnalyzer/1.4.1.2
    86332	VERBOSE   	ModuleLoader	XnModuleLoader.cpp	453	Found exported production node. User: PrimeSense/XnVSkeletonGenerator/1.4.1.2
    86372	VERBOSE   	ModuleLoader	XnModuleLoader.cpp	282	Checking C:\Archivos de programa\PrimeSense\NITE\Hands_1_3_0\Bin\XnVHandGenerator_1_3_0.dll...
    96110	VERBOSE   	ModuleLoader	XnModuleLoader.cpp	453	Found exported production node. Gesture: PrimeSense/XnVGestureGenrator/1.3.0.17
    96160	VERBOSE   	ModuleLoader	XnModuleLoader.cpp	453	Found exported production node. Hands: PrimeSense/XnVHandTracker/1.3.0.17
    96196	VERBOSE   	ModuleLoader	XnModuleLoader.cpp	282	Checking C:\Archivos de programa\PrimeSense\NITE\Hands_1_3_1\Bin\XnVHandGenerator_1_3_1.dll...
   104246	VERBOSE   	ModuleLoader	XnModuleLoader.cpp	453	Found exported production node. Gesture: PrimeSense/XnVGestureGenrator/1.3.1.6
   104301	VERBOSE   	ModuleLoader	XnModuleLoader.cpp	453	Found exported production node. Hands: PrimeSense/XnVHandTracker/1.3.1.6
   104336	VERBOSE   	ModuleLoader	XnModuleLoader.cpp	282	Checking C:\Archivos de programa\PrimeSense\NITE\Hands_1_4_1\Bin\XnVHandGenerator_1_4_1.dll...
   115233	VERBOSE   	ModuleLoader	XnModuleLoader.cpp	453	Found exported production node. Gesture: PrimeSense/XnVGestureGenrator/1.4.1.2
   115278	VERBOSE   	ModuleLoader	XnModuleLoader.cpp	453	Found exported production node. Hands: PrimeSense/XnVHandTracker/1.4.1.2
   115724	INFO      	OpenNI	XnOpenNI.cpp	1547	Creating node 'Script1' of type Script: OpenNI/OpenNI/1.3.4.3...
   116203	VERBOSE   	OpenNI	XnXmlScriptNode.cpp	780	Requested to create a node of type Depth...
   134149	INFO      	OpenNI	XnOpenNI.cpp	1547	Creating node 'Device1' of type Device: PrimeSense/SensorKinect/5.0.3.4...
  1638825	INFO      	DDK	XnProperty.cpp	151	Property Device.ShareMode was changed to 1.
  1638864	INFO      	DDK	XnProperty.cpp	151	Property Device.InstancePointer was changed.
  1639134	INFO      	DDK	XnProperty.cpp	151	Property Device.ShareMode was changed to 0.
  1640128	INFO      	OpenNI	XnOpenNI.cpp	1547	Creating node 'MyDepth' of type Depth: PrimeSense/SensorKinect/5.0.3.4...
  1640198	VERBOSE   	SensorClient	XnSensorClient.cpp	268	Creating stream MyDepth (of type Depth)
  1653152	INFO      	DDK	XnProperty.cpp	151	Property Device.ReadData was changed to 1.
  1679945	INFO      	DDK	XnDeviceBase.cpp	1383	Creating stream 'MyDepth' of type 'Depth'...
  1680086	VERBOSE   	DDK	XnDeviceBase.cpp	1419	Initializing stream 'MyDepth'...
  1680559	INFO      	DDK	XnProperty.cpp	151	Property MyDepth.RequiredDataSize was changed to 614400.
  1681108	INFO      	DDK	XnProperty.cpp	151	Property MyDepth.OutputFormat was changed to 1.
  1681213	INFO      	DDK	XnDeviceBase.cpp	1458	Stream 'MyDepth' was initialized.
  1681231	INFO      	DDK	XnDeviceBase.cpp	1463	'MyDepth' stream was created.
  1682169	VERBOSE   	SensorClient	XnSensorClient.cpp	391	Getting property MyDepth.SupportedModes from server...
  1682441	VERBOSE   	SensorServer	XnSensorClient.cpp	433	Setting MyDepth.Mirror to 1...
  1682554	INFO      	DDK	XnProperty.cpp	151	Property MyDepth.Mirror was changed to 1.
  1682719	VERBOSE   	OpenNI	XnXmlScriptNode.cpp	780	Requested to create a node of type Image (StopOnError=FALSE)...
  1685894	VERBOSE   	SensorClient	XnSensorClient.cpp	391	Getting property Device.CmosBlankingUnits from server...
  1699050	INFO      	OpenNI	XnOpenNI.cpp	1547	Creating node 'Image1' of type Image: PrimeSense/SensorKinect/5.0.3.4...
  1699096	VERBOSE   	SensorClient	XnSensorClient.cpp	268	Creating stream Image1 (of type Image)
  1709003	INFO      	DDK	XnDeviceBase.cpp	1383	Creating stream 'Image1' of type 'Image'...
  1709358	VERBOSE   	DDK	XnDeviceBase.cpp	1419	Initializing stream 'Image1'...
  1709888	INFO      	DDK	XnProperty.cpp	151	Property Image1.RequiredDataSize was changed to 921600.
  1710475	INFO      	DDK	XnProperty.cpp	151	Property Image1.OutputFormat was changed to 5.
  1710512	INFO      	DDK	XnDeviceBase.cpp	1458	Stream 'Image1' was initialized.
  1710529	INFO      	DDK	XnDeviceBase.cpp	1463	'Image1' stream was created.
  1711028	VERBOSE   	SensorClient	XnSensorClient.cpp	391	Getting property Image1.SupportedModes from server...
  1711308	VERBOSE   	SensorServer	XnSensorClient.cpp	433	Setting Image1.Mirror to 1...
  1711439	INFO      	DDK	XnProperty.cpp	151	Property Image1.Mirror was changed to 1.
  1711758	VERBOSE   	DDK	XnDeviceBase.cpp	359	Opening stream MyDepth...
  1712680	INFO      	DDK	XnProperty.cpp	151	Property MyDepth.ActualReadData was changed to 1.
  1967731	VERBOSE   	FPS	XnOpenNI.cpp	883	[FPS] MyDepth (I:  0.00, O:  0.00) Image1 (I:  0.00, O:  0.00) ReadCalls:  0.00
  2037618	VERBOSE   	FPS	XnOpenNI.cpp	883	[FPS] MyDepth (I:  0.00, O:  0.00) Image1 (I:  0.00, O:  0.00) ReadCalls:  0.00
  2203812	INFO      	DDK	XnProperty.cpp	151	Property MyDepth.State was changed to 1.
  2203865	INFO      	DDK	XnDeviceBase.cpp	370	Stream MyDepth is open.
  2203902	VERBOSE   	DDK	XnDeviceBase.cpp	359	Opening stream Image1...
  2204853	INFO      	DDK	XnProperty.cpp	151	Property Image1.ActualReadData was changed to 1.
  3007555	VERBOSE   	FPS	XnOpenNI.cpp	883	[FPS] MyDepth (I: 29.81, O:  0.00) Image1 (I:  0.00, O:  0.00) ReadCalls:  0.00
  4007557	VERBOSE   	FPS	XnOpenNI.cpp	883	[FPS] MyDepth (I: 29.90, O:  0.00) Image1 (I:  0.00, O:  0.00) ReadCalls:  0.00
  5007567	VERBOSE   	FPS	XnOpenNI.cpp	883	[FPS] MyDepth (I: 29.97, O:  0.00) Image1 (I:  0.00, O:  0.00) ReadCalls:  0.00
  5409031	INFO      	DDK	XnProperty.cpp	151	Property Image1.State was changed to 1.
  5409081	INFO      	DDK	XnDeviceBase.cpp	370	Stream Image1 is open.
  5409276	VERBOSE   	SensorServer	XnSensorClient.cpp	433	Setting MyDepth.Registration to 1...
  5560464	INFO      	DDK	XnProperty.cpp	151	Property MyDepth.Registration was changed to 1.
  6001100	VERBOSE   	FPS	XnOpenNI.cpp	883	[FPS] MyDepth (I: 29.40, O: 23.38) Image1 (I: 31.83, O: 23.39) ReadCalls: 23.37
  7001475	VERBOSE   	FPS	XnOpenNI.cpp	883	[FPS] MyDepth (I: 29.39, O: 21.71) Image1 (I: 30.72, O: 21.71) ReadCalls: 21.70
  8001290	VERBOSE   	FPS	XnOpenNI.cpp	883	[FPS] MyDepth (I: 29.39, O: 21.42) Image1 (I: 30.45, O: 21.42) ReadCalls: 21.42
  9001481	VERBOSE   	FPS	XnOpenNI.cpp	883	[FPS] MyDepth (I: 30.10, O: 21.64) Image1 (I: 30.40, O: 21.64) ReadCalls: 21.63
 10001056	VERBOSE   	FPS	XnOpenNI.cpp	883	[FPS] MyDepth (I: 30.10, O: 17.82) Image1 (I: 30.41, O: 17.83) ReadCalls: 17.82
 11001031	VERBOSE   	FPS	XnOpenNI.cpp	883	[FPS] MyDepth (I: 30.10, O: 10.71) Image1 (I: 30.41, O: 10.71) ReadCalls: 10.71
 12001233	VERBOSE   	FPS	XnOpenNI.cpp	883	[FPS] MyDepth (I: 30.10, O:  9.75) Image1 (I: 30.40, O:  9.75) ReadCalls:  9.75
 13001219	VERBOSE   	FPS	XnOpenNI.cpp	883	[FPS] MyDepth (I: 30.10, O: 21.87) Image1 (I: 30.40, O: 21.87) ReadCalls: 21.86
 14000980	VERBOSE   	FPS	XnOpenNI.cpp	883	[FPS] MyDepth (I: 30.10, O: 21.91) Image1 (I: 30.41, O: 21.91) ReadCalls: 21.91
 15001450	VERBOSE   	FPS	XnOpenNI.cpp	883	[FPS] MyDepth (I: 30.09, O: 21.74) Image1 (I: 30.40, O: 21.74) ReadCalls: 21.74
 16000981	VERBOSE   	FPS	XnOpenNI.cpp	883	[FPS] MyDepth (I: 30.20, O: 21.64) Image1 (I: 30.40, O: 21.64) ReadCalls: 21.64
 17001034	VERBOSE   	FPS	XnOpenNI.cpp	883	[FPS] MyDepth (I: 30.20, O: 21.64) Image1 (I: 30.40, O: 21.64) ReadCalls: 21.64
 18001049	VERBOSE   	FPS	XnOpenNI.cpp	883	[FPS] MyDepth (I: 30.20, O: 21.53) Image1 (I: 30.41, O: 21.19) ReadCalls: 21.53
 19000868	VERBOSE   	FPS	XnOpenNI.cpp	883	[FPS] MyDepth (I: 30.20, O: 21.75) Image1 (I: 30.41, O: 21.42) ReadCalls: 21.75
 20000915	VERBOSE   	FPS	XnOpenNI.cpp	883	[FPS] MyDepth (I: 30.20, O: 21.98) Image1 (I: 30.41, O: 21.64) ReadCalls: 21.97
 21000854	VERBOSE   	FPS	XnOpenNI.cpp	883	[FPS] MyDepth (I: 30.21, O: 21.75) Image1 (I: 30.41, O: 21.75) ReadCalls: 21.74
 22001162	VERBOSE   	FPS	XnOpenNI.cpp	883	[FPS] MyDepth (I: 30.20, O: 21.86) Image1 (I: 30.40, O: 21.87) ReadCalls: 21.86
 23000852	VERBOSE   	FPS	XnOpenNI.cpp	883	[FPS] MyDepth (I: 30.20, O: 21.97) Image1 (I: 30.41, O: 21.98) ReadCalls: 21.97
 24001406	VERBOSE   	FPS	XnOpenNI.cpp	883	[FPS] MyDepth (I: 30.20, O: 21.75) Image1 (I: 30.40, O: 21.75) ReadCalls: 21.75
 25000433	VERBOSE   	FPS	XnOpenNI.cpp	883	[FPS] MyDepth (I: 30.31, O: 21.55) Image1 (I: 30.01, O: 21.55) ReadCalls: 21.52
 26001217	VERBOSE   	FPS	XnOpenNI.cpp	883	[FPS] MyDepth (I: 30.30, O: 21.63) Image1 (I: 30.06, O: 21.63) ReadCalls: 21.63
 27000241	VERBOSE   	FPS	XnOpenNI.cpp	883	[FPS] MyDepth (I: 30.31, O: 21.55) Image1 (I: 30.01, O: 21.55) ReadCalls: 21.53
 28000923	VERBOSE   	FPS	XnOpenNI.cpp	883	[FPS] MyDepth (I: 30.31, O: 21.74) Image1 (I: 30.07, O: 21.41) ReadCalls: 21.74
 29001291	VERBOSE   	FPS	XnOpenNI.cpp	883	[FPS] MyDepth (I: 30.30, O: 21.63) Image1 (I: 30.00, O: 21.63) ReadCalls: 21.63
 30000355	VERBOSE   	FPS	XnOpenNI.cpp	883	[FPS] MyDepth (I: 30.31, O: 21.42) Image1 (I: 30.00, O: 21.76) ReadCalls: 21.75
 31000703	VERBOSE   	FPS	XnOpenNI.cpp	883	[FPS] MyDepth (I: 30.31, O: 21.97) Image1 (I: 30.10, O: 22.34) ReadCalls: 22.31
 32000819	VERBOSE   	FPS	XnOpenNI.cpp	883	[FPS] MyDepth (I: 30.31, O: 21.74) Image1 (I: 30.10, O: 22.08) ReadCalls: 22.08
 33010566	VERBOSE   	FPS	XnOpenNI.cpp	883	[FPS] MyDepth (I: 30.21, O: 22.01) Image1 (I: 30.30, O: 21.67) ReadCalls: 22.00
 34009875	VERBOSE   	FPS	XnOpenNI.cpp	883	[FPS] MyDepth (I: 30.31, O: 21.91) Image1 (I: 30.01, O: 21.57) ReadCalls: 21.90
 35010444	VERBOSE   	FPS	XnOpenNI.cpp	883	[FPS] MyDepth (I: 30.30, O: 21.80) Image1 (I: 30.00, O: 21.46) ReadCalls: 21.79
 36010705	VERBOSE   	FPS	XnOpenNI.cpp	883	[FPS] MyDepth (I: 30.29, O: 21.34) Image1 (I: 29.97, O: 21.34) ReadCalls: 21.34
 37011467	VERBOSE   	FPS	XnOpenNI.cpp	883	[FPS] MyDepth (I: 30.28, O: 21.89) Image1 (I: 29.96, O: 21.89) ReadCalls: 21.89
 38010683	VERBOSE   	FPS	XnOpenNI.cpp	883	[FPS] MyDepth (I: 30.30, O: 22.12) Image1 (I: 29.97, O: 22.12) ReadCalls: 22.12
 39010871	VERBOSE   	FPS	XnOpenNI.cpp	883	[FPS] MyDepth (I: 30.30, O: 22.34) Image1 (I: 29.97, O: 22.34) ReadCalls: 22.33
 40010597	VERBOSE   	FPS	XnOpenNI.cpp	883	[FPS] MyDepth (I: 30.30, O: 21.90) Image1 (I: 30.01, O: 21.90) ReadCalls: 21.90
 41010270	VERBOSE   	FPS	XnOpenNI.cpp	883	[FPS] MyDepth (I: 30.31, O: 21.45) Image1 (I: 30.00, O: 21.79) ReadCalls: 21.79
 42009876	VERBOSE   	FPS	XnOpenNI.cpp	883	[FPS] MyDepth (I: 30.31, O: 20.90) Image1 (I: 30.01, O: 21.58) ReadCalls: 21.57
 43008294	VERBOSE   	FPS	XnOpenNI.cpp	883	[FPS] MyDepth (I: 30.33, O: 21.14) Image1 (I: 30.02, O: 22.14) ReadCalls: 22.14
 44010562	VERBOSE   	FPS	XnOpenNI.cpp	883	[FPS] MyDepth (I: 30.07, O: 21.57) Image1 (I: 30.30, O: 21.91) ReadCalls: 22.24
 45010514	VERBOSE   	FPS	XnOpenNI.cpp	883	[FPS] MyDepth (I: 30.05, O: 21.67) Image1 (I: 30.30, O: 21.67) ReadCalls: 22.00
 46010448	VERBOSE   	FPS	XnOpenNI.cpp	883	[FPS] MyDepth (I: 30.04, O: 21.90) Image1 (I: 30.30, O: 21.56) ReadCalls: 21.90
 47010391	VERBOSE   	FPS	XnOpenNI.cpp	883	[FPS] MyDepth (I: 30.08, O: 21.79) Image1 (I: 30.30, O: 21.79) ReadCalls: 21.79
 48011022	VERBOSE   	FPS	XnOpenNI.cpp	883	[FPS] MyDepth (I: 30.09, O: 21.67) Image1 (I: 30.30, O: 21.67) ReadCalls: 21.67
 49010476	VERBOSE   	FPS	XnOpenNI.cpp	883	[FPS] MyDepth (I: 30.11, O: 21.34) Image1 (I: 30.30, O: 21.34) ReadCalls: 21.34
 50010548	VERBOSE   	FPS	XnOpenNI.cpp	883	[FPS] MyDepth (I: 30.10, O: 21.56) Image1 (I: 30.30, O: 21.56) ReadCalls: 21.56
 51010405	VERBOSE   	FPS	XnOpenNI.cpp	883	[FPS] MyDepth (I: 30.10, O: 21.46) Image1 (I: 30.30, O: 21.46) ReadCalls: 21.45
 52010342	VERBOSE   	FPS	XnOpenNI.cpp	883	[FPS] MyDepth (I: 30.11, O: 21.67) Image1 (I: 30.31, O: 21.67) ReadCalls: 21.67
 53010318	VERBOSE   	FPS	XnOpenNI.cpp	883	[FPS] MyDepth (I: 30.10, O: 22.24) Image1 (I: 30.30, O: 22.24) ReadCalls: 22.23
 54010338	VERBOSE   	FPS	XnOpenNI.cpp	883	[FPS] MyDepth (I: 30.10, O: 22.46) Image1 (I: 30.30, O: 22.46) ReadCalls: 22.46
 55010360	VERBOSE   	FPS	XnOpenNI.cpp	883	[FPS] MyDepth (I: 30.10, O: 22.24) Image1 (I: 30.30, O: 22.58) ReadCalls: 22.58
 56000684	VERBOSE   	FPS	XnOpenNI.cpp	883	[FPS] MyDepth (I: 30.30, O: 21.63) Image1 (I: 30.10, O: 22.31) ReadCalls: 22.31
 57010204	VERBOSE   	FPS	XnOpenNI.cpp	883	[FPS] MyDepth (I: 30.20, O: 21.01) Image1 (I: 30.30, O: 21.68) ReadCalls: 21.68
 58000760	VERBOSE   	FPS	XnOpenNI.cpp	883	[FPS] MyDepth (I: 30.30, O: 21.54) Image1 (I: 30.10, O: 21.88) ReadCalls: 21.86
 59000252	VERBOSE   	FPS	XnOpenNI.cpp	883	[FPS] MyDepth (I: 30.30, O: 21.52) Image1 (I: 30.10, O: 21.52) ReadCalls: 21.52
 60000265	VERBOSE   	FPS	XnOpenNI.cpp	883	[FPS] MyDepth (I: 30.31, O: 21.75) Image1 (I: 30.10, O: 21.75) ReadCalls: 21.75
 61000086	VERBOSE   	FPS	XnOpenNI.cpp	883	[FPS] MyDepth (I: 30.30, O: 21.88) Image1 (I: 30.10, O: 21.89) ReadCalls: 21.86
 62010215	VERBOSE   	FPS	XnOpenNI.cpp	883	[FPS] MyDepth (I: 30.21, O: 21.68) Image1 (I: 30.30, O: 21.34) ReadCalls: 21.68
 63001128	VERBOSE   	FPS	XnOpenNI.cpp	883	[FPS] MyDepth (I: 30.29, O: 21.51) Image1 (I: 30.09, O: 21.52) ReadCalls: 21.85
 64001166	VERBOSE   	FPS	XnOpenNI.cpp	883	[FPS] MyDepth (I: 30.29, O: 21.63) Image1 (I: 30.09, O: 21.63) ReadCalls: 21.96
 65010148	VERBOSE   	FPS	XnOpenNI.cpp	883	[FPS] MyDepth (I: 30.21, O: 21.34) Image1 (I: 30.30, O: 21.68) ReadCalls: 21.67
 66010332	VERBOSE   	FPS	XnOpenNI.cpp	883	[FPS] MyDepth (I: 30.30, O: 21.78) Image1 (I: 29.96, O: 21.78) ReadCalls: 21.78
 67010107	VERBOSE   	FPS	XnOpenNI.cpp	883	[FPS] MyDepth (I: 30.31, O: 21.79) Image1 (I: 30.00, O: 21.46) ReadCalls: 21.79
 68010040	VERBOSE   	FPS	XnOpenNI.cpp	883	[FPS] MyDepth (I: 30.30, O: 21.67) Image1 (I: 30.00, O: 21.34) ReadCalls: 21.67
 69010199	VERBOSE   	FPS	XnOpenNI.cpp	883	[FPS] MyDepth (I: 30.31, O: 21.45) Image1 (I: 30.00, O: 21.12) ReadCalls: 21.45
 70010148	VERBOSE   	FPS	XnOpenNI.cpp	883	[FPS] MyDepth (I: 30.30, O: 21.57) Image1 (I: 30.00, O: 21.23) ReadCalls: 21.57
 71010012	VERBOSE   	FPS	XnOpenNI.cpp	883	[FPS] MyDepth (I: 30.31, O: 21.78) Image1 (I: 30.00, O: 21.45) ReadCalls: 21.78
 72009851	VERBOSE   	FPS	XnOpenNI.cpp	883	[FPS] MyDepth (I: 30.31, O: 21.68) Image1 (I: 30.00, O: 21.34) ReadCalls: 21.68
 73009860	VERBOSE   	FPS	XnOpenNI.cpp	883	[FPS] MyDepth (I: 30.31, O: 21.46) Image1 (I: 30.00, O: 21.46) ReadCalls: 21.45
 74009961	VERBOSE   	FPS	XnOpenNI.cpp	883	[FPS] MyDepth (I: 30.30, O: 21.57) Image1 (I: 30.00, O: 21.57) ReadCalls: 21.57
 75009918	VERBOSE   	FPS	XnOpenNI.cpp	883	[FPS] MyDepth (I: 30.07, O: 21.45) Image1 (I: 30.31, O: 21.46) ReadCalls: 21.45
 76009985	VERBOSE   	FPS	XnOpenNI.cpp	883	[FPS] MyDepth (I: 30.07, O: 21.67) Image1 (I: 30.30, O: 21.67) ReadCalls: 21.67
 77010050	VERBOSE   	FPS	XnOpenNI.cpp	883	[FPS] MyDepth (I: 30.07, O: 21.78) Image1 (I: 30.30, O: 21.78) ReadCalls: 21.78
 78010018	VERBOSE   	FPS	XnOpenNI.cpp	883	[FPS] MyDepth (I: 30.10, O: 21.67) Image1 (I: 30.30, O: 22.01) ReadCalls: 22.01
 79009870	VERBOSE   	FPS	XnOpenNI.cpp	883	[FPS] MyDepth (I: 30.10, O: 21.45) Image1 (I: 30.31, O: 21.79) ReadCalls: 21.79
 80010155	VERBOSE   	FPS	XnOpenNI.cpp	883	[FPS] MyDepth (I: 30.10, O: 21.56) Image1 (I: 30.30, O: 21.90) ReadCalls: 21.90
 81009939	VERBOSE   	FPS	XnOpenNI.cpp	883	[FPS] MyDepth (I: 30.10, O: 21.79) Image1 (I: 30.41, O: 21.79) ReadCalls: 21.79
 82009981	VERBOSE   	FPS	XnOpenNI.cpp	883	[FPS] MyDepth (I: 30.10, O: 21.67) Image1 (I: 30.40, O: 22.34) ReadCalls: 22.34
 83009913	VERBOSE   	FPS	XnOpenNI.cpp	883	[FPS] MyDepth (I: 30.10, O: 21.56) Image1 (I: 30.41, O: 22.23) ReadCalls: 22.23
 84009850	VERBOSE   	FPS	XnOpenNI.cpp	883	[FPS] MyDepth (I: 30.10, O: 21.12) Image1 (I: 30.41, O: 22.12) ReadCalls: 22.12
 85009692	VERBOSE   	FPS	XnOpenNI.cpp	883	[FPS] MyDepth (I: 30.11, O: 21.22) Image1 (I: 30.00, O: 21.56) ReadCalls: 21.90
 86010094	VERBOSE   	FPS	XnOpenNI.cpp	883	[FPS] MyDepth (I: 30.10, O: 21.45) Image1 (I: 30.40, O: 21.79) ReadCalls: 21.78
 87009769	VERBOSE   	FPS	XnOpenNI.cpp	883	[FPS] MyDepth (I: 30.20, O: 21.48) Image1 (I: 30.41, O: 21.48) ReadCalls: 21.45
 88000498	VERBOSE   	FPS	XnOpenNI.cpp	883	[FPS] MyDepth (I: 30.29, O: 21.74) Image1 (I: 30.09, O: 21.74) ReadCalls: 21.73
 89009742	VERBOSE   	FPS	XnOpenNI.cpp	883	[FPS] MyDepth (I: 30.20, O: 21.56) Image1 (I: 30.41, O: 21.56) ReadCalls: 21.56
 90000649	VERBOSE   	FPS	XnOpenNI.cpp	883	[FPS] MyDepth (I: 30.30, O: 21.41) Image1 (I: 30.09, O: 21.74) ReadCalls: 21.74
 91009522	VERBOSE   	FPS	XnOpenNI.cpp	883	[FPS] MyDepth (I: 30.20, O: 21.14) Image1 (I: 30.00, O: 21.48) ReadCalls: 21.79
 92009739	VERBOSE   	FPS	XnOpenNI.cpp	883	[FPS] MyDepth (I: 30.21, O: 21.34) Image1 (I: 30.41, O: 21.67) ReadCalls: 21.67
 93000744	VERBOSE   	FPS	XnOpenNI.cpp	883	[FPS] MyDepth (I: 30.29, O: 21.51) Image1 (I: 30.09, O: 21.51) ReadCalls: 21.51
 94009439	VERBOSE   	FPS	XnOpenNI.cpp	883	[FPS] MyDepth (I: 30.21, O: 21.34) Image1 (I: 30.00, O: 21.34) ReadCalls: 21.67
 95009862	VERBOSE   	FPS	XnOpenNI.cpp	883	[FPS] MyDepth (I: 30.20, O: 21.56) Image1 (I: 30.41, O: 21.56) ReadCalls: 21.56
 96000228	VERBOSE   	FPS	XnOpenNI.cpp	883	[FPS] MyDepth (I: 30.30, O: 21.55) Image1 (I: 30.10, O: 21.55) ReadCalls: 21.52
 97009371	VERBOSE   	FPS	XnOpenNI.cpp	883	[FPS] MyDepth (I: 29.97, O: 21.34) Image1 (I: 30.00, O: 21.34) ReadCalls: 21.67
 98009728	VERBOSE   	FPS	XnOpenNI.cpp	883	[FPS] MyDepth (I: 30.30, O: 21.56) Image1 (I: 30.00, O: 21.56) ReadCalls: 21.56
 99009751	VERBOSE   	FPS	XnOpenNI.cpp	883	[FPS] MyDepth (I: 30.30, O: 21.44) Image1 (I: 30.00, O: 21.44) ReadCalls: 21.44
100009932	VERBOSE   	FPS	XnOpenNI.cpp	883	[FPS] MyDepth (I: 30.30, O: 21.68) Image1 (I: 30.06, O: 21.34) ReadCalls: 21.67
101009194	VERBOSE   	FPS	XnOpenNI.cpp	883	[FPS] MyDepth (I: 30.30, O: 21.57) Image1 (I: 30.01, O: 21.23) ReadCalls: 21.57
102009553	VERBOSE   	FPS	XnOpenNI.cpp	883	[FPS] MyDepth (I: 30.31, O: 21.78) Image1 (I: 30.00, O: 21.45) ReadCalls: 21.78
103009586	VERBOSE   	FPS	XnOpenNI.cpp	883	[FPS] MyDepth (I: 30.30, O: 21.56) Image1 (I: 30.00, O: 21.56) ReadCalls: 21.56
104009180	VERBOSE   	FPS	XnOpenNI.cpp	883	[FPS] MyDepth (I: 30.00, O: 21.34) Image1 (I: 30.00, O: 21.34) ReadCalls: 21.67
105009504	VERBOSE   	FPS	XnOpenNI.cpp	883	[FPS] MyDepth (I: 30.31, O: 21.56) Image1 (I: 30.00, O: 21.56) ReadCalls: 21.56
106019660	VERBOSE   	FPS	XnOpenNI.cpp	883	[FPS] MyDepth (I: 30.30, O: 21.38) Image1 (I: 29.96, O: 21.38) ReadCalls: 21.38
107009073	VERBOSE   	FPS	XnOpenNI.cpp	883	[FPS] MyDepth (I: 30.00, O: 21.34) Image1 (I: 30.11, O: 21.34) ReadCalls: 21.67
108019019	VERBOSE   	FPS	XnOpenNI.cpp	883	[FPS] MyDepth (I: 30.31, O: 21.49) Image1 (I: 30.00, O: 21.49) ReadCalls: 21.49
109019330	VERBOSE   	FPS	XnOpenNI.cpp	883	[FPS] MyDepth (I: 30.30, O: 21.71) Image1 (I: 30.00, O: 21.72) ReadCalls: 21.71
110019408	VERBOSE   	FPS	XnOpenNI.cpp	883	[FPS] MyDepth (I: 30.30, O: 21.60) Image1 (I: 30.00, O: 21.60) ReadCalls: 21.60
111019661	VERBOSE   	FPS	XnOpenNI.cpp	883	[FPS] MyDepth (I: 30.31, O: 21.71) Image1 (I: 29.97, O: 21.71) ReadCalls: 21.71
112019591	VERBOSE   	FPS	XnOpenNI.cpp	883	[FPS] MyDepth (I: 30.30, O: 21.49) Image1 (I: 29.96, O: 21.49) ReadCalls: 21.49
