    34689	INFO      	Log	XnLog.cpp	323	OpenNI version is 1.3.4 (Build 3)-Win32 (Oct 10 2011 20:01:54)
    34747	INFO      	Log	XnLog.cpp	301	--- Filter Info --- Minimum Severity: VERBOSE
    34902	VERBOSE   	ModuleLoader	XnModuleLoader.cpp	453	Found exported production node. Script: OpenNI/OpenNI/1.3.4.3
    46786	VERBOSE   	ModuleLoader	XnModuleLoader.cpp	282	Checking C:\Archivos de programa\OpenNI\Bin\nimRecorder.dll...
    75724	VERBOSE   	ModuleLoader	XnModuleLoader.cpp	453	Found exported production node. Recorder: OpenNI/Recorder/1.3.4.3
    75779	VERBOSE   	ModuleLoader	XnModuleLoader.cpp	453	Found exported production node. Player: OpenNI/Player/1.3.4.3
    75874	VERBOSE   	ModuleLoader	XnModuleLoader.cpp	282	Checking C:\Archivos de programa\OpenNI\Bin\nimMockNodes.dll...
    91069	VERBOSE   	ModuleLoader	XnModuleLoader.cpp	453	Found exported production node. ProductionNode: OpenNI/Mock/1.3.4.3
    91115	VERBOSE   	ModuleLoader	XnModuleLoader.cpp	453	Found exported production node. Generator: OpenNI/Mock/1.3.4.3
    91151	VERBOSE   	ModuleLoader	XnModuleLoader.cpp	453	Found exported production node. MapGenerator: OpenNI/Mock/1.3.4.3
    91182	VERBOSE   	ModuleLoader	XnModuleLoader.cpp	453	Found exported production node. Device: OpenNI/Mock/1.3.4.3
    91209	VERBOSE   	ModuleLoader	XnModuleLoader.cpp	453	Found exported production node. Depth: OpenNI/Mock/1.3.4.3
    91260	VERBOSE   	ModuleLoader	XnModuleLoader.cpp	453	Found exported production node. IR: OpenNI/Mock/1.3.4.3
    91298	VERBOSE   	ModuleLoader	XnModuleLoader.cpp	453	Found exported production node. Image: OpenNI/Mock/1.3.4.3
    91337	VERBOSE   	ModuleLoader	XnModuleLoader.cpp	453	Found exported production node. Audio: OpenNI/Mock/1.3.4.3
    91372	VERBOSE   	ModuleLoader	XnModuleLoader.cpp	282	Checking C:\Archivos de programa\OpenNI\Bin\nimCodecs.dll...
   137676	VERBOSE   	ModuleLoader	XnModuleLoader.cpp	453	Found exported production node. Codec: OpenNI/16zP/1.3.4.3
   137717	VERBOSE   	ModuleLoader	XnModuleLoader.cpp	453	Found exported production node. Codec: OpenNI/16zT/1.3.4.3
   137745	VERBOSE   	ModuleLoader	XnModuleLoader.cpp	453	Found exported production node. Codec: OpenNI/Im8z/1.3.4.3
   137778	VERBOSE   	ModuleLoader	XnModuleLoader.cpp	453	Found exported production node. Codec: OpenNI/JPEG/1.3.4.3
   137815	VERBOSE   	ModuleLoader	XnModuleLoader.cpp	453	Found exported production node. Codec: OpenNI/NONE/1.3.4.3
   137846	VERBOSE   	ModuleLoader	XnModuleLoader.cpp	282	Checking C:\Archivos de programa\PrimeSense\SensorKinect\Bin\XnDeviceFile.dll...
   242601	VERBOSE   	ModuleLoader	XnModuleLoader.cpp	453	Found exported production node. Player: PrimeSense/File/5.0.3.4
   242651	VERBOSE   	ModuleLoader	XnModuleLoader.cpp	282	Checking C:\Archivos de programa\PrimeSense\SensorKinect\Bin\XnDeviceSensorV2KM.dll...
   272523	VERBOSE   	ModuleLoader	XnModuleLoader.cpp	453	Found exported production node. Device: PrimeSense/SensorKinect/5.0.3.4
   272572	VERBOSE   	ModuleLoader	XnModuleLoader.cpp	453	Found exported production node. Depth: PrimeSense/SensorKinect/5.0.3.4
   272605	VERBOSE   	ModuleLoader	XnModuleLoader.cpp	453	Found exported production node. Image: PrimeSense/SensorKinect/5.0.3.4
   272642	VERBOSE   	ModuleLoader	XnModuleLoader.cpp	453	Found exported production node. IR: PrimeSense/SensorKinect/5.0.3.4
   272681	VERBOSE   	ModuleLoader	XnModuleLoader.cpp	453	Found exported production node. Audio: PrimeSense/SensorKinect/5.0.3.4
   272715	VERBOSE   	ModuleLoader	XnModuleLoader.cpp	282	Checking C:\Archivos de programa\PrimeSense\NITE\Features_1_3_0\Bin\XnVFeatures_1_3_0.dll...
   335203	VERBOSE   	ModuleLoader	XnModuleLoader.cpp	453	Found exported production node. Scene: PrimeSense/XnVSceneAnalyzer/1.3.0.17
   335256	VERBOSE   	ModuleLoader	XnModuleLoader.cpp	453	Found exported production node. User: PrimeSense/XnVSkeletonGenerator/1.3.0.17
   335289	VERBOSE   	ModuleLoader	XnModuleLoader.cpp	282	Checking C:\Archivos de programa\PrimeSense\NITE\Features_1_3_1\Bin\XnVFeatures_1_3_1.dll...
   398198	VERBOSE   	ModuleLoader	XnModuleLoader.cpp	453	Found exported production node. Scene: PrimeSense/XnVSceneAnalyzer/1.3.1.6
   398301	VERBOSE   	ModuleLoader	XnModuleLoader.cpp	453	Found exported production node. User: PrimeSense/XnVSkeletonGenerator/1.3.1.6
   398343	VERBOSE   	ModuleLoader	XnModuleLoader.cpp	282	Checking C:\Archivos de programa\PrimeSense\NITE\Features_1_4_1\Bin\XnVFeatures_1_4_1.dll...
   447346	VERBOSE   	ModuleLoader	XnModuleLoader.cpp	453	Found exported production node. Scene: PrimeSense/XnVSceneAnalyzer/1.4.1.2
   447398	VERBOSE   	ModuleLoader	XnModuleLoader.cpp	453	Found exported production node. User: PrimeSense/XnVSkeletonGenerator/1.4.1.2
   447435	VERBOSE   	ModuleLoader	XnModuleLoader.cpp	282	Checking C:\Archivos de programa\PrimeSense\NITE\Hands_1_3_0\Bin\XnVHandGenerator_1_3_0.dll...
   499991	VERBOSE   	ModuleLoader	XnModuleLoader.cpp	453	Found exported production node. Gesture: PrimeSense/XnVGestureGenrator/1.3.0.17
   500047	VERBOSE   	ModuleLoader	XnModuleLoader.cpp	453	Found exported production node. Hands: PrimeSense/XnVHandTracker/1.3.0.17
   500082	VERBOSE   	ModuleLoader	XnModuleLoader.cpp	282	Checking C:\Archivos de programa\PrimeSense\NITE\Hands_1_3_1\Bin\XnVHandGenerator_1_3_1.dll...
   546963	VERBOSE   	ModuleLoader	XnModuleLoader.cpp	453	Found exported production node. Gesture: PrimeSense/XnVGestureGenrator/1.3.1.6
   547009	VERBOSE   	ModuleLoader	XnModuleLoader.cpp	453	Found exported production node. Hands: PrimeSense/XnVHandTracker/1.3.1.6
   547055	VERBOSE   	ModuleLoader	XnModuleLoader.cpp	282	Checking C:\Archivos de programa\PrimeSense\NITE\Hands_1_4_1\Bin\XnVHandGenerator_1_4_1.dll...
   591946	VERBOSE   	ModuleLoader	XnModuleLoader.cpp	453	Found exported production node. Gesture: PrimeSense/XnVGestureGenrator/1.4.1.2
   591995	VERBOSE   	ModuleLoader	XnModuleLoader.cpp	453	Found exported production node. Hands: PrimeSense/XnVHandTracker/1.4.1.2
   592536	INFO      	OpenNI	XnOpenNI.cpp	1547	Creating node 'Script1' of type Script: OpenNI/OpenNI/1.3.4.3...
   593010	VERBOSE   	OpenNI	XnXmlScriptNode.cpp	780	Requested to create a node of type Depth...
   695832	INFO      	OpenNI	XnOpenNI.cpp	1547	Creating node 'Device1' of type Device: PrimeSense/SensorKinect/5.0.3.4...
  2301031	INFO      	DDK	XnProperty.cpp	151	Property Device.ShareMode was changed to 1.
  2301076	INFO      	DDK	XnProperty.cpp	151	Property Device.InstancePointer was changed.
  2301437	INFO      	DDK	XnProperty.cpp	151	Property Device.ShareMode was changed to 0.
  2302077	INFO      	OpenNI	XnOpenNI.cpp	1547	Creating node 'MyDepth' of type Depth: PrimeSense/SensorKinect/5.0.3.4...
  2302139	VERBOSE   	SensorClient	XnSensorClient.cpp	268	Creating stream MyDepth (of type Depth)
  2315489	INFO      	DDK	XnProperty.cpp	151	Property Device.ReadData was changed to 1.
  2342761	INFO      	DDK	XnDeviceBase.cpp	1383	Creating stream 'MyDepth' of type 'Depth'...
  2342910	VERBOSE   	DDK	XnDeviceBase.cpp	1419	Initializing stream 'MyDepth'...
  2343407	INFO      	DDK	XnProperty.cpp	151	Property MyDepth.RequiredDataSize was changed to 614400.
  2343937	INFO      	DDK	XnProperty.cpp	151	Property MyDepth.OutputFormat was changed to 1.
  2344016	INFO      	DDK	XnDeviceBase.cpp	1458	Stream 'MyDepth' was initialized.
  2344034	INFO      	DDK	XnDeviceBase.cpp	1463	'MyDepth' stream was created.
  2344984	VERBOSE   	SensorClient	XnSensorClient.cpp	391	Getting property MyDepth.SupportedModes from server...
  2345376	VERBOSE   	SensorServer	XnSensorClient.cpp	433	Setting MyDepth.Mirror to 1...
  2345550	INFO      	DDK	XnProperty.cpp	151	Property MyDepth.Mirror was changed to 1.
  2345734	VERBOSE   	OpenNI	XnXmlScriptNode.cpp	780	Requested to create a node of type Image (StopOnError=FALSE)...
  2350071	VERBOSE   	SensorClient	XnSensorClient.cpp	391	Getting property Device.CmosBlankingUnits from server...
  2363258	INFO      	OpenNI	XnOpenNI.cpp	1547	Creating node 'Image1' of type Image: PrimeSense/SensorKinect/5.0.3.4...
  2363322	VERBOSE   	SensorClient	XnSensorClient.cpp	268	Creating stream Image1 (of type Image)
  2374527	INFO      	DDK	XnDeviceBase.cpp	1383	Creating stream 'Image1' of type 'Image'...
  2374851	VERBOSE   	DDK	XnDeviceBase.cpp	1419	Initializing stream 'Image1'...
  2375274	INFO      	DDK	XnProperty.cpp	151	Property Image1.RequiredDataSize was changed to 921600.
  2376071	INFO      	DDK	XnProperty.cpp	151	Property Image1.OutputFormat was changed to 5.
  2376155	INFO      	DDK	XnDeviceBase.cpp	1458	Stream 'Image1' was initialized.
  2376199	INFO      	DDK	XnDeviceBase.cpp	1463	'Image1' stream was created.
  2376842	VERBOSE   	SensorClient	XnSensorClient.cpp	391	Getting property Image1.SupportedModes from server...
  2377472	VERBOSE   	SensorServer	XnSensorClient.cpp	433	Setting Image1.Mirror to 1...
  2377639	INFO      	DDK	XnProperty.cpp	151	Property Image1.Mirror was changed to 1.
  2377790	VERBOSE   	DDK	XnDeviceBase.cpp	359	Opening stream MyDepth...
  2379380	INFO      	DDK	XnProperty.cpp	151	Property MyDepth.ActualReadData was changed to 1.
  2634711	VERBOSE   	FPS	XnOpenNI.cpp	883	[FPS] MyDepth (I:  0.00, O:  0.00) Image1 (I:  0.00, O:  0.00) ReadCalls:  0.00
  2870110	INFO      	DDK	XnProperty.cpp	151	Property MyDepth.State was changed to 1.
  2870153	INFO      	DDK	XnDeviceBase.cpp	370	Stream MyDepth is open.
  2870181	VERBOSE   	DDK	XnDeviceBase.cpp	359	Opening stream Image1...
  2871453	INFO      	DDK	XnProperty.cpp	151	Property Image1.ActualReadData was changed to 1.
  3004530	VERBOSE   	FPS	XnOpenNI.cpp	883	[FPS] MyDepth (I: 32.45, O:  0.00) Image1 (I:  0.00, O:  0.00) ReadCalls:  0.00
  4004554	VERBOSE   	FPS	XnOpenNI.cpp	883	[FPS] MyDepth (I: 29.20, O:  0.00) Image1 (I:  0.00, O:  0.00) ReadCalls:  0.00
  5004533	VERBOSE   	FPS	XnOpenNI.cpp	883	[FPS] MyDepth (I: 29.54, O:  0.00) Image1 (I:  0.00, O:  0.00) ReadCalls:  0.00
  6004512	VERBOSE   	FPS	XnOpenNI.cpp	883	[FPS] MyDepth (I: 29.67, O:  0.00) Image1 (I:  0.00, O:  0.00) ReadCalls:  0.00
  6076379	INFO      	DDK	XnProperty.cpp	151	Property Image1.State was changed to 1.
  6076422	INFO      	DDK	XnDeviceBase.cpp	370	Stream Image1 is open.
  6076598	VERBOSE   	SensorServer	XnSensorClient.cpp	433	Setting MyDepth.Registration to 1...
  6231523	INFO      	DDK	XnProperty.cpp	151	Property MyDepth.Registration was changed to 1.
  7001346	VERBOSE   	FPS	XnOpenNI.cpp	883	[FPS] MyDepth (I: 30.03, O: 19.86) Image1 (I: 30.92, O: 19.86) ReadCalls: 21.38
  8008299	VERBOSE   	FPS	XnOpenNI.cpp	883	[FPS] MyDepth (I: 30.27, O: 21.06) Image1 (I: 30.35, O: 21.07) ReadCalls: 21.06
  9008525	VERBOSE   	FPS	XnOpenNI.cpp	883	[FPS] MyDepth (I: 30.29, O: 21.04) Image1 (I: 30.33, O: 21.04) ReadCalls: 21.04
 10007725	VERBOSE   	FPS	XnOpenNI.cpp	883	[FPS] MyDepth (I: 30.31, O: 20.27) Image1 (I: 29.97, O: 20.27) ReadCalls: 20.27
 11008276	VERBOSE   	FPS	XnOpenNI.cpp	883	[FPS] MyDepth (I: 30.08, O: 17.14) Image1 (I: 30.30, O: 17.14) ReadCalls: 17.14
 12008048	VERBOSE   	FPS	XnOpenNI.cpp	883	[FPS] MyDepth (I: 30.00, O: 17.05) Image1 (I: 30.31, O: 17.05) ReadCalls: 17.05
 13008057	VERBOSE   	FPS	XnOpenNI.cpp	883	[FPS] MyDepth (I: 30.06, O: 20.60) Image1 (I: 30.30, O: 20.60) ReadCalls: 20.59
 14001840	VERBOSE   	FPS	XnOpenNI.cpp	883	[FPS] MyDepth (I: 30.16, O: 21.22) Image1 (I: 30.06, O: 21.22) ReadCalls: 21.55
 15008038	VERBOSE   	FPS	XnOpenNI.cpp	883	[FPS] MyDepth (I: 30.10, O: 21.51) Image1 (I: 30.30, O: 21.51) ReadCalls: 21.51
 16007845	VERBOSE   	FPS	XnOpenNI.cpp	883	[FPS] MyDepth (I: 30.10, O: 21.07) Image1 (I: 30.31, O: 21.07) ReadCalls: 21.06
 17007966	VERBOSE   	FPS	XnOpenNI.cpp	883	[FPS] MyDepth (I: 30.11, O: 20.94) Image1 (I: 30.30, O: 20.94) ReadCalls: 20.94
 18007998	VERBOSE   	FPS	XnOpenNI.cpp	883	[FPS] MyDepth (I: 30.10, O: 20.85) Image1 (I: 30.30, O: 20.85) ReadCalls: 20.84
 19007918	VERBOSE   	FPS	XnOpenNI.cpp	883	[FPS] MyDepth (I: 30.11, O: 20.07) Image1 (I: 30.31, O: 20.07) ReadCalls: 20.05
 20001018	VERBOSE   	FPS	XnOpenNI.cpp	883	[FPS] MyDepth (I: 30.17, O: 19.78) Image1 (I: 30.07, O: 19.78) ReadCalls: 20.10
 21007998	VERBOSE   	FPS	XnOpenNI.cpp	883	[FPS] MyDepth (I: 30.11, O: 20.16) Image1 (I: 30.30, O: 20.16) ReadCalls: 20.16
 22007874	VERBOSE   	FPS	XnOpenNI.cpp	883	[FPS] MyDepth (I: 30.10, O: 21.07) Image1 (I: 30.30, O: 21.07) ReadCalls: 21.06
 23000220	VERBOSE   	FPS	XnOpenNI.cpp	883	[FPS] MyDepth (I: 30.27, O: 21.34) Image1 (I: 30.08, O: 21.01) ReadCalls: 21.34
 24008177	VERBOSE   	FPS	XnOpenNI.cpp	883	[FPS] MyDepth (I: 30.21, O: 20.94) Image1 (I: 30.30, O: 20.94) ReadCalls: 20.94
 25008136	VERBOSE   	FPS	XnOpenNI.cpp	883	[FPS] MyDepth (I: 30.20, O: 20.83) Image1 (I: 30.30, O: 20.83) ReadCalls: 20.83
 26007754	VERBOSE   	FPS	XnOpenNI.cpp	883	[FPS] MyDepth (I: 30.20, O: 20.94) Image1 (I: 30.30, O: 20.94) ReadCalls: 20.94
 27007863	VERBOSE   	FPS	XnOpenNI.cpp	883	[FPS] MyDepth (I: 30.20, O: 21.17) Image1 (I: 30.30, O: 21.17) ReadCalls: 21.17
 28007979	VERBOSE   	FPS	XnOpenNI.cpp	883	[FPS] MyDepth (I: 30.21, O: 21.17) Image1 (I: 30.30, O: 21.17) ReadCalls: 21.17
 29007816	VERBOSE   	FPS	XnOpenNI.cpp	883	[FPS] MyDepth (I: 30.21, O: 21.06) Image1 (I: 30.31, O: 21.06) ReadCalls: 21.06
 30008180	VERBOSE   	FPS	XnOpenNI.cpp	883	[FPS] MyDepth (I: 30.21, O: 21.06) Image1 (I: 30.30, O: 21.06) ReadCalls: 21.06
 31007682	VERBOSE   	FPS	XnOpenNI.cpp	883	[FPS] MyDepth (I: 30.21, O: 21.17) Image1 (I: 30.31, O: 21.17) ReadCalls: 21.17
 32000737	VERBOSE   	FPS	XnOpenNI.cpp	883	[FPS] MyDepth (I: 30.27, O: 21.11) Image1 (I: 30.07, O: 21.11) ReadCalls: 21.45
 33008384	VERBOSE   	FPS	XnOpenNI.cpp	883	[FPS] MyDepth (I: 30.30, O: 21.50) Image1 (I: 29.96, O: 21.50) ReadCalls: 21.50
 34008547	VERBOSE   	FPS	XnOpenNI.cpp	883	[FPS] MyDepth (I: 30.30, O: 21.39) Image1 (I: 29.96, O: 21.39) ReadCalls: 21.39
 35007516	VERBOSE   	FPS	XnOpenNI.cpp	883	[FPS] MyDepth (I: 30.30, O: 21.28) Image1 (I: 30.00, O: 21.28) ReadCalls: 21.28
 36007764	VERBOSE   	FPS	XnOpenNI.cpp	883	[FPS] MyDepth (I: 30.31, O: 21.17) Image1 (I: 30.01, O: 21.17) ReadCalls: 21.17
 37007882	VERBOSE   	FPS	XnOpenNI.cpp	883	[FPS] MyDepth (I: 30.31, O: 21.06) Image1 (I: 30.01, O: 21.06) ReadCalls: 21.06
 38007930	VERBOSE   	FPS	XnOpenNI.cpp	883	[FPS] MyDepth (I: 30.30, O: 21.16) Image1 (I: 29.96, O: 21.17) ReadCalls: 21.16
 39007821	VERBOSE   	FPS	XnOpenNI.cpp	883	[FPS] MyDepth (I: 30.30, O: 20.73) Image1 (I: 30.00, O: 20.73) ReadCalls: 20.72
 40007962	VERBOSE   	FPS	XnOpenNI.cpp	883	[FPS] MyDepth (I: 30.31, O: 20.49) Image1 (I: 30.00, O: 20.49) ReadCalls: 20.49
 41008118	VERBOSE   	FPS	XnOpenNI.cpp	883	[FPS] MyDepth (I: 30.30, O: 20.49) Image1 (I: 29.96, O: 20.49) ReadCalls: 20.49
 42007559	VERBOSE   	FPS	XnOpenNI.cpp	883	[FPS] MyDepth (I: 30.00, O: 20.83) Image1 (I: 30.30, O: 20.83) ReadCalls: 20.83
 43000478	VERBOSE   	FPS	XnOpenNI.cpp	883	[FPS] MyDepth (I: 30.07, O: 21.22) Image1 (I: 30.08, O: 21.22) ReadCalls: 21.56
 44008983	VERBOSE   	FPS	XnOpenNI.cpp	883	[FPS] MyDepth (I: 30.06, O: 21.38) Image1 (I: 30.29, O: 21.38) ReadCalls: 21.38
 45007548	VERBOSE   	FPS	XnOpenNI.cpp	883	[FPS] MyDepth (I: 30.10, O: 21.40) Image1 (I: 30.31, O: 21.40) ReadCalls: 21.39
 46000459	VERBOSE   	FPS	XnOpenNI.cpp	883	[FPS] MyDepth (I: 30.19, O: 21.34) Image1 (I: 30.07, O: 21.34) ReadCalls: 21.67
 47007744	VERBOSE   	FPS	XnOpenNI.cpp	883	[FPS] MyDepth (I: 30.10, O: 21.17) Image1 (I: 30.31, O: 21.17) ReadCalls: 21.17
 48007620	VERBOSE   	FPS	XnOpenNI.cpp	883	[FPS] MyDepth (I: 30.10, O: 20.74) Image1 (I: 30.31, O: 20.74) ReadCalls: 20.72
 49000342	VERBOSE   	FPS	XnOpenNI.cpp	883	[FPS] MyDepth (I: 30.18, O: 20.67) Image1 (I: 30.07, O: 20.67) ReadCalls: 21.00
 50007576	VERBOSE   	FPS	XnOpenNI.cpp	883	[FPS] MyDepth (I: 30.13, O: 21.09) Image1 (I: 30.31, O: 21.09) ReadCalls: 21.06
 51007836	VERBOSE   	FPS	XnOpenNI.cpp	883	[FPS] MyDepth (I: 30.10, O: 21.40) Image1 (I: 30.30, O: 21.40) ReadCalls: 21.38
 52007772	VERBOSE   	FPS	XnOpenNI.cpp	883	[FPS] MyDepth (I: 30.11, O: 21.28) Image1 (I: 30.30, O: 21.28) ReadCalls: 21.28
 53000277	VERBOSE   	FPS	XnOpenNI.cpp	883	[FPS] MyDepth (I: 30.18, O: 20.88) Image1 (I: 30.07, O: 20.88) ReadCalls: 21.21
 54007476	VERBOSE   	FPS	XnOpenNI.cpp	883	[FPS] MyDepth (I: 30.21, O: 20.73) Image1 (I: 30.30, O: 20.73) ReadCalls: 20.72
 55000217	VERBOSE   	FPS	XnOpenNI.cpp	883	[FPS] MyDepth (I: 30.29, O: 20.77) Image1 (I: 30.08, O: 20.77) ReadCalls: 21.10
 56007423	VERBOSE   	FPS	XnOpenNI.cpp	883	[FPS] MyDepth (I: 30.21, O: 21.28) Image1 (I: 30.30, O: 21.28) ReadCalls: 21.27
 57008043	VERBOSE   	FPS	XnOpenNI.cpp	883	[FPS] MyDepth (I: 30.20, O: 21.38) Image1 (I: 30.30, O: 21.38) ReadCalls: 21.38
 58007728	VERBOSE   	FPS	XnOpenNI.cpp	883	[FPS] MyDepth (I: 30.21, O: 21.28) Image1 (I: 30.30, O: 21.28) ReadCalls: 21.28
 59000102	VERBOSE   	FPS	XnOpenNI.cpp	883	[FPS] MyDepth (I: 30.28, O: 20.99) Image1 (I: 30.07, O: 20.99) ReadCalls: 21.33
 60007818	VERBOSE   	FPS	XnOpenNI.cpp	883	[FPS] MyDepth (I: 30.20, O: 20.83) Image1 (I: 30.30, O: 20.83) ReadCalls: 20.83
 61007400	VERBOSE   	FPS	XnOpenNI.cpp	883	[FPS] MyDepth (I: 30.22, O: 20.73) Image1 (I: 30.31, O: 20.73) ReadCalls: 20.73
 62007446	VERBOSE   	FPS	XnOpenNI.cpp	883	[FPS] MyDepth (I: 30.20, O: 20.94) Image1 (I: 30.41, O: 20.95) ReadCalls: 20.94
 63000208	VERBOSE   	FPS	XnOpenNI.cpp	883	[FPS] MyDepth (I: 30.28, O: 21.55) Image1 (I: 30.08, O: 21.22) ReadCalls: 21.55
 64008345	VERBOSE   	FPS	XnOpenNI.cpp	883	[FPS] MyDepth (I: 30.30, O: 21.38) Image1 (I: 30.06, O: 21.38) ReadCalls: 21.38
 65007290	VERBOSE   	FPS	XnOpenNI.cpp	883	[FPS] MyDepth (I: 30.31, O: 21.39) Image1 (I: 30.00, O: 21.40) ReadCalls: 21.39
 66007857	VERBOSE   	FPS	XnOpenNI.cpp	883	[FPS] MyDepth (I: 30.29, O: 21.28) Image1 (I: 30.06, O: 21.28) ReadCalls: 21.28
 67007263	VERBOSE   	FPS	XnOpenNI.cpp	883	[FPS] MyDepth (I: 30.31, O: 21.16) Image1 (I: 30.01, O: 21.16) ReadCalls: 21.16
 68007500	VERBOSE   	FPS	XnOpenNI.cpp	883	[FPS] MyDepth (I: 30.31, O: 21.16) Image1 (I: 30.07, O: 21.16) ReadCalls: 21.16
 69007565	VERBOSE   	FPS	XnOpenNI.cpp	883	[FPS] MyDepth (I: 30.30, O: 21.06) Image1 (I: 30.00, O: 21.06) ReadCalls: 21.06
 70007486	VERBOSE   	FPS	XnOpenNI.cpp	883	[FPS] MyDepth (I: 30.31, O: 20.83) Image1 (I: 30.01, O: 20.83) ReadCalls: 20.82
 71008254	VERBOSE   	FPS	XnOpenNI.cpp	883	[FPS] MyDepth (I: 30.31, O: 20.49) Image1 (I: 30.06, O: 20.49) ReadCalls: 20.48
 72000265	VERBOSE   	FPS	XnOpenNI.cpp	883	[FPS] MyDepth (I: 30.07, O: 20.55) Image1 (I: 30.08, O: 20.21) ReadCalls: 20.54
 73007825	VERBOSE   	FPS	XnOpenNI.cpp	883	[FPS] MyDepth (I: 30.07, O: 20.39) Image1 (I: 30.41, O: 20.39) ReadCalls: 20.39
 74007265	VERBOSE   	FPS	XnOpenNI.cpp	883	[FPS] MyDepth (I: 30.01, O: 20.72) Image1 (I: 30.41, O: 20.73) ReadCalls: 20.72
 75007687	VERBOSE   	FPS	XnOpenNI.cpp	883	[FPS] MyDepth (I: 30.01, O: 20.95) Image1 (I: 30.41, O: 20.95) ReadCalls: 20.94
 76007299	VERBOSE   	FPS	XnOpenNI.cpp	883	[FPS] MyDepth (I: 30.11, O: 21.08) Image1 (I: 30.41, O: 21.08) ReadCalls: 21.06
 77007228	VERBOSE   	FPS	XnOpenNI.cpp	883	[FPS] MyDepth (I: 30.10, O: 20.83) Image1 (I: 30.42, O: 20.83) ReadCalls: 20.83
 78000131	VERBOSE   	FPS	XnOpenNI.cpp	883	[FPS] MyDepth (I: 30.19, O: 21.34) Image1 (I: 30.08, O: 21.34) ReadCalls: 21.33
 79007284	VERBOSE   	FPS	XnOpenNI.cpp	883	[FPS] MyDepth (I: 30.10, O: 20.94) Image1 (I: 30.40, O: 20.94) ReadCalls: 20.94
 80007460	VERBOSE   	FPS	XnOpenNI.cpp	883	[FPS] MyDepth (I: 30.09, O: 21.40) Image1 (I: 30.40, O: 21.40) ReadCalls: 21.39
 81007340	VERBOSE   	FPS	XnOpenNI.cpp	883	[FPS] MyDepth (I: 30.13, O: 21.05) Image1 (I: 30.41, O: 21.05) ReadCalls: 21.04
 82007205	VERBOSE   	FPS	XnOpenNI.cpp	883	[FPS] MyDepth (I: 30.10, O: 21.07) Image1 (I: 30.41, O: 21.08) ReadCalls: 21.07
 83000217	VERBOSE   	FPS	XnOpenNI.cpp	883	[FPS] MyDepth (I: 30.17, O: 21.32) Image1 (I: 30.07, O: 20.99) ReadCalls: 21.32
 84017172	VERBOSE   	FPS	XnOpenNI.cpp	883	[FPS] MyDepth (I: 30.00, O: 21.33) Image1 (I: 30.31, O: 21.34) ReadCalls: 21.35
 85016620	VERBOSE   	FPS	XnOpenNI.cpp	883	[FPS] MyDepth (I: 30.01, O: 21.34) Image1 (I: 29.97, O: 21.34) ReadCalls: 21.66
 86015710	VERBOSE   	FPS	XnOpenNI.cpp	883	[FPS] MyDepth (I: 30.11, O: 21.25) Image1 (I: 29.98, O: 21.25) ReadCalls: 21.58
 87003442	VERBOSE   	FPS	XnOpenNI.cpp	883	[FPS] MyDepth (I: 30.24, O: 21.22) Image1 (I: 30.14, O: 21.23) ReadCalls: 21.56
 88000563	VERBOSE   	FPS	XnOpenNI.cpp	883	[FPS] MyDepth (I: 30.28, O: 21.12) Image1 (I: 30.17, O: 21.12) ReadCalls: 21.45
 89017119	VERBOSE   	FPS	XnOpenNI.cpp	883	[FPS] MyDepth (I: 30.11, O: 20.67) Image1 (I: 30.30, O: 20.67) ReadCalls: 20.67
 90015008	VERBOSE   	FPS	XnOpenNI.cpp	883	[FPS] MyDepth (I: 30.12, O: 20.21) Image1 (I: 30.02, O: 20.21) ReadCalls: 20.54
 91016991	VERBOSE   	FPS	XnOpenNI.cpp	883	[FPS] MyDepth (I: 30.10, O: 20.20) Image1 (I: 30.31, O: 20.20) ReadCalls: 20.19
 92017180	VERBOSE   	FPS	XnOpenNI.cpp	883	[FPS] MyDepth (I: 30.09, O: 20.76) Image1 (I: 30.30, O: 20.76) ReadCalls: 20.75
 93016993	VERBOSE   	FPS	XnOpenNI.cpp	883	[FPS] MyDepth (I: 30.11, O: 21.02) Image1 (I: 30.30, O: 21.02) ReadCalls: 21.01
 94017153	VERBOSE   	FPS	XnOpenNI.cpp	883	[FPS] MyDepth (I: 30.10, O: 21.09) Image1 (I: 30.30, O: 21.09) ReadCalls: 21.09
 95006091	VERBOSE   	FPS	XnOpenNI.cpp	883	[FPS] MyDepth (I: 30.31, O: 20.84) Image1 (I: 30.11, O: 20.84) ReadCalls: 20.84
 96007303	VERBOSE   	FPS	XnOpenNI.cpp	883	[FPS] MyDepth (I: 30.30, O: 21.16) Image1 (I: 30.10, O: 21.16) ReadCalls: 21.16
 97006876	VERBOSE   	FPS	XnOpenNI.cpp	883	[FPS] MyDepth (I: 30.31, O: 21.17) Image1 (I: 30.10, O: 21.17) ReadCalls: 21.17
 98006724	VERBOSE   	FPS	XnOpenNI.cpp	883	[FPS] MyDepth (I: 30.30, O: 21.40) Image1 (I: 30.10, O: 21.40) ReadCalls: 21.39
 99007041	VERBOSE   	FPS	XnOpenNI.cpp	883	[FPS] MyDepth (I: 30.31, O: 21.28) Image1 (I: 30.10, O: 21.28) ReadCalls: 21.28
100006976	VERBOSE   	FPS	XnOpenNI.cpp	883	[FPS] MyDepth (I: 30.30, O: 19.82) Image1 (I: 30.10, O: 19.82) ReadCalls: 19.82
101007445	VERBOSE   	FPS	XnOpenNI.cpp	883	[FPS] MyDepth (I: 30.30, O: 18.71) Image1 (I: 30.10, O: 18.71) ReadCalls: 18.71
102007282	VERBOSE   	FPS	XnOpenNI.cpp	883	[FPS] MyDepth (I: 30.31, O: 18.04) Image1 (I: 30.10, O: 18.04) ReadCalls: 18.04
103006884	VERBOSE   	FPS	XnOpenNI.cpp	883	[FPS] MyDepth (I: 30.30, O: 18.82) Image1 (I: 30.10, O: 18.82) ReadCalls: 18.81
104008649	VERBOSE   	FPS	XnOpenNI.cpp	883	[FPS] MyDepth (I: 30.40, O: 18.70) Image1 (I: 30.08, O: 18.70) ReadCalls: 18.70
105016968	VERBOSE   	FPS	XnOpenNI.cpp	883	[FPS] MyDepth (I: 30.30, O: 18.02) Image1 (I: 29.97, O: 18.03) ReadCalls: 18.02
106014644	VERBOSE   	FPS	XnOpenNI.cpp	883	[FPS] MyDepth (I: 29.99, O: 18.00) Image1 (I: 30.02, O: 18.00) ReadCalls: 18.33
107018617	VERBOSE   	FPS	XnOpenNI.cpp	883	[FPS] MyDepth (I: 30.29, O: 18.85) Image1 (I: 29.96, O: 18.85) ReadCalls: 18.85
108014624	VERBOSE   	FPS	XnOpenNI.cpp	883	[FPS] MyDepth (I: 30.02, O: 19.10) Image1 (I: 30.02, O: 19.10) ReadCalls: 19.43
109013611	VERBOSE   	FPS	XnOpenNI.cpp	883	[FPS] MyDepth (I: 30.03, O: 19.35) Image1 (I: 30.03, O: 19.35) ReadCalls: 19.67
110018747	VERBOSE   	FPS	XnOpenNI.cpp	883	[FPS] MyDepth (I: 30.29, O: 19.52) Image1 (I: 30.00, O: 19.52) ReadCalls: 19.51
111013566	VERBOSE   	FPS	XnOpenNI.cpp	883	[FPS] MyDepth (I: 30.03, O: 19.69) Image1 (I: 30.03, O: 19.69) ReadCalls: 20.01
112014545	VERBOSE   	FPS	XnOpenNI.cpp	883	[FPS] MyDepth (I: 30.03, O: 19.35) Image1 (I: 30.03, O: 19.35) ReadCalls: 19.74
113013528	VERBOSE   	FPS	XnOpenNI.cpp	883	[FPS] MyDepth (I: 30.05, O: 19.89) Image1 (I: 30.05, O: 19.89) ReadCalls: 20.21
114017110	VERBOSE   	FPS	XnOpenNI.cpp	883	[FPS] MyDepth (I: 30.00, O: 20.34) Image1 (I: 30.30, O: 20.34) ReadCalls: 20.41
115014459	VERBOSE   	FPS	XnOpenNI.cpp	883	[FPS] MyDepth (I: 30.02, O: 20.68) Image1 (I: 30.02, O: 20.68) ReadCalls: 21.00
116017067	VERBOSE   	FPS	XnOpenNI.cpp	883	[FPS] MyDepth (I: 30.00, O: 20.33) Image1 (I: 30.30, O: 20.34) ReadCalls: 20.41
117013431	VERBOSE   	FPS	XnOpenNI.cpp	883	[FPS] MyDepth (I: 30.14, O: 19.99) Image1 (I: 30.04, O: 19.99) ReadCalls: 20.32
118013398	VERBOSE   	FPS	XnOpenNI.cpp	883	[FPS] MyDepth (I: 30.14, O: 19.68) Image1 (I: 30.03, O: 19.68) ReadCalls: 20.01
119014360	VERBOSE   	FPS	XnOpenNI.cpp	883	[FPS] MyDepth (I: 30.14, O: 20.21) Image1 (I: 30.03, O: 20.21) ReadCalls: 20.54
120014337	VERBOSE   	FPS	XnOpenNI.cpp	883	[FPS] MyDepth (I: 30.14, O: 20.65) Image1 (I: 30.02, O: 20.65) ReadCalls: 20.99
121016837	VERBOSE   	FPS	XnOpenNI.cpp	883	[FPS] MyDepth (I: 30.11, O: 20.64) Image1 (I: 30.30, O: 20.64) ReadCalls: 20.63
122013323	VERBOSE   	FPS	XnOpenNI.cpp	883	[FPS] MyDepth (I: 30.15, O: 20.01) Image1 (I: 30.04, O: 20.01) ReadCalls: 20.34
123013294	VERBOSE   	FPS	XnOpenNI.cpp	883	[FPS] MyDepth (I: 30.15, O: 19.68) Image1 (I: 30.03, O: 19.68) ReadCalls: 20.01
124014241	VERBOSE   	FPS	XnOpenNI.cpp	883	[FPS] MyDepth (I: 30.13, O: 19.77) Image1 (I: 30.03, O: 19.77) ReadCalls: 20.11
125014264	VERBOSE   	FPS	XnOpenNI.cpp	883	[FPS] MyDepth (I: 30.14, O: 19.98) Image1 (I: 30.02, O: 19.98) ReadCalls: 20.32
126006452	VERBOSE   	FPS	XnOpenNI.cpp	883	[FPS] MyDepth (I: 30.30, O: 19.38) Image1 (I: 30.10, O: 19.38) ReadCalls: 19.38
127007288	VERBOSE   	FPS	XnOpenNI.cpp	883	[FPS] MyDepth (I: 30.30, O: 20.05) Image1 (I: 30.09, O: 20.05) ReadCalls: 20.05
128006841	VERBOSE   	FPS	XnOpenNI.cpp	883	[FPS] MyDepth (I: 30.31, O: 20.39) Image1 (I: 30.10, O: 20.39) ReadCalls: 20.38
129006421	VERBOSE   	FPS	XnOpenNI.cpp	883	[FPS] MyDepth (I: 30.31, O: 21.38) Image1 (I: 30.10, O: 21.38) ReadCalls: 21.38
