    12379	INFO      	Log	XnLog.cpp	323	OpenNI version is 1.3.4 (Build 3)-Win32 (Oct 10 2011 20:01:54)
    12471	INFO      	Log	XnLog.cpp	301	--- Filter Info --- Minimum Severity: VERBOSE
    12643	VERBOSE   	ModuleLoader	XnModuleLoader.cpp	453	Found exported production node. Script: OpenNI/OpenNI/1.3.4.3
    13237	VERBOSE   	ModuleLoader	XnModuleLoader.cpp	282	Checking C:\Archivos de programa\OpenNI\Bin\nimRecorder.dll...
    19974	VERBOSE   	ModuleLoader	XnModuleLoader.cpp	453	Found exported production node. Recorder: OpenNI/Recorder/1.3.4.3
    20043	VERBOSE   	ModuleLoader	XnModuleLoader.cpp	453	Found exported production node. Player: OpenNI/Player/1.3.4.3
    20155	VERBOSE   	ModuleLoader	XnModuleLoader.cpp	282	Checking C:\Archivos de programa\OpenNI\Bin\nimMockNodes.dll...
    26879	VERBOSE   	ModuleLoader	XnModuleLoader.cpp	453	Found exported production node. ProductionNode: OpenNI/Mock/1.3.4.3
    26928	VERBOSE   	ModuleLoader	XnModuleLoader.cpp	453	Found exported production node. Generator: OpenNI/Mock/1.3.4.3
    26963	VERBOSE   	ModuleLoader	XnModuleLoader.cpp	453	Found exported production node. MapGenerator: OpenNI/Mock/1.3.4.3
    26994	VERBOSE   	ModuleLoader	XnModuleLoader.cpp	453	Found exported production node. Device: OpenNI/Mock/1.3.4.3
    27022	VERBOSE   	ModuleLoader	XnModuleLoader.cpp	453	Found exported production node. Depth: OpenNI/Mock/1.3.4.3
    27067	VERBOSE   	ModuleLoader	XnModuleLoader.cpp	453	Found exported production node. IR: OpenNI/Mock/1.3.4.3
    27107	VERBOSE   	ModuleLoader	XnModuleLoader.cpp	453	Found exported production node. Image: OpenNI/Mock/1.3.4.3
    27145	VERBOSE   	ModuleLoader	XnModuleLoader.cpp	453	Found exported production node. Audio: OpenNI/Mock/1.3.4.3
    27178	VERBOSE   	ModuleLoader	XnModuleLoader.cpp	282	Checking C:\Archivos de programa\OpenNI\Bin\nimCodecs.dll...
    34046	VERBOSE   	ModuleLoader	XnModuleLoader.cpp	453	Found exported production node. Codec: OpenNI/16zP/1.3.4.3
    34089	VERBOSE   	ModuleLoader	XnModuleLoader.cpp	453	Found exported production node. Codec: OpenNI/16zT/1.3.4.3
    34117	VERBOSE   	ModuleLoader	XnModuleLoader.cpp	453	Found exported production node. Codec: OpenNI/Im8z/1.3.4.3
    34150	VERBOSE   	ModuleLoader	XnModuleLoader.cpp	453	Found exported production node. Codec: OpenNI/JPEG/1.3.4.3
    34187	VERBOSE   	ModuleLoader	XnModuleLoader.cpp	453	Found exported production node. Codec: OpenNI/NONE/1.3.4.3
    34233	VERBOSE   	ModuleLoader	XnModuleLoader.cpp	282	Checking C:\Archivos de programa\PrimeSense\SensorKinect\Bin\XnDeviceFile.dll...
    60635	VERBOSE   	ModuleLoader	XnModuleLoader.cpp	453	Found exported production node. Player: PrimeSense/File/5.0.3.4
    60681	VERBOSE   	ModuleLoader	XnModuleLoader.cpp	282	Checking C:\Archivos de programa\PrimeSense\SensorKinect\Bin\XnDeviceSensorV2KM.dll...
    67687	VERBOSE   	ModuleLoader	XnModuleLoader.cpp	453	Found exported production node. Device: PrimeSense/SensorKinect/5.0.3.4
    67732	VERBOSE   	ModuleLoader	XnModuleLoader.cpp	453	Found exported production node. Depth: PrimeSense/SensorKinect/5.0.3.4
    67764	VERBOSE   	ModuleLoader	XnModuleLoader.cpp	453	Found exported production node. Image: PrimeSense/SensorKinect/5.0.3.4
    67799	VERBOSE   	ModuleLoader	XnModuleLoader.cpp	453	Found exported production node. IR: PrimeSense/SensorKinect/5.0.3.4
    67839	VERBOSE   	ModuleLoader	XnModuleLoader.cpp	453	Found exported production node. Audio: PrimeSense/SensorKinect/5.0.3.4
    67873	VERBOSE   	ModuleLoader	XnModuleLoader.cpp	282	Checking C:\Archivos de programa\PrimeSense\NITE\Features_1_3_0\Bin\XnVFeatures_1_3_0.dll...
    81859	VERBOSE   	ModuleLoader	XnModuleLoader.cpp	453	Found exported production node. Scene: PrimeSense/XnVSceneAnalyzer/1.3.0.17
    81907	VERBOSE   	ModuleLoader	XnModuleLoader.cpp	453	Found exported production node. User: PrimeSense/XnVSkeletonGenerator/1.3.0.17
    81939	VERBOSE   	ModuleLoader	XnModuleLoader.cpp	282	Checking C:\Archivos de programa\PrimeSense\NITE\Features_1_3_1\Bin\XnVFeatures_1_3_1.dll...
   113276	VERBOSE   	ModuleLoader	XnModuleLoader.cpp	453	Found exported production node. Scene: PrimeSense/XnVSceneAnalyzer/1.3.1.6
   113387	VERBOSE   	ModuleLoader	XnModuleLoader.cpp	453	Found exported production node. User: PrimeSense/XnVSkeletonGenerator/1.3.1.6
   113424	VERBOSE   	ModuleLoader	XnModuleLoader.cpp	282	Checking C:\Archivos de programa\PrimeSense\NITE\Features_1_4_1\Bin\XnVFeatures_1_4_1.dll...
   134508	VERBOSE   	ModuleLoader	XnModuleLoader.cpp	453	Found exported production node. Scene: PrimeSense/XnVSceneAnalyzer/1.4.1.2
   134562	VERBOSE   	ModuleLoader	XnModuleLoader.cpp	453	Found exported production node. User: PrimeSense/XnVSkeletonGenerator/1.4.1.2
   134598	VERBOSE   	ModuleLoader	XnModuleLoader.cpp	282	Checking C:\Archivos de programa\PrimeSense\NITE\Hands_1_3_0\Bin\XnVHandGenerator_1_3_0.dll...
   145239	VERBOSE   	ModuleLoader	XnModuleLoader.cpp	453	Found exported production node. Gesture: PrimeSense/XnVGestureGenrator/1.3.0.17
   145295	VERBOSE   	ModuleLoader	XnModuleLoader.cpp	453	Found exported production node. Hands: PrimeSense/XnVHandTracker/1.3.0.17
   145330	VERBOSE   	ModuleLoader	XnModuleLoader.cpp	282	Checking C:\Archivos de programa\PrimeSense\NITE\Hands_1_3_1\Bin\XnVHandGenerator_1_3_1.dll...
   153538	VERBOSE   	ModuleLoader	XnModuleLoader.cpp	453	Found exported production node. Gesture: PrimeSense/XnVGestureGenrator/1.3.1.6
   153587	VERBOSE   	ModuleLoader	XnModuleLoader.cpp	453	Found exported production node. Hands: PrimeSense/XnVHandTracker/1.3.1.6
   153633	VERBOSE   	ModuleLoader	XnModuleLoader.cpp	282	Checking C:\Archivos de programa\PrimeSense\NITE\Hands_1_4_1\Bin\XnVHandGenerator_1_4_1.dll...
   164283	VERBOSE   	ModuleLoader	XnModuleLoader.cpp	453	Found exported production node. Gesture: PrimeSense/XnVGestureGenrator/1.4.1.2
   164329	VERBOSE   	ModuleLoader	XnModuleLoader.cpp	453	Found exported production node. Hands: PrimeSense/XnVHandTracker/1.4.1.2
   164723	INFO      	OpenNI	XnOpenNI.cpp	1547	Creating node 'Script1' of type Script: OpenNI/OpenNI/1.3.4.3...
   165268	VERBOSE   	OpenNI	XnXmlScriptNode.cpp	780	Requested to create a node of type Depth...
   185926	INFO      	OpenNI	XnOpenNI.cpp	1547	Creating node 'Device1' of type Device: PrimeSense/SensorKinect/5.0.3.4...
  1706743	INFO      	DDK	XnProperty.cpp	151	Property Device.ShareMode was changed to 1.
  1706784	INFO      	DDK	XnProperty.cpp	151	Property Device.InstancePointer was changed.
  1707043	INFO      	DDK	XnProperty.cpp	151	Property Device.ShareMode was changed to 0.
  1707866	INFO      	OpenNI	XnOpenNI.cpp	1547	Creating node 'MyDepth' of type Depth: PrimeSense/SensorKinect/5.0.3.4...
  1707929	VERBOSE   	SensorClient	XnSensorClient.cpp	268	Creating stream MyDepth (of type Depth)
  1721090	INFO      	DDK	XnProperty.cpp	151	Property Device.ReadData was changed to 1.
  1747954	INFO      	DDK	XnDeviceBase.cpp	1383	Creating stream 'MyDepth' of type 'Depth'...
  1748117	VERBOSE   	DDK	XnDeviceBase.cpp	1419	Initializing stream 'MyDepth'...
  1748601	INFO      	DDK	XnProperty.cpp	151	Property MyDepth.RequiredDataSize was changed to 614400.
  1749138	INFO      	DDK	XnProperty.cpp	151	Property MyDepth.OutputFormat was changed to 1.
  1749240	INFO      	DDK	XnDeviceBase.cpp	1458	Stream 'MyDepth' was initialized.
  1749258	INFO      	DDK	XnDeviceBase.cpp	1463	'MyDepth' stream was created.
  1750275	VERBOSE   	SensorClient	XnSensorClient.cpp	391	Getting property MyDepth.SupportedModes from server...
  1750534	VERBOSE   	SensorServer	XnSensorClient.cpp	433	Setting MyDepth.Mirror to 1...
  1750635	INFO      	DDK	XnProperty.cpp	151	Property MyDepth.Mirror was changed to 1.
  1750803	VERBOSE   	OpenNI	XnXmlScriptNode.cpp	780	Requested to create a node of type Image (StopOnError=FALSE)...
  1755084	VERBOSE   	SensorClient	XnSensorClient.cpp	391	Getting property Device.CmosBlankingUnits from server...
  1768086	INFO      	OpenNI	XnOpenNI.cpp	1547	Creating node 'Image1' of type Image: PrimeSense/SensorKinect/5.0.3.4...
  1768145	VERBOSE   	SensorClient	XnSensorClient.cpp	268	Creating stream Image1 (of type Image)
  1777893	INFO      	DDK	XnDeviceBase.cpp	1383	Creating stream 'Image1' of type 'Image'...
  1778194	VERBOSE   	DDK	XnDeviceBase.cpp	1419	Initializing stream 'Image1'...
  1778637	INFO      	DDK	XnProperty.cpp	151	Property Image1.RequiredDataSize was changed to 921600.
  1779283	INFO      	DDK	XnProperty.cpp	151	Property Image1.OutputFormat was changed to 5.
  1779346	INFO      	DDK	XnDeviceBase.cpp	1458	Stream 'Image1' was initialized.
  1779364	INFO      	DDK	XnDeviceBase.cpp	1463	'Image1' stream was created.
  1779881	VERBOSE   	SensorClient	XnSensorClient.cpp	391	Getting property Image1.SupportedModes from server...
  1780184	VERBOSE   	SensorServer	XnSensorClient.cpp	433	Setting Image1.Mirror to 1...
  1780313	INFO      	DDK	XnProperty.cpp	151	Property Image1.Mirror was changed to 1.
  1780637	VERBOSE   	DDK	XnDeviceBase.cpp	359	Opening stream MyDepth...
  1781559	INFO      	DDK	XnProperty.cpp	151	Property MyDepth.ActualReadData was changed to 1.
  2037013	VERBOSE   	FPS	XnOpenNI.cpp	883	[FPS] MyDepth (I:  0.00, O:  0.00) Image1 (I:  0.00, O:  0.00) ReadCalls:  0.00
  2272890	INFO      	DDK	XnProperty.cpp	151	Property MyDepth.State was changed to 1.
  2272935	INFO      	DDK	XnDeviceBase.cpp	370	Stream MyDepth is open.
  2272963	VERBOSE   	DDK	XnDeviceBase.cpp	359	Opening stream Image1...
  2273907	INFO      	DDK	XnProperty.cpp	151	Property Image1.ActualReadData was changed to 1.
  3006939	VERBOSE   	FPS	XnOpenNI.cpp	883	[FPS] MyDepth (I: 29.90, O:  0.00) Image1 (I:  0.00, O:  0.00) ReadCalls:  0.00
  4006884	VERBOSE   	FPS	XnOpenNI.cpp	883	[FPS] MyDepth (I: 29.95, O:  0.00) Image1 (I:  0.00, O:  0.00) ReadCalls:  0.00
  5006900	VERBOSE   	FPS	XnOpenNI.cpp	883	[FPS] MyDepth (I: 29.97, O:  0.00) Image1 (I:  0.00, O:  0.00) ReadCalls:  0.00
  5480048	INFO      	DDK	XnProperty.cpp	151	Property Image1.State was changed to 1.
  5480096	INFO      	DDK	XnDeviceBase.cpp	370	Stream Image1 is open.
  5480260	VERBOSE   	SensorServer	XnSensorClient.cpp	433	Setting MyDepth.Registration to 1...
  5633222	INFO      	DDK	XnProperty.cpp	151	Property MyDepth.Registration was changed to 1.
  6009937	VERBOSE   	FPS	XnOpenNI.cpp	883	[FPS] MyDepth (I: 29.60, O: 20.51) Image1 (I: 29.55, O: 20.52) ReadCalls: 20.50
  7009763	VERBOSE   	FPS	XnOpenNI.cpp	883	[FPS] MyDepth (I: 29.60, O: 21.62) Image1 (I: 29.83, O: 21.63) ReadCalls: 21.62
  8010139	VERBOSE   	FPS	XnOpenNI.cpp	883	[FPS] MyDepth (I: 29.60, O: 21.35) Image1 (I: 29.89, O: 21.36) ReadCalls: 21.35
  9010750	VERBOSE   	FPS	XnOpenNI.cpp	883	[FPS] MyDepth (I: 30.30, O: 21.35) Image1 (I: 29.96, O: 21.35) ReadCalls: 21.35
 10010815	VERBOSE   	FPS	XnOpenNI.cpp	883	[FPS] MyDepth (I: 30.06, O: 21.23) Image1 (I: 30.30, O: 21.23) ReadCalls: 21.23
 11010257	VERBOSE   	FPS	XnOpenNI.cpp	883	[FPS] MyDepth (I: 30.07, O: 21.12) Image1 (I: 30.30, O: 21.12) ReadCalls: 21.12
 12010222	VERBOSE   	FPS	XnOpenNI.cpp	883	[FPS] MyDepth (I: 30.01, O: 21.57) Image1 (I: 30.30, O: 21.57) ReadCalls: 21.57
 13010636	VERBOSE   	FPS	XnOpenNI.cpp	883	[FPS] MyDepth (I: 30.10, O: 21.45) Image1 (I: 30.30, O: 21.45) ReadCalls: 21.45
 14010182	VERBOSE   	FPS	XnOpenNI.cpp	883	[FPS] MyDepth (I: 30.10, O: 21.34) Image1 (I: 30.31, O: 21.34) ReadCalls: 21.34
 15010104	VERBOSE   	FPS	XnOpenNI.cpp	883	[FPS] MyDepth (I: 30.10, O: 21.23) Image1 (I: 30.30, O: 21.23) ReadCalls: 21.23
 16010111	VERBOSE   	FPS	XnOpenNI.cpp	883	[FPS] MyDepth (I: 30.11, O: 21.45) Image1 (I: 30.30, O: 21.46) ReadCalls: 21.45
 17010303	VERBOSE   	FPS	XnOpenNI.cpp	883	[FPS] MyDepth (I: 30.10, O: 21.35) Image1 (I: 30.30, O: 21.35) ReadCalls: 21.35
 18010170	VERBOSE   	FPS	XnOpenNI.cpp	883	[FPS] MyDepth (I: 30.10, O: 21.35) Image1 (I: 30.30, O: 21.35) ReadCalls: 21.35
 19009975	VERBOSE   	FPS	XnOpenNI.cpp	883	[FPS] MyDepth (I: 30.10, O: 21.58) Image1 (I: 30.30, O: 21.58) ReadCalls: 21.57
 20010196	VERBOSE   	FPS	XnOpenNI.cpp	883	[FPS] MyDepth (I: 30.11, O: 21.45) Image1 (I: 30.30, O: 21.45) ReadCalls: 21.45
 21010010	VERBOSE   	FPS	XnOpenNI.cpp	883	[FPS] MyDepth (I: 30.10, O: 21.35) Image1 (I: 30.31, O: 21.35) ReadCalls: 21.35
 22009946	VERBOSE   	FPS	XnOpenNI.cpp	883	[FPS] MyDepth (I: 30.21, O: 21.57) Image1 (I: 30.30, O: 21.58) ReadCalls: 21.57
 23000269	VERBOSE   	FPS	XnOpenNI.cpp	883	[FPS] MyDepth (I: 30.30, O: 21.55) Image1 (I: 30.10, O: 21.55) ReadCalls: 21.52
 24009937	VERBOSE   	FPS	XnOpenNI.cpp	883	[FPS] MyDepth (I: 30.20, O: 21.35) Image1 (I: 30.31, O: 21.35) ReadCalls: 21.35
 25009828	VERBOSE   	FPS	XnOpenNI.cpp	883	[FPS] MyDepth (I: 30.21, O: 21.57) Image1 (I: 30.31, O: 21.57) ReadCalls: 21.57
 26010120	VERBOSE   	FPS	XnOpenNI.cpp	883	[FPS] MyDepth (I: 30.19, O: 21.47) Image1 (I: 30.30, O: 21.47) ReadCalls: 21.46
 27001120	VERBOSE   	FPS	XnOpenNI.cpp	883	[FPS] MyDepth (I: 30.29, O: 21.41) Image1 (I: 30.09, O: 21.41) ReadCalls: 21.41
 28009990	VERBOSE   	FPS	XnOpenNI.cpp	883	[FPS] MyDepth (I: 30.21, O: 21.57) Image1 (I: 30.30, O: 21.57) ReadCalls: 21.57
 29010029	VERBOSE   	FPS	XnOpenNI.cpp	883	[FPS] MyDepth (I: 30.19, O: 21.47) Image1 (I: 30.31, O: 21.47) ReadCalls: 21.45
 30009792	VERBOSE   	FPS	XnOpenNI.cpp	883	[FPS] MyDepth (I: 30.20, O: 21.34) Image1 (I: 30.31, O: 21.34) ReadCalls: 21.34
 31010051	VERBOSE   	FPS	XnOpenNI.cpp	883	[FPS] MyDepth (I: 30.30, O: 21.57) Image1 (I: 30.30, O: 21.57) ReadCalls: 21.57
 32009275	VERBOSE   	FPS	XnOpenNI.cpp	883	[FPS] MyDepth (I: 30.31, O: 19.45) Image1 (I: 30.01, O: 19.45) ReadCalls: 19.44
 33009942	VERBOSE   	FPS	XnOpenNI.cpp	883	[FPS] MyDepth (I: 30.30, O: 17.67) Image1 (I: 29.97, O: 17.67) ReadCalls: 17.67
 34009467	VERBOSE   	FPS	XnOpenNI.cpp	883	[FPS] MyDepth (I: 30.31, O: 17.53) Image1 (I: 30.01, O: 17.53) ReadCalls: 17.53
 35010445	VERBOSE   	FPS	XnOpenNI.cpp	883	[FPS] MyDepth (I: 30.29, O: 21.61) Image1 (I: 29.96, O: 21.61) ReadCalls: 21.61
 36009890	VERBOSE   	FPS	XnOpenNI.cpp	883	[FPS] MyDepth (I: 30.30, O: 21.46) Image1 (I: 30.00, O: 21.46) ReadCalls: 21.46
 37009851	VERBOSE   	FPS	XnOpenNI.cpp	883	[FPS] MyDepth (I: 30.30, O: 21.35) Image1 (I: 29.97, O: 21.35) ReadCalls: 21.35
 38009032	VERBOSE   	FPS	XnOpenNI.cpp	883	[FPS] MyDepth (I: 30.31, O: 21.35) Image1 (I: 30.02, O: 21.35) ReadCalls: 21.34
 39009650	VERBOSE   	FPS	XnOpenNI.cpp	883	[FPS] MyDepth (I: 30.30, O: 21.57) Image1 (I: 30.00, O: 21.57) ReadCalls: 21.56
 40010926	VERBOSE   	FPS	XnOpenNI.cpp	883	[FPS] MyDepth (I: 30.29, O: 21.44) Image1 (I: 29.95, O: 21.44) ReadCalls: 21.44
 41009505	VERBOSE   	FPS	XnOpenNI.cpp	883	[FPS] MyDepth (I: 30.08, O: 21.34) Image1 (I: 30.31, O: 21.34) ReadCalls: 21.34
 42009514	VERBOSE   	FPS	XnOpenNI.cpp	883	[FPS] MyDepth (I: 30.00, O: 21.57) Image1 (I: 30.30, O: 21.57) ReadCalls: 21.56
 43009725	VERBOSE   	FPS	XnOpenNI.cpp	883	[FPS] MyDepth (I: 30.01, O: 21.45) Image1 (I: 30.30, O: 21.45) ReadCalls: 21.45
 44009439	VERBOSE   	FPS	XnOpenNI.cpp	883	[FPS] MyDepth (I: 30.10, O: 21.35) Image1 (I: 30.31, O: 21.35) ReadCalls: 21.35
 45009371	VERBOSE   	FPS	XnOpenNI.cpp	883	[FPS] MyDepth (I: 30.10, O: 21.57) Image1 (I: 30.30, O: 21.57) ReadCalls: 21.56
 46009379	VERBOSE   	FPS	XnOpenNI.cpp	883	[FPS] MyDepth (I: 30.10, O: 21.45) Image1 (I: 30.30, O: 21.45) ReadCalls: 21.45
 47009543	VERBOSE   	FPS	XnOpenNI.cpp	883	[FPS] MyDepth (I: 30.10, O: 21.35) Image1 (I: 30.30, O: 21.35) ReadCalls: 21.34
 48009401	VERBOSE   	FPS	XnOpenNI.cpp	883	[FPS] MyDepth (I: 30.10, O: 21.23) Image1 (I: 30.30, O: 21.24) ReadCalls: 21.23
 49009353	VERBOSE   	FPS	XnOpenNI.cpp	883	[FPS] MyDepth (I: 30.10, O: 21.57) Image1 (I: 30.30, O: 21.57) ReadCalls: 21.57
 50009537	VERBOSE   	FPS	XnOpenNI.cpp	883	[FPS] MyDepth (I: 30.10, O: 21.46) Image1 (I: 30.30, O: 21.46) ReadCalls: 21.46
 51009277	VERBOSE   	FPS	XnOpenNI.cpp	883	[FPS] MyDepth (I: 30.10, O: 21.35) Image1 (I: 30.31, O: 21.35) ReadCalls: 21.35
 52009238	VERBOSE   	FPS	XnOpenNI.cpp	883	[FPS] MyDepth (I: 30.10, O: 21.57) Image1 (I: 30.30, O: 21.57) ReadCalls: 21.57
 53009450	VERBOSE   	FPS	XnOpenNI.cpp	883	[FPS] MyDepth (I: 30.20, O: 21.47) Image1 (I: 30.31, O: 21.48) ReadCalls: 21.45
 54000248	VERBOSE   	FPS	XnOpenNI.cpp	883	[FPS] MyDepth (I: 30.29, O: 21.41) Image1 (I: 30.09, O: 21.41) ReadCalls: 21.41
 55009475	VERBOSE   	FPS	XnOpenNI.cpp	883	[FPS] MyDepth (I: 30.20, O: 21.23) Image1 (I: 30.30, O: 21.23) ReadCalls: 21.22
 56009605	VERBOSE   	FPS	XnOpenNI.cpp	883	[FPS] MyDepth (I: 30.19, O: 21.14) Image1 (I: 30.30, O: 21.14) ReadCalls: 21.12
 57009138	VERBOSE   	FPS	XnOpenNI.cpp	883	[FPS] MyDepth (I: 30.20, O: 21.01) Image1 (I: 30.31, O: 21.01) ReadCalls: 21.00
 58009474	VERBOSE   	FPS	XnOpenNI.cpp	883	[FPS] MyDepth (I: 30.20, O: 21.47) Image1 (I: 30.30, O: 21.48) ReadCalls: 21.45
 59009367	VERBOSE   	FPS	XnOpenNI.cpp	883	[FPS] MyDepth (I: 30.20, O: 21.47) Image1 (I: 30.40, O: 21.47) ReadCalls: 21.45
 60009055	VERBOSE   	FPS	XnOpenNI.cpp	883	[FPS] MyDepth (I: 30.21, O: 21.35) Image1 (I: 30.41, O: 21.35) ReadCalls: 21.34
 61009026	VERBOSE   	FPS	XnOpenNI.cpp	883	[FPS] MyDepth (I: 30.20, O: 21.57) Image1 (I: 30.41, O: 21.57) ReadCalls: 21.56
 62009278	VERBOSE   	FPS	XnOpenNI.cpp	883	[FPS] MyDepth (I: 30.19, O: 21.45) Image1 (I: 30.40, O: 21.47) ReadCalls: 21.45
 63008776	VERBOSE   	FPS	XnOpenNI.cpp	883	[FPS] MyDepth (I: 30.30, O: 21.34) Image1 (I: 30.00, O: 21.34) ReadCalls: 21.34
 64008747	VERBOSE   	FPS	XnOpenNI.cpp	883	[FPS] MyDepth (I: 30.30, O: 21.57) Image1 (I: 30.00, O: 21.57) ReadCalls: 21.57
 65009570	VERBOSE   	FPS	XnOpenNI.cpp	883	[FPS] MyDepth (I: 30.30, O: 21.45) Image1 (I: 30.06, O: 21.45) ReadCalls: 21.44
 66008559	VERBOSE   	FPS	XnOpenNI.cpp	883	[FPS] MyDepth (I: 30.31, O: 21.34) Image1 (I: 30.00, O: 21.34) ReadCalls: 21.34
 67009076	VERBOSE   	FPS	XnOpenNI.cpp	883	[FPS] MyDepth (I: 30.30, O: 21.56) Image1 (I: 30.07, O: 21.56) ReadCalls: 21.56
 68009206	VERBOSE   	FPS	XnOpenNI.cpp	883	[FPS] MyDepth (I: 30.30, O: 21.45) Image1 (I: 30.00, O: 21.45) ReadCalls: 21.45
 69008858	VERBOSE   	FPS	XnOpenNI.cpp	883	[FPS] MyDepth (I: 30.31, O: 21.34) Image1 (I: 30.00, O: 21.34) ReadCalls: 21.34
 70008915	VERBOSE   	FPS	XnOpenNI.cpp	883	[FPS] MyDepth (I: 30.30, O: 21.56) Image1 (I: 30.00, O: 21.56) ReadCalls: 21.56
 71009283	VERBOSE   	FPS	XnOpenNI.cpp	883	[FPS] MyDepth (I: 30.30, O: 21.45) Image1 (I: 30.00, O: 21.45) ReadCalls: 21.45
 72008796	VERBOSE   	FPS	XnOpenNI.cpp	883	[FPS] MyDepth (I: 30.00, O: 21.35) Image1 (I: 30.41, O: 21.35) ReadCalls: 21.34
 73008768	VERBOSE   	FPS	XnOpenNI.cpp	883	[FPS] MyDepth (I: 30.00, O: 21.56) Image1 (I: 30.41, O: 21.56) ReadCalls: 21.56
 74008907	VERBOSE   	FPS	XnOpenNI.cpp	883	[FPS] MyDepth (I: 30.00, O: 21.46) Image1 (I: 30.41, O: 21.46) ReadCalls: 21.45
 75008744	VERBOSE   	FPS	XnOpenNI.cpp	883	[FPS] MyDepth (I: 30.10, O: 21.34) Image1 (I: 30.41, O: 21.35) ReadCalls: 21.34
 76008696	VERBOSE   	FPS	XnOpenNI.cpp	883	[FPS] MyDepth (I: 30.10, O: 21.56) Image1 (I: 30.41, O: 21.56) ReadCalls: 21.56
 77009010	VERBOSE   	FPS	XnOpenNI.cpp	883	[FPS] MyDepth (I: 30.10, O: 21.45) Image1 (I: 30.41, O: 21.45) ReadCalls: 21.45
 78008773	VERBOSE   	FPS	XnOpenNI.cpp	883	[FPS] MyDepth (I: 30.10, O: 21.34) Image1 (I: 30.41, O: 21.34) ReadCalls: 21.34
 79008649	VERBOSE   	FPS	XnOpenNI.cpp	883	[FPS] MyDepth (I: 30.10, O: 21.57) Image1 (I: 30.41, O: 21.57) ReadCalls: 21.57
 80008967	VERBOSE   	FPS	XnOpenNI.cpp	883	[FPS] MyDepth (I: 30.10, O: 21.45) Image1 (I: 30.40, O: 21.45) ReadCalls: 21.45
 81008889	VERBOSE   	FPS	XnOpenNI.cpp	883	[FPS] MyDepth (I: 30.10, O: 21.34) Image1 (I: 30.06, O: 21.34) ReadCalls: 21.67
 82018543	VERBOSE   	FPS	XnOpenNI.cpp	883	[FPS] MyDepth (I: 30.01, O: 21.50) Image1 (I: 30.30, O: 21.50) ReadCalls: 21.50
 83018501	VERBOSE   	FPS	XnOpenNI.cpp	883	[FPS] MyDepth (I: 30.00, O: 21.39) Image1 (I: 30.30, O: 21.39) ReadCalls: 21.38
 84008781	VERBOSE   	FPS	XnOpenNI.cpp	883	[FPS] MyDepth (I: 30.10, O: 21.34) Image1 (I: 30.10, O: 21.34) ReadCalls: 21.67
 85018434	VERBOSE   	FPS	XnOpenNI.cpp	883	[FPS] MyDepth (I: 30.11, O: 21.50) Image1 (I: 30.30, O: 21.50) ReadCalls: 21.50
 86018423	VERBOSE   	FPS	XnOpenNI.cpp	883	[FPS] MyDepth (I: 30.10, O: 21.38) Image1 (I: 30.30, O: 21.40) ReadCalls: 21.38
 87008685	VERBOSE   	FPS	XnOpenNI.cpp	883	[FPS] MyDepth (I: 30.20, O: 21.34) Image1 (I: 30.10, O: 21.34) ReadCalls: 21.67
 88018336	VERBOSE   	FPS	XnOpenNI.cpp	883	[FPS] MyDepth (I: 30.10, O: 21.15) Image1 (I: 30.31, O: 21.16) ReadCalls: 21.15
 89008600	VERBOSE   	FPS	XnOpenNI.cpp	883	[FPS] MyDepth (I: 30.20, O: 21.11) Image1 (I: 30.10, O: 21.11) ReadCalls: 21.45
 90009529	VERBOSE   	FPS	XnOpenNI.cpp	883	[FPS] MyDepth (I: 30.19, O: 19.66) Image1 (I: 30.09, O: 19.66) ReadCalls: 19.98
 91009496	VERBOSE   	FPS	XnOpenNI.cpp	883	[FPS] MyDepth (I: 30.19, O: 19.79) Image1 (I: 30.09, O: 19.79) ReadCalls: 20.11
 92018181	VERBOSE   	FPS	XnOpenNI.cpp	883	[FPS] MyDepth (I: 30.10, O: 20.79) Image1 (I: 30.30, O: 20.79) ReadCalls: 20.76
 93018325	VERBOSE   	FPS	XnOpenNI.cpp	883	[FPS] MyDepth (I: 30.10, O: 20.93) Image1 (I: 30.30, O: 20.93) ReadCalls: 20.93
 94007856	VERBOSE   	FPS	XnOpenNI.cpp	883	[FPS] MyDepth (I: 30.31, O: 21.01) Image1 (I: 30.11, O: 21.01) ReadCalls: 21.01
 95008160	VERBOSE   	FPS	XnOpenNI.cpp	883	[FPS] MyDepth (I: 30.31, O: 21.12) Image1 (I: 30.10, O: 21.12) ReadCalls: 21.12
 96008349	VERBOSE   	FPS	XnOpenNI.cpp	883	[FPS] MyDepth (I: 30.30, O: 21.11) Image1 (I: 30.10, O: 21.11) ReadCalls: 21.11
 97007981	VERBOSE   	FPS	XnOpenNI.cpp	883	[FPS] MyDepth (I: 30.31, O: 21.00) Image1 (I: 30.11, O: 21.01) ReadCalls: 21.00
 98008025	VERBOSE   	FPS	XnOpenNI.cpp	883	[FPS] MyDepth (I: 30.30, O: 21.34) Image1 (I: 30.10, O: 21.35) ReadCalls: 21.34
 99008556	VERBOSE   	FPS	XnOpenNI.cpp	883	[FPS] MyDepth (I: 30.30, O: 21.45) Image1 (I: 30.10, O: 21.45) ReadCalls: 21.45
100007566	VERBOSE   	FPS	XnOpenNI.cpp	883	[FPS] MyDepth (I: 30.31, O: 21.35) Image1 (I: 30.11, O: 21.35) ReadCalls: 21.35
101007805	VERBOSE   	FPS	XnOpenNI.cpp	883	[FPS] MyDepth (I: 30.31, O: 21.56) Image1 (I: 30.10, O: 21.56) ReadCalls: 21.56
102008130	VERBOSE   	FPS	XnOpenNI.cpp	883	[FPS] MyDepth (I: 30.30, O: 21.45) Image1 (I: 30.10, O: 21.45) ReadCalls: 21.45
103008583	VERBOSE   	FPS	XnOpenNI.cpp	883	[FPS] MyDepth (I: 30.40, O: 21.34) Image1 (I: 30.10, O: 21.34) ReadCalls: 21.34
104009036	VERBOSE   	FPS	XnOpenNI.cpp	883	[FPS] MyDepth (I: 30.06, O: 21.22) Image1 (I: 30.09, O: 21.22) ReadCalls: 21.55
105008028	VERBOSE   	FPS	XnOpenNI.cpp	883	[FPS] MyDepth (I: 30.00, O: 21.12) Image1 (I: 30.10, O: 21.12) ReadCalls: 21.45
106017515	VERBOSE   	FPS	XnOpenNI.cpp	883	[FPS] MyDepth (I: 30.31, O: 21.04) Image1 (I: 30.00, O: 21.05) ReadCalls: 21.04
107007958	VERBOSE   	FPS	XnOpenNI.cpp	883	[FPS] MyDepth (I: 30.10, O: 21.01) Image1 (I: 30.10, O: 21.01) ReadCalls: 21.34
108017788	VERBOSE   	FPS	XnOpenNI.cpp	883	[FPS] MyDepth (I: 30.31, O: 21.38) Image1 (I: 30.00, O: 21.38) ReadCalls: 21.38
109017924	VERBOSE   	FPS	XnOpenNI.cpp	883	[FPS] MyDepth (I: 30.30, O: 21.38) Image1 (I: 29.97, O: 21.38) ReadCalls: 21.38
110008817	VERBOSE   	FPS	XnOpenNI.cpp	883	[FPS] MyDepth (I: 30.09, O: 21.34) Image1 (I: 30.09, O: 21.34) ReadCalls: 21.67
111017445	VERBOSE   	FPS	XnOpenNI.cpp	883	[FPS] MyDepth (I: 30.31, O: 21.50) Image1 (I: 30.00, O: 21.50) ReadCalls: 21.50
112018153	VERBOSE   	FPS	XnOpenNI.cpp	883	[FPS] MyDepth (I: 30.30, O: 21.37) Image1 (I: 29.96, O: 21.37) ReadCalls: 21.37
113007758	VERBOSE   	FPS	XnOpenNI.cpp	883	[FPS] MyDepth (I: 30.10, O: 21.34) Image1 (I: 30.10, O: 21.34) ReadCalls: 21.67
114017650	VERBOSE   	FPS	XnOpenNI.cpp	883	[FPS] MyDepth (I: 30.07, O: 21.50) Image1 (I: 30.31, O: 21.50) ReadCalls: 21.49
115017661	VERBOSE   	FPS	XnOpenNI.cpp	883	[FPS] MyDepth (I: 30.00, O: 21.38) Image1 (I: 30.31, O: 21.38) ReadCalls: 21.38
116007640	VERBOSE   	FPS	XnOpenNI.cpp	883	[FPS] MyDepth (I: 30.20, O: 21.34) Image1 (I: 30.10, O: 21.34) ReadCalls: 21.67
117017688	VERBOSE   	FPS	XnOpenNI.cpp	883	[FPS] MyDepth (I: 30.11, O: 21.49) Image1 (I: 30.30, O: 21.49) ReadCalls: 21.49
118017614	VERBOSE   	FPS	XnOpenNI.cpp	883	[FPS] MyDepth (I: 30.10, O: 21.40) Image1 (I: 30.30, O: 21.40) ReadCalls: 21.38
119017640	VERBOSE   	FPS	XnOpenNI.cpp	883	[FPS] MyDepth (I: 30.10, O: 20.94) Image1 (I: 30.30, O: 20.95) ReadCalls: 20.93
120017628	VERBOSE   	FPS	XnOpenNI.cpp	883	[FPS] MyDepth (I: 30.11, O: 17.12) Image1 (I: 30.31, O: 17.12) ReadCalls: 17.12
121017533	VERBOSE   	FPS	XnOpenNI.cpp	883	[FPS] MyDepth (I: 30.10, O: 14.72) Image1 (I: 30.30, O: 14.72) ReadCalls: 14.70
122017679	VERBOSE   	FPS	XnOpenNI.cpp	883	[FPS] MyDepth (I: 30.10, O: 18.41) Image1 (I: 30.30, O: 18.41) ReadCalls: 18.41
123007407	VERBOSE   	FPS	XnOpenNI.cpp	883	[FPS] MyDepth (I: 30.21, O: 21.28) Image1 (I: 30.10, O: 21.28) ReadCalls: 21.65
124007346	VERBOSE   	FPS	XnOpenNI.cpp	883	[FPS] MyDepth (I: 30.20, O: 21.23) Image1 (I: 30.10, O: 21.23) ReadCalls: 21.57
125007231	VERBOSE   	FPS	XnOpenNI.cpp	883	[FPS] MyDepth (I: 30.30, O: 21.45) Image1 (I: 30.10, O: 21.45) ReadCalls: 21.45
126007744	VERBOSE   	FPS	XnOpenNI.cpp	883	[FPS] MyDepth (I: 30.31, O: 21.33) Image1 (I: 30.10, O: 21.33) ReadCalls: 21.33
127006932	VERBOSE   	FPS	XnOpenNI.cpp	883	[FPS] MyDepth (I: 30.31, O: 21.34) Image1 (I: 30.11, O: 21.34) ReadCalls: 21.34
