    15197	INFO      	Log	XnLog.cpp	329	OpenNI version is 1.4.0 (Build 2)-Win32 (Nov 17 2011 18:51:00)
    15269	INFO      	Log	XnLog.cpp	307	--- Filter Info --- Minimum Severity: VERBOSE
    15410	VERBOSE   	ModuleLoader	XnModuleLoader.cpp	452	Found exported production node. Script: OpenNI/OpenNI/1.4.0.2
    16159	VERBOSE   	ModuleLoader	XnModuleLoader.cpp	281	Checking C:\Program Files\OpenNI\Bin\nimRecorder.dll...
    30807	VERBOSE   	ModuleLoader	XnModuleLoader.cpp	452	Found exported production node. Recorder: OpenNI/Recorder/1.4.0.2
    30924	VERBOSE   	ModuleLoader	XnModuleLoader.cpp	452	Found exported production node. Player: OpenNI/Player/1.4.0.2
    31023	VERBOSE   	ModuleLoader	XnModuleLoader.cpp	281	Checking C:\Program Files\OpenNI\Bin\nimMockNodes.dll...
    40781	VERBOSE   	ModuleLoader	XnModuleLoader.cpp	452	Found exported production node. ProductionNode: OpenNI/Mock/1.4.0.2
    40825	VERBOSE   	ModuleLoader	XnModuleLoader.cpp	452	Found exported production node. Generator: OpenNI/Mock/1.4.0.2
    40859	VERBOSE   	ModuleLoader	XnModuleLoader.cpp	452	Found exported production node. MapGenerator: OpenNI/Mock/1.4.0.2
    40885	VERBOSE   	ModuleLoader	XnModuleLoader.cpp	452	Found exported production node. Device: OpenNI/Mock/1.4.0.2
    40909	VERBOSE   	ModuleLoader	XnModuleLoader.cpp	452	Found exported production node. Depth: OpenNI/Mock/1.4.0.2
    40953	VERBOSE   	ModuleLoader	XnModuleLoader.cpp	452	Found exported production node. IR: OpenNI/Mock/1.4.0.2
    40982	VERBOSE   	ModuleLoader	XnModuleLoader.cpp	452	Found exported production node. Image: OpenNI/Mock/1.4.0.2
    41015	VERBOSE   	ModuleLoader	XnModuleLoader.cpp	452	Found exported production node. Audio: OpenNI/Mock/1.4.0.2
    41044	VERBOSE   	ModuleLoader	XnModuleLoader.cpp	281	Checking C:\Program Files\OpenNI\Bin\nimCodecs.dll...
    48548	VERBOSE   	ModuleLoader	XnModuleLoader.cpp	452	Found exported production node. Codec: OpenNI/16zP/1.4.0.2
    48588	VERBOSE   	ModuleLoader	XnModuleLoader.cpp	452	Found exported production node. Codec: OpenNI/16zT/1.4.0.2
    48612	VERBOSE   	ModuleLoader	XnModuleLoader.cpp	452	Found exported production node. Codec: OpenNI/Im8z/1.4.0.2
    48643	VERBOSE   	ModuleLoader	XnModuleLoader.cpp	452	Found exported production node. Codec: OpenNI/JPEG/1.4.0.2
    48675	VERBOSE   	ModuleLoader	XnModuleLoader.cpp	452	Found exported production node. Codec: OpenNI/NONE/1.4.0.2
    48705	VERBOSE   	ModuleLoader	XnModuleLoader.cpp	281	Checking C:\Program Files\PrimeSense\NITE\Features_1_3_0\Bin\XnVFeatures_1_3_0.dll...
    64859	VERBOSE   	ModuleLoader	XnModuleLoader.cpp	452	Found exported production node. Scene: PrimeSense/XnVSceneAnalyzer/1.3.0.17
    64927	VERBOSE   	ModuleLoader	XnModuleLoader.cpp	452	Found exported production node. User: PrimeSense/XnVSkeletonGenerator/1.3.0.17
    64959	VERBOSE   	ModuleLoader	XnModuleLoader.cpp	281	Checking C:\Program Files\PrimeSense\NITE\Features_1_3_1\Bin\XnVFeatures_1_3_1.dll...
    73196	VERBOSE   	ModuleLoader	XnModuleLoader.cpp	452	Found exported production node. Scene: PrimeSense/XnVSceneAnalyzer/1.3.1.6
    73235	VERBOSE   	ModuleLoader	XnModuleLoader.cpp	452	Found exported production node. User: PrimeSense/XnVSkeletonGenerator/1.3.1.6
    73263	VERBOSE   	ModuleLoader	XnModuleLoader.cpp	281	Checking C:\Program Files\PrimeSense\NITE\Features_1_4_1\Bin\XnVFeatures_1_4_1.dll...
    89990	VERBOSE   	ModuleLoader	XnModuleLoader.cpp	452	Found exported production node. Scene: PrimeSense/XnVSceneAnalyzer/1.4.1.2
    90044	VERBOSE   	ModuleLoader	XnModuleLoader.cpp	452	Found exported production node. User: PrimeSense/XnVSkeletonGenerator/1.4.1.2
    90072	VERBOSE   	ModuleLoader	XnModuleLoader.cpp	281	Checking C:\Program Files\PrimeSense\NITE\Hands_1_3_0\Bin\XnVHandGenerator_1_3_0.dll...
   101997	VERBOSE   	ModuleLoader	XnModuleLoader.cpp	452	Found exported production node. Gesture: PrimeSense/XnVGestureGenrator/1.3.0.17
   102053	VERBOSE   	ModuleLoader	XnModuleLoader.cpp	452	Found exported production node. Hands: PrimeSense/XnVHandTracker/1.3.0.17
   102087	VERBOSE   	ModuleLoader	XnModuleLoader.cpp	281	Checking C:\Program Files\PrimeSense\NITE\Hands_1_3_1\Bin\XnVHandGenerator_1_3_1.dll...
   108657	VERBOSE   	ModuleLoader	XnModuleLoader.cpp	452	Found exported production node. Gesture: PrimeSense/XnVGestureGenrator/1.3.1.6
   108705	VERBOSE   	ModuleLoader	XnModuleLoader.cpp	452	Found exported production node. Hands: PrimeSense/XnVHandTracker/1.3.1.6
   108731	VERBOSE   	ModuleLoader	XnModuleLoader.cpp	281	Checking C:\Program Files\PrimeSense\NITE\Hands_1_4_1\Bin\XnVHandGenerator_1_4_1.dll...
   123173	VERBOSE   	ModuleLoader	XnModuleLoader.cpp	452	Found exported production node. Gesture: PrimeSense/XnVGestureGenrator/1.4.1.2
   123224	VERBOSE   	ModuleLoader	XnModuleLoader.cpp	452	Found exported production node. Hands: PrimeSense/XnVHandTracker/1.4.1.2
   123258	VERBOSE   	ModuleLoader	XnModuleLoader.cpp	281	Checking C:\Program Files\PrimeSense\SensorKinect\Bin\XnDeviceFile.dll...
   157514	VERBOSE   	ModuleLoader	XnModuleLoader.cpp	452	Found exported production node. Player: PrimeSense/File/5.0.3.4
   157571	VERBOSE   	ModuleLoader	XnModuleLoader.cpp	281	Checking C:\Program Files\PrimeSense\SensorKinect\Bin\XnDeviceSensorV2KM.dll...
   166474	VERBOSE   	ModuleLoader	XnModuleLoader.cpp	452	Found exported production node. Device: PrimeSense/SensorKinect/5.0.3.4
   166520	VERBOSE   	ModuleLoader	XnModuleLoader.cpp	452	Found exported production node. Depth: PrimeSense/SensorKinect/5.0.3.4
   166546	VERBOSE   	ModuleLoader	XnModuleLoader.cpp	452	Found exported production node. Image: PrimeSense/SensorKinect/5.0.3.4
   166590	VERBOSE   	ModuleLoader	XnModuleLoader.cpp	452	Found exported production node. IR: PrimeSense/SensorKinect/5.0.3.4
   166621	VERBOSE   	ModuleLoader	XnModuleLoader.cpp	452	Found exported production node. Audio: PrimeSense/SensorKinect/5.0.3.4
   167210	INFO      	OpenNI	XnOpenNI.cpp	1568	Creating node 'Script1' of type Script: OpenNI/OpenNI/1.4.0.2...
   168002	VERBOSE   	OpenNI	XnXmlScriptNode.cpp	763	Requested to create a node of type Depth...
   220407	INFO      	OpenNI	XnOpenNI.cpp	1568	Creating node 'Device1' of type Device: PrimeSense/SensorKinect/5.0.3.4...
  1829055	INFO      	DDK	XnProperty.cpp	151	Property Device.ShareMode was changed to 1.
  1829081	INFO      	DDK	XnProperty.cpp	151	Property Device.InstancePointer was changed.
  1829270	INFO      	DDK	XnProperty.cpp	151	Property Device.ShareMode was changed to 0.
  1829964	INFO      	OpenNI	XnOpenNI.cpp	1568	Creating node 'MyDepth' of type Depth: PrimeSense/SensorKinect/5.0.3.4...
  1830014	VERBOSE   	SensorClient	XnSensorClient.cpp	268	Creating stream MyDepth (of type Depth)
  1840890	INFO      	DDK	XnProperty.cpp	151	Property Device.ReadData was changed to 1.
  1876125	INFO      	DDK	XnDeviceBase.cpp	1383	Creating stream 'MyDepth' of type 'Depth'...
  1876263	VERBOSE   	DDK	XnDeviceBase.cpp	1419	Initializing stream 'MyDepth'...
  1876693	INFO      	DDK	XnProperty.cpp	151	Property MyDepth.RequiredDataSize was changed to 614400.
  1877327	INFO      	DDK	XnProperty.cpp	151	Property MyDepth.OutputFormat was changed to 1.
  1877401	INFO      	DDK	XnDeviceBase.cpp	1458	Stream 'MyDepth' was initialized.
  1877414	INFO      	DDK	XnDeviceBase.cpp	1463	'MyDepth' stream was created.
  1878267	VERBOSE   	SensorClient	XnSensorClient.cpp	391	Getting property MyDepth.SupportedModes from server...
  1878546	VERBOSE   	SensorServer	XnSensorClient.cpp	433	Setting MyDepth.Mirror to 1...
  1878638	INFO      	DDK	XnProperty.cpp	151	Property MyDepth.Mirror was changed to 1.
  1878781	VERBOSE   	OpenNI	XnXmlScriptNode.cpp	763	Requested to create a node of type Image (StopOnError=FALSE)...
  1881174	VERBOSE   	SensorClient	XnSensorClient.cpp	391	Getting property Device.CmosBlankingUnits from server...
  1892787	INFO      	OpenNI	XnOpenNI.cpp	1568	Creating node 'Image1' of type Image: PrimeSense/SensorKinect/5.0.3.4...
  1892842	VERBOSE   	SensorClient	XnSensorClient.cpp	268	Creating stream Image1 (of type Image)
  1909795	INFO      	DDK	XnDeviceBase.cpp	1383	Creating stream 'Image1' of type 'Image'...
  1910017	VERBOSE   	DDK	XnDeviceBase.cpp	1419	Initializing stream 'Image1'...
  1910494	INFO      	DDK	XnProperty.cpp	151	Property Image1.RequiredDataSize was changed to 921600.
  1911422	INFO      	DDK	XnProperty.cpp	151	Property Image1.OutputFormat was changed to 5.
  1911469	INFO      	DDK	XnDeviceBase.cpp	1458	Stream 'Image1' was initialized.
  1911482	INFO      	DDK	XnDeviceBase.cpp	1463	'Image1' stream was created.
  1912019	VERBOSE   	SensorClient	XnSensorClient.cpp	391	Getting property Image1.SupportedModes from server...
  1912228	VERBOSE   	SensorServer	XnSensorClient.cpp	433	Setting Image1.Mirror to 1...
  1912329	INFO      	DDK	XnProperty.cpp	151	Property Image1.Mirror was changed to 1.
  1912493	VERBOSE   	DDK	XnDeviceBase.cpp	359	Opening stream MyDepth...
  1914008	INFO      	DDK	XnProperty.cpp	151	Property MyDepth.ActualReadData was changed to 1.
  2161389	VERBOSE   	FPS	XnOpenNI.cpp	890	[FPS] MyDepth (I:  0.00, O:  0.00) Image1 (I:  0.00, O:  0.00) ReadCalls:  0.00
  2390483	INFO      	DDK	XnProperty.cpp	151	Property MyDepth.State was changed to 1.
  2390512	INFO      	DDK	XnDeviceBase.cpp	370	Stream MyDepth is open.
  2390536	VERBOSE   	DDK	XnDeviceBase.cpp	359	Opening stream Image1...
  2391797	INFO      	DDK	XnProperty.cpp	151	Property Image1.ActualReadData was changed to 1.
  3020161	VERBOSE   	FPS	XnOpenNI.cpp	890	[FPS] MyDepth (I: 30.28, O:  0.00) Image1 (I:  0.00, O:  0.00) ReadCalls:  0.00
  4019958	VERBOSE   	FPS	XnOpenNI.cpp	890	[FPS] MyDepth (I: 30.13, O:  0.00) Image1 (I:  0.00, O:  0.00) ReadCalls:  0.00
  5019976	VERBOSE   	FPS	XnOpenNI.cpp	890	[FPS] MyDepth (I: 30.08, O:  0.00) Image1 (I:  0.00, O:  0.00) ReadCalls:  0.00
  5587153	INFO      	DDK	XnProperty.cpp	151	Property Image1.State was changed to 1.
  5587180	INFO      	DDK	XnDeviceBase.cpp	370	Stream Image1 is open.
  5587329	VERBOSE   	SensorServer	XnSensorClient.cpp	433	Setting MyDepth.Registration to 1...
  5743223	INFO      	DDK	XnProperty.cpp	151	Property MyDepth.Registration was changed to 1.
  6033029	VERBOSE   	FPS	XnOpenNI.cpp	890	[FPS] MyDepth (I: 29.26, O: 12.72) Image1 (I: 27.62, O:  8.48) ReadCalls: 12.58
  7033209	VERBOSE   	FPS	XnOpenNI.cpp	890	[FPS] MyDepth (I: 29.26, O:  9.71) Image1 (I: 29.16, O:  9.71) ReadCalls:  9.69
  8032656	VERBOSE   	FPS	XnOpenNI.cpp	890	[FPS] MyDepth (I: 29.27, O: 10.74) Image1 (I: 29.50, O:  9.84) ReadCalls: 10.72
  9002834	VERBOSE   	FPS	XnOpenNI.cpp	890	[FPS] MyDepth (I: 30.30, O: 10.45) Image1 (I: 29.97, O:  9.77) ReadCalls: 10.29
 10003363	VERBOSE   	FPS	XnOpenNI.cpp	890	[FPS] MyDepth (I: 30.30, O: 10.21) Image1 (I: 29.64, O:  9.62) ReadCalls: 10.12
 11002386	VERBOSE   	FPS	XnOpenNI.cpp	890	[FPS] MyDepth (I: 29.97, O:  9.16) Image1 (I: 29.87, O:  8.76) ReadCalls:  9.46
 12008058	VERBOSE   	FPS	XnOpenNI.cpp	890	[FPS] MyDepth (I: 30.25, O:  9.41) Image1 (I: 29.58, O:  9.51) ReadCalls:  9.37
 13005465	VERBOSE   	FPS	XnOpenNI.cpp	890	[FPS] MyDepth (I: 29.94, O: 10.43) Image1 (I: 29.68, O: 10.54) ReadCalls: 10.71
 14005033	VERBOSE   	FPS	XnOpenNI.cpp	890	[FPS] MyDepth (I: 29.94, O: 10.34) Image1 (I: 28.94, O: 10.43) ReadCalls: 10.65
 15003314	VERBOSE   	FPS	XnOpenNI.cpp	890	[FPS] MyDepth (I: 30.05, O:  9.68) Image1 (I: 29.17, O:  9.35) ReadCalls:  9.68
 16035469	VERBOSE   	FPS	XnOpenNI.cpp	890	[FPS] MyDepth (I: 30.20, O:  8.52) Image1 (I: 28.56, O:  8.61) ReadCalls:  8.50
 17002823	VERBOSE   	FPS	XnOpenNI.cpp	890	[FPS] MyDepth (I: 30.31, O:  9.01) Image1 (I: 28.70, O:  9.09) ReadCalls:  8.93
 18016992	VERBOSE   	FPS	XnOpenNI.cpp	890	[FPS] MyDepth (I: 30.50, O:  8.92) Image1 (I: 28.80, O:  9.05) ReadCalls:  8.83
 19028117	VERBOSE   	FPS	XnOpenNI.cpp	890	[FPS] MyDepth (I: 30.20, O:  8.80) Image1 (I: 27.74, O:  8.57) ReadCalls:  8.72
 20013482	VERBOSE   	FPS	XnOpenNI.cpp	890	[FPS] MyDepth (I: 30.30, O: 10.44) Image1 (I: 28.28, O: 10.56) ReadCalls: 10.42
 21012639	VERBOSE   	FPS	XnOpenNI.cpp	890	[FPS] MyDepth (I: 30.04, O: 11.79) Image1 (I: 27.06, O: 11.91) ReadCalls: 12.10
 22013393	VERBOSE   	FPS	XnOpenNI.cpp	890	[FPS] MyDepth (I: 30.15, O: 11.66) Image1 (I: 27.66, O: 11.74) ReadCalls: 12.01
 23013420	VERBOSE   	FPS	XnOpenNI.cpp	890	[FPS] MyDepth (I: 30.00, O:  9.72) Image1 (I: 26.04, O:  9.39) ReadCalls:  9.68
 24012872	VERBOSE   	FPS	XnOpenNI.cpp	890	[FPS] MyDepth (I: 30.31, O:  9.76) Image1 (I: 27.29, O:  9.77) ReadCalls:  9.70
 25012976	VERBOSE   	FPS	XnOpenNI.cpp	890	[FPS] MyDepth (I: 30.00, O: 11.34) Image1 (I: 28.01, O: 11.11) ReadCalls: 11.36
 26017405	VERBOSE   	FPS	XnOpenNI.cpp	890	[FPS] MyDepth (I: 29.92, O: 11.71) Image1 (I: 27.00, O: 11.33) ReadCalls: 11.62
 27026793	VERBOSE   	FPS	XnOpenNI.cpp	890	[FPS] MyDepth (I: 29.92, O:  9.48) Image1 (I: 25.06, O:  9.48) ReadCalls:  9.82
 28022543	VERBOSE   	FPS	XnOpenNI.cpp	890	[FPS] MyDepth (I: 30.35, O:  8.51) Image1 (I: 23.29, O:  8.51) ReadCalls:  8.82
 29022870	VERBOSE   	FPS	XnOpenNI.cpp	890	[FPS] MyDepth (I: 29.97, O:  8.59) Image1 (I: 23.91, O:  8.72) ReadCalls:  8.52
 30002574	VERBOSE   	FPS	XnOpenNI.cpp	890	[FPS] MyDepth (I: 29.91, O: 10.42) Image1 (I: 25.54, O: 10.51) ReadCalls: 10.74
 31001936	VERBOSE   	FPS	XnOpenNI.cpp	890	[FPS] MyDepth (I: 29.87, O: 12.42) Image1 (I: 27.88, O: 12.42) ReadCalls: 12.68
 32022422	VERBOSE   	FPS	XnOpenNI.cpp	890	[FPS] MyDepth (I: 30.00, O: 14.29) Image1 (I: 28.35, O: 14.49) ReadCalls: 14.18
 33022779	VERBOSE   	FPS	XnOpenNI.cpp	890	[FPS] MyDepth (I: 30.02, O: 14.88) Image1 (I: 29.05, O: 14.88) ReadCalls: 14.87
 34022641	VERBOSE   	FPS	XnOpenNI.cpp	890	[FPS] MyDepth (I: 30.19, O: 14.95) Image1 (I: 29.19, O: 14.95) ReadCalls: 14.95
 35009792	VERBOSE   	FPS	XnOpenNI.cpp	890	[FPS] MyDepth (I: 30.13, O: 15.44) Image1 (I: 30.19, O: 15.44) ReadCalls: 15.78
 36014477	VERBOSE   	FPS	XnOpenNI.cpp	890	[FPS] MyDepth (I: 30.08, O: 15.25) Image1 (I: 30.14, O: 15.25) ReadCalls: 15.23
 37033133	VERBOSE   	FPS	XnOpenNI.cpp	890	[FPS] MyDepth (I: 29.99, O: 13.78) Image1 (I: 29.91, O: 13.78) ReadCalls: 13.78
 38033080	VERBOSE   	FPS	XnOpenNI.cpp	890	[FPS] MyDepth (I: 29.98, O: 11.48) Image1 (I: 29.92, O: 11.48) ReadCalls: 11.48
 39053100	VERBOSE   	FPS	XnOpenNI.cpp	890	[FPS] MyDepth (I: 29.09, O:  9.83) Image1 (I: 29.38, O:  9.83) ReadCalls:  9.83
 40003340	VERBOSE   	FPS	XnOpenNI.cpp	890	[FPS] MyDepth (I: 29.63, O:  9.18) Image1 (I: 29.30, O:  9.28) ReadCalls:  9.15
 41008116	VERBOSE   	FPS	XnOpenNI.cpp	890	[FPS] MyDepth (I: 29.58, O:  9.17) Image1 (I: 29.24, O:  9.26) ReadCalls:  9.13
 42002396	VERBOSE   	FPS	XnOpenNI.cpp	890	[FPS] MyDepth (I: 30.23, O:  8.56) Image1 (I: 30.18, O:  8.56) ReadCalls:  8.90
 43003872	VERBOSE   	FPS	XnOpenNI.cpp	890	[FPS] MyDepth (I: 30.30, O:  8.75) Image1 (I: 29.96, O:  8.50) ReadCalls:  8.74
 44002595	VERBOSE   	FPS	XnOpenNI.cpp	890	[FPS] MyDepth (I: 30.30, O:  8.51) Image1 (I: 30.07, O:  8.62) ReadCalls:  8.42
 45004316	VERBOSE   	FPS	XnOpenNI.cpp	890	[FPS] MyDepth (I: 29.95, O:  9.30) Image1 (I: 29.95, O:  9.42) ReadCalls:  9.27
 46006955	VERBOSE   	FPS	XnOpenNI.cpp	890	[FPS] MyDepth (I: 30.02, O: 11.71) Image1 (I: 30.03, O: 11.83) ReadCalls: 11.60
 47002660	VERBOSE   	FPS	XnOpenNI.cpp	890	[FPS] MyDepth (I: 29.96, O: 12.63) Image1 (I: 29.34, O: 12.76) ReadCalls: 12.84
 48014375	VERBOSE   	FPS	XnOpenNI.cpp	890	[FPS] MyDepth (I: 29.95, O: 11.37) Image1 (I: 29.58, O: 11.38) ReadCalls: 11.37
 49003021	VERBOSE   	FPS	XnOpenNI.cpp	890	[FPS] MyDepth (I: 29.71, O:  9.01) Image1 (I: 29.04, O:  9.01) ReadCalls:  9.35
 50011912	VERBOSE   	FPS	XnOpenNI.cpp	890	[FPS] MyDepth (I: 30.31, O:  8.02) Image1 (I: 29.30, O:  8.08) ReadCalls:  7.90
 51016230	VERBOSE   	FPS	XnOpenNI.cpp	890	[FPS] MyDepth (I: 30.26, O:  8.07) Image1 (I: 29.26, O:  8.16) ReadCalls:  8.05
 52012320	VERBOSE   	FPS	XnOpenNI.cpp	890	[FPS] MyDepth (I: 30.30, O:  8.00) Image1 (I: 29.00, O:  7.74) ReadCalls:  7.93
 53012380	VERBOSE   	FPS	XnOpenNI.cpp	890	[FPS] MyDepth (I: 30.30, O:  9.43) Image1 (I: 29.00, O:  9.53) ReadCalls:  9.35
 54000523	VERBOSE   	FPS	XnOpenNI.cpp	890	[FPS] MyDepth (I: 29.82, O: 11.31) Image1 (I: 28.49, O: 11.43) ReadCalls: 11.18
 55013758	VERBOSE   	FPS	XnOpenNI.cpp	890	[FPS] MyDepth (I: 30.05, O: 11.72) Image1 (I: 28.37, O: 11.84) ReadCalls: 11.57
 56012682	VERBOSE   	FPS	XnOpenNI.cpp	890	[FPS] MyDepth (I: 29.96, O: 10.34) Image1 (I: 27.81, O: 10.01) ReadCalls: 10.34
 57020739	VERBOSE   	FPS	XnOpenNI.cpp	890	[FPS] MyDepth (I: 29.64, O:  9.10) Image1 (I: 26.95, O:  9.19) ReadCalls:  9.40
 58019784	VERBOSE   	FPS	XnOpenNI.cpp	890	[FPS] MyDepth (I: 29.65, O:  9.44) Image1 (I: 27.64, O:  9.53) ReadCalls:  9.73
 59023783	VERBOSE   	FPS	XnOpenNI.cpp	890	[FPS] MyDepth (I: 29.95, O:  9.86) Image1 (I: 27.94, O:  9.96) ReadCalls:  9.82
 60022163	VERBOSE   	FPS	XnOpenNI.cpp	890	[FPS] MyDepth (I: 30.30, O:  9.76) Image1 (I: 27.34, O:  9.43) ReadCalls:  9.63
 61023550	VERBOSE   	FPS	XnOpenNI.cpp	890	[FPS] MyDepth (I: 30.29, O:  9.09) Image1 (I: 25.58, O:  9.18) ReadCalls:  9.03
 62022384	VERBOSE   	FPS	XnOpenNI.cpp	890	[FPS] MyDepth (I: 30.31, O:  8.76) Image1 (I: 25.02, O:  8.50) ReadCalls:  8.74
 63008414	VERBOSE   	FPS	XnOpenNI.cpp	890	[FPS] MyDepth (I: 30.14, O:  8.57) Image1 (I: 26.12, O:  8.71) ReadCalls:  8.53
 64022519	VERBOSE   	FPS	XnOpenNI.cpp	890	[FPS] MyDepth (I: 30.01, O:  9.09) Image1 (I: 26.68, O:  8.87) ReadCalls:  9.00
 65022189	VERBOSE   	FPS	XnOpenNI.cpp	890	[FPS] MyDepth (I: 30.00, O:  9.22) Image1 (I: 26.67, O:  9.00) ReadCalls:  9.21
 66022495	VERBOSE   	FPS	XnOpenNI.cpp	890	[FPS] MyDepth (I: 30.02, O:  9.01) Image1 (I: 25.35, O:  9.13) ReadCalls:  9.36
 67001868	VERBOSE   	FPS	XnOpenNI.cpp	890	[FPS] MyDepth (I: 30.21, O:  8.94) Image1 (I: 24.84, O:  9.06) ReadCalls:  8.92
 68032280	VERBOSE   	FPS	XnOpenNI.cpp	890	[FPS] MyDepth (I: 29.97, O:  9.28) Image1 (I: 23.58, O:  9.41) ReadCalls:  9.19
 69034925	VERBOSE   	FPS	XnOpenNI.cpp	890	[FPS] MyDepth (I: 29.94, O:  8.96) Image1 (I: 22.88, O:  9.08) ReadCalls:  8.95
 70017497	VERBOSE   	FPS	XnOpenNI.cpp	890	[FPS] MyDepth (I: 29.92, O:  8.89) Image1 (I: 22.86, O:  9.01) ReadCalls:  8.74
 71001967	VERBOSE   	FPS	XnOpenNI.cpp	890	[FPS] MyDepth (I: 30.31, O:  8.16) Image1 (I: 23.62, O:  8.25) ReadCalls:  8.47
 72001626	VERBOSE   	FPS	XnOpenNI.cpp	890	[FPS] MyDepth (I: 30.34, O:  8.62) Image1 (I: 23.95, O:  8.36) ReadCalls:  8.51
 73034267	VERBOSE   	FPS	XnOpenNI.cpp	890	[FPS] MyDepth (I: 29.94, O:  8.87) Image1 (I: 25.24, O:  8.96) ReadCalls:  8.78
 74001955	VERBOSE   	FPS	XnOpenNI.cpp	890	[FPS] MyDepth (I: 29.67, O:  9.00) Image1 (I: 26.67, O:  8.77) ReadCalls:  9.03
 75001930	VERBOSE   	FPS	XnOpenNI.cpp	890	[FPS] MyDepth (I: 29.30, O:  9.19) Image1 (I: 29.00, O:  9.00) ReadCalls:  9.18
 76020613	VERBOSE   	FPS	XnOpenNI.cpp	890	[FPS] MyDepth (I: 29.13, O: 11.08) Image1 (I: 29.47, O: 10.75) ReadCalls: 11.08
 77002092	VERBOSE   	FPS	XnOpenNI.cpp	890	[FPS] MyDepth (I: 29.97, O: 12.76) Image1 (I: 29.67, O: 12.33) ReadCalls: 12.64
 78002078	VERBOSE   	FPS	XnOpenNI.cpp	890	[FPS] MyDepth (I: 29.97, O: 14.37) Image1 (I: 29.93, O: 14.37) ReadCalls: 14.36
 79012880	VERBOSE   	FPS	XnOpenNI.cpp	890	[FPS] MyDepth (I: 29.44, O: 12.52) Image1 (I: 29.41, O: 12.53) ReadCalls: 12.52
 80012018	VERBOSE   	FPS	XnOpenNI.cpp	890	[FPS] MyDepth (I: 29.30, O: 11.09) Image1 (I: 29.15, O: 11.09) ReadCalls: 11.42
 81016176	VERBOSE   	FPS	XnOpenNI.cpp	890	[FPS] MyDepth (I: 29.59, O: 10.79) Image1 (I: 29.11, O: 10.79) ReadCalls: 10.79
 82011757	VERBOSE   	FPS	XnOpenNI.cpp	890	[FPS] MyDepth (I: 30.01, O: 12.46) Image1 (I: 29.35, O: 12.59) ReadCalls: 12.42
 83004396	VERBOSE   	FPS	XnOpenNI.cpp	890	[FPS] MyDepth (I: 29.41, O: 14.04) Image1 (I: 28.74, O: 14.20) ReadCalls: 14.19
 84011809	VERBOSE   	FPS	XnOpenNI.cpp	890	[FPS] MyDepth (I: 29.71, O: 15.01) Image1 (I: 29.16, O: 15.01) ReadCalls: 15.01
 85006946	VERBOSE   	FPS	XnOpenNI.cpp	890	[FPS] MyDepth (I: 29.71, O: 15.03) Image1 (I: 29.64, O: 15.03) ReadCalls: 15.36
 86015868	VERBOSE   	FPS	XnOpenNI.cpp	890	[FPS] MyDepth (I: 30.71, O: 15.40) Image1 (I: 30.29, O: 15.40) ReadCalls: 15.39
 87010593	VERBOSE   	FPS	XnOpenNI.cpp	890	[FPS] MyDepth (I: 29.68, O: 13.54) Image1 (I: 29.60, O: 13.54) ReadCalls: 13.54
 88018134	VERBOSE   	FPS	XnOpenNI.cpp	890	[FPS] MyDepth (I: 29.67, O: 12.89) Image1 (I: 29.52, O: 12.89) ReadCalls: 13.23
 89022091	VERBOSE   	FPS	XnOpenNI.cpp	890	[FPS] MyDepth (I: 29.64, O: 11.23) Image1 (I: 28.15, O: 11.24) ReadCalls: 11.23
 90027312	VERBOSE   	FPS	XnOpenNI.cpp	890	[FPS] MyDepth (I: 29.91, O: 11.28) Image1 (I: 28.46, O: 11.28) ReadCalls: 11.27
 91021802	VERBOSE   	FPS	XnOpenNI.cpp	890	[FPS] MyDepth (I: 29.70, O: 10.68) Image1 (I: 27.86, O: 10.68) ReadCalls: 10.60
 92022314	VERBOSE   	FPS	XnOpenNI.cpp	890	[FPS] MyDepth (I: 29.97, O: 10.54) Image1 (I: 28.34, O: 10.34) ReadCalls: 10.42
 93021776	VERBOSE   	FPS	XnOpenNI.cpp	890	[FPS] MyDepth (I: 30.06, O: 10.03) Image1 (I: 26.81, O: 10.03) ReadCalls: 10.03
 94021480	VERBOSE   	FPS	XnOpenNI.cpp	890	[FPS] MyDepth (I: 30.31, O: 11.26) Image1 (I: 27.68, O: 11.38) ReadCalls: 11.14
 95021426	VERBOSE   	FPS	XnOpenNI.cpp	890	[FPS] MyDepth (I: 30.01, O: 13.11) Image1 (I: 28.01, O: 12.67) ReadCalls: 12.97
 96022058	VERBOSE   	FPS	XnOpenNI.cpp	890	[FPS] MyDepth (I: 29.96, O: 12.48) Image1 (I: 28.14, O: 12.14) ReadCalls: 12.48
 97010773	VERBOSE   	FPS	XnOpenNI.cpp	890	[FPS] MyDepth (I: 29.10, O: 10.38) Image1 (I: 27.24, O: 10.38) ReadCalls: 10.38
 98008871	VERBOSE   	FPS	XnOpenNI.cpp	890	[FPS] MyDepth (I: 29.46, O:  9.01) Image1 (I: 25.45, O:  9.04) ReadCalls:  8.94
 99023178	VERBOSE   	FPS	XnOpenNI.cpp	890	[FPS] MyDepth (I: 28.70, O: 10.23) Image1 (I: 26.00, O: 10.34) ReadCalls: 10.20
100005998	VERBOSE   	FPS	XnOpenNI.cpp	890	[FPS] MyDepth (I: 29.64, O: 10.98) Image1 (I: 26.38, O: 11.14) ReadCalls: 10.90
101001996	VERBOSE   	FPS	XnOpenNI.cpp	890	[FPS] MyDepth (I: 29.40, O: 12.40) Image1 (I: 27.40, O: 12.40) ReadCalls: 12.40
102001780	VERBOSE   	FPS	XnOpenNI.cpp	890	[FPS] MyDepth (I: 29.54, O: 12.58) Image1 (I: 27.22, O: 12.38) ReadCalls: 12.46
103002434	VERBOSE   	FPS	XnOpenNI.cpp	890	[FPS] MyDepth (I: 28.70, O: 11.38) Image1 (I: 26.98, O: 11.38) ReadCalls: 11.38
104001641	VERBOSE   	FPS	XnOpenNI.cpp	890	[FPS] MyDepth (I: 28.67, O: 11.38) Image1 (I: 26.72, O: 11.38) ReadCalls: 11.37
105031932	VERBOSE   	FPS	XnOpenNI.cpp	890	[FPS] MyDepth (I: 28.02, O: 10.58) Image1 (I: 25.69, O: 10.69) ReadCalls: 10.76
106001486	VERBOSE   	FPS	XnOpenNI.cpp	890	[FPS] MyDepth (I: 28.68, O: 11.37) Image1 (I: 26.05, O: 11.37) ReadCalls: 11.36
107001656	VERBOSE   	FPS	XnOpenNI.cpp	890	[FPS] MyDepth (I: 28.62, O: 10.59) Image1 (I: 25.38, O: 10.59) ReadCalls: 10.58
108001611	VERBOSE   	FPS	XnOpenNI.cpp	890	[FPS] MyDepth (I: 29.97, O: 10.44) Image1 (I: 25.60, O: 10.24) ReadCalls: 10.45
109011498	VERBOSE   	FPS	XnOpenNI.cpp	890	[FPS] MyDepth (I: 29.98, O:  9.57) Image1 (I: 25.24, O:  8.89) ReadCalls:  9.56
110013144	VERBOSE   	FPS	XnOpenNI.cpp	890	[FPS] MyDepth (I: 30.29, O:  9.09) Image1 (I: 26.94, O:  9.05) ReadCalls:  9.07
111000237	VERBOSE   	FPS	XnOpenNI.cpp	890	[FPS] MyDepth (I: 30.01, O:  9.47) Image1 (I: 28.75, O:  9.22) ReadCalls:  9.44
112011488	VERBOSE   	FPS	XnOpenNI.cpp	890	[FPS] MyDepth (I: 29.67, O: 10.35) Image1 (I: 28.67, O: 10.33) ReadCalls: 10.57
113014757	VERBOSE   	FPS	XnOpenNI.cpp	890	[FPS] MyDepth (I: 29.26, O: 10.19) Image1 (I: 28.26, O: 10.00) ReadCalls: 10.10
114008309	VERBOSE   	FPS	XnOpenNI.cpp	890	[FPS] MyDepth (I: 29.12, O:  9.91) Image1 (I: 28.74, O:  9.57) ReadCalls: 10.23
115006927	VERBOSE   	FPS	XnOpenNI.cpp	890	[FPS] MyDepth (I: 29.71, O:  9.68) Image1 (I: 29.71, O:  9.44) ReadCalls:  9.65
116011977	VERBOSE   	FPS	XnOpenNI.cpp	890	[FPS] MyDepth (I: 30.03, O: 10.10) Image1 (I: 29.70, O: 10.24) ReadCalls: 10.01
117011580	VERBOSE   	FPS	XnOpenNI.cpp	890	[FPS] MyDepth (I: 30.00, O: 10.33) Image1 (I: 29.67, O: 10.10) ReadCalls: 10.31
118023044	VERBOSE   	FPS	XnOpenNI.cpp	890	[FPS] MyDepth (I: 29.98, O:  9.38) Image1 (I: 29.13, O:  9.38) ReadCalls:  9.38
119021713	VERBOSE   	FPS	XnOpenNI.cpp	890	[FPS] MyDepth (I: 30.30, O:  9.18) Image1 (I: 29.29, O:  9.28) ReadCalls:  9.09
120021496	VERBOSE   	FPS	XnOpenNI.cpp	890	[FPS] MyDepth (I: 30.30, O:  9.28) Image1 (I: 29.30, O:  9.41) ReadCalls:  9.18
121020974	VERBOSE   	FPS	XnOpenNI.cpp	890	[FPS] MyDepth (I: 30.31, O:  9.77) Image1 (I: 30.03, O:  9.43) ReadCalls:  9.76
122021323	VERBOSE   	FPS	XnOpenNI.cpp	890	[FPS] MyDepth (I: 30.31, O: 10.10) Image1 (I: 30.01, O:  9.86) ReadCalls: 10.08
123021664	VERBOSE   	FPS	XnOpenNI.cpp	890	[FPS] MyDepth (I: 30.30, O:  9.76) Image1 (I: 30.01, O:  9.43) ReadCalls:  9.74
124021772	VERBOSE   	FPS	XnOpenNI.cpp	890	[FPS] MyDepth (I: 30.31, O:  9.55) Image1 (I: 29.30, O:  9.31) ReadCalls:  9.50
125021067	VERBOSE   	FPS	XnOpenNI.cpp	890	[FPS] MyDepth (I: 30.30, O:  9.31) Image1 (I: 29.34, O:  9.00) ReadCalls:  9.21
126021762	VERBOSE   	FPS	XnOpenNI.cpp	890	[FPS] MyDepth (I: 30.31, O:  9.24) Image1 (I: 29.30, O:  9.33) ReadCalls:  9.22
127021793	VERBOSE   	FPS	XnOpenNI.cpp	890	[FPS] MyDepth (I: 30.11, O:  9.22) Image1 (I: 29.67, O:  9.33) ReadCalls:  9.53
128018527	VERBOSE   	FPS	XnOpenNI.cpp	890	[FPS] MyDepth (I: 30.03, O:  9.22) Image1 (I: 28.02, O:  9.34) ReadCalls:  9.20
129030065	VERBOSE   	FPS	XnOpenNI.cpp	890	[FPS] MyDepth (I: 29.98, O:  9.10) Image1 (I: 27.96, O:  9.19) ReadCalls:  9.40
130006657	VERBOSE   	FPS	XnOpenNI.cpp	890	[FPS] MyDepth (I: 30.26, O:  9.75) Image1 (I: 27.91, O:  9.85) ReadCalls:  9.72
131000715	VERBOSE   	FPS	XnOpenNI.cpp	890	[FPS] MyDepth (I: 30.18, O:  9.87) Image1 (I: 28.50, O:  9.97) ReadCalls: 10.06
132002672	VERBOSE   	FPS	XnOpenNI.cpp	890	[FPS] MyDepth (I: 29.95, O:  9.76) Image1 (I: 27.94, O:  9.86) ReadCalls:  9.76
133002780	VERBOSE   	FPS	XnOpenNI.cpp	890	[FPS] MyDepth (I: 30.04, O:  8.70) Image1 (I: 26.70, O:  8.37) ReadCalls:  8.70
134002517	VERBOSE   	FPS	XnOpenNI.cpp	890	[FPS] MyDepth (I: 30.31, O:  8.16) Image1 (I: 24.59, O:  7.93) ReadCalls:  8.15
135011874	VERBOSE   	FPS	XnOpenNI.cpp	890	[FPS] MyDepth (I: 29.93, O:  8.13) Image1 (I: 23.54, O:  8.25) ReadCalls:  8.08
136007203	VERBOSE   	FPS	XnOpenNI.cpp	890	[FPS] MyDepth (I: 30.24, O:  8.62) Image1 (I: 22.77, O:  8.70) ReadCalls:  8.52
137001563	VERBOSE   	FPS	XnOpenNI.cpp	890	[FPS] MyDepth (I: 30.01, O:  8.62) Image1 (I: 23.34, O:  8.34) ReadCalls:  8.55
138004242	VERBOSE   	FPS	XnOpenNI.cpp	890	[FPS] MyDepth (I: 30.17, O:  8.72) Image1 (I: 23.06, O:  8.72) ReadCalls:  8.72
139009865	VERBOSE   	FPS	XnOpenNI.cpp	890	[FPS] MyDepth (I: 30.08, O: 10.89) Image1 (I: 25.69, O: 11.01) ReadCalls: 10.87
140011937	VERBOSE   	FPS	XnOpenNI.cpp	890	[FPS] MyDepth (I: 29.64, O: 11.00) Image1 (I: 26.97, O: 11.16) ReadCalls: 11.29
141015909	VERBOSE   	FPS	XnOpenNI.cpp	890	[FPS] MyDepth (I: 29.55, O: 11.34) Image1 (I: 28.25, O: 11.34) ReadCalls: 11.33
142043622	VERBOSE   	FPS	XnOpenNI.cpp	890	[FPS] MyDepth (I: 28.26, O: 10.06) Image1 (I: 26.99, O: 10.06) ReadCalls: 10.06
143016167	VERBOSE   	FPS	XnOpenNI.cpp	890	[FPS] MyDepth (I: 28.98, O: 10.71) Image1 (I: 27.15, O: 10.78) ReadCalls: 10.71
