     6567	INFO      	Log	XnLog.cpp	333	New log started on 2013-03-15 17:14:23
     6655	INFO      	Log	XnLog.cpp	337	OpenNI version is 1.5.2 (Build 23)-Win32 (Dec 28 2011 15:25:38)
     6696	INFO      	Log	XnLog.cpp	307	--- Filter Info --- Minimum Severity: VERBOSE
     6989	VERBOSE   	ModuleLoader	XnModuleLoader.cpp	452	Found exported production node. Script: OpenNI/OpenNI/1.5.2.23
     8555	VERBOSE   	ModuleLoader	XnModuleLoader.cpp	281	Checking C:\Program Files\OpenNI\bin\nimRecorder.dll...
    23091	VERBOSE   	ModuleLoader	XnModuleLoader.cpp	452	Found exported production node. Recorder: OpenNI/Recorder/1.5.2.23
    23424	VERBOSE   	ModuleLoader	XnModuleLoader.cpp	452	Found exported production node. Player: OpenNI/Player/1.5.2.23
    23632	VERBOSE   	ModuleLoader	XnModuleLoader.cpp	281	Checking C:\Program Files\OpenNI\bin\nimMockNodes.dll...
    45864	VERBOSE   	ModuleLoader	XnModuleLoader.cpp	452	Found exported production node. ProductionNode: OpenNI/Mock/1.5.2.23
    46123	VERBOSE   	ModuleLoader	XnModuleLoader.cpp	452	Found exported production node. Generator: OpenNI/Mock/1.5.2.23
    46310	VERBOSE   	ModuleLoader	XnModuleLoader.cpp	452	Found exported production node. MapGenerator: OpenNI/Mock/1.5.2.23
    46493	VERBOSE   	ModuleLoader	XnModuleLoader.cpp	452	Found exported production node. Device: OpenNI/Mock/1.5.2.23
    46696	VERBOSE   	ModuleLoader	XnModuleLoader.cpp	452	Found exported production node. Depth: OpenNI/Mock/1.5.2.23
    46848	VERBOSE   	ModuleLoader	XnModuleLoader.cpp	452	Found exported production node. IR: OpenNI/Mock/1.5.2.23
    46969	VERBOSE   	ModuleLoader	XnModuleLoader.cpp	452	Found exported production node. Image: OpenNI/Mock/1.5.2.23
    47983	VERBOSE   	ModuleLoader	XnModuleLoader.cpp	452	Found exported production node. Audio: OpenNI/Mock/1.5.2.23
    48753	VERBOSE   	ModuleLoader	XnModuleLoader.cpp	281	Checking C:\Program Files\OpenNI\bin\nimCodecs.dll...
    63373	VERBOSE   	ModuleLoader	XnModuleLoader.cpp	452	Found exported production node. Codec: OpenNI/16zP/1.5.2.23
    63818	VERBOSE   	ModuleLoader	XnModuleLoader.cpp	452	Found exported production node. Codec: OpenNI/16zT/1.5.2.23
    64618	VERBOSE   	ModuleLoader	XnModuleLoader.cpp	452	Found exported production node. Codec: OpenNI/Im8z/1.5.2.23
    65283	VERBOSE   	ModuleLoader	XnModuleLoader.cpp	452	Found exported production node. Codec: OpenNI/JPEG/1.5.2.23
    65991	VERBOSE   	ModuleLoader	XnModuleLoader.cpp	452	Found exported production node. Codec: OpenNI/NONE/1.5.2.23
    66803	VERBOSE   	ModuleLoader	XnModuleLoader.cpp	281	Checking C:\Program Files\PrimeSense\SensorKinect\Bin\XnDeviceFile.dll...
   143562	VERBOSE   	ModuleLoader	XnModuleLoader.cpp	452	Found exported production node. Player: PrimeSense/File/5.0.3.4
   143881	VERBOSE   	ModuleLoader	XnModuleLoader.cpp	281	Checking C:\Program Files\PrimeSense\SensorKinect\Bin\XnDeviceSensorV2KM.dll...
   167738	VERBOSE   	ModuleLoader	XnModuleLoader.cpp	452	Found exported production node. Device: PrimeSense/SensorKinect/5.0.3.4
   168593	VERBOSE   	ModuleLoader	XnModuleLoader.cpp	452	Found exported production node. Depth: PrimeSense/SensorKinect/5.0.3.4
   169442	VERBOSE   	ModuleLoader	XnModuleLoader.cpp	452	Found exported production node. Image: PrimeSense/SensorKinect/5.0.3.4
   170253	VERBOSE   	ModuleLoader	XnModuleLoader.cpp	452	Found exported production node. IR: PrimeSense/SensorKinect/5.0.3.4
   171013	VERBOSE   	ModuleLoader	XnModuleLoader.cpp	452	Found exported production node. Audio: PrimeSense/SensorKinect/5.0.3.4
   171774	VERBOSE   	ModuleLoader	XnModuleLoader.cpp	281	Checking C:\Program Files\PrimeSense\Sensor\Bin\XnDeviceFile.dll...
   198546	VERBOSE   	ModuleLoader	XnModuleLoader.cpp	452	Found exported production node. Player: PrimeSense/File/5.0.2.3
   198871	VERBOSE   	ModuleLoader	XnModuleLoader.cpp	281	Checking C:\Program Files\PrimeSense\Sensor\Bin\XnDeviceSensorV2.dll...
   237181	VERBOSE   	ModuleLoader	XnModuleLoader.cpp	452	Found exported production node. Device: PrimeSense/SensorV2/5.0.2.3
   237519	VERBOSE   	ModuleLoader	XnModuleLoader.cpp	452	Found exported production node. Depth: PrimeSense/SensorV2/5.0.2.3
   238434	VERBOSE   	ModuleLoader	XnModuleLoader.cpp	452	Found exported production node. Image: PrimeSense/SensorV2/5.0.2.3
   239068	VERBOSE   	ModuleLoader	XnModuleLoader.cpp	452	Found exported production node. IR: PrimeSense/SensorV2/5.0.2.3
   239753	VERBOSE   	ModuleLoader	XnModuleLoader.cpp	452	Found exported production node. Audio: PrimeSense/SensorV2/5.0.2.3
   240458	VERBOSE   	ModuleLoader	XnModuleLoader.cpp	281	Checking C:\Program Files\PrimeSense\NITE\Features_1_3_0\Bin\XnVFeatures_1_3_0.dll...
   314880	VERBOSE   	ModuleLoader	XnModuleLoader.cpp	452	Found exported production node. Scene: PrimeSense/XnVSceneAnalyzer/1.3.0.17
   315212	VERBOSE   	ModuleLoader	XnModuleLoader.cpp	452	Found exported production node. User: PrimeSense/XnVSkeletonGenerator/1.3.0.17
   316232	VERBOSE   	ModuleLoader	XnModuleLoader.cpp	281	Checking C:\Program Files\PrimeSense\NITE\Features_1_3_1\Bin\XnVFeatures_1_3_1.dll...
   393379	VERBOSE   	ModuleLoader	XnModuleLoader.cpp	452	Found exported production node. Scene: PrimeSense/XnVSceneAnalyzer/1.3.1.8
   393801	VERBOSE   	ModuleLoader	XnModuleLoader.cpp	452	Found exported production node. User: PrimeSense/XnVSkeletonGenerator/1.3.1.8
   394837	VERBOSE   	ModuleLoader	XnModuleLoader.cpp	281	Checking C:\Program Files\PrimeSense\NITE\Features_1_4_1\Bin\XnVFeatures_1_4_1.dll...
   450559	VERBOSE   	ModuleLoader	XnModuleLoader.cpp	452	Found exported production node. Scene: PrimeSense/XnVSceneAnalyzer/1.4.1.2
   450918	VERBOSE   	ModuleLoader	XnModuleLoader.cpp	452	Found exported production node. User: PrimeSense/XnVSkeletonGenerator/1.4.1.2
   453403	VERBOSE   	ModuleLoader	XnModuleLoader.cpp	281	Checking C:\Program Files\PrimeSense\NITE\Features_1_4_2\Bin\XnVFeatures_1_4_2.dll...
   585823	VERBOSE   	ModuleLoader	XnModuleLoader.cpp	452	Found exported production node. Scene: PrimeSense/XnVSceneAnalyzer/1.4.2.5
   586160	VERBOSE   	ModuleLoader	XnModuleLoader.cpp	452	Found exported production node. User: PrimeSense/XnVSkeletonGenerator/1.4.2.5
   589211	VERBOSE   	ModuleLoader	XnModuleLoader.cpp	281	Checking C:\Program Files\PrimeSense\NITE\Features_1_5_2\Bin\XnVFeatures_1_5_2.dll...
   682593	VERBOSE   	ModuleLoader	XnModuleLoader.cpp	452	Found exported production node. Scene: PrimeSense/XnVSceneAnalyzer/1.5.2.21
   682927	VERBOSE   	ModuleLoader	XnModuleLoader.cpp	452	Found exported production node. User: PrimeSense/XnVSkeletonGenerator/1.5.2.21
   683864	VERBOSE   	ModuleLoader	XnModuleLoader.cpp	281	Checking C:\Program Files\PrimeSense\NITE\Hands_1_3_0\Bin\XnVHandGenerator_1_3_0.dll...
   734143	VERBOSE   	ModuleLoader	XnModuleLoader.cpp	452	Found exported production node. Gesture: PrimeSense/XnVGestureGenrator/1.3.0.17
   734487	VERBOSE   	ModuleLoader	XnModuleLoader.cpp	452	Found exported production node. Hands: PrimeSense/XnVHandTracker/1.3.0.17
   735303	VERBOSE   	ModuleLoader	XnModuleLoader.cpp	281	Checking C:\Program Files\PrimeSense\NITE\Hands_1_3_1\Bin\XnVHandGenerator_1_3_1.dll...
   777602	VERBOSE   	ModuleLoader	XnModuleLoader.cpp	452	Found exported production node. Gesture: PrimeSense/XnVGestureGenrator/1.3.1.8
   777933	VERBOSE   	ModuleLoader	XnModuleLoader.cpp	452	Found exported production node. Hands: PrimeSense/XnVHandTracker/1.3.1.8
   778923	VERBOSE   	ModuleLoader	XnModuleLoader.cpp	281	Checking C:\Program Files\PrimeSense\NITE\Hands_1_4_1\Bin\XnVHandGenerator_1_4_1.dll...
   823533	VERBOSE   	ModuleLoader	XnModuleLoader.cpp	452	Found exported production node. Gesture: PrimeSense/XnVGestureGenrator/1.4.1.2
   823920	VERBOSE   	ModuleLoader	XnModuleLoader.cpp	452	Found exported production node. Hands: PrimeSense/XnVHandTracker/1.4.1.2
   824808	VERBOSE   	ModuleLoader	XnModuleLoader.cpp	281	Checking C:\Program Files\PrimeSense\NITE\Hands_1_4_2\Bin\XnVHandGenerator_1_4_2.dll...
   864241	VERBOSE   	ModuleLoader	XnModuleLoader.cpp	452	Found exported production node. Gesture: PrimeSense/XnVGestureGenrator/1.4.2.5
   864600	VERBOSE   	ModuleLoader	XnModuleLoader.cpp	452	Found exported production node. Hands: PrimeSense/XnVHandTracker/1.4.2.5
   865711	VERBOSE   	ModuleLoader	XnModuleLoader.cpp	281	Checking C:\Program Files\PrimeSense\NITE\Hands_1_5_2\Bin\XnVHandGenerator_1_5_2.dll...
   908947	VERBOSE   	ModuleLoader	XnModuleLoader.cpp	452	Found exported production node. Gesture: PrimeSense/XnVGestureGenerator/1.5.2.21
   909278	VERBOSE   	ModuleLoader	XnModuleLoader.cpp	452	Found exported production node. Hands: PrimeSense/XnVHandTracker/1.5.2.21
   910953	INFO      	OpenNI	XnOpenNI.cpp	1609	Creating node 'Script1' of type Script: OpenNI/OpenNI/1.5.2.23...
   911929	VERBOSE   	OpenNI	XnXmlScriptNode.cpp	763	Requested to create a node of type Depth...
   936435	WARNING   	DeviceSensor	XnExportedSensorDevice.cpp	73	No PS sensor is connected!
   946043	WARNING   	DeviceSensor	XnExportedSensorDevice.cpp	73	No PS sensor is connected!
   955853	INFO      	OpenNI	XnOpenNI.cpp	1609	Creating node 'Device1' of type Device: PrimeSense/SensorV2/5.0.2.3...
   995245	INFO      	DDK	XnProperty.cpp	151	Property Device.ShareMode was changed to 1.
   995494	INFO      	DDK	XnProperty.cpp	151	Property Device.InstancePointer was changed.
   996504	INFO      	DDK	XnProperty.cpp	151	Property Device.SDKVersion was changed.
   997081	INFO      	DDK	XnProperty.cpp	151	Property Device.ShareMode was changed to 0.
   998041	INFO      	OpenNI	XnOpenNI.cpp	1609	Creating node 'MyDepth' of type Depth: PrimeSense/SensorV2/5.0.2.3...
   998787	VERBOSE   	SensorClient	XnSensorClient.cpp	268	Creating stream MyDepth (of type Depth)
  1037277	INFO      	DDK	XnDeviceBase.cpp	1383	Creating stream 'MyDepth' of type 'Depth'...
  1037599	VERBOSE   	DDK	XnDeviceBase.cpp	1419	Initializing stream 'MyDepth'...
  1038703	INFO      	DDK	XnProperty.cpp	151	Property MyDepth.RequiredDataSize was changed to 153600.
  1039220	INFO      	DDK	XnProperty.cpp	151	Property MyDepth.OutputFormat was changed to 1.
  1039599	INFO      	DDK	XnDeviceBase.cpp	1458	Stream 'MyDepth' was initialized.
  1040144	INFO      	DDK	XnDeviceBase.cpp	1463	'MyDepth' stream was created.
  1041729	VERBOSE   	SensorClient	XnSensorClient.cpp	391	Getting property MyDepth.SupportedModes from server...
  1042401	VERBOSE   	SensorServer	XnSensorClient.cpp	433	Setting MyDepth.Mirror to 1...
  1042742	INFO      	DDK	XnProperty.cpp	151	Property MyDepth.Mirror was changed to 1.
  1043825	VERBOSE   	SensorClient	XnSensorClient.cpp	494	Batch configuring server...
  1044160	INFO      	DDK	XnProperty.cpp	151	Property MyDepth.Resolution was changed to 18446744073709551615.
  1044807	INFO      	DDK	XnProperty.cpp	151	Property MyDepth.RequiredDataSize was changed to 307200.
  1045775	INFO      	DDK	XnProperty.cpp	151	Property MyDepth.YRes was changed to 480.
  1046020	INFO      	DDK	XnProperty.cpp	151	Property MyDepth.RequiredDataSize was changed to 614400.
  1046979	INFO      	DDK	XnProperty.cpp	151	Property MyDepth.XRes was changed to 640.
  1047249	INFO      	DDK	XnProperty.cpp	151	Property MyDepth.Resolution was changed to 1.
  1048175	VERBOSE   	OpenNI	XnXmlScriptNode.cpp	763	Requested to create a node of type Image (StopOnError=FALSE)...
  1050105	WARNING   	DeviceSensor	XnExportedSensorDevice.cpp	73	No PS sensor is connected!
  1060507	WARNING   	DeviceSensor	XnExportedSensorDevice.cpp	73	No PS sensor is connected!
  1070622	VERBOSE   	SensorClient	XnSensorClient.cpp	391	Getting property Device.CmosBlankingUnits from server...
  1072442	INFO      	OpenNI	XnOpenNI.cpp	1609	Creating node 'Image1' of type Image: PrimeSense/SensorV2/5.0.2.3...
  1073373	VERBOSE   	SensorClient	XnSensorClient.cpp	268	Creating stream Image1 (of type Image)
  1087627	INFO      	DDK	XnDeviceBase.cpp	1383	Creating stream 'Image1' of type 'Image'...
  1087997	VERBOSE   	DDK	XnDeviceBase.cpp	1419	Initializing stream 'Image1'...
  1096059	INFO      	DDK	XnProperty.cpp	151	Property Image1.RequiredDataSize was changed to 230400.
  1098842	INFO      	DDK	XnProperty.cpp	151	Property Image1.OutputFormat was changed to 5.
  1099572	INFO      	DDK	XnDeviceBase.cpp	1458	Stream 'Image1' was initialized.
  1099718	INFO      	DDK	XnDeviceBase.cpp	1463	'Image1' stream was created.
  1100850	VERBOSE   	SensorClient	XnSensorClient.cpp	391	Getting property Image1.SupportedModes from server...
  1104057	VERBOSE   	SensorServer	XnSensorClient.cpp	433	Setting Image1.Mirror to 1...
  1105233	INFO      	DDK	XnProperty.cpp	151	Property Image1.Mirror was changed to 1.
  1105769	VERBOSE   	SensorClient	XnSensorClient.cpp	494	Batch configuring server...
  1106225	INFO      	DDK	XnProperty.cpp	151	Property Image1.Resolution was changed to 18446744073709551615.
  1106891	INFO      	DDK	XnProperty.cpp	151	Property Image1.RequiredDataSize was changed to 460800.
  1108080	INFO      	DDK	XnProperty.cpp	151	Property Image1.YRes was changed to 480.
  1108734	INFO      	DDK	XnProperty.cpp	151	Property Image1.RequiredDataSize was changed to 921600.
  1109431	INFO      	DDK	XnProperty.cpp	151	Property Image1.XRes was changed to 640.
  1109555	INFO      	DDK	XnProperty.cpp	151	Property Image1.Resolution was changed to 1.
  1110374	VERBOSE   	DDK	XnDeviceBase.cpp	359	Opening stream MyDepth...
  1113126	INFO      	DDK	XnProperty.cpp	151	Property MyDepth.ActualReadData was changed to 1.
  1476788	INFO      	DDK	XnProperty.cpp	151	Property MyDepth.State was changed to 1.
  1477081	INFO      	DDK	XnDeviceBase.cpp	370	Stream MyDepth is open.
  1477955	VERBOSE   	DDK	XnDeviceBase.cpp	359	Opening stream Image1...
  1480472	INFO      	DDK	XnProperty.cpp	151	Property Image1.ActualReadData was changed to 1.
  1554139	INFO      	DDK	XnProperty.cpp	151	Property Image1.State was changed to 1.
  1554339	INFO      	DDK	XnDeviceBase.cpp	370	Stream Image1 is open.
  1556077	VERBOSE   	SensorServer	XnSensorClient.cpp	433	Setting MyDepth.Mirror to 0...
  1558409	INFO      	DDK	XnProperty.cpp	151	Property MyDepth.Mirror was changed to 0.
  1559232	VERBOSE   	SensorServer	XnSensorClient.cpp	433	Setting Image1.Mirror to 0...
  1563643	INFO      	DDK	XnProperty.cpp	151	Property Image1.Mirror was changed to 0.
  1563954	VERBOSE   	SensorServer	XnSensorClient.cpp	433	Setting MyDepth.Registration to 1...
  1601585	INFO      	DDK	XnProperty.cpp	151	Property MyDepth.Registration was changed to 1.
  1648736	VERBOSE   	FPS	XnOpenNI.cpp	890	[FPS] MyDepth (I:  0.00, O:  0.00) Image1 (I:  0.00, O:  0.00) ReadCalls:  0.00
  2008790	VERBOSE   	FPS	XnOpenNI.cpp	890	[FPS] MyDepth (I:  0.00, O:  0.00) Image1 (I:  0.00, O:  0.00) ReadCalls:  0.00
  3000256	VERBOSE   	FPS	XnOpenNI.cpp	890	[FPS] MyDepth (I: 30.04, O: 18.11) Image1 (I: 28.86, O: 17.36) ReadCalls: 18.10
  4038322	VERBOSE   	FPS	XnOpenNI.cpp	890	[FPS] MyDepth (I: 29.12, O: 18.62) Image1 (I: 29.29, O: 18.62) ReadCalls: 18.61
  5022940	VERBOSE   	FPS	XnOpenNI.cpp	890	[FPS] MyDepth (I: 29.54, O: 20.19) Image1 (I: 29.61, O: 20.21) ReadCalls: 20.19
  6020334	VERBOSE   	FPS	XnOpenNI.cpp	890	[FPS] MyDepth (I: 29.17, O: 19.84) Image1 (I: 30.13, O: 19.84) ReadCalls: 19.84
  7006942	VERBOSE   	FPS	XnOpenNI.cpp	890	[FPS] MyDepth (I: 29.99, O: 19.93) Image1 (I: 29.98, O: 19.93) ReadCalls: 19.92
  8006688	VERBOSE   	FPS	XnOpenNI.cpp	890	[FPS] MyDepth (I: 30.16, O: 19.94) Image1 (I: 29.87, O: 19.94) ReadCalls: 19.92
  9016729	VERBOSE   	FPS	XnOpenNI.cpp	890	[FPS] MyDepth (I: 29.71, O: 20.41) Image1 (I: 30.04, O: 20.41) ReadCalls: 20.40
 10005108	VERBOSE   	FPS	XnOpenNI.cpp	890	[FPS] MyDepth (I: 29.37, O: 20.04) Image1 (I: 30.02, O: 20.04) ReadCalls: 20.37
 11018292	VERBOSE   	FPS	XnOpenNI.cpp	890	[FPS] MyDepth (I: 29.41, O: 19.70) Image1 (I: 30.08, O: 19.70) ReadCalls: 20.03
 12011724	VERBOSE   	FPS	XnOpenNI.cpp	890	[FPS] MyDepth (I: 29.74, O: 19.51) Image1 (I: 29.72, O: 19.52) ReadCalls: 19.50
 13010179	VERBOSE   	FPS	XnOpenNI.cpp	890	[FPS] MyDepth (I: 29.99, O: 19.03) Image1 (I: 29.99, O: 19.03) ReadCalls: 19.03
 14006751	VERBOSE   	FPS	XnOpenNI.cpp	890	[FPS] MyDepth (I: 29.78, O: 19.08) Image1 (I: 30.13, O: 19.08) ReadCalls: 19.07
 15016775	VERBOSE   	FPS	XnOpenNI.cpp	890	[FPS] MyDepth (I: 29.68, O: 19.23) Image1 (I: 30.10, O: 19.24) ReadCalls: 19.23
 16016745	VERBOSE   	FPS	XnOpenNI.cpp	890	[FPS] MyDepth (I: 29.68, O: 19.34) Image1 (I: 30.43, O: 19.34) ReadCalls: 19.41
 17018455	VERBOSE   	FPS	XnOpenNI.cpp	890	[FPS] MyDepth (I: 30.30, O: 19.61) Image1 (I: 29.85, O: 19.61) ReadCalls: 19.61
 18013973	VERBOSE   	FPS	XnOpenNI.cpp	890	[FPS] MyDepth (I: 29.71, O: 19.76) Image1 (I: 30.03, O: 19.76) ReadCalls: 19.76
 19009024	VERBOSE   	FPS	XnOpenNI.cpp	890	[FPS] MyDepth (I: 29.76, O: 20.12) Image1 (I: 30.08, O: 20.13) ReadCalls: 20.12
 20006716	VERBOSE   	FPS	XnOpenNI.cpp	890	[FPS] MyDepth (I: 29.78, O: 20.23) Image1 (I: 29.87, O: 20.23) ReadCalls: 20.56
 21005237	VERBOSE   	FPS	XnOpenNI.cpp	890	[FPS] MyDepth (I: 29.42, O: 20.46) Image1 (I: 30.09, O: 20.46) ReadCalls: 20.46
 22000667	VERBOSE   	FPS	XnOpenNI.cpp	890	[FPS] MyDepth (I: 29.60, O: 19.91) Image1 (I: 30.08, O: 19.92) ReadCalls: 20.24
 23008239	VERBOSE   	FPS	XnOpenNI.cpp	890	[FPS] MyDepth (I: 29.72, O: 19.67) Image1 (I: 30.00, O: 19.67) ReadCalls: 19.61
 24000435	VERBOSE   	FPS	XnOpenNI.cpp	890	[FPS] MyDepth (I: 30.05, O: 17.97) Image1 (I: 29.83, O: 17.64) ReadCalls: 17.97
 25013203	VERBOSE   	FPS	XnOpenNI.cpp	890	[FPS] MyDepth (I: 29.19, O: 16.20) Image1 (I: 29.86, O: 16.20) ReadCalls: 16.53
 26006597	VERBOSE   	FPS	XnOpenNI.cpp	890	[FPS] MyDepth (I: 29.35, O: 15.22) Image1 (I: 29.53, O: 15.22) ReadCalls: 15.21
 27006844	VERBOSE   	FPS	XnOpenNI.cpp	890	[FPS] MyDepth (I: 29.54, O: 15.61) Image1 (I: 29.86, O: 15.61) ReadCalls: 15.61
 28016870	VERBOSE   	FPS	XnOpenNI.cpp	890	[FPS] MyDepth (I: 30.24, O: 15.97) Image1 (I: 29.90, O: 15.97) ReadCalls: 15.97
 29026777	VERBOSE   	FPS	XnOpenNI.cpp	890	[FPS] MyDepth (I: 29.33, O: 15.58) Image1 (I: 30.34, O: 15.58) ReadCalls: 15.57
 30021485	VERBOSE   	FPS	XnOpenNI.cpp	890	[FPS] MyDepth (I: 28.73, O: 15.26) Image1 (I: 29.92, O: 15.26) ReadCalls: 15.25
 31002094	VERBOSE   	FPS	XnOpenNI.cpp	890	[FPS] MyDepth (I: 28.00, O: 14.94) Image1 (I: 30.15, O: 14.95) ReadCalls: 15.27
 32006762	VERBOSE   	FPS	XnOpenNI.cpp	890	[FPS] MyDepth (I: 28.63, O: 15.33) Image1 (I: 30.20, O: 15.33) ReadCalls: 15.32
 33000297	VERBOSE   	FPS	XnOpenNI.cpp	890	[FPS] MyDepth (I: 28.87, O: 15.26) Image1 (I: 30.21, O: 15.26) ReadCalls: 15.60
 34011651	VERBOSE   	FPS	XnOpenNI.cpp	890	[FPS] MyDepth (I: 29.62, O: 15.61) Image1 (I: 29.96, O: 15.61) ReadCalls: 15.61
 35008593	VERBOSE   	FPS	XnOpenNI.cpp	890	[FPS] MyDepth (I: 29.16, O: 15.47) Image1 (I: 30.18, O: 15.47) ReadCalls: 15.46
 36024853	VERBOSE   	FPS	XnOpenNI.cpp	890	[FPS] MyDepth (I: 28.46, O: 15.53) Image1 (I: 29.88, O: 15.53) ReadCalls: 15.53
 37015863	VERBOSE   	FPS	XnOpenNI.cpp	890	[FPS] MyDepth (I: 28.88, O: 15.49) Image1 (I: 30.05, O: 15.49) ReadCalls: 15.48
 38006659	VERBOSE   	FPS	XnOpenNI.cpp	890	[FPS] MyDepth (I: 30.02, O: 15.45) Image1 (I: 30.10, O: 15.45) ReadCalls: 15.44
 39056095	VERBOSE   	FPS	XnOpenNI.cpp	890	[FPS] MyDepth (I: 29.55, O: 14.91) Image1 (I: 29.18, O: 14.91) ReadCalls: 14.90
 40007792	VERBOSE   	FPS	XnOpenNI.cpp	890	[FPS] MyDepth (I: 29.75, O: 14.83) Image1 (I: 29.08, O: 14.84) ReadCalls: 14.83
 41016702	VERBOSE   	FPS	XnOpenNI.cpp	890	[FPS] MyDepth (I: 29.31, O: 14.77) Image1 (I: 29.20, O: 14.77) ReadCalls: 14.77
 42000639	VERBOSE   	FPS	XnOpenNI.cpp	890	[FPS] MyDepth (I: 29.94, O: 14.74) Image1 (I: 29.89, O: 14.74) ReadCalls: 15.08
 43018173	VERBOSE   	FPS	XnOpenNI.cpp	890	[FPS] MyDepth (I: 30.05, O: 15.02) Image1 (I: 29.71, O: 15.02) ReadCalls: 15.00
 44033272	VERBOSE   	FPS	XnOpenNI.cpp	890	[FPS] MyDepth (I: 29.49, O: 14.90) Image1 (I: 29.56, O: 14.90) ReadCalls: 14.90
 45006721	VERBOSE   	FPS	XnOpenNI.cpp	890	[FPS] MyDepth (I: 29.88, O: 15.04) Image1 (I: 30.22, O: 15.04) ReadCalls: 15.03
 46016544	VERBOSE   	FPS	XnOpenNI.cpp	890	[FPS] MyDepth (I: 29.68, O: 14.82) Image1 (I: 29.77, O: 14.82) ReadCalls: 14.81
 47016573	VERBOSE   	FPS	XnOpenNI.cpp	890	[FPS] MyDepth (I: 29.84, O: 14.96) Image1 (I: 30.17, O: 14.97) ReadCalls: 14.96
 48039324	VERBOSE   	FPS	XnOpenNI.cpp	890	[FPS] MyDepth (I: 29.49, O: 14.93) Image1 (I: 29.82, O: 14.93) ReadCalls: 14.92
 49017799	VERBOSE   	FPS	XnOpenNI.cpp	890	[FPS] MyDepth (I: 30.31, O: 15.05) Image1 (I: 29.97, O: 15.05) ReadCalls: 15.05
 50006539	VERBOSE   	FPS	XnOpenNI.cpp	890	[FPS] MyDepth (I: 30.12, O: 15.17) Image1 (I: 30.10, O: 15.18) ReadCalls: 15.17
 51008857	VERBOSE   	FPS	XnOpenNI.cpp	890	[FPS] MyDepth (I: 29.98, O: 15.56) Image1 (I: 30.31, O: 15.57) ReadCalls: 15.56
 52019124	VERBOSE   	FPS	XnOpenNI.cpp	890	[FPS] MyDepth (I: 29.43, O: 15.34) Image1 (I: 30.07, O: 15.34) ReadCalls: 15.34
 53027797	VERBOSE   	FPS	XnOpenNI.cpp	890	[FPS] MyDepth (I: 29.33, O: 13.59) Image1 (I: 29.75, O: 13.25) ReadCalls: 13.58
 54028059	VERBOSE   	FPS	XnOpenNI.cpp	890	[FPS] MyDepth (I: 29.69, O: 11.49) Image1 (I: 29.77, O: 11.49) ReadCalls: 11.47
 55000469	VERBOSE   	FPS	XnOpenNI.cpp	890	[FPS] MyDepth (I: 30.07, O:  9.48) Image1 (I: 29.52, O:  9.49) ReadCalls:  9.48
 56036378	VERBOSE   	FPS	XnOpenNI.cpp	890	[FPS] MyDepth (I: 30.34, O:  9.53) Image1 (I: 26.30, O:  9.63) ReadCalls:  9.52
 57000759	VERBOSE   	FPS	XnOpenNI.cpp	890	[FPS] MyDepth (I: 30.28, O:  9.52) Image1 (I: 24.22, O:  9.65) ReadCalls:  9.76
 58014710	VERBOSE   	FPS	XnOpenNI.cpp	890	[FPS] MyDepth (I: 30.13, O:  9.38) Image1 (I: 24.11, O:  9.47) ReadCalls:  9.32
 59038870	VERBOSE   	FPS	XnOpenNI.cpp	890	[FPS] MyDepth (I: 30.29, O:  9.09) Image1 (I: 26.76, O:  9.18) ReadCalls:  9.05
 60067452	VERBOSE   	FPS	XnOpenNI.cpp	890	[FPS] MyDepth (I: 30.01, O:  8.85) Image1 (I: 28.37, O:  8.97) ReadCalls:  8.77
 61025752	VERBOSE   	FPS	XnOpenNI.cpp	890	[FPS] MyDepth (I: 29.70, O: 10.83) Image1 (I: 29.10, O: 10.94) ReadCalls: 10.70
 62000076	VERBOSE   	FPS	XnOpenNI.cpp	890	[FPS] MyDepth (I: 30.39, O: 12.76) Image1 (I: 29.73, O: 12.94) ReadCalls: 12.63
 63012094	VERBOSE   	FPS	XnOpenNI.cpp	890	[FPS] MyDepth (I: 29.88, O: 14.42) Image1 (I: 29.60, O: 14.42) ReadCalls: 14.42
 64007423	VERBOSE   	FPS	XnOpenNI.cpp	890	[FPS] MyDepth (I: 29.52, O: 13.86) Image1 (I: 29.85, O: 13.52) ReadCalls: 13.85
 65007505	VERBOSE   	FPS	XnOpenNI.cpp	890	[FPS] MyDepth (I: 29.68, O: 13.66) Image1 (I: 29.34, O: 13.66) ReadCalls: 13.65
 66008110	VERBOSE   	FPS	XnOpenNI.cpp	890	[FPS] MyDepth (I: 30.04, O: 13.23) Image1 (I: 28.70, O: 13.23) ReadCalls: 13.23
 67009225	VERBOSE   	FPS	XnOpenNI.cpp	890	[FPS] MyDepth (I: 30.12, O: 13.63) Image1 (I: 28.09, O: 13.34) ReadCalls: 13.63
 68008493	VERBOSE   	FPS	XnOpenNI.cpp	890	[FPS] MyDepth (I: 29.97, O: 12.21) Image1 (I: 28.63, O: 11.88) ReadCalls: 12.20
 69018449	VERBOSE   	FPS	XnOpenNI.cpp	890	[FPS] MyDepth (I: 29.98, O: 10.24) Image1 (I: 29.65, O: 10.25) ReadCalls: 10.24
 70008325	VERBOSE   	FPS	XnOpenNI.cpp	890	[FPS] MyDepth (I: 30.41, O:  8.54) Image1 (I: 30.01, O:  8.67) ReadCalls:  8.50
 71007950	VERBOSE   	FPS	XnOpenNI.cpp	890	[FPS] MyDepth (I: 30.39, O:  8.88) Image1 (I: 27.34, O:  8.67) ReadCalls:  8.85
 72017562	VERBOSE   	FPS	XnOpenNI.cpp	890	[FPS] MyDepth (I: 30.30, O:  8.85) Image1 (I: 24.68, O:  8.94) ReadCalls:  9.12
 73013072	VERBOSE   	FPS	XnOpenNI.cpp	890	[FPS] MyDepth (I: 30.02, O:  9.11) Image1 (I: 23.27, O:  9.20) ReadCalls:  9.36
 74018063	VERBOSE   	FPS	XnOpenNI.cpp	890	[FPS] MyDepth (I: 30.35, O:  9.28) Image1 (I: 25.97, O:  9.42) ReadCalls:  9.19
 75018030	VERBOSE   	FPS	XnOpenNI.cpp	890	[FPS] MyDepth (I: 30.30, O:  9.34) Image1 (I: 28.69, O:  9.09) ReadCalls:  9.28
 76018008	VERBOSE   	FPS	XnOpenNI.cpp	890	[FPS] MyDepth (I: 30.30, O:  9.01) Image1 (I: 30.02, O:  8.76) ReadCalls:  8.93
 77019366	VERBOSE   	FPS	XnOpenNI.cpp	890	[FPS] MyDepth (I: 30.29, O:  8.42) Image1 (I: 30.00, O:  8.51) ReadCalls:  8.40
 78017550	VERBOSE   	FPS	XnOpenNI.cpp	890	[FPS] MyDepth (I: 30.40, O:  8.28) Image1 (I: 29.34, O:  8.34) ReadCalls:  8.54
 79018031	VERBOSE   	FPS	XnOpenNI.cpp	890	[FPS] MyDepth (I: 30.41, O:  8.88) Image1 (I: 25.67, O:  8.67) ReadCalls:  8.87
 80017609	VERBOSE   	FPS	XnOpenNI.cpp	890	[FPS] MyDepth (I: 30.30, O:  8.76) Image1 (I: 23.35, O:  8.87) ReadCalls:  9.01
 81018992	VERBOSE   	FPS	XnOpenNI.cpp	890	[FPS] MyDepth (I: 30.29, O:  8.96) Image1 (I: 23.90, O:  9.09) ReadCalls:  8.95
 82027431	VERBOSE   	FPS	XnOpenNI.cpp	890	[FPS] MyDepth (I: 30.34, O:  9.19) Image1 (I: 27.31, O:  9.29) ReadCalls:  9.17
 83027935	VERBOSE   	FPS	XnOpenNI.cpp	890	[FPS] MyDepth (I: 30.30, O:  9.42) Image1 (I: 29.65, O:  9.43) ReadCalls:  9.31
 84026779	VERBOSE   	FPS	XnOpenNI.cpp	890	[FPS] MyDepth (I: 29.98, O:  9.10) Image1 (I: 30.01, O:  9.19) ReadCalls:  9.35
 85027674	VERBOSE   	FPS	XnOpenNI.cpp	890	[FPS] MyDepth (I: 30.31, O:  9.19) Image1 (I: 30.02, O:  8.97) ReadCalls:  9.10
 86007685	VERBOSE   	FPS	XnOpenNI.cpp	890	[FPS] MyDepth (I: 30.20, O:  8.48) Image1 (I: 29.91, O:  8.56) ReadCalls:  8.74
 87006247	VERBOSE   	FPS	XnOpenNI.cpp	890	[FPS] MyDepth (I: 29.88, O: 10.75) Image1 (I: 29.89, O: 10.85) ReadCalls: 10.74
 88011429	VERBOSE   	FPS	XnOpenNI.cpp	890	[FPS] MyDepth (I: 29.16, O: 12.83) Image1 (I: 29.83, O: 12.74) ReadCalls: 12.73
 89022680	VERBOSE   	FPS	XnOpenNI.cpp	890	[FPS] MyDepth (I: 28.06, O: 14.57) Image1 (I: 29.73, O: 14.57) ReadCalls: 14.56
 90016148	VERBOSE   	FPS	XnOpenNI.cpp	890	[FPS] MyDepth (I: 29.08, O: 14.71) Image1 (I: 29.76, O: 14.71) ReadCalls: 14.70
 91000528	VERBOSE   	FPS	XnOpenNI.cpp	890	[FPS] MyDepth (I: 28.61, O: 14.92) Image1 (I: 29.44, O: 14.92) ReadCalls: 15.26
 92026344	VERBOSE   	FPS	XnOpenNI.cpp	890	[FPS] MyDepth (I: 29.00, O: 15.37) Image1 (I: 29.60, O: 15.37) ReadCalls: 15.37
 93000477	VERBOSE   	FPS	XnOpenNI.cpp	890	[FPS] MyDepth (I: 28.94, O: 15.42) Image1 (I: 29.49, O: 15.42) ReadCalls: 15.42
 94005823	VERBOSE   	FPS	XnOpenNI.cpp	890	[FPS] MyDepth (I: 29.64, O: 14.61) Image1 (I: 29.53, O: 14.61) ReadCalls: 14.61
 95007181	VERBOSE   	FPS	XnOpenNI.cpp	890	[FPS] MyDepth (I: 29.68, O: 14.11) Image1 (I: 29.52, O: 14.11) ReadCalls: 14.10
 96009262	VERBOSE   	FPS	XnOpenNI.cpp	890	[FPS] MyDepth (I: 29.72, O: 13.63) Image1 (I: 29.72, O: 13.63) ReadCalls: 13.63
 97009203	VERBOSE   	FPS	XnOpenNI.cpp	890	[FPS] MyDepth (I: 29.94, O: 13.41) Image1 (I: 29.60, O: 13.42) ReadCalls: 13.41
 98010319	VERBOSE   	FPS	XnOpenNI.cpp	890	[FPS] MyDepth (I: 29.94, O: 13.13) Image1 (I: 29.39, O: 13.13) ReadCalls: 13.13
 99017740	VERBOSE   	FPS	XnOpenNI.cpp	890	[FPS] MyDepth (I: 29.22, O: 12.37) Image1 (I: 29.37, O: 12.37) ReadCalls: 12.36
100000335	VERBOSE   	FPS	XnOpenNI.cpp	890	[FPS] MyDepth (I: 29.42, O: 10.75) Image1 (I: 29.92, O: 10.75) ReadCalls: 11.09
101020448	VERBOSE   	FPS	XnOpenNI.cpp	890	[FPS] MyDepth (I: 29.51, O:  9.34) Image1 (I: 29.39, O:  9.34) ReadCalls:  9.25
102007600	VERBOSE   	FPS	XnOpenNI.cpp	890	[FPS] MyDepth (I: 30.30, O:  8.88) Image1 (I: 26.43, O:  8.62) ReadCalls:  8.79
103007776	VERBOSE   	FPS	XnOpenNI.cpp	890	[FPS] MyDepth (I: 30.31, O:  9.00) Image1 (I: 25.33, O:  8.76) ReadCalls:  8.97
104018450	VERBOSE   	FPS	XnOpenNI.cpp	890	[FPS] MyDepth (I: 30.29, O:  8.84) Image1 (I: 25.35, O:  8.93) ReadCalls:  8.75
105017633	VERBOSE   	FPS	XnOpenNI.cpp	890	[FPS] MyDepth (I: 30.32, O:  8.50) Image1 (I: 28.65, O:  8.60) ReadCalls:  8.84
106017730	VERBOSE   	FPS	XnOpenNI.cpp	890	[FPS] MyDepth (I: 30.32, O:  8.51) Image1 (I: 29.32, O:  8.60) ReadCalls:  8.49
107017618	VERBOSE   	FPS	XnOpenNI.cpp	890	[FPS] MyDepth (I: 30.30, O:  8.42) Image1 (I: 29.37, O:  8.17) ReadCalls:  8.40
108017364	VERBOSE   	FPS	XnOpenNI.cpp	890	[FPS] MyDepth (I: 30.32, O:  8.34) Image1 (I: 29.35, O:  8.42) ReadCalls:  8.28
109017069	VERBOSE   	FPS	XnOpenNI.cpp	890	[FPS] MyDepth (I: 30.31, O:  8.42) Image1 (I: 28.35, O:  8.51) ReadCalls:  8.39
110001646	VERBOSE   	FPS	XnOpenNI.cpp	890	[FPS] MyDepth (I: 29.49, O:  9.96) Image1 (I: 27.82, O: 10.06) ReadCalls: 10.28
111000126	VERBOSE   	FPS	XnOpenNI.cpp	890	[FPS] MyDepth (I: 28.83, O: 11.52) Image1 (I: 27.83, O: 11.67) ReadCalls: 11.74
112023372	VERBOSE   	FPS	XnOpenNI.cpp	890	[FPS] MyDepth (I: 28.07, O: 12.71) Image1 (I: 28.68, O: 12.71) ReadCalls: 12.71
113038401	VERBOSE   	FPS	XnOpenNI.cpp	890	[FPS] MyDepth (I: 28.77, O: 13.18) Image1 (I: 29.11, O: 13.18) ReadCalls: 13.17
114035516	VERBOSE   	FPS	XnOpenNI.cpp	890	[FPS] MyDepth (I: 28.42, O: 13.53) Image1 (I: 28.42, O: 13.54) ReadCalls: 13.53
115016054	VERBOSE   	FPS	XnOpenNI.cpp	890	[FPS] MyDepth (I: 27.07, O: 14.48) Image1 (I: 27.40, O: 14.48) ReadCalls: 14.47
116006095	VERBOSE   	FPS	XnOpenNI.cpp	890	[FPS] MyDepth (I: 25.61, O: 14.68) Image1 (I: 26.28, O: 14.68) ReadCalls: 15.00
117020751	VERBOSE   	FPS	XnOpenNI.cpp	890	[FPS] MyDepth (I: 26.13, O: 14.77) Image1 (I: 26.12, O: 14.77) ReadCalls: 15.10
118007021	VERBOSE   	FPS	XnOpenNI.cpp	890	[FPS] MyDepth (I: 28.19, O: 14.57) Image1 (I: 27.42, O: 14.57) ReadCalls: 14.57
119005734	VERBOSE   	FPS	XnOpenNI.cpp	890	[FPS] MyDepth (I: 29.72, O: 13.03) Image1 (I: 28.71, O: 13.03) ReadCalls: 13.00
120001593	VERBOSE   	FPS	XnOpenNI.cpp	890	[FPS] MyDepth (I: 30.28, O: 11.41) Image1 (I: 29.64, O: 11.41) ReadCalls: 11.74
121023791	VERBOSE   	FPS	XnOpenNI.cpp	890	[FPS] MyDepth (I: 29.41, O: 11.62) Image1 (I: 29.79, O: 11.63) ReadCalls: 11.62
122025614	VERBOSE   	FPS	XnOpenNI.cpp	890	[FPS] MyDepth (I: 29.68, O: 13.19) Image1 (I: 30.20, O: 13.19) ReadCalls: 13.17
123006956	VERBOSE   	FPS	XnOpenNI.cpp	890	[FPS] MyDepth (I: 29.53, O: 14.69) Image1 (I: 29.77, O: 14.69) ReadCalls: 14.68
124005518	VERBOSE   	FPS	XnOpenNI.cpp	890	[FPS] MyDepth (I: 29.85, O: 14.19) Image1 (I: 29.18, O: 14.19) ReadCalls: 14.19
125003844	VERBOSE   	FPS	XnOpenNI.cpp	890	[FPS] MyDepth (I: 28.89, O: 14.45) Image1 (I: 28.88, O: 14.45) ReadCalls: 14.45
126005628	VERBOSE   	FPS	XnOpenNI.cpp	890	[FPS] MyDepth (I: 28.68, O: 14.17) Image1 (I: 29.35, O: 14.17) ReadCalls: 14.51
127017034	VERBOSE   	FPS	XnOpenNI.cpp	890	[FPS] MyDepth (I: 28.86, O: 14.68) Image1 (I: 30.19, O: 14.68) ReadCalls: 14.68
128007349	VERBOSE   	FPS	XnOpenNI.cpp	890	[FPS] MyDepth (I: 29.63, O: 14.34) Image1 (I: 30.05, O: 14.34) ReadCalls: 14.33
129006868	VERBOSE   	FPS	XnOpenNI.cpp	890	[FPS] MyDepth (I: 29.33, O: 14.67) Image1 (I: 29.65, O: 14.67) ReadCalls: 14.64
130000338	VERBOSE   	FPS	XnOpenNI.cpp	890	[FPS] MyDepth (I: 29.17, O: 14.92) Image1 (I: 29.16, O: 14.58) ReadCalls: 14.92
131031331	VERBOSE   	FPS	XnOpenNI.cpp	890	[FPS] MyDepth (I: 28.59, O: 14.92) Image1 (I: 28.25, O: 14.92) ReadCalls: 14.91
132007308	VERBOSE   	FPS	XnOpenNI.cpp	890	[FPS] MyDepth (I: 29.69, O: 14.73) Image1 (I: 28.84, O: 14.73) ReadCalls: 14.72
133016825	VERBOSE   	FPS	XnOpenNI.cpp	890	[FPS] MyDepth (I: 29.83, O: 14.89) Image1 (I: 28.83, O: 14.89) ReadCalls: 14.89
134007148	VERBOSE   	FPS	XnOpenNI.cpp	890	[FPS] MyDepth (I: 30.25, O: 14.60) Image1 (I: 29.24, O: 14.60) ReadCalls: 14.60
135007023	VERBOSE   	FPS	XnOpenNI.cpp	890	[FPS] MyDepth (I: 30.00, O: 14.79) Image1 (I: 29.08, O: 14.80) ReadCalls: 14.78
136007730	VERBOSE   	FPS	XnOpenNI.cpp	890	[FPS] MyDepth (I: 29.76, O: 14.84) Image1 (I: 29.09, O: 14.84) ReadCalls: 14.84
137005947	VERBOSE   	FPS	XnOpenNI.cpp	890	[FPS] MyDepth (I: 30.01, O: 15.02) Image1 (I: 29.69, O: 15.02) ReadCalls: 15.01
138015439	VERBOSE   	FPS	XnOpenNI.cpp	890	[FPS] MyDepth (I: 29.98, O: 14.71) Image1 (I: 29.09, O: 14.71) ReadCalls: 14.70
139015779	VERBOSE   	FPS	XnOpenNI.cpp	890	[FPS] MyDepth (I: 30.01, O: 14.78) Image1 (I: 29.86, O: 14.78) ReadCalls: 14.78
140014222	VERBOSE   	FPS	XnOpenNI.cpp	890	[FPS] MyDepth (I: 30.03, O: 14.17) Image1 (I: 29.55, O: 14.17) ReadCalls: 14.51
141003938	VERBOSE   	FPS	XnOpenNI.cpp	890	[FPS] MyDepth (I: 29.79, O: 13.74) Image1 (I: 30.12, O: 13.74) ReadCalls: 13.74
142017065	VERBOSE   	FPS	XnOpenNI.cpp	890	[FPS] MyDepth (I: 30.30, O: 12.81) Image1 (I: 29.71, O: 12.81) ReadCalls: 12.80
143015908	VERBOSE   	FPS	XnOpenNI.cpp	890	[FPS] MyDepth (I: 29.67, O: 12.67) Image1 (I: 29.63, O: 12.67) ReadCalls: 12.73
144009365	VERBOSE   	FPS	XnOpenNI.cpp	890	[FPS] MyDepth (I: 29.41, O: 12.63) Image1 (I: 28.83, O: 12.63) ReadCalls: 12.97
145016644	VERBOSE   	FPS	XnOpenNI.cpp	890	[FPS] MyDepth (I: 29.34, O: 12.05) Image1 (I: 29.18, O: 12.06) ReadCalls: 12.05
146026677	VERBOSE   	FPS	XnOpenNI.cpp	890	[FPS] MyDepth (I: 29.91, O: 12.13) Image1 (I: 29.57, O: 12.13) ReadCalls: 12.12
147025373	VERBOSE   	FPS	XnOpenNI.cpp	890	[FPS] MyDepth (I: 30.00, O: 12.26) Image1 (I: 29.87, O: 12.26) ReadCalls: 12.25
148001597	VERBOSE   	FPS	XnOpenNI.cpp	890	[FPS] MyDepth (I: 29.92, O: 12.76) Image1 (I: 29.48, O: 12.76) ReadCalls: 13.09
149006695	VERBOSE   	FPS	XnOpenNI.cpp	890	[FPS] MyDepth (I: 29.87, O: 12.88) Image1 (I: 29.19, O: 12.88) ReadCalls: 12.86
150006946	VERBOSE   	FPS	XnOpenNI.cpp	890	[FPS] MyDepth (I: 29.19, O: 12.92) Image1 (I: 29.18, O: 12.93) ReadCalls: 12.92
151015395	VERBOSE   	FPS	XnOpenNI.cpp	890	[FPS] MyDepth (I: 29.44, O: 12.95) Image1 (I: 29.53, O: 12.96) ReadCalls: 12.95
152036811	VERBOSE   	FPS	XnOpenNI.cpp	890	[FPS] MyDepth (I: 29.34, O: 12.64) Image1 (I: 29.38, O: 12.65) ReadCalls: 12.64
153008841	VERBOSE   	FPS	XnOpenNI.cpp	890	[FPS] MyDepth (I: 29.85, O: 10.80) Image1 (I: 29.70, O: 10.80) ReadCalls: 11.14
154043044	VERBOSE   	FPS	XnOpenNI.cpp	890	[FPS] MyDepth (I: 29.80, O:  9.06) Image1 (I: 29.03, O:  9.06) ReadCalls:  9.06
155005497	VERBOSE   	FPS	XnOpenNI.cpp	890	[FPS] MyDepth (I: 30.32, O:  8.94) Image1 (I: 28.31, O:  9.03) ReadCalls:  8.87
156005708	VERBOSE   	FPS	XnOpenNI.cpp	890	[FPS] MyDepth (I: 30.21, O: 10.41) Image1 (I: 28.20, O: 10.55) ReadCalls: 10.34
157015506	VERBOSE   	FPS	XnOpenNI.cpp	890	[FPS] MyDepth (I: 29.94, O: 12.34) Image1 (I: 29.21, O: 12.46) ReadCalls: 12.23
158002710	VERBOSE   	FPS	XnOpenNI.cpp	890	[FPS] MyDepth (I: 29.67, O: 12.55) Image1 (I: 29.69, O: 12.56) ReadCalls: 12.88
159007580	VERBOSE   	FPS	XnOpenNI.cpp	890	[FPS] MyDepth (I: 30.23, O: 12.74) Image1 (I: 29.89, O: 12.74) ReadCalls: 12.73
160015569	VERBOSE   	FPS	XnOpenNI.cpp	890	[FPS] MyDepth (I: 29.20, O: 12.82) Image1 (I: 29.29, O: 12.82) ReadCalls: 12.81
161005519	VERBOSE   	FPS	XnOpenNI.cpp	890	[FPS] MyDepth (I: 29.36, O: 12.65) Image1 (I: 29.57, O: 12.67) ReadCalls: 12.64
162013281	VERBOSE   	FPS	XnOpenNI.cpp	890	[FPS] MyDepth (I: 29.22, O: 12.75) Image1 (I: 29.46, O: 12.76) ReadCalls: 12.75
163046680	VERBOSE   	FPS	XnOpenNI.cpp	890	[FPS] MyDepth (I: 29.73, O: 12.73) Image1 (I: 29.73, O: 12.74) ReadCalls: 12.72
164006771	VERBOSE   	FPS	XnOpenNI.cpp	890	[FPS] MyDepth (I: 30.00, O: 13.04) Image1 (I: 29.62, O: 13.04) ReadCalls: 13.02
165008780	VERBOSE   	FPS	XnOpenNI.cpp	890	[FPS] MyDepth (I: 30.08, O: 12.75) Image1 (I: 29.38, O: 12.75) ReadCalls: 12.74
166017959	VERBOSE   	FPS	XnOpenNI.cpp	890	[FPS] MyDepth (I: 30.29, O: 12.83) Image1 (I: 29.62, O: 12.83) ReadCalls: 12.83
167002690	VERBOSE   	FPS	XnOpenNI.cpp	890	[FPS] MyDepth (I: 30.04, O: 12.62) Image1 (I: 29.46, O: 12.63) ReadCalls: 12.96
168005147	VERBOSE   	FPS	XnOpenNI.cpp	890	[FPS] MyDepth (I: 29.70, O: 12.75) Image1 (I: 29.54, O: 12.75) ReadCalls: 12.74
169017479	VERBOSE   	FPS	XnOpenNI.cpp	890	[FPS] MyDepth (I: 29.67, O: 12.88) Image1 (I: 29.41, O: 12.88) ReadCalls: 12.88
170025237	VERBOSE   	FPS	XnOpenNI.cpp	890	[FPS] MyDepth (I: 29.54, O: 12.93) Image1 (I: 29.43, O: 12.93) ReadCalls: 12.91
171011683	VERBOSE   	FPS	XnOpenNI.cpp	890	[FPS] MyDepth (I: 30.05, O: 12.69) Image1 (I: 30.00, O: 12.70) ReadCalls: 13.02
172017975	VERBOSE   	FPS	XnOpenNI.cpp	890	[FPS] MyDepth (I: 29.96, O: 12.73) Image1 (I: 29.62, O: 12.73) ReadCalls: 12.72
173005172	VERBOSE   	FPS	XnOpenNI.cpp	890	[FPS] MyDepth (I: 29.87, O: 12.90) Image1 (I: 29.87, O: 12.91) ReadCalls: 12.90
174016898	VERBOSE   	FPS	XnOpenNI.cpp	890	[FPS] MyDepth (I: 29.36, O: 13.01) Image1 (I: 30.10, O: 13.01) ReadCalls: 12.99
175016954	VERBOSE   	FPS	XnOpenNI.cpp	890	[FPS] MyDepth (I: 30.01, O: 11.38) Image1 (I: 29.75, O: 11.04) ReadCalls: 11.37
176016892	VERBOSE   	FPS	XnOpenNI.cpp	890	[FPS] MyDepth (I: 30.03, O:  9.41) Image1 (I: 29.86, O:  9.41) ReadCalls:  9.74
177035467	VERBOSE   	FPS	XnOpenNI.cpp	890	[FPS] MyDepth (I: 30.21, O:  7.73) Image1 (I: 29.22, O:  7.80) ReadCalls:  7.71
178027146	VERBOSE   	FPS	XnOpenNI.cpp	890	[FPS] MyDepth (I: 30.32, O:  7.90) Image1 (I: 26.96, O:  8.02) ReadCalls:  7.85
179026819	VERBOSE   	FPS	XnOpenNI.cpp	890	[FPS] MyDepth (I: 30.31, O:  8.02) Image1 (I: 24.58, O:  7.74) ReadCalls:  7.93
180016249	VERBOSE   	FPS	XnOpenNI.cpp	890	[FPS] MyDepth (I: 30.19, O:  7.85) Image1 (I: 24.50, O:  7.96) ReadCalls:  7.79
181038605	VERBOSE   	FPS	XnOpenNI.cpp	890	[FPS] MyDepth (I: 30.18, O:  7.80) Image1 (I: 26.44, O:  7.91) ReadCalls:  7.73
182009715	VERBOSE   	FPS	XnOpenNI.cpp	890	[FPS] MyDepth (I: 30.17, O:  7.64) Image1 (I: 28.85, O:  7.72) ReadCalls:  7.93
183027180	VERBOSE   	FPS	XnOpenNI.cpp	890	[FPS] MyDepth (I: 30.30, O:  7.75) Image1 (I: 29.64, O:  7.85) ReadCalls:  7.67
184036459	VERBOSE   	FPS	XnOpenNI.cpp	890	[FPS] MyDepth (I: 30.21, O:  7.83) Image1 (I: 30.03, O:  7.91) ReadCalls:  7.76
185026550	VERBOSE   	FPS	XnOpenNI.cpp	890	[FPS] MyDepth (I: 30.32, O:  8.00) Image1 (I: 28.35, O:  7.75) ReadCalls:  7.95
186003404	VERBOSE   	FPS	XnOpenNI.cpp	890	[FPS] MyDepth (I: 30.24, O:  7.81) Image1 (I: 25.87, O:  7.92) ReadCalls:  8.10
187007581	VERBOSE   	FPS	XnOpenNI.cpp	890	[FPS] MyDepth (I: 30.29, O:  7.90) Image1 (I: 23.56, O:  8.02) ReadCalls:  7.82
188036700	VERBOSE   	FPS	XnOpenNI.cpp	890	[FPS] MyDepth (I: 30.31, O:  7.90) Image1 (I: 24.95, O:  7.67) ReadCalls:  7.83
189014761	VERBOSE   	FPS	XnOpenNI.cpp	890	[FPS] MyDepth (I: 30.12, O:  7.70) Image1 (I: 27.47, O:  7.81) ReadCalls:  8.01
190006848	VERBOSE   	FPS	XnOpenNI.cpp	890	[FPS] MyDepth (I: 30.30, O:  7.83) Image1 (I: 29.35, O:  7.57) ReadCalls:  7.77
191007339	VERBOSE   	FPS	XnOpenNI.cpp	890	[FPS] MyDepth (I: 30.29, O:  7.67) Image1 (I: 29.98, O:  7.75) ReadCalls:  7.59
192006549	VERBOSE   	FPS	XnOpenNI.cpp	890	[FPS] MyDepth (I: 30.31, O:  7.75) Image1 (I: 29.98, O:  7.49) ReadCalls:  7.69
193019688	VERBOSE   	FPS	XnOpenNI.cpp	890	[FPS] MyDepth (I: 30.28, O:  7.90) Image1 (I: 26.59, O:  7.98) ReadCalls:  7.82
194007196	VERBOSE   	FPS	XnOpenNI.cpp	890	[FPS] MyDepth (I: 30.30, O:  8.08) Image1 (I: 24.34, O:  7.82) ReadCalls:  8.01
195006663	VERBOSE   	FPS	XnOpenNI.cpp	890	[FPS] MyDepth (I: 30.43, O:  8.29) Image1 (I: 22.34, O:  8.00) ReadCalls:  8.22
196006761	VERBOSE   	FPS	XnOpenNI.cpp	890	[FPS] MyDepth (I: 30.30, O:  7.52) Image1 (I: 24.78, O:  7.59) ReadCalls:  7.45
197007412	VERBOSE   	FPS	XnOpenNI.cpp	890	[FPS] MyDepth (I: 30.58, O:  4.83) Image1 (I: 26.68, O:  5.01) ReadCalls:  4.79
198028577	VERBOSE   	FPS	XnOpenNI.cpp	890	[FPS] MyDepth (I: 30.42, O:  2.74) Image1 (I: 28.76, O:  2.77) ReadCalls:  2.72
199036225	VERBOSE   	FPS	XnOpenNI.cpp	890	[FPS] MyDepth (I: 30.10, O:  8.14) Image1 (I: 29.14, O:  8.41) ReadCalls:  8.00
200019634	VERBOSE   	FPS	XnOpenNI.cpp	890	[FPS] MyDepth (I: 29.27, O:  9.04) Image1 (I: 28.93, O:  9.21) ReadCalls:  8.95
201010101	VERBOSE   	FPS	XnOpenNI.cpp	890	[FPS] MyDepth (I: 28.51, O: 10.13) Image1 (I: 27.52, O: 10.13) ReadCalls: 10.46
202016104	VERBOSE   	FPS	XnOpenNI.cpp	890	[FPS] MyDepth (I: 27.52, O: 11.79) Image1 (I: 26.54, O: 11.91) ReadCalls: 11.78
203018864	VERBOSE   	FPS	XnOpenNI.cpp	890	[FPS] MyDepth (I: 26.01, O: 12.91) Image1 (I: 25.67, O: 12.91) ReadCalls: 12.90
204004958	VERBOSE   	FPS	XnOpenNI.cpp	890	[FPS] MyDepth (I: 26.76, O: 10.69) Image1 (I: 26.42, O: 10.69) ReadCalls: 10.68
205019285	VERBOSE   	FPS	XnOpenNI.cpp	890	[FPS] MyDepth (I: 26.96, O:  9.69) Image1 (I: 26.72, O:  9.69) ReadCalls: 10.02
206014818	VERBOSE   	FPS	XnOpenNI.cpp	890	[FPS] MyDepth (I: 27.37, O:  7.39) Image1 (I: 28.71, O:  7.39) ReadCalls:  7.39
207014960	VERBOSE   	FPS	XnOpenNI.cpp	890	[FPS] MyDepth (I: 28.01, O:  5.76) Image1 (I: 29.53, O:  5.76) ReadCalls:  5.76
208016168	VERBOSE   	FPS	XnOpenNI.cpp	890	[FPS] MyDepth (I: 29.24, O:  3.00) Image1 (I: 29.57, O:  3.00) ReadCalls:  3.00
209000252	VERBOSE   	FPS	XnOpenNI.cpp	890	[FPS] MyDepth (I: 28.48, O: 13.64) Image1 (I: 27.80, O: 13.65) ReadCalls: 13.63
210064290	VERBOSE   	FPS	XnOpenNI.cpp	890	[FPS] MyDepth (I: 26.53, O: 12.96) Image1 (I: 25.85, O: 12.97) ReadCalls: 12.96
211004812	VERBOSE   	FPS	XnOpenNI.cpp	890	[FPS] MyDepth (I: 25.76, O: 12.91) Image1 (I: 24.50, O: 12.91) ReadCalls: 12.91
212015337	VERBOSE   	FPS	XnOpenNI.cpp	890	[FPS] MyDepth (I: 24.89, O: 12.93) Image1 (I: 23.88, O: 12.93) ReadCalls: 12.93
213009498	VERBOSE   	FPS	XnOpenNI.cpp	890	[FPS] MyDepth (I: 24.79, O: 12.95) Image1 (I: 23.77, O: 12.95) ReadCalls: 12.94
214041493	VERBOSE   	FPS	XnOpenNI.cpp	890	[FPS] MyDepth (I: 24.65, O: 12.87) Image1 (I: 23.98, O: 12.87) ReadCalls: 12.86
215042702	VERBOSE   	FPS	XnOpenNI.cpp	890	[FPS] MyDepth (I: 24.31, O: 12.92) Image1 (I: 24.99, O: 12.93) ReadCalls: 12.92
216019687	VERBOSE   	FPS	XnOpenNI.cpp	890	[FPS] MyDepth (I: 24.05, O: 13.08) Image1 (I: 24.69, O: 13.09) ReadCalls: 13.08
217005927	VERBOSE   	FPS	XnOpenNI.cpp	890	[FPS] MyDepth (I: 25.64, O: 13.21) Image1 (I: 24.96, O: 13.22) ReadCalls: 13.20
218035106	VERBOSE   	FPS	XnOpenNI.cpp	890	[FPS] MyDepth (I: 25.07, O: 13.07) Image1 (I: 24.39, O: 13.08) ReadCalls: 13.07
219019808	VERBOSE   	FPS	XnOpenNI.cpp	890	[FPS] MyDepth (I: 25.34, O: 13.13) Image1 (I: 24.79, O: 13.13) ReadCalls: 13.13
220010990	VERBOSE   	FPS	XnOpenNI.cpp	890	[FPS] MyDepth (I: 25.23, O: 12.82) Image1 (I: 25.23, O: 12.83) ReadCalls: 13.16
221027755	VERBOSE   	FPS	XnOpenNI.cpp	890	[FPS] MyDepth (I: 25.41, O: 12.81) Image1 (I: 25.73, O: 12.81) ReadCalls: 12.81
222006342	VERBOSE   	FPS	XnOpenNI.cpp	890	[FPS] MyDepth (I: 26.16, O: 12.97) Image1 (I: 25.11, O: 12.97) ReadCalls: 12.96
223036011	VERBOSE   	FPS	XnOpenNI.cpp	890	[FPS] MyDepth (I: 25.00, O: 12.90) Image1 (I: 24.66, O: 12.90) ReadCalls: 12.89
224024524	VERBOSE   	FPS	XnOpenNI.cpp	890	[FPS] MyDepth (I: 26.70, O: 11.40) Image1 (I: 23.02, O: 11.40) ReadCalls: 11.40
225003442	VERBOSE   	FPS	XnOpenNI.cpp	890	[FPS] MyDepth (I: 28.03, O:  9.79) Image1 (I: 23.59, O:  9.79) ReadCalls: 10.12
226035081	VERBOSE   	FPS	XnOpenNI.cpp	890	[FPS] MyDepth (I: 30.01, O:  8.42) Image1 (I: 23.34, O:  8.54) ReadCalls:  8.34
227005841	VERBOSE   	FPS	XnOpenNI.cpp	890	[FPS] MyDepth (I: 28.51, O: 10.22) Image1 (I: 24.85, O: 10.35) ReadCalls: 10.10
228035063	VERBOSE   	FPS	XnOpenNI.cpp	890	[FPS] MyDepth (I: 25.70, O: 11.74) Image1 (I: 24.03, O: 11.68) ReadCalls: 11.63
229047211	VERBOSE   	FPS	XnOpenNI.cpp	890	[FPS] MyDepth (I: 24.11, O: 12.67) Image1 (I: 24.39, O: 13.01) ReadCalls: 13.00
230007937	VERBOSE   	FPS	XnOpenNI.cpp	890	[FPS] MyDepth (I: 24.57, O: 12.83) Image1 (I: 24.81, O: 13.17) ReadCalls: 13.17
231037768	VERBOSE   	FPS	XnOpenNI.cpp	890	[FPS] MyDepth (I: 24.77, O: 12.77) Image1 (I: 25.90, O: 13.12) ReadCalls: 13.10
232035824	VERBOSE   	FPS	XnOpenNI.cpp	890	[FPS] MyDepth (I: 26.44, O: 12.44) Image1 (I: 26.10, O: 12.44) ReadCalls: 12.43
233055254	VERBOSE   	FPS	XnOpenNI.cpp	890	[FPS] MyDepth (I: 25.84, O: 12.08) Image1 (I: 26.50, O: 12.08) ReadCalls: 12.07
234040722	VERBOSE   	FPS	XnOpenNI.cpp	890	[FPS] MyDepth (I: 26.38, O: 12.13) Image1 (I: 25.37, O: 12.13) ReadCalls: 12.12
235002691	VERBOSE   	FPS	XnOpenNI.cpp	890	[FPS] MyDepth (I: 26.29, O: 12.51) Image1 (I: 25.65, O: 12.65) ReadCalls: 12.82
236004710	VERBOSE   	FPS	XnOpenNI.cpp	890	[FPS] MyDepth (I: 26.45, O: 12.95) Image1 (I: 26.11, O: 12.95) ReadCalls: 12.94
237002146	VERBOSE   	FPS	XnOpenNI.cpp	890	[FPS] MyDepth (I: 25.67, O: 12.95) Image1 (I: 26.68, O: 12.95) ReadCalls: 12.94
238041542	VERBOSE   	FPS	XnOpenNI.cpp	890	[FPS] MyDepth (I: 24.37, O: 13.18) Image1 (I: 25.62, O: 13.18) ReadCalls: 13.17
239042228	VERBOSE   	FPS	XnOpenNI.cpp	890	[FPS] MyDepth (I: 24.32, O: 13.24) Image1 (I: 26.01, O: 13.24) ReadCalls: 13.23
240017884	VERBOSE   	FPS	XnOpenNI.cpp	890	[FPS] MyDepth (I: 24.56, O: 13.34) Image1 (I: 25.90, O: 13.34) ReadCalls: 13.33
241004731	VERBOSE   	FPS	XnOpenNI.cpp	890	[FPS] MyDepth (I: 25.99, O: 12.98) Image1 (I: 27.34, O: 13.00) ReadCalls: 12.97
242004804	VERBOSE   	FPS	XnOpenNI.cpp	890	[FPS] MyDepth (I: 25.32, O: 12.90) Image1 (I: 27.00, O: 12.90) ReadCalls: 12.90
243005635	VERBOSE   	FPS	XnOpenNI.cpp	890	[FPS] MyDepth (I: 25.77, O: 11.87) Image1 (I: 25.92, O: 11.88) ReadCalls: 12.21
244007536	VERBOSE   	FPS	XnOpenNI.cpp	890	[FPS] MyDepth (I: 26.83, O: 10.79) Image1 (I: 25.57, O: 10.79) ReadCalls: 10.78
245009981	VERBOSE   	FPS	XnOpenNI.cpp	890	[FPS] MyDepth (I: 28.15, O: 10.38) Image1 (I: 27.04, O: 10.38) ReadCalls: 10.38
246026153	VERBOSE   	FPS	XnOpenNI.cpp	890	[FPS] MyDepth (I: 27.67, O: 11.34) Image1 (I: 27.34, O: 11.45) ReadCalls: 11.39
247026334	VERBOSE   	FPS	XnOpenNI.cpp	890	[FPS] MyDepth (I: 25.60, O: 12.67) Image1 (I: 26.34, O: 12.80) ReadCalls: 12.77
248004677	VERBOSE   	FPS	XnOpenNI.cpp	890	[FPS] MyDepth (I: 24.71, O: 13.06) Image1 (I: 25.38, O: 13.06) ReadCalls: 13.06
249029408	VERBOSE   	FPS	XnOpenNI.cpp	890	[FPS] MyDepth (I: 25.23, O: 13.03) Image1 (I: 25.06, O: 13.03) ReadCalls: 13.01
250014612	VERBOSE   	FPS	XnOpenNI.cpp	890	[FPS] MyDepth (I: 25.10, O: 13.15) Image1 (I: 25.43, O: 13.15) ReadCalls: 13.14
251031479	VERBOSE   	FPS	XnOpenNI.cpp	890	[FPS] MyDepth (I: 25.51, O: 12.99) Image1 (I: 25.51, O: 12.99) ReadCalls: 12.99
252007548	VERBOSE   	FPS	XnOpenNI.cpp	890	[FPS] MyDepth (I: 24.85, O: 13.16) Image1 (I: 24.85, O: 13.16) ReadCalls: 13.15
253038960	VERBOSE   	FPS	XnOpenNI.cpp	890	[FPS] MyDepth (I: 26.64, O: 13.04) Image1 (I: 25.61, O: 13.04) ReadCalls: 13.01
254003586	VERBOSE   	FPS	XnOpenNI.cpp	890	[FPS] MyDepth (I: 26.92, O: 12.90) Image1 (I: 25.91, O: 12.90) ReadCalls: 13.22
255047217	VERBOSE   	FPS	XnOpenNI.cpp	890	[FPS] MyDepth (I: 26.83, O: 13.10) Image1 (I: 26.15, O: 13.10) ReadCalls: 13.09
256005545	VERBOSE   	FPS	XnOpenNI.cpp	890	[FPS] MyDepth (I: 26.63, O: 13.28) Image1 (I: 25.62, O: 13.28) ReadCalls: 13.27
257017856	VERBOSE   	FPS	XnOpenNI.cpp	890	[FPS] MyDepth (I: 26.82, O: 13.29) Image1 (I: 25.22, O: 13.29) ReadCalls: 13.28
258005632	VERBOSE   	FPS	XnOpenNI.cpp	890	[FPS] MyDepth (I: 27.72, O: 13.19) Image1 (I: 25.69, O: 13.19) ReadCalls: 13.19
259007999	VERBOSE   	FPS	XnOpenNI.cpp	890	[FPS] MyDepth (I: 28.26, O: 13.26) Image1 (I: 26.07, O: 13.27) ReadCalls: 13.24
260012125	VERBOSE   	FPS	XnOpenNI.cpp	890	[FPS] MyDepth (I: 27.39, O: 13.44) Image1 (I: 26.72, O: 13.44) ReadCalls: 13.41
261005542	VERBOSE   	FPS	XnOpenNI.cpp	890	[FPS] MyDepth (I: 27.33, O: 13.51) Image1 (I: 26.50, O: 13.51) ReadCalls: 13.51
262026003	VERBOSE   	FPS	XnOpenNI.cpp	890	[FPS] MyDepth (I: 25.76, O: 13.55) Image1 (I: 26.74, O: 13.55) ReadCalls: 13.55
263020651	VERBOSE   	FPS	XnOpenNI.cpp	890	[FPS] MyDepth (I: 25.93, O: 13.36) Image1 (I: 26.94, O: 13.36) ReadCalls: 13.35
264032182	VERBOSE   	FPS	XnOpenNI.cpp	890	[FPS] MyDepth (I: 25.66, O: 13.58) Image1 (I: 26.67, O: 13.58) ReadCalls: 13.58
265004760	VERBOSE   	FPS	XnOpenNI.cpp	890	[FPS] MyDepth (I: 24.51, O: 13.97) Image1 (I: 26.19, O: 13.97) ReadCalls: 13.97
266004191	VERBOSE   	FPS	XnOpenNI.cpp	890	[FPS] MyDepth (I: 24.47, O: 13.48) Image1 (I: 25.81, O: 13.48) ReadCalls: 13.48
267038044	VERBOSE   	FPS	XnOpenNI.cpp	890	[FPS] MyDepth (I: 24.07, O: 13.34) Image1 (I: 25.43, O: 13.34) ReadCalls: 13.33
268000140	VERBOSE   	FPS	XnOpenNI.cpp	890	[FPS] MyDepth (I: 24.43, O: 12.95) Image1 (I: 25.37, O: 12.95) ReadCalls: 12.94
269010298	VERBOSE   	FPS	XnOpenNI.cpp	890	[FPS] MyDepth (I: 23.40, O: 13.11) Image1 (I: 23.87, O: 13.12) ReadCalls: 13.43
270009345	VERBOSE   	FPS	XnOpenNI.cpp	890	[FPS] MyDepth (I: 24.24, O: 12.96) Image1 (I: 23.56, O: 12.96) ReadCalls: 13.30
271052870	VERBOSE   	FPS	XnOpenNI.cpp	890	[FPS] MyDepth (I: 25.25, O: 13.24) Image1 (I: 24.24, O: 13.24) ReadCalls: 13.23
272004183	VERBOSE   	FPS	XnOpenNI.cpp	890	[FPS] MyDepth (I: 25.77, O: 13.70) Image1 (I: 26.27, O: 13.70) ReadCalls: 13.69
273002548	VERBOSE   	FPS	XnOpenNI.cpp	890	[FPS] MyDepth (I: 24.45, O: 13.70) Image1 (I: 25.87, O: 13.70) ReadCalls: 13.70
274002553	VERBOSE   	FPS	XnOpenNI.cpp	890	[FPS] MyDepth (I: 24.08, O: 13.65) Image1 (I: 26.10, O: 13.65) ReadCalls: 13.98
275011692	VERBOSE   	FPS	XnOpenNI.cpp	890	[FPS] MyDepth (I: 23.35, O: 13.59) Image1 (I: 25.38, O: 13.59) ReadCalls: 13.59
276041491	VERBOSE   	FPS	XnOpenNI.cpp	890	[FPS] MyDepth (I: 23.54, O: 13.53) Image1 (I: 24.88, O: 13.53) ReadCalls: 13.52
277010262	VERBOSE   	FPS	XnOpenNI.cpp	890	[FPS] MyDepth (I: 23.46, O: 14.00) Image1 (I: 24.14, O: 14.00) ReadCalls: 13.99
278014648	VERBOSE   	FPS	XnOpenNI.cpp	890	[FPS] MyDepth (I: 25.42, O: 12.81) Image1 (I: 23.41, O: 12.81) ReadCalls: 12.81
279051079	VERBOSE   	FPS	XnOpenNI.cpp	890	[FPS] MyDepth (I: 28.22, O: 10.93) Image1 (I: 24.14, O: 10.93) ReadCalls: 10.93
280026130	VERBOSE   	FPS	XnOpenNI.cpp	890	[FPS] MyDepth (I: 30.14, O:  9.20) Image1 (I: 24.11, O:  9.20) ReadCalls:  9.20
281025875	VERBOSE   	FPS	XnOpenNI.cpp	890	[FPS] MyDepth (I: 30.31, O:  9.44) Image1 (I: 24.61, O:  9.22) ReadCalls:  9.34
282035973	VERBOSE   	FPS	XnOpenNI.cpp	890	[FPS] MyDepth (I: 30.30, O:  9.43) Image1 (I: 25.15, O:  9.53) ReadCalls:  9.40
283036076	VERBOSE   	FPS	XnOpenNI.cpp	890	[FPS] MyDepth (I: 30.30, O:  9.53) Image1 (I: 26.61, O:  9.29) ReadCalls:  9.44
284035817	VERBOSE   	FPS	XnOpenNI.cpp	890	[FPS] MyDepth (I: 30.35, O:  8.85) Image1 (I: 26.31, O:  8.59) ReadCalls:  8.81
285000050	VERBOSE   	FPS	XnOpenNI.cpp	890	[FPS] MyDepth (I: 28.00, O: 10.23) Image1 (I: 26.32, O: 10.33) ReadCalls: 10.46
