    16921	INFO      	Log	XnLog.cpp	333	New log started on 2013-03-15 17:19:34
    16993	INFO      	Log	XnLog.cpp	337	OpenNI version is 1.5.2 (Build 23)-Win32 (Dec 28 2011 15:25:38)
    17025	INFO      	Log	XnLog.cpp	307	--- Filter Info --- Minimum Severity: VERBOSE
    17256	VERBOSE   	ModuleLoader	XnModuleLoader.cpp	452	Found exported production node. Script: OpenNI/OpenNI/1.5.2.23
    18957	VERBOSE   	ModuleLoader	XnModuleLoader.cpp	281	Checking C:\Program Files\OpenNI\bin\nimRecorder.dll...
    33416	VERBOSE   	ModuleLoader	XnModuleLoader.cpp	452	Found exported production node. Recorder: OpenNI/Recorder/1.5.2.23
    33730	VERBOSE   	ModuleLoader	XnModuleLoader.cpp	452	Found exported production node. Player: OpenNI/Player/1.5.2.23
    33949	VERBOSE   	ModuleLoader	XnModuleLoader.cpp	281	Checking C:\Program Files\OpenNI\bin\nimMockNodes.dll...
    39071	VERBOSE   	ModuleLoader	XnModuleLoader.cpp	452	Found exported production node. ProductionNode: OpenNI/Mock/1.5.2.23
    39365	VERBOSE   	ModuleLoader	XnModuleLoader.cpp	452	Found exported production node. Generator: OpenNI/Mock/1.5.2.23
    39563	VERBOSE   	ModuleLoader	XnModuleLoader.cpp	452	Found exported production node. MapGenerator: OpenNI/Mock/1.5.2.23
    39741	VERBOSE   	ModuleLoader	XnModuleLoader.cpp	452	Found exported production node. Device: OpenNI/Mock/1.5.2.23
    39930	VERBOSE   	ModuleLoader	XnModuleLoader.cpp	452	Found exported production node. Depth: OpenNI/Mock/1.5.2.23
    40077	VERBOSE   	ModuleLoader	XnModuleLoader.cpp	452	Found exported production node. IR: OpenNI/Mock/1.5.2.23
    40205	VERBOSE   	ModuleLoader	XnModuleLoader.cpp	452	Found exported production node. Image: OpenNI/Mock/1.5.2.23
    41159	VERBOSE   	ModuleLoader	XnModuleLoader.cpp	452	Found exported production node. Audio: OpenNI/Mock/1.5.2.23
    42038	VERBOSE   	ModuleLoader	XnModuleLoader.cpp	281	Checking C:\Program Files\OpenNI\bin\nimCodecs.dll...
    57019	VERBOSE   	ModuleLoader	XnModuleLoader.cpp	452	Found exported production node. Codec: OpenNI/16zP/1.5.2.23
    57378	VERBOSE   	ModuleLoader	XnModuleLoader.cpp	452	Found exported production node. Codec: OpenNI/16zT/1.5.2.23
    57605	VERBOSE   	ModuleLoader	XnModuleLoader.cpp	452	Found exported production node. Codec: OpenNI/Im8z/1.5.2.23
    58362	VERBOSE   	ModuleLoader	XnModuleLoader.cpp	452	Found exported production node. Codec: OpenNI/JPEG/1.5.2.23
    59112	VERBOSE   	ModuleLoader	XnModuleLoader.cpp	452	Found exported production node. Codec: OpenNI/NONE/1.5.2.23
    59890	VERBOSE   	ModuleLoader	XnModuleLoader.cpp	281	Checking C:\Program Files\PrimeSense\SensorKinect\Bin\XnDeviceFile.dll...
    83460	VERBOSE   	ModuleLoader	XnModuleLoader.cpp	452	Found exported production node. Player: PrimeSense/File/5.0.3.4
    83770	VERBOSE   	ModuleLoader	XnModuleLoader.cpp	281	Checking C:\Program Files\PrimeSense\SensorKinect\Bin\XnDeviceSensorV2KM.dll...
    92158	VERBOSE   	ModuleLoader	XnModuleLoader.cpp	452	Found exported production node. Device: PrimeSense/SensorKinect/5.0.3.4
    92563	VERBOSE   	ModuleLoader	XnModuleLoader.cpp	452	Found exported production node. Depth: PrimeSense/SensorKinect/5.0.3.4
    93341	VERBOSE   	ModuleLoader	XnModuleLoader.cpp	452	Found exported production node. Image: PrimeSense/SensorKinect/5.0.3.4
    94024	VERBOSE   	ModuleLoader	XnModuleLoader.cpp	452	Found exported production node. IR: PrimeSense/SensorKinect/5.0.3.4
    94714	VERBOSE   	ModuleLoader	XnModuleLoader.cpp	452	Found exported production node. Audio: PrimeSense/SensorKinect/5.0.3.4
    95487	VERBOSE   	ModuleLoader	XnModuleLoader.cpp	281	Checking C:\Program Files\PrimeSense\Sensor\Bin\XnDeviceFile.dll...
   108052	VERBOSE   	ModuleLoader	XnModuleLoader.cpp	452	Found exported production node. Player: PrimeSense/File/5.0.2.3
   108382	VERBOSE   	ModuleLoader	XnModuleLoader.cpp	281	Checking C:\Program Files\PrimeSense\Sensor\Bin\XnDeviceSensorV2.dll...
   123721	VERBOSE   	ModuleLoader	XnModuleLoader.cpp	452	Found exported production node. Device: PrimeSense/SensorV2/5.0.2.3
   124101	VERBOSE   	ModuleLoader	XnModuleLoader.cpp	452	Found exported production node. Depth: PrimeSense/SensorV2/5.0.2.3
   124401	VERBOSE   	ModuleLoader	XnModuleLoader.cpp	452	Found exported production node. Image: PrimeSense/SensorV2/5.0.2.3
   125189	VERBOSE   	ModuleLoader	XnModuleLoader.cpp	452	Found exported production node. IR: PrimeSense/SensorV2/5.0.2.3
   125934	VERBOSE   	ModuleLoader	XnModuleLoader.cpp	452	Found exported production node. Audio: PrimeSense/SensorV2/5.0.2.3
   126682	VERBOSE   	ModuleLoader	XnModuleLoader.cpp	281	Checking C:\Program Files\PrimeSense\NITE\Features_1_3_0\Bin\XnVFeatures_1_3_0.dll...
   145906	VERBOSE   	ModuleLoader	XnModuleLoader.cpp	452	Found exported production node. Scene: PrimeSense/XnVSceneAnalyzer/1.3.0.17
   146242	VERBOSE   	ModuleLoader	XnModuleLoader.cpp	452	Found exported production node. User: PrimeSense/XnVSkeletonGenerator/1.3.0.17
   147196	VERBOSE   	ModuleLoader	XnModuleLoader.cpp	281	Checking C:\Program Files\PrimeSense\NITE\Features_1_3_1\Bin\XnVFeatures_1_3_1.dll...
   162382	VERBOSE   	ModuleLoader	XnModuleLoader.cpp	452	Found exported production node. Scene: PrimeSense/XnVSceneAnalyzer/1.3.1.8
   162969	VERBOSE   	ModuleLoader	XnModuleLoader.cpp	452	Found exported production node. User: PrimeSense/XnVSkeletonGenerator/1.3.1.8
   163776	VERBOSE   	ModuleLoader	XnModuleLoader.cpp	281	Checking C:\Program Files\PrimeSense\NITE\Features_1_4_1\Bin\XnVFeatures_1_4_1.dll...
   174144	VERBOSE   	ModuleLoader	XnModuleLoader.cpp	452	Found exported production node. Scene: PrimeSense/XnVSceneAnalyzer/1.4.1.2
   174543	VERBOSE   	ModuleLoader	XnModuleLoader.cpp	452	Found exported production node. User: PrimeSense/XnVSkeletonGenerator/1.4.1.2
   174810	VERBOSE   	ModuleLoader	XnModuleLoader.cpp	281	Checking C:\Program Files\PrimeSense\NITE\Features_1_4_2\Bin\XnVFeatures_1_4_2.dll...
   195150	VERBOSE   	ModuleLoader	XnModuleLoader.cpp	452	Found exported production node. Scene: PrimeSense/XnVSceneAnalyzer/1.4.2.5
   195520	VERBOSE   	ModuleLoader	XnModuleLoader.cpp	452	Found exported production node. User: PrimeSense/XnVSkeletonGenerator/1.4.2.5
   196494	VERBOSE   	ModuleLoader	XnModuleLoader.cpp	281	Checking C:\Program Files\PrimeSense\NITE\Features_1_5_2\Bin\XnVFeatures_1_5_2.dll...
   216367	VERBOSE   	ModuleLoader	XnModuleLoader.cpp	452	Found exported production node. Scene: PrimeSense/XnVSceneAnalyzer/1.5.2.21
   216739	VERBOSE   	ModuleLoader	XnModuleLoader.cpp	452	Found exported production node. User: PrimeSense/XnVSkeletonGenerator/1.5.2.21
   218821	VERBOSE   	ModuleLoader	XnModuleLoader.cpp	281	Checking C:\Program Files\PrimeSense\NITE\Hands_1_3_0\Bin\XnVHandGenerator_1_3_0.dll...
   238619	VERBOSE   	ModuleLoader	XnModuleLoader.cpp	452	Found exported production node. Gesture: PrimeSense/XnVGestureGenrator/1.3.0.17
   238939	VERBOSE   	ModuleLoader	XnModuleLoader.cpp	452	Found exported production node. Hands: PrimeSense/XnVHandTracker/1.3.0.17
   239212	VERBOSE   	ModuleLoader	XnModuleLoader.cpp	281	Checking C:\Program Files\PrimeSense\NITE\Hands_1_3_1\Bin\XnVHandGenerator_1_3_1.dll...
   246833	VERBOSE   	ModuleLoader	XnModuleLoader.cpp	452	Found exported production node. Gesture: PrimeSense/XnVGestureGenrator/1.3.1.8
   247146	VERBOSE   	ModuleLoader	XnModuleLoader.cpp	452	Found exported production node. Hands: PrimeSense/XnVHandTracker/1.3.1.8
   247366	VERBOSE   	ModuleLoader	XnModuleLoader.cpp	281	Checking C:\Program Files\PrimeSense\NITE\Hands_1_4_1\Bin\XnVHandGenerator_1_4_1.dll...
   256094	VERBOSE   	ModuleLoader	XnModuleLoader.cpp	452	Found exported production node. Gesture: PrimeSense/XnVGestureGenrator/1.4.1.2
   256494	VERBOSE   	ModuleLoader	XnModuleLoader.cpp	452	Found exported production node. Hands: PrimeSense/XnVHandTracker/1.4.1.2
   256754	VERBOSE   	ModuleLoader	XnModuleLoader.cpp	281	Checking C:\Program Files\PrimeSense\NITE\Hands_1_4_2\Bin\XnVHandGenerator_1_4_2.dll...
   281847	VERBOSE   	ModuleLoader	XnModuleLoader.cpp	452	Found exported production node. Gesture: PrimeSense/XnVGestureGenrator/1.4.2.5
   282413	VERBOSE   	ModuleLoader	XnModuleLoader.cpp	452	Found exported production node. Hands: PrimeSense/XnVHandTracker/1.4.2.5
   283358	VERBOSE   	ModuleLoader	XnModuleLoader.cpp	281	Checking C:\Program Files\PrimeSense\NITE\Hands_1_5_2\Bin\XnVHandGenerator_1_5_2.dll...
   292578	VERBOSE   	ModuleLoader	XnModuleLoader.cpp	452	Found exported production node. Gesture: PrimeSense/XnVGestureGenerator/1.5.2.21
   293039	VERBOSE   	ModuleLoader	XnModuleLoader.cpp	452	Found exported production node. Hands: PrimeSense/XnVHandTracker/1.5.2.21
   294637	INFO      	OpenNI	XnOpenNI.cpp	1609	Creating node 'Script1' of type Script: OpenNI/OpenNI/1.5.2.23...
   295618	VERBOSE   	OpenNI	XnXmlScriptNode.cpp	763	Requested to create a node of type Depth...
   316062	WARNING   	DeviceSensor	XnExportedSensorDevice.cpp	73	No PS sensor is connected!
   327035	WARNING   	DeviceSensor	XnExportedSensorDevice.cpp	73	No PS sensor is connected!
   333581	INFO      	OpenNI	XnOpenNI.cpp	1609	Creating node 'Device1' of type Device: PrimeSense/SensorV2/5.0.2.3...
  1546974	INFO      	DDK	XnProperty.cpp	151	Property Device.ShareMode was changed to 1.
  1547194	INFO      	DDK	XnProperty.cpp	151	Property Device.InstancePointer was changed.
  1549256	INFO      	DDK	XnProperty.cpp	151	Property Device.SDKVersion was changed.
  1549419	INFO      	DDK	XnProperty.cpp	151	Property Device.ShareMode was changed to 0.
  1549892	INFO      	OpenNI	XnOpenNI.cpp	1609	Creating node 'MyDepth' of type Depth: PrimeSense/SensorV2/5.0.2.3...
  1550129	VERBOSE   	SensorClient	XnSensorClient.cpp	268	Creating stream MyDepth (of type Depth)
  1561938	INFO      	DDK	XnProperty.cpp	151	Property Device.ReadData was changed to 1.
  1589907	INFO      	DDK	XnDeviceBase.cpp	1383	Creating stream 'MyDepth' of type 'Depth'...
  1590192	VERBOSE   	DDK	XnDeviceBase.cpp	1419	Initializing stream 'MyDepth'...
  1591278	INFO      	DDK	XnProperty.cpp	151	Property MyDepth.RequiredDataSize was changed to 153600.
  1591869	INFO      	DDK	XnProperty.cpp	151	Property MyDepth.OutputFormat was changed to 1.
  1592257	INFO      	DDK	XnDeviceBase.cpp	1458	Stream 'MyDepth' was initialized.
  1592794	INFO      	DDK	XnDeviceBase.cpp	1463	'MyDepth' stream was created.
  1594253	VERBOSE   	SensorClient	XnSensorClient.cpp	391	Getting property MyDepth.SupportedModes from server...
  1595285	VERBOSE   	SensorServer	XnSensorClient.cpp	433	Setting MyDepth.Mirror to 1...
  1597439	INFO      	DDK	XnProperty.cpp	151	Property MyDepth.Mirror was changed to 1.
  1598190	VERBOSE   	SensorClient	XnSensorClient.cpp	494	Batch configuring server...
  1598512	INFO      	DDK	XnProperty.cpp	151	Property MyDepth.Resolution was changed to 18446744073709551615.
  1599051	INFO      	DDK	XnProperty.cpp	151	Property MyDepth.RequiredDataSize was changed to 307200.
  1599968	INFO      	DDK	XnProperty.cpp	151	Property MyDepth.YRes was changed to 480.
  1600332	INFO      	DDK	XnProperty.cpp	151	Property MyDepth.RequiredDataSize was changed to 614400.
  1601249	INFO      	DDK	XnProperty.cpp	151	Property MyDepth.XRes was changed to 640.
  1601576	INFO      	DDK	XnProperty.cpp	151	Property MyDepth.Resolution was changed to 1.
  1602579	VERBOSE   	OpenNI	XnXmlScriptNode.cpp	763	Requested to create a node of type Image (StopOnError=FALSE)...
  1605497	WARNING   	DeviceSensor	XnExportedSensorDevice.cpp	73	No PS sensor is connected!
  1616106	WARNING   	DeviceSensor	XnExportedSensorDevice.cpp	73	No PS sensor is connected!
  1623122	VERBOSE   	SensorClient	XnSensorClient.cpp	391	Getting property Device.CmosBlankingUnits from server...
  1624759	INFO      	OpenNI	XnOpenNI.cpp	1609	Creating node 'Image1' of type Image: PrimeSense/SensorV2/5.0.2.3...
  1625024	VERBOSE   	SensorClient	XnSensorClient.cpp	268	Creating stream Image1 (of type Image)
  1638899	INFO      	DDK	XnDeviceBase.cpp	1383	Creating stream 'Image1' of type 'Image'...
  1639276	VERBOSE   	DDK	XnDeviceBase.cpp	1419	Initializing stream 'Image1'...
  1649529	INFO      	DDK	XnProperty.cpp	151	Property Image1.RequiredDataSize was changed to 230400.
  1652299	INFO      	DDK	XnProperty.cpp	151	Property Image1.OutputFormat was changed to 5.
  1653018	INFO      	DDK	XnDeviceBase.cpp	1458	Stream 'Image1' was initialized.
  1653130	INFO      	DDK	XnDeviceBase.cpp	1463	'Image1' stream was created.
  1654281	VERBOSE   	SensorClient	XnSensorClient.cpp	391	Getting property Image1.SupportedModes from server...
  1655606	VERBOSE   	SensorServer	XnSensorClient.cpp	433	Setting Image1.Mirror to 1...
  1655901	INFO      	DDK	XnProperty.cpp	151	Property Image1.Mirror was changed to 1.
  1656786	VERBOSE   	SensorClient	XnSensorClient.cpp	494	Batch configuring server...
  1657229	INFO      	DDK	XnProperty.cpp	151	Property Image1.Resolution was changed to 18446744073709551615.
  1657812	INFO      	DDK	XnProperty.cpp	151	Property Image1.RequiredDataSize was changed to 460800.
  1659383	INFO      	DDK	XnProperty.cpp	151	Property Image1.YRes was changed to 480.
  1659501	INFO      	DDK	XnProperty.cpp	151	Property Image1.RequiredDataSize was changed to 921600.
  1660707	INFO      	DDK	XnProperty.cpp	151	Property Image1.XRes was changed to 640.
  1660831	INFO      	DDK	XnProperty.cpp	151	Property Image1.Resolution was changed to 1.
  1661703	VERBOSE   	DDK	XnDeviceBase.cpp	359	Opening stream MyDepth...
  1663741	INFO      	DDK	XnProperty.cpp	151	Property MyDepth.ActualReadData was changed to 1.
  2039658	INFO      	DDK	XnProperty.cpp	151	Property MyDepth.State was changed to 1.
  2039869	INFO      	DDK	XnDeviceBase.cpp	370	Stream MyDepth is open.
  2040665	VERBOSE   	DDK	XnDeviceBase.cpp	359	Opening stream Image1...
  2042598	INFO      	DDK	XnProperty.cpp	151	Property Image1.ActualReadData was changed to 1.
  2106896	VERBOSE   	FPS	XnOpenNI.cpp	890	[FPS] MyDepth (I:  0.00, O:  0.00) Image1 (I:  0.00, O:  0.00) ReadCalls:  0.00
  2117119	INFO      	DDK	XnProperty.cpp	151	Property Image1.State was changed to 1.
  2117333	INFO      	DDK	XnDeviceBase.cpp	370	Stream Image1 is open.
  2118062	VERBOSE   	SensorServer	XnSensorClient.cpp	433	Setting MyDepth.Mirror to 0...
  2120399	INFO      	DDK	XnProperty.cpp	151	Property MyDepth.Mirror was changed to 0.
  2120628	VERBOSE   	SensorServer	XnSensorClient.cpp	433	Setting Image1.Mirror to 0...
  2125793	INFO      	DDK	XnProperty.cpp	151	Property Image1.Mirror was changed to 0.
  2126128	VERBOSE   	SensorServer	XnSensorClient.cpp	433	Setting MyDepth.Registration to 1...
  2161454	INFO      	DDK	XnProperty.cpp	151	Property MyDepth.Registration was changed to 1.
  3009064	VERBOSE   	FPS	XnOpenNI.cpp	890	[FPS] MyDepth (I: 27.71, O: 17.77) Image1 (I: 31.06, O: 19.49) ReadCalls: 17.76
  4007766	VERBOSE   	FPS	XnOpenNI.cpp	890	[FPS] MyDepth (I: 29.46, O: 19.03) Image1 (I: 29.90, O: 19.81) ReadCalls: 19.03
  5007733	VERBOSE   	FPS	XnOpenNI.cpp	890	[FPS] MyDepth (I: 29.65, O: 19.74) Image1 (I: 29.94, O: 20.26) ReadCalls: 19.74
  6013650	VERBOSE   	FPS	XnOpenNI.cpp	890	[FPS] MyDepth (I: 30.28, O: 20.65) Image1 (I: 29.94, O: 20.65) ReadCalls: 20.64
  7007890	VERBOSE   	FPS	XnOpenNI.cpp	890	[FPS] MyDepth (I: 30.30, O: 20.23) Image1 (I: 30.09, O: 20.23) ReadCalls: 20.23
  8006968	VERBOSE   	FPS	XnOpenNI.cpp	890	[FPS] MyDepth (I: 30.31, O: 18.45) Image1 (I: 30.10, O: 18.45) ReadCalls: 18.44
  9005195	VERBOSE   	FPS	XnOpenNI.cpp	890	[FPS] MyDepth (I: 30.08, O: 17.37) Image1 (I: 29.89, O: 17.37) ReadCalls: 17.71
 10007121	VERBOSE   	FPS	XnOpenNI.cpp	890	[FPS] MyDepth (I: 30.46, O: 16.25) Image1 (I: 29.90, O: 16.25) ReadCalls: 16.25
 11007256	VERBOSE   	FPS	XnOpenNI.cpp	890	[FPS] MyDepth (I: 30.40, O: 16.01) Image1 (I: 29.96, O: 16.01) ReadCalls: 16.01
 12017232	VERBOSE   	FPS	XnOpenNI.cpp	890	[FPS] MyDepth (I: 30.30, O: 16.01) Image1 (I: 29.87, O: 16.01) ReadCalls: 16.01
 13017045	VERBOSE   	FPS	XnOpenNI.cpp	890	[FPS] MyDepth (I: 30.30, O: 16.09) Image1 (I: 29.97, O: 16.09) ReadCalls: 16.09
 14017050	VERBOSE   	FPS	XnOpenNI.cpp	890	[FPS] MyDepth (I: 30.31, O: 16.08) Image1 (I: 29.97, O: 16.08) ReadCalls: 16.07
 15006970	VERBOSE   	FPS	XnOpenNI.cpp	890	[FPS] MyDepth (I: 30.10, O: 16.22) Image1 (I: 29.87, O: 16.22) ReadCalls: 16.21
 16007101	VERBOSE   	FPS	XnOpenNI.cpp	890	[FPS] MyDepth (I: 30.10, O: 16.22) Image1 (I: 29.87, O: 16.22) ReadCalls: 16.19
 17016679	VERBOSE   	FPS	XnOpenNI.cpp	890	[FPS] MyDepth (I: 30.00, O: 16.13) Image1 (I: 29.87, O: 16.13) ReadCalls: 16.13
 18017101	VERBOSE   	FPS	XnOpenNI.cpp	890	[FPS] MyDepth (I: 30.30, O: 15.13) Image1 (I: 29.86, O: 15.13) ReadCalls: 15.13
 19009060	VERBOSE   	FPS	XnOpenNI.cpp	890	[FPS] MyDepth (I: 29.74, O: 14.81) Image1 (I: 30.04, O: 14.81) ReadCalls: 14.81
 20000479	VERBOSE   	FPS	XnOpenNI.cpp	890	[FPS] MyDepth (I: 29.83, O: 14.26) Image1 (I: 30.16, O: 14.26) ReadCalls: 14.60
 21006551	VERBOSE   	FPS	XnOpenNI.cpp	890	[FPS] MyDepth (I: 29.77, O: 14.97) Image1 (I: 30.20, O: 14.97) ReadCalls: 14.97
 22006950	VERBOSE   	FPS	XnOpenNI.cpp	890	[FPS] MyDepth (I: 30.02, O: 14.80) Image1 (I: 30.20, O: 14.80) ReadCalls: 14.80
 23017174	VERBOSE   	FPS	XnOpenNI.cpp	890	[FPS] MyDepth (I: 30.00, O: 15.24) Image1 (I: 30.20, O: 15.24) ReadCalls: 15.24
 24009822	VERBOSE   	FPS	XnOpenNI.cpp	890	[FPS] MyDepth (I: 30.19, O: 15.55) Image1 (I: 29.59, O: 15.55) ReadCalls: 15.73
 25008719	VERBOSE   	FPS	XnOpenNI.cpp	890	[FPS] MyDepth (I: 30.18, O: 15.94) Image1 (I: 29.72, O: 15.94) ReadCalls: 16.28
 26006777	VERBOSE   	FPS	XnOpenNI.cpp	890	[FPS] MyDepth (I: 30.21, O: 15.94) Image1 (I: 29.77, O: 15.94) ReadCalls: 16.28
 27004819	VERBOSE   	FPS	XnOpenNI.cpp	890	[FPS] MyDepth (I: 30.23, O: 16.04) Image1 (I: 29.80, O: 16.04) ReadCalls: 16.36
 28006822	VERBOSE   	FPS	XnOpenNI.cpp	890	[FPS] MyDepth (I: 30.22, O: 15.68) Image1 (I: 30.22, O: 15.68) ReadCalls: 15.68
 29016438	VERBOSE   	FPS	XnOpenNI.cpp	890	[FPS] MyDepth (I: 30.11, O: 15.61) Image1 (I: 30.21, O: 15.61) ReadCalls: 15.61
 30015962	VERBOSE   	FPS	XnOpenNI.cpp	890	[FPS] MyDepth (I: 30.11, O: 15.60) Image1 (I: 29.89, O: 15.60) ReadCalls: 15.94
 31014003	VERBOSE   	FPS	XnOpenNI.cpp	890	[FPS] MyDepth (I: 30.14, O: 16.03) Image1 (I: 30.00, O: 16.03) ReadCalls: 16.36
 32013049	VERBOSE   	FPS	XnOpenNI.cpp	890	[FPS] MyDepth (I: 30.14, O: 16.03) Image1 (I: 30.03, O: 16.04) ReadCalls: 16.36
 33006059	VERBOSE   	FPS	XnOpenNI.cpp	890	[FPS] MyDepth (I: 30.24, O: 16.06) Image1 (I: 30.11, O: 16.06) ReadCalls: 16.05
 34006755	VERBOSE   	FPS	XnOpenNI.cpp	890	[FPS] MyDepth (I: 29.97, O: 16.04) Image1 (I: 30.21, O: 16.04) ReadCalls: 16.04
 35006861	VERBOSE   	FPS	XnOpenNI.cpp	890	[FPS] MyDepth (I: 30.30, O: 16.04) Image1 (I: 29.87, O: 16.04) ReadCalls: 16.03
 36003977	VERBOSE   	FPS	XnOpenNI.cpp	890	[FPS] MyDepth (I: 30.00, O: 16.04) Image1 (I: 30.02, O: 16.04) ReadCalls: 16.04
 37006963	VERBOSE   	FPS	XnOpenNI.cpp	890	[FPS] MyDepth (I: 30.00, O: 15.51) Image1 (I: 29.75, O: 15.51) ReadCalls: 15.51
 38006950	VERBOSE   	FPS	XnOpenNI.cpp	890	[FPS] MyDepth (I: 29.97, O: 14.83) Image1 (I: 29.77, O: 14.83) ReadCalls: 14.83
 39001376	VERBOSE   	FPS	XnOpenNI.cpp	890	[FPS] MyDepth (I: 29.75, O: 14.63) Image1 (I: 29.36, O: 14.63) ReadCalls: 14.95
 40000135	VERBOSE   	FPS	XnOpenNI.cpp	890	[FPS] MyDepth (I: 29.40, O: 14.43) Image1 (I: 28.92, O: 14.43) ReadCalls: 14.43
 41007345	VERBOSE   	FPS	XnOpenNI.cpp	890	[FPS] MyDepth (I: 29.62, O: 14.46) Image1 (I: 28.87, O: 14.47) ReadCalls: 14.46
 42014270	VERBOSE   	FPS	XnOpenNI.cpp	890	[FPS] MyDepth (I: 29.16, O: 14.25) Image1 (I: 29.50, O: 14.25) ReadCalls: 14.23
 43002986	VERBOSE   	FPS	XnOpenNI.cpp	890	[FPS] MyDepth (I: 29.43, O: 15.04) Image1 (I: 30.10, O: 15.04) ReadCalls: 15.04
 44017410	VERBOSE   	FPS	XnOpenNI.cpp	890	[FPS] MyDepth (I: 29.63, O: 14.70) Image1 (I: 29.96, O: 14.70) ReadCalls: 14.70
 45006935	VERBOSE   	FPS	XnOpenNI.cpp	890	[FPS] MyDepth (I: 30.10, O: 14.45) Image1 (I: 30.10, O: 14.45) ReadCalls: 14.45
 46020291	VERBOSE   	FPS	XnOpenNI.cpp	890	[FPS] MyDepth (I: 29.53, O: 14.10) Image1 (I: 29.53, O: 14.10) ReadCalls: 14.10
 47017204	VERBOSE   	FPS	XnOpenNI.cpp	890	[FPS] MyDepth (I: 29.33, O: 14.38) Image1 (I: 29.09, O: 14.38) ReadCalls: 14.37
 48002804	VERBOSE   	FPS	XnOpenNI.cpp	890	[FPS] MyDepth (I: 29.19, O: 14.80) Image1 (I: 29.04, O: 14.80) ReadCalls: 15.10
 49002648	VERBOSE   	FPS	XnOpenNI.cpp	890	[FPS] MyDepth (I: 29.85, O: 15.10) Image1 (I: 29.17, O: 15.10) ReadCalls: 15.43
 50020552	VERBOSE   	FPS	XnOpenNI.cpp	890	[FPS] MyDepth (I: 29.16, O: 14.71) Image1 (I: 29.16, O: 14.67) ReadCalls: 14.71
 51017559	VERBOSE   	FPS	XnOpenNI.cpp	890	[FPS] MyDepth (I: 29.48, O: 12.60) Image1 (I: 29.82, O: 12.60) ReadCalls: 12.60
 52014471	VERBOSE   	FPS	XnOpenNI.cpp	890	[FPS] MyDepth (I: 27.75, O: 10.57) Image1 (I: 29.12, O: 10.57) ReadCalls: 10.57
 53018272	VERBOSE   	FPS	XnOpenNI.cpp	890	[FPS] MyDepth (I: 28.70, O: 10.38) Image1 (I: 29.36, O: 10.39) ReadCalls: 10.38
 54026318	VERBOSE   	FPS	XnOpenNI.cpp	890	[FPS] MyDepth (I: 28.97, O: 10.91) Image1 (I: 28.78, O: 10.90) ReadCalls: 10.90
 55042481	VERBOSE   	FPS	XnOpenNI.cpp	890	[FPS] MyDepth (I: 29.29, O: 12.60) Image1 (I: 29.29, O: 12.60) ReadCalls: 12.60
 56021981	VERBOSE   	FPS	XnOpenNI.cpp	890	[FPS] MyDepth (I: 29.73, O: 13.15) Image1 (I: 28.73, O: 13.30) ReadCalls: 13.37
 57003348	VERBOSE   	FPS	XnOpenNI.cpp	890	[FPS] MyDepth (I: 29.93, O: 14.19) Image1 (I: 29.55, O: 14.19) ReadCalls: 14.19
 58006732	VERBOSE   	FPS	XnOpenNI.cpp	890	[FPS] MyDepth (I: 29.75, O: 14.64) Image1 (I: 30.02, O: 14.64) ReadCalls: 14.64
 59000326	VERBOSE   	FPS	XnOpenNI.cpp	890	[FPS] MyDepth (I: 29.94, O: 14.78) Image1 (I: 29.60, O: 14.78) ReadCalls: 15.11
 60023790	VERBOSE   	FPS	XnOpenNI.cpp	890	[FPS] MyDepth (I: 29.68, O: 15.39) Image1 (I: 30.02, O: 15.39) ReadCalls: 15.38
 61026275	VERBOSE   	FPS	XnOpenNI.cpp	890	[FPS] MyDepth (I: 30.01, O: 15.71) Image1 (I: 29.77, O: 15.71) ReadCalls: 15.70
 62027759	VERBOSE   	FPS	XnOpenNI.cpp	890	[FPS] MyDepth (I: 29.40, O: 15.61) Image1 (I: 29.52, O: 15.61) ReadCalls: 15.61
 63004033	VERBOSE   	FPS	XnOpenNI.cpp	890	[FPS] MyDepth (I: 29.53, O: 15.22) Image1 (I: 28.86, O: 15.22) ReadCalls: 15.22
 64020720	VERBOSE   	FPS	XnOpenNI.cpp	890	[FPS] MyDepth (I: 28.72, O: 14.80) Image1 (I: 28.39, O: 14.80) ReadCalls: 14.79
 65006723	VERBOSE   	FPS	XnOpenNI.cpp	890	[FPS] MyDepth (I: 29.88, O: 14.51) Image1 (I: 28.87, O: 14.51) ReadCalls: 14.51
 66016879	VERBOSE   	FPS	XnOpenNI.cpp	890	[FPS] MyDepth (I: 29.92, O: 14.46) Image1 (I: 28.91, O: 14.46) ReadCalls: 14.46
 67012587	VERBOSE   	FPS	XnOpenNI.cpp	890	[FPS] MyDepth (I: 30.29, O: 14.32) Image1 (I: 29.41, O: 14.32) ReadCalls: 14.31
 68046651	VERBOSE   	FPS	XnOpenNI.cpp	890	[FPS] MyDepth (I: 29.20, O: 13.58) Image1 (I: 29.67, O: 13.58) ReadCalls: 13.58
 69028496	VERBOSE   	FPS	XnOpenNI.cpp	890	[FPS] MyDepth (I: 28.87, O: 13.51) Image1 (I: 29.21, O: 13.51) ReadCalls: 13.51
 70006947	VERBOSE   	FPS	XnOpenNI.cpp	890	[FPS] MyDepth (I: 29.05, O: 13.61) Image1 (I: 29.77, O: 13.61) ReadCalls: 13.60
 71031333	VERBOSE   	FPS	XnOpenNI.cpp	890	[FPS] MyDepth (I: 29.55, O: 13.82) Image1 (I: 29.48, O: 13.82) ReadCalls: 13.82
 72034060	VERBOSE   	FPS	XnOpenNI.cpp	890	[FPS] MyDepth (I: 29.38, O: 14.48) Image1 (I: 29.37, O: 14.48) ReadCalls: 14.47
 73056584	VERBOSE   	FPS	XnOpenNI.cpp	890	[FPS] MyDepth (I: 28.53, O: 14.43) Image1 (I: 28.76, O: 14.43) ReadCalls: 14.43
 74006646	VERBOSE   	FPS	XnOpenNI.cpp	890	[FPS] MyDepth (I: 29.58, O: 14.20) Image1 (I: 28.57, O: 14.20) ReadCalls: 14.18
 75006436	VERBOSE   	FPS	XnOpenNI.cpp	890	[FPS] MyDepth (I: 29.27, O: 13.64) Image1 (I: 29.27, O: 13.64) ReadCalls: 13.98
 76041207	VERBOSE   	FPS	XnOpenNI.cpp	890	[FPS] MyDepth (I: 29.83, O: 13.47) Image1 (I: 29.48, O: 13.48) ReadCalls: 13.47
 77066688	VERBOSE   	FPS	XnOpenNI.cpp	890	[FPS] MyDepth (I: 29.44, O: 13.22) Image1 (I: 29.78, O: 13.23) ReadCalls: 13.22
 78001229	VERBOSE   	FPS	XnOpenNI.cpp	890	[FPS] MyDepth (I: 30.21, O: 13.37) Image1 (I: 29.92, O: 13.37) ReadCalls: 13.69
 79017212	VERBOSE   	FPS	XnOpenNI.cpp	890	[FPS] MyDepth (I: 29.58, O: 13.49) Image1 (I: 30.25, O: 13.49) ReadCalls: 13.49
 80014466	VERBOSE   	FPS	XnOpenNI.cpp	890	[FPS] MyDepth (I: 29.86, O: 13.60) Image1 (I: 30.53, O: 13.62) ReadCalls: 13.92
 81016927	VERBOSE   	FPS	XnOpenNI.cpp	890	[FPS] MyDepth (I: 29.46, O: 13.97) Image1 (I: 30.13, O: 13.97) ReadCalls: 13.97
 82026102	VERBOSE   	FPS	XnOpenNI.cpp	890	[FPS] MyDepth (I: 30.33, O: 12.36) Image1 (I: 29.31, O: 12.36) ReadCalls: 12.35
 83043665	VERBOSE   	FPS	XnOpenNI.cpp	890	[FPS] MyDepth (I: 29.90, O: 10.84) Image1 (I: 28.89, O: 10.84) ReadCalls: 10.84
 84016179	VERBOSE   	FPS	XnOpenNI.cpp	890	[FPS] MyDepth (I: 30.01, O:  9.14) Image1 (I: 29.34, O:  8.80) ReadCalls:  9.14
 85025749	VERBOSE   	FPS	XnOpenNI.cpp	890	[FPS] MyDepth (I: 30.33, O:  9.19) Image1 (I: 30.21, O:  8.94) ReadCalls:  9.10
 86006259	VERBOSE   	FPS	XnOpenNI.cpp	890	[FPS] MyDepth (I: 30.04, O:  9.25) Image1 (I: 30.07, O:  9.34) ReadCalls:  9.17
 87031962	VERBOSE   	FPS	XnOpenNI.cpp	890	[FPS] MyDepth (I: 29.58, O: 11.32) Image1 (I: 29.93, O: 11.48) ReadCalls: 11.21
 88007047	VERBOSE   	FPS	XnOpenNI.cpp	890	[FPS] MyDepth (I: 29.52, O: 13.54) Image1 (I: 29.86, O: 13.42) ReadCalls: 13.42
 89028359	VERBOSE   	FPS	XnOpenNI.cpp	890	[FPS] MyDepth (I: 28.87, O: 15.04) Image1 (I: 30.23, O: 15.04) ReadCalls: 15.04
 90016391	VERBOSE   	FPS	XnOpenNI.cpp	890	[FPS] MyDepth (I: 28.86, O: 14.78) Image1 (I: 30.16, O: 14.78) ReadCalls: 14.77
 91029955	VERBOSE   	FPS	XnOpenNI.cpp	890	[FPS] MyDepth (I: 29.28, O: 14.59) Image1 (I: 28.95, O: 14.59) ReadCalls: 14.58
 92026410	VERBOSE   	FPS	XnOpenNI.cpp	890	[FPS] MyDepth (I: 29.69, O: 14.51) Image1 (I: 29.35, O: 14.51) ReadCalls: 14.51
 93044512	VERBOSE   	FPS	XnOpenNI.cpp	890	[FPS] MyDepth (I: 30.13, O: 14.57) Image1 (I: 29.45, O: 14.57) ReadCalls: 14.56
 94041617	VERBOSE   	FPS	XnOpenNI.cpp	890	[FPS] MyDepth (I: 29.93, O: 14.77) Image1 (I: 30.08, O: 14.78) ReadCalls: 14.75
 95016519	VERBOSE   	FPS	XnOpenNI.cpp	890	[FPS] MyDepth (I: 30.10, O: 15.29) Image1 (I: 30.10, O: 15.29) ReadCalls: 15.29
 96016441	VERBOSE   	FPS	XnOpenNI.cpp	890	[FPS] MyDepth (I: 29.98, O: 15.28) Image1 (I: 30.28, O: 15.28) ReadCalls: 15.28
 97032976	VERBOSE   	FPS	XnOpenNI.cpp	890	[FPS] MyDepth (I: 29.09, O: 14.80) Image1 (I: 29.75, O: 14.81) ReadCalls: 14.77
 98000164	VERBOSE   	FPS	XnOpenNI.cpp	890	[FPS] MyDepth (I: 29.14, O: 14.25) Image1 (I: 29.83, O: 14.25) ReadCalls: 14.59
 99038677	VERBOSE   	FPS	XnOpenNI.cpp	890	[FPS] MyDepth (I: 28.67, O: 14.40) Image1 (I: 29.74, O: 14.40) ReadCalls: 14.39
100006448	VERBOSE   	FPS	XnOpenNI.cpp	890	[FPS] MyDepth (I: 29.60, O: 14.88) Image1 (I: 29.93, O: 14.88) ReadCalls: 14.88
101007137	VERBOSE   	FPS	XnOpenNI.cpp	890	[FPS] MyDepth (I: 29.52, O: 15.37) Image1 (I: 29.88, O: 15.37) ReadCalls: 15.36
102006408	VERBOSE   	FPS	XnOpenNI.cpp	890	[FPS] MyDepth (I: 29.99, O: 15.63) Image1 (I: 29.99, O: 15.63) ReadCalls: 15.62
103006067	VERBOSE   	FPS	XnOpenNI.cpp	890	[FPS] MyDepth (I: 30.00, O: 15.13) Image1 (I: 29.73, O: 15.13) ReadCalls: 15.12
104005660	VERBOSE   	FPS	XnOpenNI.cpp	890	[FPS] MyDepth (I: 29.69, O: 14.36) Image1 (I: 29.01, O: 14.03) ReadCalls: 14.36
105016922	VERBOSE   	FPS	XnOpenNI.cpp	890	[FPS] MyDepth (I: 29.66, O: 11.71) Image1 (I: 28.31, O: 11.71) ReadCalls: 11.70
106005844	VERBOSE   	FPS	XnOpenNI.cpp	890	[FPS] MyDepth (I: 30.00, O:  9.68) Image1 (I: 28.83, O:  9.68) ReadCalls: 10.01
107027163	VERBOSE   	FPS	XnOpenNI.cpp	890	[FPS] MyDepth (I: 30.41, O:  8.48) Image1 (I: 29.40, O:  8.57) ReadCalls:  8.45
108019770	VERBOSE   	FPS	XnOpenNI.cpp	890	[FPS] MyDepth (I: 30.30, O:  8.42) Image1 (I: 29.29, O:  8.50) ReadCalls:  8.38
109033919	VERBOSE   	FPS	XnOpenNI.cpp	890	[FPS] MyDepth (I: 30.13, O:  9.01) Image1 (I: 28.46, O:  9.04) ReadCalls:  8.90
110016267	VERBOSE   	FPS	XnOpenNI.cpp	890	[FPS] MyDepth (I: 30.31, O:  9.53) Image1 (I: 25.76, O:  9.66) ReadCalls:  9.44
111003009	VERBOSE   	FPS	XnOpenNI.cpp	890	[FPS] MyDepth (I: 30.17, O:  9.47) Image1 (I: 23.80, O:  9.57) ReadCalls:  9.39
112015570	VERBOSE   	FPS	XnOpenNI.cpp	890	[FPS] MyDepth (I: 30.33, O:  8.76) Image1 (I: 23.48, O:  8.85) ReadCalls:  8.72
113016561	VERBOSE   	FPS	XnOpenNI.cpp	890	[FPS] MyDepth (I: 30.34, O:  8.20) Image1 (I: 26.00, O:  7.93) ReadCalls:  8.13
114017317	VERBOSE   	FPS	XnOpenNI.cpp	890	[FPS] MyDepth (I: 30.34, O:  7.75) Image1 (I: 28.69, O:  7.85) ReadCalls:  7.69
115015909	VERBOSE   	FPS	XnOpenNI.cpp	890	[FPS] MyDepth (I: 29.98, O:  7.75) Image1 (I: 29.35, O:  7.86) ReadCalls:  7.69
116016475	VERBOSE   	FPS	XnOpenNI.cpp	890	[FPS] MyDepth (I: 30.00, O:  9.31) Image1 (I: 29.67, O:  9.33) ReadCalls:  9.26
117026092	VERBOSE   	FPS	XnOpenNI.cpp	890	[FPS] MyDepth (I: 29.36, O: 11.22) Image1 (I: 29.02, O: 11.34) ReadCalls: 11.16
118003427	VERBOSE   	FPS	XnOpenNI.cpp	890	[FPS] MyDepth (I: 29.46, O: 12.48) Image1 (I: 29.46, O: 12.14) ReadCalls: 12.47
119006180	VERBOSE   	FPS	XnOpenNI.cpp	890	[FPS] MyDepth (I: 29.44, O: 12.05) Image1 (I: 29.10, O: 12.06) ReadCalls: 12.05
120001511	VERBOSE   	FPS	XnOpenNI.cpp	890	[FPS] MyDepth (I: 30.27, O: 12.32) Image1 (I: 29.24, O: 11.98) ReadCalls: 12.32
121039971	VERBOSE   	FPS	XnOpenNI.cpp	890	[FPS] MyDepth (I: 28.55, O: 12.23) Image1 (I: 28.92, O: 12.23) ReadCalls: 12.22
122006748	VERBOSE   	FPS	XnOpenNI.cpp	890	[FPS] MyDepth (I: 29.25, O: 12.40) Image1 (I: 29.59, O: 12.40) ReadCalls: 12.39
123013636	VERBOSE   	FPS	XnOpenNI.cpp	890	[FPS] MyDepth (I: 29.15, O: 12.32) Image1 (I: 28.75, O: 12.32) ReadCalls: 12.31
124030453	VERBOSE   	FPS	XnOpenNI.cpp	890	[FPS] MyDepth (I: 29.77, O: 12.40) Image1 (I: 28.76, O: 12.40) ReadCalls: 12.40
125007073	VERBOSE   	FPS	XnOpenNI.cpp	890	[FPS] MyDepth (I: 29.88, O: 12.43) Image1 (I: 28.54, O: 12.43) ReadCalls: 12.42
126007608	VERBOSE   	FPS	XnOpenNI.cpp	890	[FPS] MyDepth (I: 29.06, O: 12.74) Image1 (I: 29.73, O: 12.74) ReadCalls: 12.73
127023135	VERBOSE   	FPS	XnOpenNI.cpp	890	[FPS] MyDepth (I: 28.42, O: 12.86) Image1 (I: 30.07, O: 12.87) ReadCalls: 12.86
128017099	VERBOSE   	FPS	XnOpenNI.cpp	890	[FPS] MyDepth (I: 28.42, O: 12.69) Image1 (I: 30.56, O: 12.69) ReadCalls: 12.68
129047228	VERBOSE   	FPS	XnOpenNI.cpp	890	[FPS] MyDepth (I: 28.69, O: 12.68) Image1 (I: 29.69, O: 12.68) ReadCalls: 12.68
130006465	VERBOSE   	FPS	XnOpenNI.cpp	890	[FPS] MyDepth (I: 29.50, O: 12.59) Image1 (I: 29.83, O: 12.59) ReadCalls: 12.59
131027117	VERBOSE   	FPS	XnOpenNI.cpp	890	[FPS] MyDepth (I: 28.54, O: 12.61) Image1 (I: 29.28, O: 12.63) ReadCalls: 12.61
132010758	VERBOSE   	FPS	XnOpenNI.cpp	890	[FPS] MyDepth (I: 28.35, O: 12.62) Image1 (I: 29.36, O: 12.62) ReadCalls: 12.61
133023823	VERBOSE   	FPS	XnOpenNI.cpp	890	[FPS] MyDepth (I: 28.28, O: 12.27) Image1 (I: 28.96, O: 12.27) ReadCalls: 12.27
134014240	VERBOSE   	FPS	XnOpenNI.cpp	890	[FPS] MyDepth (I: 29.86, O: 12.52) Image1 (I: 29.46, O: 12.52) ReadCalls: 12.51
135003895	VERBOSE   	FPS	XnOpenNI.cpp	890	[FPS] MyDepth (I: 30.08, O: 11.87) Image1 (I: 30.07, O: 11.87) ReadCalls: 12.20
136047082	VERBOSE   	FPS	XnOpenNI.cpp	890	[FPS] MyDepth (I: 29.29, O: 11.95) Image1 (I: 29.29, O: 11.95) ReadCalls: 11.94
137000299	VERBOSE   	FPS	XnOpenNI.cpp	890	[FPS] MyDepth (I: 29.47, O: 12.02) Image1 (I: 29.83, O: 12.02) ReadCalls: 12.36
138006361	VERBOSE   	FPS	XnOpenNI.cpp	890	[FPS] MyDepth (I: 28.67, O: 12.68) Image1 (I: 30.02, O: 12.67) ReadCalls: 12.68
139002786	VERBOSE   	FPS	XnOpenNI.cpp	890	[FPS] MyDepth (I: 29.10, O: 12.53) Image1 (I: 29.78, O: 12.53) ReadCalls: 12.53
140018522	VERBOSE   	FPS	XnOpenNI.cpp	890	[FPS] MyDepth (I: 28.81, O: 12.59) Image1 (I: 29.49, O: 12.59) ReadCalls: 12.58
141006987	VERBOSE   	FPS	XnOpenNI.cpp	890	[FPS] MyDepth (I: 29.39, O: 12.11) Image1 (I: 29.29, O: 12.11) ReadCalls: 12.10
142006962	VERBOSE   	FPS	XnOpenNI.cpp	890	[FPS] MyDepth (I: 28.75, O: 12.03) Image1 (I: 28.75, O: 12.03) ReadCalls: 12.02
143026316	VERBOSE   	FPS	XnOpenNI.cpp	890	[FPS] MyDepth (I: 29.26, O: 12.20) Image1 (I: 28.25, O: 12.20) ReadCalls: 12.19
144022833	VERBOSE   	FPS	XnOpenNI.cpp	890	[FPS] MyDepth (I: 29.34, O: 12.54) Image1 (I: 28.66, O: 12.55) ReadCalls: 12.54
145006513	VERBOSE   	FPS	XnOpenNI.cpp	890	[FPS] MyDepth (I: 30.01, O: 12.20) Image1 (I: 29.34, O: 12.21) ReadCalls: 12.20
146001584	VERBOSE   	FPS	XnOpenNI.cpp	890	[FPS] MyDepth (I: 29.58, O: 11.32) Image1 (I: 29.91, O: 11.32) ReadCalls: 11.66
147042427	VERBOSE   	FPS	XnOpenNI.cpp	890	[FPS] MyDepth (I: 29.10, O: 11.37) Image1 (I: 30.07, O: 11.38) ReadCalls: 11.37
148002799	VERBOSE   	FPS	XnOpenNI.cpp	890	[FPS] MyDepth (I: 29.91, O: 11.69) Image1 (I: 30.04, O: 11.69) ReadCalls: 11.68
149021219	VERBOSE   	FPS	XnOpenNI.cpp	890	[FPS] MyDepth (I: 30.21, O: 12.58) Image1 (I: 30.21, O: 12.58) ReadCalls: 12.58
150029537	VERBOSE   	FPS	XnOpenNI.cpp	890	[FPS] MyDepth (I: 30.13, O: 12.81) Image1 (I: 30.13, O: 12.81) ReadCalls: 12.81
151005766	VERBOSE   	FPS	XnOpenNI.cpp	890	[FPS] MyDepth (I: 29.87, O: 12.71) Image1 (I: 30.21, O: 12.71) ReadCalls: 12.70
152038742	VERBOSE   	FPS	XnOpenNI.cpp	890	[FPS] MyDepth (I: 28.51, O: 12.76) Image1 (I: 28.94, O: 12.77) ReadCalls: 12.75
153000256	VERBOSE   	FPS	XnOpenNI.cpp	890	[FPS] MyDepth (I: 28.62, O: 12.66) Image1 (I: 29.29, O: 12.66) ReadCalls: 12.64
154003790	VERBOSE   	FPS	XnOpenNI.cpp	890	[FPS] MyDepth (I: 29.79, O: 12.37) Image1 (I: 28.35, O: 12.37) ReadCalls: 12.70
155018879	VERBOSE   	FPS	XnOpenNI.cpp	890	[FPS] MyDepth (I: 29.87, O: 12.49) Image1 (I: 29.19, O: 12.49) ReadCalls: 12.83
156000889	VERBOSE   	FPS	XnOpenNI.cpp	890	[FPS] MyDepth (I: 30.02, O: 12.49) Image1 (I: 28.67, O: 12.49) ReadCalls: 12.82
157007159	VERBOSE   	FPS	XnOpenNI.cpp	890	[FPS] MyDepth (I: 29.59, O: 12.66) Image1 (I: 29.59, O: 12.66) ReadCalls: 12.65
158015768	VERBOSE   	FPS	XnOpenNI.cpp	890	[FPS] MyDepth (I: 29.61, O: 12.69) Image1 (I: 29.27, O: 12.69) ReadCalls: 12.68
159015771	VERBOSE   	FPS	XnOpenNI.cpp	890	[FPS] MyDepth (I: 29.67, O: 12.60) Image1 (I: 29.33, O: 12.60) ReadCalls: 12.60
160002081	VERBOSE   	FPS	XnOpenNI.cpp	890	[FPS] MyDepth (I: 29.57, O: 12.46) Image1 (I: 28.72, O: 12.46) ReadCalls: 12.45
161005892	VERBOSE   	FPS	XnOpenNI.cpp	890	[FPS] MyDepth (I: 30.38, O: 13.52) Image1 (I: 29.76, O: 13.52) ReadCalls: 13.51
162005708	VERBOSE   	FPS	XnOpenNI.cpp	890	[FPS] MyDepth (I: 29.96, O: 15.03) Image1 (I: 30.10, O: 15.04) ReadCalls: 15.01
163006161	VERBOSE   	FPS	XnOpenNI.cpp	890	[FPS] MyDepth (I: 29.96, O: 16.11) Image1 (I: 30.19, O: 16.11) ReadCalls: 16.11
164005729	VERBOSE   	FPS	XnOpenNI.cpp	890	[FPS] MyDepth (I: 30.29, O: 16.19) Image1 (I: 29.87, O: 16.19) ReadCalls: 16.19
165006607	VERBOSE   	FPS	XnOpenNI.cpp	890	[FPS] MyDepth (I: 30.29, O: 16.17) Image1 (I: 29.95, O: 16.18) ReadCalls: 16.17
166005712	VERBOSE   	FPS	XnOpenNI.cpp	890	[FPS] MyDepth (I: 30.31, O: 16.17) Image1 (I: 30.00, O: 16.17) ReadCalls: 16.16
167006023	VERBOSE   	FPS	XnOpenNI.cpp	890	[FPS] MyDepth (I: 30.29, O: 16.16) Image1 (I: 30.10, O: 16.16) ReadCalls: 16.16
168005594	VERBOSE   	FPS	XnOpenNI.cpp	890	[FPS] MyDepth (I: 30.01, O: 16.24) Image1 (I: 30.10, O: 16.24) ReadCalls: 16.24
169005541	VERBOSE   	FPS	XnOpenNI.cpp	890	[FPS] MyDepth (I: 30.00, O: 16.23) Image1 (I: 30.20, O: 16.24) ReadCalls: 16.23
170005796	VERBOSE   	FPS	XnOpenNI.cpp	890	[FPS] MyDepth (I: 30.40, O: 16.22) Image1 (I: 29.87, O: 16.22) ReadCalls: 16.21
171015844	VERBOSE   	FPS	XnOpenNI.cpp	890	[FPS] MyDepth (I: 29.96, O: 16.16) Image1 (I: 30.19, O: 16.16) ReadCalls: 16.15
172015880	VERBOSE   	FPS	XnOpenNI.cpp	890	[FPS] MyDepth (I: 30.31, O: 16.15) Image1 (I: 29.86, O: 16.15) ReadCalls: 16.14
173015075	VERBOSE   	FPS	XnOpenNI.cpp	890	[FPS] MyDepth (I: 30.34, O: 16.14) Image1 (I: 30.01, O: 16.14) ReadCalls: 16.14
174015646	VERBOSE   	FPS	XnOpenNI.cpp	890	[FPS] MyDepth (I: 30.30, O: 16.13) Image1 (I: 30.00, O: 16.14) ReadCalls: 16.13
175006157	VERBOSE   	FPS	XnOpenNI.cpp	890	[FPS] MyDepth (I: 30.10, O: 16.17) Image1 (I: 30.20, O: 16.17) ReadCalls: 16.17
176002234	VERBOSE   	FPS	XnOpenNI.cpp	890	[FPS] MyDepth (I: 30.13, O: 16.18) Image1 (I: 29.90, O: 15.85) ReadCalls: 16.18
177013874	VERBOSE   	FPS	XnOpenNI.cpp	890	[FPS] MyDepth (I: 30.02, O: 15.86) Image1 (I: 29.89, O: 15.86) ReadCalls: 16.19
178015676	VERBOSE   	FPS	XnOpenNI.cpp	890	[FPS] MyDepth (I: 30.30, O: 15.84) Image1 (I: 29.86, O: 15.85) ReadCalls: 15.84
179015724	VERBOSE   	FPS	XnOpenNI.cpp	890	[FPS] MyDepth (I: 30.30, O: 15.92) Image1 (I: 29.96, O: 15.93) ReadCalls: 15.92
180024924	VERBOSE   	FPS	XnOpenNI.cpp	890	[FPS] MyDepth (I: 30.31, O: 15.95) Image1 (I: 29.89, O: 15.95) ReadCalls: 15.94
181004826	VERBOSE   	FPS	XnOpenNI.cpp	890	[FPS] MyDepth (I: 30.11, O: 16.13) Image1 (I: 30.20, O: 16.13) ReadCalls: 16.12
182005449	VERBOSE   	FPS	XnOpenNI.cpp	890	[FPS] MyDepth (I: 30.10, O: 16.12) Image1 (I: 30.19, O: 16.12) ReadCalls: 16.12
183014887	VERBOSE   	FPS	XnOpenNI.cpp	890	[FPS] MyDepth (I: 30.10, O: 16.06) Image1 (I: 30.21, O: 16.06) ReadCalls: 16.05
184018214	VERBOSE   	FPS	XnOpenNI.cpp	890	[FPS] MyDepth (I: 30.06, O: 16.03) Image1 (I: 29.86, O: 16.03) ReadCalls: 16.36
185017255	VERBOSE   	FPS	XnOpenNI.cpp	890	[FPS] MyDepth (I: 30.08, O: 16.03) Image1 (I: 29.95, O: 16.03) ReadCalls: 16.36
186015404	VERBOSE   	FPS	XnOpenNI.cpp	890	[FPS] MyDepth (I: 30.10, O: 16.03) Image1 (I: 29.97, O: 16.03) ReadCalls: 16.36
187004984	VERBOSE   	FPS	XnOpenNI.cpp	890	[FPS] MyDepth (I: 30.21, O: 16.08) Image1 (I: 30.21, O: 16.08) ReadCalls: 16.07
188004747	VERBOSE   	FPS	XnOpenNI.cpp	890	[FPS] MyDepth (I: 30.22, O: 16.07) Image1 (I: 30.22, O: 16.07) ReadCalls: 16.07
189014978	VERBOSE   	FPS	XnOpenNI.cpp	890	[FPS] MyDepth (I: 30.10, O: 16.01) Image1 (I: 30.20, O: 16.01) ReadCalls: 16.00
190015285	VERBOSE   	FPS	XnOpenNI.cpp	890	[FPS] MyDepth (I: 30.11, O: 15.99) Image1 (I: 30.21, O: 16.00) ReadCalls: 15.99
191022540	VERBOSE   	FPS	XnOpenNI.cpp	890	[FPS] MyDepth (I: 30.03, O: 15.94) Image1 (I: 29.90, O: 15.95) ReadCalls: 16.28
192022049	VERBOSE   	FPS	XnOpenNI.cpp	890	[FPS] MyDepth (I: 30.03, O: 16.03) Image1 (I: 29.90, O: 16.03) ReadCalls: 16.36
193005349	VERBOSE   	FPS	XnOpenNI.cpp	890	[FPS] MyDepth (I: 30.00, O: 16.11) Image1 (I: 30.10, O: 16.11) ReadCalls: 16.10
194005348	VERBOSE   	FPS	XnOpenNI.cpp	890	[FPS] MyDepth (I: 29.97, O: 16.10) Image1 (I: 30.19, O: 16.10) ReadCalls: 16.09
195001305	VERBOSE   	FPS	XnOpenNI.cpp	890	[FPS] MyDepth (I: 30.01, O: 15.78) Image1 (I: 30.01, O: 15.79) ReadCalls: 16.11
196005285	VERBOSE   	FPS	XnOpenNI.cpp	890	[FPS] MyDepth (I: 30.30, O: 16.08) Image1 (I: 30.00, O: 16.08) ReadCalls: 16.08
197005425	VERBOSE   	FPS	XnOpenNI.cpp	890	[FPS] MyDepth (I: 30.30, O: 16.07) Image1 (I: 30.06, O: 16.07) ReadCalls: 16.07
198006018	VERBOSE   	FPS	XnOpenNI.cpp	890	[FPS] MyDepth (I: 30.29, O: 16.33) Image1 (I: 30.10, O: 16.33) ReadCalls: 16.32
199006283	VERBOSE   	FPS	XnOpenNI.cpp	890	[FPS] MyDepth (I: 29.96, O: 16.30) Image1 (I: 30.11, O: 16.30) ReadCalls: 16.30
200007106	VERBOSE   	FPS	XnOpenNI.cpp	890	[FPS] MyDepth (I: 29.95, O: 16.29) Image1 (I: 30.18, O: 16.29) ReadCalls: 16.29
201004504	VERBOSE   	FPS	XnOpenNI.cpp	890	[FPS] MyDepth (I: 30.33, O: 15.96) Image1 (I: 29.99, O: 15.96) ReadCalls: 15.96
202005065	VERBOSE   	FPS	XnOpenNI.cpp	890	[FPS] MyDepth (I: 30.02, O: 15.95) Image1 (I: 30.01, O: 15.95) ReadCalls: 16.28
203004153	VERBOSE   	FPS	XnOpenNI.cpp	890	[FPS] MyDepth (I: 30.03, O: 15.94) Image1 (I: 30.03, O: 15.94) ReadCalls: 16.28
204002144	VERBOSE   	FPS	XnOpenNI.cpp	890	[FPS] MyDepth (I: 30.02, O: 16.03) Image1 (I: 30.13, O: 16.03) ReadCalls: 16.36
205000443	VERBOSE   	FPS	XnOpenNI.cpp	890	[FPS] MyDepth (I: 30.15, O: 16.03) Image1 (I: 29.82, O: 16.03) ReadCalls: 16.36
206000185	VERBOSE   	FPS	XnOpenNI.cpp	890	[FPS] MyDepth (I: 30.16, O: 16.36) Image1 (I: 29.92, O: 16.36) ReadCalls: 16.35
207015485	VERBOSE   	FPS	XnOpenNI.cpp	890	[FPS] MyDepth (I: 30.03, O: 16.27) Image1 (I: 30.10, O: 16.27) ReadCalls: 16.27
208014815	VERBOSE   	FPS	XnOpenNI.cpp	890	[FPS] MyDepth (I: 29.68, O: 16.27) Image1 (I: 29.87, O: 16.27) ReadCalls: 16.26
209015627	VERBOSE   	FPS	XnOpenNI.cpp	890	[FPS] MyDepth (I: 30.00, O: 16.25) Image1 (I: 29.62, O: 16.25) ReadCalls: 16.25
210015137	VERBOSE   	FPS	XnOpenNI.cpp	890	[FPS] MyDepth (I: 30.01, O: 16.24) Image1 (I: 29.67, O: 16.25) ReadCalls: 16.24
211005306	VERBOSE   	FPS	XnOpenNI.cpp	890	[FPS] MyDepth (I: 30.10, O: 16.29) Image1 (I: 30.10, O: 16.29) ReadCalls: 16.29
212005334	VERBOSE   	FPS	XnOpenNI.cpp	890	[FPS] MyDepth (I: 30.10, O: 16.28) Image1 (I: 30.19, O: 16.28) ReadCalls: 16.28
213015130	VERBOSE   	FPS	XnOpenNI.cpp	890	[FPS] MyDepth (I: 30.06, O: 16.21) Image1 (I: 30.10, O: 16.22) ReadCalls: 16.21
214017193	VERBOSE   	FPS	XnOpenNI.cpp	890	[FPS] MyDepth (I: 30.04, O: 16.20) Image1 (I: 30.18, O: 16.20) ReadCalls: 16.20
215025068	VERBOSE   	FPS	XnOpenNI.cpp	890	[FPS] MyDepth (I: 29.96, O: 16.15) Image1 (I: 30.10, O: 16.15) ReadCalls: 16.14
216025182	VERBOSE   	FPS	XnOpenNI.cpp	890	[FPS] MyDepth (I: 30.00, O: 16.13) Image1 (I: 30.19, O: 16.13) ReadCalls: 16.13
217025237	VERBOSE   	FPS	XnOpenNI.cpp	890	[FPS] MyDepth (I: 30.30, O: 16.13) Image1 (I: 29.96, O: 16.13) ReadCalls: 16.13
218005172	VERBOSE   	FPS	XnOpenNI.cpp	890	[FPS] MyDepth (I: 30.20, O: 16.23) Image1 (I: 30.20, O: 16.23) ReadCalls: 16.22
219015227	VERBOSE   	FPS	XnOpenNI.cpp	890	[FPS] MyDepth (I: 30.10, O: 16.16) Image1 (I: 30.10, O: 16.16) ReadCalls: 16.16
220015210	VERBOSE   	FPS	XnOpenNI.cpp	890	[FPS] MyDepth (I: 30.10, O: 16.16) Image1 (I: 30.19, O: 16.16) ReadCalls: 16.15
221024510	VERBOSE   	FPS	XnOpenNI.cpp	890	[FPS] MyDepth (I: 30.02, O: 16.10) Image1 (I: 30.10, O: 16.10) ReadCalls: 16.09
222024493	VERBOSE   	FPS	XnOpenNI.cpp	890	[FPS] MyDepth (I: 30.01, O: 16.09) Image1 (I: 30.20, O: 16.10) ReadCalls: 16.09
223034208	VERBOSE   	FPS	XnOpenNI.cpp	890	[FPS] MyDepth (I: 29.97, O: 16.03) Image1 (I: 29.78, O: 16.03) ReadCalls: 16.36
224004779	VERBOSE   	FPS	XnOpenNI.cpp	890	[FPS] MyDepth (I: 30.30, O: 16.18) Image1 (I: 30.20, O: 16.18) ReadCalls: 16.17
225005022	VERBOSE   	FPS	XnOpenNI.cpp	890	[FPS] MyDepth (I: 29.96, O: 16.17) Image1 (I: 30.20, O: 16.17) ReadCalls: 16.17
226004928	VERBOSE   	FPS	XnOpenNI.cpp	890	[FPS] MyDepth (I: 30.30, O: 16.16) Image1 (I: 29.96, O: 16.16) ReadCalls: 16.16
227005146	VERBOSE   	FPS	XnOpenNI.cpp	890	[FPS] MyDepth (I: 30.32, O: 16.15) Image1 (I: 29.96, O: 16.15) ReadCalls: 16.14
228004933	VERBOSE   	FPS	XnOpenNI.cpp	890	[FPS] MyDepth (I: 30.30, O: 16.14) Image1 (I: 30.00, O: 16.15) ReadCalls: 16.14
229004651	VERBOSE   	FPS	XnOpenNI.cpp	890	[FPS] MyDepth (I: 30.31, O: 16.14) Image1 (I: 30.10, O: 16.14) ReadCalls: 16.13
230004998	VERBOSE   	FPS	XnOpenNI.cpp	890	[FPS] MyDepth (I: 30.00, O: 16.12) Image1 (I: 30.20, O: 16.12) ReadCalls: 16.12
231005004	VERBOSE   	FPS	XnOpenNI.cpp	890	[FPS] MyDepth (I: 29.96, O: 16.12) Image1 (I: 30.20, O: 16.12) ReadCalls: 16.11
232004843	VERBOSE   	FPS	XnOpenNI.cpp	890	[FPS] MyDepth (I: 30.32, O: 16.11) Image1 (I: 29.98, O: 16.11) ReadCalls: 16.10
233004292	VERBOSE   	FPS	XnOpenNI.cpp	890	[FPS] MyDepth (I: 30.31, O: 16.10) Image1 (I: 30.01, O: 16.10) ReadCalls: 16.10
234014157	VERBOSE   	FPS	XnOpenNI.cpp	890	[FPS] MyDepth (I: 30.31, O: 16.04) Image1 (I: 29.97, O: 16.04) ReadCalls: 16.04
235014355	VERBOSE   	FPS	XnOpenNI.cpp	890	[FPS] MyDepth (I: 30.31, O: 16.03) Image1 (I: 29.97, O: 16.03) ReadCalls: 16.03
236004795	VERBOSE   	FPS	XnOpenNI.cpp	890	[FPS] MyDepth (I: 30.07, O: 16.07) Image1 (I: 30.10, O: 16.07) ReadCalls: 16.07
237004341	VERBOSE   	FPS	XnOpenNI.cpp	890	[FPS] MyDepth (I: 30.10, O: 16.07) Image1 (I: 30.21, O: 16.07) ReadCalls: 16.07
238009749	VERBOSE   	FPS	XnOpenNI.cpp	890	[FPS] MyDepth (I: 30.05, O: 16.03) Image1 (I: 29.92, O: 16.03) ReadCalls: 16.36
239007796	VERBOSE   	FPS	XnOpenNI.cpp	890	[FPS] MyDepth (I: 30.07, O: 16.04) Image1 (I: 29.95, O: 16.04) ReadCalls: 16.36
240006841	VERBOSE   	FPS	XnOpenNI.cpp	890	[FPS] MyDepth (I: 30.08, O: 16.03) Image1 (I: 30.05, O: 16.03) ReadCalls: 16.36
241004894	VERBOSE   	FPS	XnOpenNI.cpp	890	[FPS] MyDepth (I: 30.10, O: 16.03) Image1 (I: 30.10, O: 16.03) ReadCalls: 16.36
242004293	VERBOSE   	FPS	XnOpenNI.cpp	890	[FPS] MyDepth (I: 30.12, O: 16.02) Image1 (I: 29.78, O: 16.02) ReadCalls: 16.35
243001999	VERBOSE   	FPS	XnOpenNI.cpp	890	[FPS] MyDepth (I: 30.13, O: 16.03) Image1 (I: 29.90, O: 16.03) ReadCalls: 16.36
244000046	VERBOSE   	FPS	XnOpenNI.cpp	890	[FPS] MyDepth (I: 30.16, O: 16.03) Image1 (I: 29.92, O: 16.03) ReadCalls: 16.36
245015357	VERBOSE   	FPS	XnOpenNI.cpp	890	[FPS] MyDepth (I: 30.06, O: 16.28) Image1 (I: 30.20, O: 16.28) ReadCalls: 16.27
246024910	VERBOSE   	FPS	XnOpenNI.cpp	890	[FPS] MyDepth (I: 29.96, O: 16.22) Image1 (I: 30.20, O: 16.22) ReadCalls: 16.21
247024940	VERBOSE   	FPS	XnOpenNI.cpp	890	[FPS] MyDepth (I: 30.00, O: 16.21) Image1 (I: 30.20, O: 16.21) ReadCalls: 16.21
248006664	VERBOSE   	FPS	XnOpenNI.cpp	890	[FPS] MyDepth (I: 30.19, O: 16.30) Image1 (I: 30.09, O: 16.30) ReadCalls: 16.30
249005034	VERBOSE   	FPS	XnOpenNI.cpp	890	[FPS] MyDepth (I: 30.20, O: 16.30) Image1 (I: 30.20, O: 16.30) ReadCalls: 16.29
250014941	VERBOSE   	FPS	XnOpenNI.cpp	890	[FPS] MyDepth (I: 30.10, O: 16.24) Image1 (I: 30.10, O: 16.24) ReadCalls: 16.23
251014868	VERBOSE   	FPS	XnOpenNI.cpp	890	[FPS] MyDepth (I: 30.10, O: 16.22) Image1 (I: 30.20, O: 16.23) ReadCalls: 16.22
252024882	VERBOSE   	FPS	XnOpenNI.cpp	890	[FPS] MyDepth (I: 30.00, O: 16.16) Image1 (I: 30.11, O: 16.16) ReadCalls: 16.16
253025249	VERBOSE   	FPS	XnOpenNI.cpp	890	[FPS] MyDepth (I: 30.07, O: 16.15) Image1 (I: 30.19, O: 16.16) ReadCalls: 16.15
254004919	VERBOSE   	FPS	XnOpenNI.cpp	890	[FPS] MyDepth (I: 30.20, O: 16.25) Image1 (I: 30.10, O: 16.26) ReadCalls: 16.25
255005925	VERBOSE   	FPS	XnOpenNI.cpp	890	[FPS] MyDepth (I: 30.20, O: 16.24) Image1 (I: 30.19, O: 16.24) ReadCalls: 16.24
256003966	VERBOSE   	FPS	XnOpenNI.cpp	890	[FPS] MyDepth (I: 30.31, O: 16.24) Image1 (I: 29.88, O: 16.24) ReadCalls: 16.24
257005174	VERBOSE   	FPS	XnOpenNI.cpp	890	[FPS] MyDepth (I: 30.29, O: 16.56) Image1 (I: 29.96, O: 16.57) ReadCalls: 16.56
258004883	VERBOSE   	FPS	XnOpenNI.cpp	890	[FPS] MyDepth (I: 30.30, O: 16.55) Image1 (I: 30.01, O: 16.55) ReadCalls: 16.55
259004601	VERBOSE   	FPS	XnOpenNI.cpp	890	[FPS] MyDepth (I: 30.31, O: 16.38) Image1 (I: 30.10, O: 16.39) ReadCalls: 16.38
260005104	VERBOSE   	FPS	XnOpenNI.cpp	890	[FPS] MyDepth (I: 30.30, O: 16.63) Image1 (I: 30.10, O: 16.63) ReadCalls: 16.62
261005255	VERBOSE   	FPS	XnOpenNI.cpp	890	[FPS] MyDepth (I: 29.95, O: 16.53) Image1 (I: 30.19, O: 16.53) ReadCalls: 16.53
262004891	VERBOSE   	FPS	XnOpenNI.cpp	890	[FPS] MyDepth (I: 30.31, O: 16.44) Image1 (I: 29.86, O: 16.44) ReadCalls: 16.43
263004133	VERBOSE   	FPS	XnOpenNI.cpp	890	[FPS] MyDepth (I: 30.30, O: 16.27) Image1 (I: 29.97, O: 16.27) ReadCalls: 16.26
264004125	VERBOSE   	FPS	XnOpenNI.cpp	890	[FPS] MyDepth (I: 30.30, O: 16.25) Image1 (I: 30.01, O: 16.26) ReadCalls: 16.25
265003642	VERBOSE   	FPS	XnOpenNI.cpp	890	[FPS] MyDepth (I: 30.31, O: 16.25) Image1 (I: 30.11, O: 16.25) ReadCalls: 16.25
266017948	VERBOSE   	FPS	XnOpenNI.cpp	890	[FPS] MyDepth (I: 30.27, O: 16.33) Image1 (I: 29.94, O: 16.33) ReadCalls: 16.33
267004938	VERBOSE   	FPS	XnOpenNI.cpp	890	[FPS] MyDepth (I: 30.07, O: 16.40) Image1 (I: 30.20, O: 16.41) ReadCalls: 16.39
268006421	VERBOSE   	FPS	XnOpenNI.cpp	890	[FPS] MyDepth (I: 30.05, O: 15.71) Image1 (I: 30.18, O: 15.71) ReadCalls: 15.70
269014689	VERBOSE   	FPS	XnOpenNI.cpp	890	[FPS] MyDepth (I: 30.03, O: 15.57) Image1 (I: 30.21, O: 15.57) ReadCalls: 15.56
270014988	VERBOSE   	FPS	XnOpenNI.cpp	890	[FPS] MyDepth (I: 30.29, O: 14.88) Image1 (I: 29.88, O: 14.88) ReadCalls: 14.88
271014788	VERBOSE   	FPS	XnOpenNI.cpp	890	[FPS] MyDepth (I: 30.30, O: 15.47) Image1 (I: 29.96, O: 15.47) ReadCalls: 15.46
272014935	VERBOSE   	FPS	XnOpenNI.cpp	890	[FPS] MyDepth (I: 30.32, O: 15.46) Image1 (I: 29.98, O: 15.46) ReadCalls: 15.45
273004144	VERBOSE   	FPS	XnOpenNI.cpp	890	[FPS] MyDepth (I: 30.11, O: 16.26) Image1 (I: 30.23, O: 16.26) ReadCalls: 16.26
274004402	VERBOSE   	FPS	XnOpenNI.cpp	890	[FPS] MyDepth (I: 30.10, O: 16.25) Image1 (I: 30.20, O: 16.25) ReadCalls: 16.25
275014696	VERBOSE   	FPS	XnOpenNI.cpp	890	[FPS] MyDepth (I: 30.00, O: 16.19) Image1 (I: 30.19, O: 16.19) ReadCalls: 16.19
276011538	VERBOSE   	FPS	XnOpenNI.cpp	890	[FPS] MyDepth (I: 30.03, O: 15.52) Image1 (I: 29.89, O: 15.52) ReadCalls: 15.86
277009588	VERBOSE   	FPS	XnOpenNI.cpp	890	[FPS] MyDepth (I: 30.05, O: 15.52) Image1 (I: 30.01, O: 15.52) ReadCalls: 15.86
278008630	VERBOSE   	FPS	XnOpenNI.cpp	890	[FPS] MyDepth (I: 30.07, O: 15.52) Image1 (I: 30.06, O: 15.52) ReadCalls: 15.86
279004654	VERBOSE   	FPS	XnOpenNI.cpp	890	[FPS] MyDepth (I: 30.21, O: 16.38) Image1 (I: 30.10, O: 16.38) ReadCalls: 16.37
