     2027	INFO      	Log	XnLog.cpp	333	New log started on 2012-07-18 12:37:03
     2091	INFO      	Log	XnLog.cpp	337	OpenNI version is 1.5.2 (Build 23)-Win32 (Dec 28 2011 15:25:38)
     2121	INFO      	Log	XnLog.cpp	307	--- Filter Info --- Minimum Severity: VERBOSE
     2182	VERBOSE   	ModuleLoader	XnModuleLoader.cpp	452	Found exported production node. Script: OpenNI/OpenNI/1.5.2.23
     2792	VERBOSE   	ModuleLoader	XnModuleLoader.cpp	281	Checking C:\Program Files\OpenNI\bin\nimRecorder.dll...
     3894	VERBOSE   	ModuleLoader	XnModuleLoader.cpp	452	Found exported production node. Recorder: OpenNI/Recorder/1.5.2.23
     4080	VERBOSE   	ModuleLoader	XnModuleLoader.cpp	452	Found exported production node. Player: OpenNI/Player/1.5.2.23
     4896	VERBOSE   	ModuleLoader	XnModuleLoader.cpp	281	Checking C:\Program Files\OpenNI\bin\nimMockNodes.dll...
     5843	VERBOSE   	ModuleLoader	XnModuleLoader.cpp	452	Found exported production node. ProductionNode: OpenNI/Mock/1.5.2.23
     7179	VERBOSE   	ModuleLoader	XnModuleLoader.cpp	452	Found exported production node. Generator: OpenNI/Mock/1.5.2.23
     7523	VERBOSE   	ModuleLoader	XnModuleLoader.cpp	452	Found exported production node. MapGenerator: OpenNI/Mock/1.5.2.23
     7628	VERBOSE   	ModuleLoader	XnModuleLoader.cpp	452	Found exported production node. Device: OpenNI/Mock/1.5.2.23
     7736	VERBOSE   	ModuleLoader	XnModuleLoader.cpp	452	Found exported production node. Depth: OpenNI/Mock/1.5.2.23
     7822	VERBOSE   	ModuleLoader	XnModuleLoader.cpp	452	Found exported production node. IR: OpenNI/Mock/1.5.2.23
     7950	VERBOSE   	ModuleLoader	XnModuleLoader.cpp	452	Found exported production node. Image: OpenNI/Mock/1.5.2.23
     8551	VERBOSE   	ModuleLoader	XnModuleLoader.cpp	452	Found exported production node. Audio: OpenNI/Mock/1.5.2.23
     8776	VERBOSE   	ModuleLoader	XnModuleLoader.cpp	281	Checking C:\Program Files\OpenNI\bin\nimCodecs.dll...
    10163	VERBOSE   	ModuleLoader	XnModuleLoader.cpp	452	Found exported production node. Codec: OpenNI/16zP/1.5.2.23
    10493	VERBOSE   	ModuleLoader	XnModuleLoader.cpp	452	Found exported production node. Codec: OpenNI/16zT/1.5.2.23
    10691	VERBOSE   	ModuleLoader	XnModuleLoader.cpp	452	Found exported production node. Codec: OpenNI/Im8z/1.5.2.23
    11793	VERBOSE   	ModuleLoader	XnModuleLoader.cpp	452	Found exported production node. Codec: OpenNI/JPEG/1.5.2.23
    12432	VERBOSE   	ModuleLoader	XnModuleLoader.cpp	452	Found exported production node. Codec: OpenNI/NONE/1.5.2.23
    13007	VERBOSE   	ModuleLoader	XnModuleLoader.cpp	281	Checking C:\Program Files\PrimeSense\SensorKinect\Bin\XnDeviceFile.dll...
    17093	VERBOSE   	ModuleLoader	XnModuleLoader.cpp	452	Found exported production node. Player: PrimeSense/File/5.0.3.4
    17291	VERBOSE   	ModuleLoader	XnModuleLoader.cpp	281	Checking C:\Program Files\PrimeSense\SensorKinect\Bin\XnDeviceSensorV2KM.dll...
    18813	VERBOSE   	ModuleLoader	XnModuleLoader.cpp	452	Found exported production node. Device: PrimeSense/SensorKinect/5.0.3.4
    18999	VERBOSE   	ModuleLoader	XnModuleLoader.cpp	452	Found exported production node. Depth: PrimeSense/SensorKinect/5.0.3.4
    19720	VERBOSE   	ModuleLoader	XnModuleLoader.cpp	452	Found exported production node. Image: PrimeSense/SensorKinect/5.0.3.4
    20333	VERBOSE   	ModuleLoader	XnModuleLoader.cpp	452	Found exported production node. IR: PrimeSense/SensorKinect/5.0.3.4
    21669	VERBOSE   	ModuleLoader	XnModuleLoader.cpp	452	Found exported production node. Audio: PrimeSense/SensorKinect/5.0.3.4
    22340	VERBOSE   	ModuleLoader	XnModuleLoader.cpp	281	Checking C:\Program Files\PrimeSense\Sensor\Bin\XnDeviceFile.dll...
    23871	VERBOSE   	ModuleLoader	XnModuleLoader.cpp	452	Found exported production node. Player: PrimeSense/File/5.0.2.3
    24050	VERBOSE   	ModuleLoader	XnModuleLoader.cpp	281	Checking C:\Program Files\PrimeSense\Sensor\Bin\XnDeviceSensorV2.dll...
    26347	VERBOSE   	ModuleLoader	XnModuleLoader.cpp	452	Found exported production node. Device: PrimeSense/SensorV2/5.0.2.3
    26523	VERBOSE   	ModuleLoader	XnModuleLoader.cpp	452	Found exported production node. Depth: PrimeSense/SensorV2/5.0.2.3
    27281	VERBOSE   	ModuleLoader	XnModuleLoader.cpp	452	Found exported production node. Image: PrimeSense/SensorV2/5.0.2.3
    27965	VERBOSE   	ModuleLoader	XnModuleLoader.cpp	452	Found exported production node. IR: PrimeSense/SensorV2/5.0.2.3
    28568	VERBOSE   	ModuleLoader	XnModuleLoader.cpp	452	Found exported production node. Audio: PrimeSense/SensorV2/5.0.2.3
    29161	VERBOSE   	ModuleLoader	XnModuleLoader.cpp	281	Checking C:\Program Files\PrimeSense\NITE\Features_1_3_0\Bin\XnVFeatures_1_3_0.dll...
    35910	VERBOSE   	ModuleLoader	XnModuleLoader.cpp	452	Found exported production node. Scene: PrimeSense/XnVSceneAnalyzer/1.3.0.17
    36928	VERBOSE   	ModuleLoader	XnModuleLoader.cpp	452	Found exported production node. User: PrimeSense/XnVSkeletonGenerator/1.3.0.17
    38733	VERBOSE   	ModuleLoader	XnModuleLoader.cpp	281	Checking C:\Program Files\PrimeSense\NITE\Features_1_3_1\Bin\XnVFeatures_1_3_1.dll...
    42384	VERBOSE   	ModuleLoader	XnModuleLoader.cpp	452	Found exported production node. Scene: PrimeSense/XnVSceneAnalyzer/1.3.1.8
    42599	VERBOSE   	ModuleLoader	XnModuleLoader.cpp	452	Found exported production node. User: PrimeSense/XnVSkeletonGenerator/1.3.1.8
    43502	VERBOSE   	ModuleLoader	XnModuleLoader.cpp	281	Checking C:\Program Files\PrimeSense\NITE\Features_1_4_1\Bin\XnVFeatures_1_4_1.dll...
    52006	VERBOSE   	ModuleLoader	XnModuleLoader.cpp	452	Found exported production node. Scene: PrimeSense/XnVSceneAnalyzer/1.4.1.2
    52293	VERBOSE   	ModuleLoader	XnModuleLoader.cpp	452	Found exported production node. User: PrimeSense/XnVSkeletonGenerator/1.4.1.2
    53177	VERBOSE   	ModuleLoader	XnModuleLoader.cpp	281	Checking C:\Program Files\PrimeSense\NITE\Features_1_4_2\Bin\XnVFeatures_1_4_2.dll...
    59482	VERBOSE   	ModuleLoader	XnModuleLoader.cpp	452	Found exported production node. Scene: PrimeSense/XnVSceneAnalyzer/1.4.2.5
    60149	VERBOSE   	ModuleLoader	XnModuleLoader.cpp	452	Found exported production node. User: PrimeSense/XnVSkeletonGenerator/1.4.2.5
    61222	VERBOSE   	ModuleLoader	XnModuleLoader.cpp	281	Checking C:\Program Files\PrimeSense\NITE\Features_1_5_2\Bin\XnVFeatures_1_5_2.dll...
    70164	VERBOSE   	ModuleLoader	XnModuleLoader.cpp	452	Found exported production node. Scene: PrimeSense/XnVSceneAnalyzer/1.5.2.21
    70392	VERBOSE   	ModuleLoader	XnModuleLoader.cpp	452	Found exported production node. User: PrimeSense/XnVSkeletonGenerator/1.5.2.21
    72006	VERBOSE   	ModuleLoader	XnModuleLoader.cpp	281	Checking C:\Program Files\PrimeSense\NITE\Hands_1_3_0\Bin\XnVHandGenerator_1_3_0.dll...
    73679	VERBOSE   	ModuleLoader	XnModuleLoader.cpp	452	Found exported production node. Gesture: PrimeSense/XnVGestureGenrator/1.3.0.17
    73878	VERBOSE   	ModuleLoader	XnModuleLoader.cpp	452	Found exported production node. Hands: PrimeSense/XnVHandTracker/1.3.0.17
    74498	VERBOSE   	ModuleLoader	XnModuleLoader.cpp	281	Checking C:\Program Files\PrimeSense\NITE\Hands_1_3_1\Bin\XnVHandGenerator_1_3_1.dll...
    77568	VERBOSE   	ModuleLoader	XnModuleLoader.cpp	452	Found exported production node. Gesture: PrimeSense/XnVGestureGenrator/1.3.1.8
    77793	VERBOSE   	ModuleLoader	XnModuleLoader.cpp	452	Found exported production node. Hands: PrimeSense/XnVHandTracker/1.3.1.8
    78413	VERBOSE   	ModuleLoader	XnModuleLoader.cpp	281	Checking C:\Program Files\PrimeSense\NITE\Hands_1_4_1\Bin\XnVHandGenerator_1_4_1.dll...
    81580	VERBOSE   	ModuleLoader	XnModuleLoader.cpp	452	Found exported production node. Gesture: PrimeSense/XnVGestureGenrator/1.4.1.2
    81805	VERBOSE   	ModuleLoader	XnModuleLoader.cpp	452	Found exported production node. Hands: PrimeSense/XnVHandTracker/1.4.1.2
    82443	VERBOSE   	ModuleLoader	XnModuleLoader.cpp	281	Checking C:\Program Files\PrimeSense\NITE\Hands_1_4_2\Bin\XnVHandGenerator_1_4_2.dll...
    85614	VERBOSE   	ModuleLoader	XnModuleLoader.cpp	452	Found exported production node. Gesture: PrimeSense/XnVGestureGenrator/1.4.2.5
    86134	VERBOSE   	ModuleLoader	XnModuleLoader.cpp	452	Found exported production node. Hands: PrimeSense/XnVHandTracker/1.4.2.5
    86802	VERBOSE   	ModuleLoader	XnModuleLoader.cpp	281	Checking C:\Program Files\PrimeSense\NITE\Hands_1_5_2\Bin\XnVHandGenerator_1_5_2.dll...
    88754	VERBOSE   	ModuleLoader	XnModuleLoader.cpp	452	Found exported production node. Gesture: PrimeSense/XnVGestureGenerator/1.5.2.21
    88951	VERBOSE   	ModuleLoader	XnModuleLoader.cpp	452	Found exported production node. Hands: PrimeSense/XnVHandTracker/1.5.2.21
    90069	INFO      	OpenNI	XnOpenNI.cpp	1609	Creating node 'Script1' of type Script: OpenNI/OpenNI/1.5.2.23...
    90566	VERBOSE   	OpenNI	XnXmlScriptNode.cpp	763	Requested to create a node of type Depth...
    93193	WARNING   	DeviceSensor	XnExportedSensorDevice.cpp	73	No PS sensor is connected!
    99132	WARNING   	DeviceSensor	XnExportedSensorDevice.cpp	73	No PS sensor is connected!
   106196	INFO      	OpenNI	XnOpenNI.cpp	1609	Creating node 'Device1' of type Device: PrimeSense/SensorV2/5.0.2.3...
   396168	INFO      	DDK	XnProperty.cpp	151	Property Device.ShareMode was changed to 1.
   396427	INFO      	DDK	XnProperty.cpp	151	Property Device.InstancePointer was changed.
   397548	INFO      	DDK	XnProperty.cpp	151	Property Device.SDKVersion was changed.
   398285	INFO      	DDK	XnProperty.cpp	151	Property Device.ShareMode was changed to 0.
   399254	INFO      	OpenNI	XnOpenNI.cpp	1609	Creating node 'MyDepth' of type Depth: PrimeSense/SensorV2/5.0.2.3...
   403372	VERBOSE   	SensorClient	XnSensorClient.cpp	268	Creating stream MyDepth (of type Depth)
   406906	INFO      	DDK	XnProperty.cpp	151	Property Device.ReadData was changed to 1.
   429844	INFO      	DDK	XnDeviceBase.cpp	1383	Creating stream 'MyDepth' of type 'Depth'...
   430099	VERBOSE   	DDK	XnDeviceBase.cpp	1419	Initializing stream 'MyDepth'...
   431029	INFO      	DDK	XnProperty.cpp	151	Property MyDepth.RequiredDataSize was changed to 153600.
   431810	INFO      	DDK	XnProperty.cpp	151	Property MyDepth.OutputFormat was changed to 1.
   432434	INFO      	DDK	XnDeviceBase.cpp	1458	Stream 'MyDepth' was initialized.
   433140	INFO      	DDK	XnDeviceBase.cpp	1463	'MyDepth' stream was created.
   434124	VERBOSE   	SensorClient	XnSensorClient.cpp	391	Getting property MyDepth.SupportedModes from server...
   434989	VERBOSE   	SensorServer	XnSensorClient.cpp	433	Setting MyDepth.Mirror to 1...
   435841	INFO      	DDK	XnProperty.cpp	151	Property MyDepth.Mirror was changed to 1.
   436536	VERBOSE   	SensorClient	XnSensorClient.cpp	494	Batch configuring server...
   437714	INFO      	DDK	XnProperty.cpp	151	Property MyDepth.FPS was changed to 60.
   438408	VERBOSE   	OpenNI	XnXmlScriptNode.cpp	763	Requested to create a node of type Image (StopOnError=FALSE)...
   440597	WARNING   	DeviceSensor	XnExportedSensorDevice.cpp	73	No PS sensor is connected!
   447207	WARNING   	DeviceSensor	XnExportedSensorDevice.cpp	73	No PS sensor is connected!
   452343	VERBOSE   	SensorClient	XnSensorClient.cpp	391	Getting property Device.CmosBlankingUnits from server...
   453863	INFO      	OpenNI	XnOpenNI.cpp	1609	Creating node 'Image1' of type Image: PrimeSense/SensorV2/5.0.2.3...
   454056	VERBOSE   	SensorClient	XnSensorClient.cpp	268	Creating stream Image1 (of type Image)
   461594	INFO      	DDK	XnDeviceBase.cpp	1383	Creating stream 'Image1' of type 'Image'...
   461772	VERBOSE   	DDK	XnDeviceBase.cpp	1419	Initializing stream 'Image1'...
   462397	INFO      	DDK	XnProperty.cpp	151	Property Image1.RequiredDataSize was changed to 230400.
   463049	INFO      	DDK	XnProperty.cpp	151	Property Image1.OutputFormat was changed to 5.
   463460	INFO      	DDK	XnDeviceBase.cpp	1458	Stream 'Image1' was initialized.
   464021	INFO      	DDK	XnDeviceBase.cpp	1463	'Image1' stream was created.
   464720	VERBOSE   	SensorClient	XnSensorClient.cpp	391	Getting property Image1.SupportedModes from server...
   465386	VERBOSE   	SensorServer	XnSensorClient.cpp	433	Setting Image1.Mirror to 1...
   465953	INFO      	DDK	XnProperty.cpp	151	Property Image1.Mirror was changed to 1.
   466389	VERBOSE   	SensorClient	XnSensorClient.cpp	494	Batch configuring server...
   467430	INFO      	DDK	XnProperty.cpp	151	Property Image1.Resolution was changed to 18446744073709551615.
   467736	INFO      	DDK	XnProperty.cpp	151	Property Image1.RequiredDataSize was changed to 460800.
   468530	INFO      	DDK	XnProperty.cpp	151	Property Image1.YRes was changed to 480.
   468899	INFO      	DDK	XnProperty.cpp	151	Property Image1.RequiredDataSize was changed to 921600.
   469943	INFO      	DDK	XnProperty.cpp	151	Property Image1.XRes was changed to 640.
   470093	INFO      	DDK	XnProperty.cpp	151	Property Image1.Resolution was changed to 1.
   470693	VERBOSE   	DDK	XnDeviceBase.cpp	359	Opening stream MyDepth...
   472603	INFO      	DDK	XnProperty.cpp	151	Property MyDepth.ActualReadData was changed to 1.
   842221	INFO      	DDK	XnProperty.cpp	151	Property MyDepth.PixelSizeFactor was changed to 2.
   843608	INFO      	DDK	XnProperty.cpp	151	Property MyDepth.State was changed to 1.
   844064	INFO      	DDK	XnDeviceBase.cpp	370	Stream MyDepth is open.
   844833	VERBOSE   	DDK	XnDeviceBase.cpp	359	Opening stream Image1...
   846944	INFO      	DDK	XnProperty.cpp	151	Property Image1.ActualReadData was changed to 1.
   906796	INFO      	DDK	XnProperty.cpp	151	Property Image1.State was changed to 1.
   907006	INFO      	DDK	XnDeviceBase.cpp	370	Stream Image1 is open.
   907811	VERBOSE   	SensorServer	XnSensorClient.cpp	433	Setting MyDepth.Mirror to 0...
   911007	INFO      	DDK	XnProperty.cpp	151	Property MyDepth.Mirror was changed to 0.
   911287	VERBOSE   	SensorServer	XnSensorClient.cpp	433	Setting Image1.Mirror to 0...
   916031	INFO      	DDK	XnProperty.cpp	151	Property Image1.Mirror was changed to 0.
   916263	VERBOSE   	SensorServer	XnSensorClient.cpp	433	Setting MyDepth.Registration to 1...
   946019	INFO      	DDK	XnProperty.cpp	151	Property MyDepth.Registration was changed to 1.
  1006110	VERBOSE   	FPS	XnOpenNI.cpp	890	[FPS] MyDepth (I:  0.00, O:  0.00) Image1 (I:  0.00, O:  0.00) ReadCalls:  0.00
  2001307	VERBOSE   	FPS	XnOpenNI.cpp	890	[FPS] MyDepth (I:  0.00, O:  0.00) Image1 (I:  0.00, O:  0.00) ReadCalls:  0.00
  3001102	VERBOSE   	FPS	XnOpenNI.cpp	890	[FPS] MyDepth (I: 60.05, O: 20.33) Image1 (I: 29.57, O: 21.00) ReadCalls: 20.33
  4000035	VERBOSE   	FPS	XnOpenNI.cpp	890	[FPS] MyDepth (I: 60.09, O: 21.35) Image1 (I: 29.39, O: 21.01) ReadCalls: 21.25
  5005980	VERBOSE   	FPS	XnOpenNI.cpp	890	[FPS] MyDepth (I: 60.26, O: 21.53) Image1 (I: 29.91, O: 21.53) ReadCalls: 21.53
  6002423	VERBOSE   	FPS	XnOpenNI.cpp	890	[FPS] MyDepth (I: 59.21, O: 21.10) Image1 (I: 29.72, O: 21.10) ReadCalls: 21.10
  7002108	VERBOSE   	FPS	XnOpenNI.cpp	890	[FPS] MyDepth (I: 60.42, O: 20.63) Image1 (I: 29.76, O: 20.63) ReadCalls: 20.63
  8000230	VERBOSE   	FPS	XnOpenNI.cpp	890	[FPS] MyDepth (I: 59.32, O: 20.53) Image1 (I: 29.86, O: 20.53) ReadCalls: 20.53
  9007417	VERBOSE   	FPS	XnOpenNI.cpp	890	[FPS] MyDepth (I: 60.07, O: 20.80) Image1 (I: 30.13, O: 20.80) ReadCalls: 20.80
 10004814	VERBOSE   	FPS	XnOpenNI.cpp	890	[FPS] MyDepth (I: 57.23, O: 21.04) Image1 (I: 29.93, O: 21.04) ReadCalls: 21.37
 11011396	VERBOSE   	FPS	XnOpenNI.cpp	890	[FPS] MyDepth (I: 57.00, O: 20.97) Image1 (I: 30.20, O: 20.97) ReadCalls: 20.97
 12001899	VERBOSE   	FPS	XnOpenNI.cpp	890	[FPS] MyDepth (I: 58.46, O: 20.81) Image1 (I: 30.06, O: 20.82) ReadCalls: 21.15
 13012510	VERBOSE   	FPS	XnOpenNI.cpp	890	[FPS] MyDepth (I: 60.00, O: 20.95) Image1 (I: 30.16, O: 20.95) ReadCalls: 20.95
 14000152	VERBOSE   	FPS	XnOpenNI.cpp	890	[FPS] MyDepth (I: 60.49, O: 21.14) Image1 (I: 30.11, O: 21.14) ReadCalls: 21.13
 15000773	VERBOSE   	FPS	XnOpenNI.cpp	890	[FPS] MyDepth (I: 60.48, O: 21.68) Image1 (I: 30.20, O: 21.68) ReadCalls: 21.67
 16010551	VERBOSE   	FPS	XnOpenNI.cpp	890	[FPS] MyDepth (I: 60.07, O: 21.49) Image1 (I: 30.20, O: 21.49) ReadCalls: 21.49
 17002049	VERBOSE   	FPS	XnOpenNI.cpp	890	[FPS] MyDepth (I: 60.83, O: 21.42) Image1 (I: 29.96, O: 21.42) ReadCalls: 21.42
 18002911	VERBOSE   	FPS	XnOpenNI.cpp	890	[FPS] MyDepth (I: 60.79, O: 21.63) Image1 (I: 30.04, O: 21.63) ReadCalls: 21.63
 19002437	VERBOSE   	FPS	XnOpenNI.cpp	890	[FPS] MyDepth (I: 60.79, O: 21.51) Image1 (I: 30.08, O: 21.51) ReadCalls: 21.51
 20000054	VERBOSE   	FPS	XnOpenNI.cpp	890	[FPS] MyDepth (I: 60.08, O: 21.40) Image1 (I: 30.11, O: 21.40) ReadCalls: 21.40
 21000986	VERBOSE   	FPS	XnOpenNI.cpp	890	[FPS] MyDepth (I: 60.07, O: 21.61) Image1 (I: 30.20, O: 21.61) ReadCalls: 21.61
 22002241	VERBOSE   	FPS	XnOpenNI.cpp	890	[FPS] MyDepth (I: 60.82, O: 21.48) Image1 (I: 29.96, O: 21.48) ReadCalls: 21.48
 23000129	VERBOSE   	FPS	XnOpenNI.cpp	890	[FPS] MyDepth (I: 60.08, O: 21.70) Image1 (I: 29.97, O: 21.70) ReadCalls: 21.70
 24002449	VERBOSE   	FPS	XnOpenNI.cpp	890	[FPS] MyDepth (I: 60.80, O: 21.56) Image1 (I: 30.05, O: 21.56) ReadCalls: 21.56
 25002094	VERBOSE   	FPS	XnOpenNI.cpp	890	[FPS] MyDepth (I: 60.81, O: 21.44) Image1 (I: 30.08, O: 21.44) ReadCalls: 21.44
 26000684	VERBOSE   	FPS	XnOpenNI.cpp	890	[FPS] MyDepth (I: 60.06, O: 21.67) Image1 (I: 30.11, O: 21.67) ReadCalls: 21.66
 27001029	VERBOSE   	FPS	XnOpenNI.cpp	890	[FPS] MyDepth (I: 60.05, O: 21.54) Image1 (I: 30.19, O: 21.54) ReadCalls: 21.54
 28002108	VERBOSE   	FPS	XnOpenNI.cpp	890	[FPS] MyDepth (I: 60.85, O: 21.41) Image1 (I: 29.87, O: 21.41) ReadCalls: 21.41
 29002630	VERBOSE   	FPS	XnOpenNI.cpp	890	[FPS] MyDepth (I: 60.39, O: 21.62) Image1 (I: 29.94, O: 21.62) ReadCalls: 21.61
 30002117	VERBOSE   	FPS	XnOpenNI.cpp	890	[FPS] MyDepth (I: 59.21, O: 21.50) Image1 (I: 30.06, O: 21.50) ReadCalls: 21.49
 31001806	VERBOSE   	FPS	XnOpenNI.cpp	890	[FPS] MyDepth (I: 59.22, O: 21.38) Image1 (I: 30.09, O: 21.38) ReadCalls: 21.37
 32001094	VERBOSE   	FPS	XnOpenNI.cpp	890	[FPS] MyDepth (I: 60.45, O: 21.59) Image1 (I: 30.10, O: 21.59) ReadCalls: 21.59
 33000232	VERBOSE   	FPS	XnOpenNI.cpp	890	[FPS] MyDepth (I: 60.47, O: 21.48) Image1 (I: 30.20, O: 21.48) ReadCalls: 21.47
 34010840	VERBOSE   	FPS	XnOpenNI.cpp	890	[FPS] MyDepth (I: 59.25, O: 21.62) Image1 (I: 30.10, O: 21.62) ReadCalls: 21.61
 35010856	VERBOSE   	FPS	XnOpenNI.cpp	890	[FPS] MyDepth (I: 59.35, O: 21.49) Image1 (I: 30.19, O: 21.49) ReadCalls: 21.48
 36010035	VERBOSE   	FPS	XnOpenNI.cpp	890	[FPS] MyDepth (I: 60.07, O: 21.37) Image1 (I: 29.88, O: 21.37) ReadCalls: 21.70
 37012279	VERBOSE   	FPS	XnOpenNI.cpp	890	[FPS] MyDepth (I: 59.19, O: 21.57) Image1 (I: 29.94, O: 21.57) ReadCalls: 21.57
 38000639	VERBOSE   	FPS	XnOpenNI.cpp	890	[FPS] MyDepth (I: 59.26, O: 21.52) Image1 (I: 30.10, O: 21.53) ReadCalls: 21.52
 39005174	VERBOSE   	FPS	XnOpenNI.cpp	890	[FPS] MyDepth (I: 60.28, O: 21.37) Image1 (I: 30.17, O: 21.37) ReadCalls: 21.70
 40010715	VERBOSE   	FPS	XnOpenNI.cpp	890	[FPS] MyDepth (I: 60.07, O: 21.55) Image1 (I: 30.10, O: 21.55) ReadCalls: 21.55
 41010489	VERBOSE   	FPS	XnOpenNI.cpp	890	[FPS] MyDepth (I: 60.06, O: 21.42) Image1 (I: 30.22, O: 21.42) ReadCalls: 21.42
 42000513	VERBOSE   	FPS	XnOpenNI.cpp	890	[FPS] MyDepth (I: 60.46, O: 21.37) Image1 (I: 29.97, O: 21.37) ReadCalls: 21.70
 43002525	VERBOSE   	FPS	XnOpenNI.cpp	890	[FPS] MyDepth (I: 60.79, O: 21.57) Image1 (I: 30.08, O: 21.57) ReadCalls: 21.57
 44001826	VERBOSE   	FPS	XnOpenNI.cpp	890	[FPS] MyDepth (I: 60.84, O: 21.45) Image1 (I: 30.09, O: 21.45) ReadCalls: 21.45
 45000257	VERBOSE   	FPS	XnOpenNI.cpp	890	[FPS] MyDepth (I: 60.06, O: 21.67) Image1 (I: 30.21, O: 21.67) ReadCalls: 21.67
 46002008	VERBOSE   	FPS	XnOpenNI.cpp	890	[FPS] MyDepth (I: 60.81, O: 21.54) Image1 (I: 29.85, O: 21.54) ReadCalls: 21.54
 47001916	VERBOSE   	FPS	XnOpenNI.cpp	890	[FPS] MyDepth (I: 60.86, O: 21.42) Image1 (I: 29.96, O: 21.42) ReadCalls: 21.42
 48002050	VERBOSE   	FPS	XnOpenNI.cpp	890	[FPS] MyDepth (I: 60.04, O: 21.29) Image1 (I: 29.95, O: 21.29) ReadCalls: 21.29
 49001697	VERBOSE   	FPS	XnOpenNI.cpp	890	[FPS] MyDepth (I: 60.01, O: 20.83) Image1 (I: 30.09, O: 20.83) ReadCalls: 20.83
 50001975	VERBOSE   	FPS	XnOpenNI.cpp	890	[FPS] MyDepth (I: 60.80, O: 21.05) Image1 (I: 30.08, O: 21.05) ReadCalls: 21.05
 51000181	VERBOSE   	FPS	XnOpenNI.cpp	890	[FPS] MyDepth (I: 59.30, O: 21.22) Image1 (I: 30.22, O: 21.37) ReadCalls: 21.16
 52000114	VERBOSE   	FPS	XnOpenNI.cpp	890	[FPS] MyDepth (I: 59.29, O: 21.70) Image1 (I: 29.88, O: 21.37) ReadCalls: 21.70
 53002172	VERBOSE   	FPS	XnOpenNI.cpp	890	[FPS] MyDepth (I: 60.40, O: 21.57) Image1 (I: 29.94, O: 21.57) ReadCalls: 21.57
 54001842	VERBOSE   	FPS	XnOpenNI.cpp	890	[FPS] MyDepth (I: 60.40, O: 21.45) Image1 (I: 29.96, O: 21.45) ReadCalls: 21.45
 55002203	VERBOSE   	FPS	XnOpenNI.cpp	890	[FPS] MyDepth (I: 60.39, O: 21.66) Image1 (I: 30.04, O: 21.66) ReadCalls: 21.66
 56002128	VERBOSE   	FPS	XnOpenNI.cpp	890	[FPS] MyDepth (I: 60.40, O: 21.54) Image1 (I: 30.08, O: 21.54) ReadCalls: 21.53
 57008238	VERBOSE   	FPS	XnOpenNI.cpp	890	[FPS] MyDepth (I: 60.14, O: 21.37) Image1 (I: 30.13, O: 21.37) ReadCalls: 21.70
 58001006	VERBOSE   	FPS	XnOpenNI.cpp	890	[FPS] MyDepth (I: 60.45, O: 21.63) Image1 (I: 30.20, O: 21.63) ReadCalls: 21.63
 59010031	VERBOSE   	FPS	XnOpenNI.cpp	890	[FPS] MyDepth (I: 60.07, O: 21.44) Image1 (I: 30.20, O: 21.44) ReadCalls: 21.44
 60011810	VERBOSE   	FPS	XnOpenNI.cpp	890	[FPS] MyDepth (I: 59.21, O: 21.30) Image1 (I: 29.85, O: 21.30) ReadCalls: 21.30
 61001382	VERBOSE   	FPS	XnOpenNI.cpp	890	[FPS] MyDepth (I: 59.21, O: 21.25) Image1 (I: 30.06, O: 21.26) ReadCalls: 21.59
 62012016	VERBOSE   	FPS	XnOpenNI.cpp	890	[FPS] MyDepth (I: 60.79, O: 21.40) Image1 (I: 29.95, O: 21.40) ReadCalls: 21.39
 63011516	VERBOSE   	FPS	XnOpenNI.cpp	890	[FPS] MyDepth (I: 60.43, O: 21.38) Image1 (I: 30.09, O: 21.38) ReadCalls: 21.38
 64000287	VERBOSE   	FPS	XnOpenNI.cpp	890	[FPS] MyDepth (I: 60.48, O: 21.68) Image1 (I: 30.21, O: 21.68) ReadCalls: 21.67
 65009771	VERBOSE   	FPS	XnOpenNI.cpp	890	[FPS] MyDepth (I: 60.08, O: 21.49) Image1 (I: 30.20, O: 21.49) ReadCalls: 21.49
 66008449	VERBOSE   	FPS	XnOpenNI.cpp	890	[FPS] MyDepth (I: 60.12, O: 21.37) Image1 (I: 29.89, O: 21.37) ReadCalls: 21.70
 67001953	VERBOSE   	FPS	XnOpenNI.cpp	890	[FPS] MyDepth (I: 60.39, O: 21.63) Image1 (I: 30.05, O: 21.63) ReadCalls: 21.63
 68001538	VERBOSE   	FPS	XnOpenNI.cpp	890	[FPS] MyDepth (I: 60.02, O: 19.50) Image1 (I: 30.08, O: 19.16) ReadCalls: 19.49
 69001622	VERBOSE   	FPS	XnOpenNI.cpp	890	[FPS] MyDepth (I: 60.82, O: 17.71) Image1 (I: 29.75, O: 17.04) ReadCalls: 17.71
 70001567	VERBOSE   	FPS	XnOpenNI.cpp	890	[FPS] MyDepth (I: 60.85, O: 15.54) Image1 (I: 29.87, O: 14.92) ReadCalls: 15.52
 71000684	VERBOSE   	FPS	XnOpenNI.cpp	890	[FPS] MyDepth (I: 60.05, O: 15.02) Image1 (I: 30.08, O: 14.67) ReadCalls: 15.26
 72000536	VERBOSE   	FPS	XnOpenNI.cpp	890	[FPS] MyDepth (I: 60.04, O: 14.92) Image1 (I: 30.01, O: 14.67) ReadCalls: 14.92
 73013256	VERBOSE   	FPS	XnOpenNI.cpp	890	[FPS] MyDepth (I: 59.55, O: 16.88) Image1 (I: 29.95, O: 17.00) ReadCalls: 16.87
 74001527	VERBOSE   	FPS	XnOpenNI.cpp	890	[FPS] MyDepth (I: 60.87, O: 19.45) Image1 (I: 30.21, O: 19.47) ReadCalls: 19.40
 75002225	VERBOSE   	FPS	XnOpenNI.cpp	890	[FPS] MyDepth (I: 58.04, O: 20.97) Image1 (I: 29.75, O: 20.97) ReadCalls: 20.97
 76001508	VERBOSE   	FPS	XnOpenNI.cpp	890	[FPS] MyDepth (I: 59.21, O: 18.50) Image1 (I: 30.12, O: 18.51) ReadCalls: 18.84
 77001876	VERBOSE   	FPS	XnOpenNI.cpp	890	[FPS] MyDepth (I: 60.79, O: 16.72) Image1 (I: 29.88, O: 16.72) ReadCalls: 16.72
 78001427	VERBOSE   	FPS	XnOpenNI.cpp	890	[FPS] MyDepth (I: 60.41, O: 15.15) Image1 (I: 30.01, O: 15.25) ReadCalls: 15.46
 79001771	VERBOSE   	FPS	XnOpenNI.cpp	890	[FPS] MyDepth (I: 60.41, O: 15.33) Image1 (I: 29.67, O: 15.38) ReadCalls: 15.27
 80001648	VERBOSE   	FPS	XnOpenNI.cpp	890	[FPS] MyDepth (I: 60.41, O: 15.15) Image1 (I: 29.77, O: 15.25) ReadCalls: 15.10
 81011846	VERBOSE   	FPS	XnOpenNI.cpp	890	[FPS] MyDepth (I: 60.81, O: 14.91) Image1 (I: 29.73, O: 15.02) ReadCalls: 14.87
 82011519	VERBOSE   	FPS	XnOpenNI.cpp	890	[FPS] MyDepth (I: 60.82, O: 15.12) Image1 (I: 29.88, O: 14.77) ReadCalls: 15.02
 83011500	VERBOSE   	FPS	XnOpenNI.cpp	890	[FPS] MyDepth (I: 60.82, O: 14.68) Image1 (I: 29.88, O: 14.77) ReadCalls: 15.01
 84011293	VERBOSE   	FPS	XnOpenNI.cpp	890	[FPS] MyDepth (I: 60.02, O: 14.77) Image1 (I: 30.01, O: 14.82) ReadCalls: 15.10
 85011920	VERBOSE   	FPS	XnOpenNI.cpp	890	[FPS] MyDepth (I: 60.79, O: 14.91) Image1 (I: 30.01, O: 15.02) ReadCalls: 14.91
 86011528	VERBOSE   	FPS	XnOpenNI.cpp	890	[FPS] MyDepth (I: 60.81, O: 15.00) Image1 (I: 30.00, O: 15.10) ReadCalls: 14.98
 87011525	VERBOSE   	FPS	XnOpenNI.cpp	890	[FPS] MyDepth (I: 60.82, O: 15.10) Image1 (I: 29.67, O: 14.81) ReadCalls: 15.06
 88011682	VERBOSE   	FPS	XnOpenNI.cpp	890	[FPS] MyDepth (I: 60.39, O: 15.15) Image1 (I: 29.87, O: 15.25) ReadCalls: 15.14
 89011448	VERBOSE   	FPS	XnOpenNI.cpp	890	[FPS] MyDepth (I: 60.40, O: 15.15) Image1 (I: 29.77, O: 15.26) ReadCalls: 15.06
 90001574	VERBOSE   	FPS	XnOpenNI.cpp	890	[FPS] MyDepth (I: 60.39, O: 14.97) Image1 (I: 30.11, O: 15.05) ReadCalls: 15.26
 91001414	VERBOSE   	FPS	XnOpenNI.cpp	890	[FPS] MyDepth (I: 60.82, O: 14.77) Image1 (I: 30.11, O: 14.77) ReadCalls: 15.10
 92001556	VERBOSE   	FPS	XnOpenNI.cpp	890	[FPS] MyDepth (I: 60.81, O: 14.76) Image1 (I: 30.10, O: 14.86) ReadCalls: 14.75
 93001494	VERBOSE   	FPS	XnOpenNI.cpp	890	[FPS] MyDepth (I: 60.83, O: 15.05) Image1 (I: 30.10, O: 15.10) ReadCalls: 15.00
 94001451	VERBOSE   	FPS	XnOpenNI.cpp	890	[FPS] MyDepth (I: 60.82, O: 15.33) Image1 (I: 29.87, O: 15.10) ReadCalls: 15.31
 95001535	VERBOSE   	FPS	XnOpenNI.cpp	890	[FPS] MyDepth (I: 60.81, O: 15.10) Image1 (I: 29.87, O: 15.20) ReadCalls: 15.06
 96001284	VERBOSE   	FPS	XnOpenNI.cpp	890	[FPS] MyDepth (I: 60.81, O: 15.10) Image1 (I: 30.08, O: 15.20) ReadCalls: 15.39
 97001380	VERBOSE   	FPS	XnOpenNI.cpp	890	[FPS] MyDepth (I: 60.82, O: 14.58) Image1 (I: 30.00, O: 14.67) ReadCalls: 14.53
 98002011	VERBOSE   	FPS	XnOpenNI.cpp	890	[FPS] MyDepth (I: 60.78, O: 14.86) Image1 (I: 29.86, O: 14.91) ReadCalls: 14.78
 99001365	VERBOSE   	FPS	XnOpenNI.cpp	890	[FPS] MyDepth (I: 60.00, O: 15.33) Image1 (I: 30.21, O: 15.44) ReadCalls: 15.35
100001131	VERBOSE   	FPS	XnOpenNI.cpp	890	[FPS] MyDepth (I: 60.02, O: 17.79) Image1 (I: 30.21, O: 17.85) ReadCalls: 17.69
101001320	VERBOSE   	FPS	XnOpenNI.cpp	890	[FPS] MyDepth (I: 60.83, O: 20.13) Image1 (I: 30.02, O: 20.20) ReadCalls: 20.12
102013366	VERBOSE   	FPS	XnOpenNI.cpp	890	[FPS] MyDepth (I: 60.33, O: 21.48) Image1 (I: 29.83, O: 21.48) ReadCalls: 21.48
103001600	VERBOSE   	FPS	XnOpenNI.cpp	890	[FPS] MyDepth (I: 59.99, O: 21.45) Image1 (I: 29.95, O: 21.45) ReadCalls: 21.44
104001083	VERBOSE   	FPS	XnOpenNI.cpp	890	[FPS] MyDepth (I: 60.41, O: 21.32) Image1 (I: 30.09, O: 21.32) ReadCalls: 21.32
105001982	VERBOSE   	FPS	XnOpenNI.cpp	890	[FPS] MyDepth (I: 60.40, O: 21.54) Image1 (I: 30.12, O: 21.54) ReadCalls: 21.53
106011201	VERBOSE   	FPS	XnOpenNI.cpp	890	[FPS] MyDepth (I: 60.82, O: 21.45) Image1 (I: 30.08, O: 21.45) ReadCalls: 21.45
107005373	VERBOSE   	FPS	XnOpenNI.cpp	890	[FPS] MyDepth (I: 60.28, O: 21.37) Image1 (I: 30.17, O: 21.37) ReadCalls: 21.70
108010042	VERBOSE   	FPS	XnOpenNI.cpp	890	[FPS] MyDepth (I: 60.07, O: 21.55) Image1 (I: 30.20, O: 21.55) ReadCalls: 21.55
109011305	VERBOSE   	FPS	XnOpenNI.cpp	890	[FPS] MyDepth (I: 60.84, O: 21.41) Image1 (I: 29.86, O: 21.41) ReadCalls: 21.41
110000518	VERBOSE   	FPS	XnOpenNI.cpp	890	[FPS] MyDepth (I: 60.45, O: 21.37) Image1 (I: 30.05, O: 21.37) ReadCalls: 21.70
111011514	VERBOSE   	FPS	XnOpenNI.cpp	890	[FPS] MyDepth (I: 60.80, O: 21.51) Image1 (I: 29.95, O: 21.51) ReadCalls: 21.50
112011002	VERBOSE   	FPS	XnOpenNI.cpp	890	[FPS] MyDepth (I: 60.01, O: 21.38) Image1 (I: 30.09, O: 21.38) ReadCalls: 21.38
113011359	VERBOSE   	FPS	XnOpenNI.cpp	890	[FPS] MyDepth (I: 60.41, O: 21.59) Image1 (I: 30.09, O: 21.60) ReadCalls: 21.59
114009550	VERBOSE   	FPS	XnOpenNI.cpp	890	[FPS] MyDepth (I: 60.07, O: 21.49) Image1 (I: 30.20, O: 21.49) ReadCalls: 21.48
115008877	VERBOSE   	FPS	XnOpenNI.cpp	890	[FPS] MyDepth (I: 60.09, O: 21.37) Image1 (I: 29.89, O: 21.37) ReadCalls: 21.70
116002156	VERBOSE   	FPS	XnOpenNI.cpp	890	[FPS] MyDepth (I: 60.78, O: 21.63) Image1 (I: 30.04, O: 21.63) ReadCalls: 21.63
117001447	VERBOSE   	FPS	XnOpenNI.cpp	890	[FPS] MyDepth (I: 60.79, O: 21.51) Image1 (I: 30.08, O: 21.51) ReadCalls: 21.51
118000963	VERBOSE   	FPS	XnOpenNI.cpp	890	[FPS] MyDepth (I: 60.85, O: 21.39) Image1 (I: 30.09, O: 21.40) ReadCalls: 21.39
119000262	VERBOSE   	FPS	XnOpenNI.cpp	890	[FPS] MyDepth (I: 60.04, O: 21.61) Image1 (I: 30.20, O: 21.61) ReadCalls: 21.60
120001072	VERBOSE   	FPS	XnOpenNI.cpp	890	[FPS] MyDepth (I: 60.83, O: 21.48) Image1 (I: 29.96, O: 21.48) ReadCalls: 21.48
121001062	VERBOSE   	FPS	XnOpenNI.cpp	890	[FPS] MyDepth (I: 60.82, O: 21.69) Image1 (I: 29.95, O: 21.69) ReadCalls: 21.69
122001470	VERBOSE   	FPS	XnOpenNI.cpp	890	[FPS] MyDepth (I: 60.80, O: 21.56) Image1 (I: 30.05, O: 21.56) ReadCalls: 21.56
123001021	VERBOSE   	FPS	XnOpenNI.cpp	890	[FPS] MyDepth (I: 60.87, O: 21.44) Image1 (I: 30.08, O: 21.44) ReadCalls: 21.44
124001237	VERBOSE   	FPS	XnOpenNI.cpp	890	[FPS] MyDepth (I: 60.80, O: 21.65) Image1 (I: 30.10, O: 21.65) ReadCalls: 21.65
125001090	VERBOSE   	FPS	XnOpenNI.cpp	890	[FPS] MyDepth (I: 60.81, O: 21.53) Image1 (I: 30.19, O: 21.53) ReadCalls: 21.53
126001117	VERBOSE   	FPS	XnOpenNI.cpp	890	[FPS] MyDepth (I: 60.84, O: 21.41) Image1 (I: 29.95, O: 21.41) ReadCalls: 21.40
127001464	VERBOSE   	FPS	XnOpenNI.cpp	890	[FPS] MyDepth (I: 60.39, O: 21.61) Image1 (I: 29.94, O: 21.62) ReadCalls: 21.61
128001304	VERBOSE   	FPS	XnOpenNI.cpp	890	[FPS] MyDepth (I: 60.39, O: 21.49) Image1 (I: 30.06, O: 21.49) ReadCalls: 21.49
129001041	VERBOSE   	FPS	XnOpenNI.cpp	890	[FPS] MyDepth (I: 60.40, O: 21.37) Image1 (I: 30.08, O: 21.37) ReadCalls: 21.37
130000260	VERBOSE   	FPS	XnOpenNI.cpp	890	[FPS] MyDepth (I: 60.05, O: 21.59) Image1 (I: 30.10, O: 21.60) ReadCalls: 21.59
131010847	VERBOSE   	FPS	XnOpenNI.cpp	890	[FPS] MyDepth (I: 60.82, O: 21.39) Image1 (I: 30.09, O: 21.39) ReadCalls: 21.39
132010042	VERBOSE   	FPS	XnOpenNI.cpp	890	[FPS] MyDepth (I: 60.05, O: 21.61) Image1 (I: 30.11, O: 21.61) ReadCalls: 21.61
133009668	VERBOSE   	FPS	XnOpenNI.cpp	890	[FPS] MyDepth (I: 60.07, O: 21.49) Image1 (I: 30.20, O: 21.49) ReadCalls: 21.49
134008646	VERBOSE   	FPS	XnOpenNI.cpp	890	[FPS] MyDepth (I: 60.09, O: 21.37) Image1 (I: 29.98, O: 21.37) ReadCalls: 21.70
135011322	VERBOSE   	FPS	XnOpenNI.cpp	890	[FPS] MyDepth (I: 59.99, O: 21.57) Image1 (I: 29.94, O: 21.57) ReadCalls: 21.57
136010876	VERBOSE   	FPS	XnOpenNI.cpp	890	[FPS] MyDepth (I: 60.82, O: 21.45) Image1 (I: 30.05, O: 21.45) ReadCalls: 21.45
137003782	VERBOSE   	FPS	XnOpenNI.cpp	890	[FPS] MyDepth (I: 60.29, O: 21.37) Image1 (I: 30.17, O: 21.37) ReadCalls: 21.70
138009880	VERBOSE   	FPS	XnOpenNI.cpp	890	[FPS] MyDepth (I: 59.25, O: 21.54) Image1 (I: 30.10, O: 21.54) ReadCalls: 21.54
139009345	VERBOSE   	FPS	XnOpenNI.cpp	890	[FPS] MyDepth (I: 60.06, O: 21.42) Image1 (I: 30.21, O: 21.42) ReadCalls: 21.42
140000911	VERBOSE   	FPS	XnOpenNI.cpp	890	[FPS] MyDepth (I: 60.83, O: 21.69) Image1 (I: 30.00, O: 21.69) ReadCalls: 21.69
141001121	VERBOSE   	FPS	XnOpenNI.cpp	890	[FPS] MyDepth (I: 60.80, O: 21.57) Image1 (I: 30.09, O: 21.57) ReadCalls: 21.57
142000882	VERBOSE   	FPS	XnOpenNI.cpp	890	[FPS] MyDepth (I: 60.81, O: 21.45) Image1 (I: 30.08, O: 21.45) ReadCalls: 21.45
143001015	VERBOSE   	FPS	XnOpenNI.cpp	890	[FPS] MyDepth (I: 60.82, O: 21.32) Image1 (I: 30.20, O: 21.32) ReadCalls: 21.32
144000762	VERBOSE   	FPS	XnOpenNI.cpp	890	[FPS] MyDepth (I: 60.86, O: 21.20) Image1 (I: 29.85, O: 21.20) ReadCalls: 21.20
145001675	VERBOSE   	FPS	XnOpenNI.cpp	890	[FPS] MyDepth (I: 60.80, O: 21.63) Image1 (I: 29.94, O: 21.63) ReadCalls: 21.63
146001176	VERBOSE   	FPS	XnOpenNI.cpp	890	[FPS] MyDepth (I: 60.79, O: 21.51) Image1 (I: 29.95, O: 21.51) ReadCalls: 21.51
147000679	VERBOSE   	FPS	XnOpenNI.cpp	890	[FPS] MyDepth (I: 60.83, O: 21.39) Image1 (I: 30.08, O: 21.39) ReadCalls: 21.39
148001221	VERBOSE   	FPS	XnOpenNI.cpp	890	[FPS] MyDepth (I: 60.80, O: 21.60) Image1 (I: 30.09, O: 21.60) ReadCalls: 21.60
149000612	VERBOSE   	FPS	XnOpenNI.cpp	890	[FPS] MyDepth (I: 60.83, O: 21.48) Image1 (I: 30.18, O: 21.48) ReadCalls: 21.48
150000751	VERBOSE   	FPS	XnOpenNI.cpp	890	[FPS] MyDepth (I: 60.82, O: 21.69) Image1 (I: 29.86, O: 21.69) ReadCalls: 21.69
151001003	VERBOSE   	FPS	XnOpenNI.cpp	890	[FPS] MyDepth (I: 60.81, O: 21.57) Image1 (I: 29.94, O: 21.57) ReadCalls: 21.57
152000863	VERBOSE   	FPS	XnOpenNI.cpp	890	[FPS] MyDepth (I: 60.40, O: 21.45) Image1 (I: 29.96, O: 21.45) ReadCalls: 21.44
153001007	VERBOSE   	FPS	XnOpenNI.cpp	890	[FPS] MyDepth (I: 60.40, O: 21.66) Image1 (I: 30.09, O: 21.66) ReadCalls: 21.65
154000895	VERBOSE   	FPS	XnOpenNI.cpp	890	[FPS] MyDepth (I: 60.40, O: 21.54) Image1 (I: 30.09, O: 21.54) ReadCalls: 21.53
155006638	VERBOSE   	FPS	XnOpenNI.cpp	890	[FPS] MyDepth (I: 60.16, O: 21.37) Image1 (I: 30.14, O: 21.37) ReadCalls: 21.70
156000067	VERBOSE   	FPS	XnOpenNI.cpp	890	[FPS] MyDepth (I: 60.45, O: 21.63) Image1 (I: 30.20, O: 21.63) ReadCalls: 21.62
157009093	VERBOSE   	FPS	XnOpenNI.cpp	890	[FPS] MyDepth (I: 60.07, O: 21.44) Image1 (I: 30.21, O: 21.44) ReadCalls: 21.44
158001781	VERBOSE   	FPS	XnOpenNI.cpp	890	[FPS] MyDepth (I: 60.36, O: 21.37) Image1 (I: 29.95, O: 21.37) ReadCalls: 21.70
159011082	VERBOSE   	FPS	XnOpenNI.cpp	890	[FPS] MyDepth (I: 60.80, O: 21.51) Image1 (I: 29.95, O: 21.51) ReadCalls: 21.51
160010711	VERBOSE   	FPS	XnOpenNI.cpp	890	[FPS] MyDepth (I: 60.84, O: 21.39) Image1 (I: 29.96, O: 21.40) ReadCalls: 21.39
161011111	VERBOSE   	FPS	XnOpenNI.cpp	890	[FPS] MyDepth (I: 59.19, O: 20.93) Image1 (I: 30.09, O: 20.93) ReadCalls: 20.93
162010785	VERBOSE   	FPS	XnOpenNI.cpp	890	[FPS] MyDepth (I: 60.01, O: 20.81) Image1 (I: 30.08, O: 20.81) ReadCalls: 20.81
163008946	VERBOSE   	FPS	XnOpenNI.cpp	890	[FPS] MyDepth (I: 60.06, O: 20.70) Image1 (I: 30.36, O: 20.70) ReadCalls: 20.70
164011290	VERBOSE   	FPS	XnOpenNI.cpp	890	[FPS] MyDepth (I: 60.39, O: 21.57) Image1 (I: 29.84, O: 21.57) ReadCalls: 21.57
165001029	VERBOSE   	FPS	XnOpenNI.cpp	890	[FPS] MyDepth (I: 60.79, O: 21.52) Image1 (I: 30.05, O: 21.52) ReadCalls: 21.52
166000496	VERBOSE   	FPS	XnOpenNI.cpp	890	[FPS] MyDepth (I: 60.82, O: 21.40) Image1 (I: 30.08, O: 21.40) ReadCalls: 21.40
167000677	VERBOSE   	FPS	XnOpenNI.cpp	890	[FPS] MyDepth (I: 60.82, O: 21.62) Image1 (I: 30.19, O: 21.62) ReadCalls: 21.61
168000457	VERBOSE   	FPS	XnOpenNI.cpp	890	[FPS] MyDepth (I: 60.82, O: 21.49) Image1 (I: 30.19, O: 21.49) ReadCalls: 21.49
169000580	VERBOSE   	FPS	XnOpenNI.cpp	890	[FPS] MyDepth (I: 60.83, O: 21.69) Image1 (I: 29.96, O: 21.69) ReadCalls: 21.69
170001515	VERBOSE   	FPS	XnOpenNI.cpp	890	[FPS] MyDepth (I: 60.79, O: 21.57) Image1 (I: 29.94, O: 21.57) ReadCalls: 21.57
171000641	VERBOSE   	FPS	XnOpenNI.cpp	890	[FPS] MyDepth (I: 60.84, O: 21.46) Image1 (I: 30.13, O: 21.46) ReadCalls: 21.45
172005887	VERBOSE   	FPS	XnOpenNI.cpp	890	[FPS] MyDepth (I: 60.62, O: 21.63) Image1 (I: 30.04, O: 21.63) ReadCalls: 21.62
173000609	VERBOSE   	FPS	XnOpenNI.cpp	890	[FPS] MyDepth (I: 60.80, O: 21.54) Image1 (I: 30.09, O: 21.54) ReadCalls: 21.54
174000352	VERBOSE   	FPS	XnOpenNI.cpp	890	[FPS] MyDepth (I: 60.85, O: 21.42) Image1 (I: 30.20, O: 21.42) ReadCalls: 21.42
175001363	VERBOSE   	FPS	XnOpenNI.cpp	890	[FPS] MyDepth (I: 60.81, O: 21.63) Image1 (I: 29.97, O: 21.63) ReadCalls: 21.62
176000924	VERBOSE   	FPS	XnOpenNI.cpp	890	[FPS] MyDepth (I: 60.38, O: 21.50) Image1 (I: 29.98, O: 21.50) ReadCalls: 21.50
177000384	VERBOSE   	FPS	XnOpenNI.cpp	890	[FPS] MyDepth (I: 59.22, O: 21.39) Image1 (I: 30.05, O: 21.39) ReadCalls: 21.38
178000692	VERBOSE   	FPS	XnOpenNI.cpp	890	[FPS] MyDepth (I: 60.41, O: 21.59) Image1 (I: 30.08, O: 21.59) ReadCalls: 21.59
179000303	VERBOSE   	FPS	XnOpenNI.cpp	890	[FPS] MyDepth (I: 60.41, O: 21.47) Image1 (I: 30.09, O: 21.48) ReadCalls: 21.47
180011113	VERBOSE   	FPS	XnOpenNI.cpp	890	[FPS] MyDepth (I: 60.79, O: 21.61) Image1 (I: 30.11, O: 21.61) ReadCalls: 21.61
181009231	VERBOSE   	FPS	XnOpenNI.cpp	890	[FPS] MyDepth (I: 60.06, O: 21.50) Image1 (I: 30.10, O: 21.50) ReadCalls: 21.49
182008856	VERBOSE   	FPS	XnOpenNI.cpp	890	[FPS] MyDepth (I: 60.06, O: 21.38) Image1 (I: 30.21, O: 21.38) ReadCalls: 21.38
183014732	VERBOSE   	FPS	XnOpenNI.cpp	890	[FPS] MyDepth (I: 60.64, O: 21.56) Image1 (I: 29.91, O: 21.56) ReadCalls: 21.55
184010577	VERBOSE   	FPS	XnOpenNI.cpp	890	[FPS] MyDepth (I: 60.82, O: 21.45) Image1 (I: 29.95, O: 21.45) ReadCalls: 21.45
185005048	VERBOSE   	FPS	XnOpenNI.cpp	890	[FPS] MyDepth (I: 60.22, O: 21.37) Image1 (I: 30.04, O: 21.37) ReadCalls: 21.70
186004531	VERBOSE   	FPS	XnOpenNI.cpp	890	[FPS] MyDepth (I: 59.44, O: 21.25) Image1 (I: 29.84, O: 21.26) ReadCalls: 21.59
187009199	VERBOSE   	FPS	XnOpenNI.cpp	890	[FPS] MyDepth (I: 58.49, O: 21.43) Image1 (I: 30.10, O: 21.43) ReadCalls: 21.42
